2018-01-15 00:00:00  [ pool-1-thread-1:45022316 ] - [ ERROR ]  订单接单
2018-01-15 00:00:00  [ pool-1-thread-1:45023172 ] - [ ERROR ]  订单接单IDa744702e-00cc-4ed0-bad7-5baf9168888d
2018-01-15 00:00:01  [ pool-1-thread-1:45023408 ] - [ ERROR ]  订单接单ID0f96ea79-32fa-4c32-9290-f2e2d5980f05
2018-01-15 00:00:01  [ pool-1-thread-1:45023659 ] - [ ERROR ]  订单接单IDf16900f5-dcf6-46a2-8127-26d28b1c3d4b
2018-01-15 00:00:01  [ pool-1-thread-1:45023896 ] - [ ERROR ]  订单接单ID37b73785-e9e5-49da-a1e0-736b3eba01e7
2018-01-15 00:00:01  [ pool-1-thread-1:45024128 ] - [ ERROR ]  订单接单ID5a0e8f77-48a8-482d-9f3a-a8a1860f1320
2018-01-15 00:00:01  [ pool-1-thread-1:45024128 ] - [ ERROR ]  订单接单完成！5
2018-01-15 00:00:01  [ pool-1-thread-1:45024128 ] - [ ERROR ]  拒单操作开始!
2018-01-15 00:03:46  [ pool-1-thread-1:45248383 ] - [ ERROR ]  拒单操作结束!
2018-01-15 00:03:46  [ pool-1-thread-1:45248383 ] - [ ERROR ]  订单不存在自动补录!
2018-01-15 00:03:46  [ pool-1-thread-1:45249127 ] - [ ERROR ]  订单商品推送信息写缓存
2018-01-15 00:03:46  [ pool-1-thread-1:45249173 ] - [ ERROR ]  GROUP1(赵峰)
2018-01-15 00:03:47  [ pool-1-thread-1:45249812 ] - [ ERROR ]  GROUP2(周宇)
2018-01-15 00:03:49  [ pool-1-thread-1:45252299 ] - [ ERROR ]  GROUP3(龙精锁)
2018-01-15 00:03:50  [ pool-1-thread-1:45252521 ] - [ ERROR ]  GROUP4(吴双菊)
2018-01-15 00:03:50  [ pool-1-thread-1:45252591 ] - [ ERROR ]  GROUP5(何柳威)
2018-01-15 00:03:50  [ pool-1-thread-1:45252652 ] - [ ERROR ]  GROUP6(陈达)
2018-01-15 00:04:00  [ pool-1-thread-1:45262315 ] - [ ERROR ]  订单接单
2018-01-15 00:04:00  [ pool-1-thread-1:45262687 ] - [ ERROR ]  订单接单完成！0
2018-01-15 00:08:00  [ pool-1-thread-1:45502316 ] - [ ERROR ]  订单接单
2018-01-15 00:08:00  [ pool-1-thread-1:45503145 ] - [ ERROR ]  订单接单IDe91067ec-bd8e-4a17-8939-73973fa261d8
2018-01-15 00:08:01  [ pool-1-thread-1:45503370 ] - [ ERROR ]  订单接单ID63f23e0e-cbf7-4347-a339-863debd1e624
2018-01-15 00:08:01  [ pool-1-thread-1:45503603 ] - [ ERROR ]  订单接单ID09ae42f1-4058-4dcd-a768-0e945e08d6df
2018-01-15 00:08:01  [ pool-1-thread-1:45503670 ] - [ ERROR ]  不存在的订单！ORDER_ACCEPTddf2db23-21b8-452a-bac1-11d575a03c11
2018-01-15 00:08:01  [ pool-1-thread-1:45503755 ] - [ ERROR ]  不存在的订单！ORDER_ACCEPT6544b216-5f61-4912-9ee8-2b0733cb6346
2018-01-15 00:08:01  [ pool-1-thread-1:45503999 ] - [ ERROR ]  订单接单IDde234c5d-cbfa-4cf1-8576-9982bdc1f431
2018-01-15 00:08:01  [ pool-1-thread-1:45504066 ] - [ ERROR ]  不存在的订单！ORDER_ACCEPT6238f07f-04b8-4e2e-a136-dfbc04088f52
2018-01-15 00:08:01  [ pool-1-thread-1:45504154 ] - [ ERROR ]  不存在的订单！ORDER_ACCEPT7f5aaaf4-b52d-4d74-aa24-ff1de8f4544f
2018-01-15 00:08:02  [ pool-1-thread-1:45504401 ] - [ ERROR ]  订单接单ID8829361b-daec-4a5b-90a0-9800eef5c676
2018-01-15 00:08:02  [ pool-1-thread-1:45504470 ] - [ ERROR ]  不存在的订单！ORDER_ACCEPTd2fb7afc-957e-410b-be1e-a2382fed4235
2018-01-15 00:08:02  [ pool-1-thread-1:45504558 ] - [ ERROR ]  不存在的订单！ORDER_ACCEPTa0c697ce-ada0-4ff3-87b2-dc7efcb772a0
2018-01-15 00:08:02  [ pool-1-thread-1:45504642 ] - [ ERROR ]  不存在的订单！ORDER_ACCEPTfc3f9394-f6d5-42c7-ae9b-63bccde6b244
2018-01-15 00:08:02  [ pool-1-thread-1:45504882 ] - [ ERROR ]  订单接单ID1e266a24-7aba-4884-98e4-0e3afad82708
2018-01-15 00:08:02  [ pool-1-thread-1:45504950 ] - [ ERROR ]  不存在的订单！ORDER_ACCEPT3505de77-0e7e-4e8d-949b-d27be913379a
2018-01-15 00:08:02  [ pool-1-thread-1:45505187 ] - [ ERROR ]  订单接单ID84d716b2-d40e-4162-be2d-7140d3cb02b1
2018-01-15 00:08:02  [ pool-1-thread-1:45505256 ] - [ ERROR ]  不存在的订单！ORDER_ACCEPTa8159752-7ba3-4c55-8c05-cb239ca2c880
2018-01-15 00:08:03  [ pool-1-thread-1:45505339 ] - [ ERROR ]  不存在的订单！ORDER_ACCEPTced93e8f-9edf-4c20-b0c7-b770a5039697
2018-01-15 00:08:03  [ pool-1-thread-1:45505580 ] - [ ERROR ]  订单接单ID17a0428d-a6cc-4b3b-8f1e-9093ddd1f17a
2018-01-15 00:08:03  [ pool-1-thread-1:45505649 ] - [ ERROR ]  不存在的订单！ORDER_ACCEPT6e1d143c-8acd-44a6-85f8-6f3d4d03d1b4
2018-01-15 00:08:03  [ pool-1-thread-1:45505733 ] - [ ERROR ]  不存在的订单！ORDER_ACCEPT489e9483-8fcf-492a-ad6c-24d6fcf762ca
2018-01-15 00:08:03  [ pool-1-thread-1:45505989 ] - [ ERROR ]  订单接单IDc858879d-f63a-46ac-8589-c92c7160339c
2018-01-15 00:08:03  [ pool-1-thread-1:45506059 ] - [ ERROR ]  不存在的订单！ORDER_ACCEPTeb29d7d1-8a4e-444b-a904-1ba3ba451fe7
2018-01-15 00:08:03  [ pool-1-thread-1:45506074 ] - [ ERROR ]  订单接单完成！22
2018-01-15 00:10:00  [ pool-1-thread-1:45622318 ] - [ ERROR ]  拒单操作开始!
2018-01-15 00:13:40  [ pool-1-thread-1:45842974 ] - [ ERROR ]  拒单操作结束!
2018-01-15 00:13:40  [ pool-1-thread-1:45842974 ] - [ ERROR ]  订单接单
2018-01-15 00:13:41  [ pool-1-thread-1:45843597 ] - [ ERROR ]  订单接单IDe24ee700-8b8b-48ea-8c42-455c436f7d07
2018-01-15 00:13:41  [ pool-1-thread-1:45843803 ] - [ ERROR ]  订单接单ID54a5e62b-061e-4ce0-9f0a-6ced7b56c4dd
2018-01-15 00:13:41  [ pool-1-thread-1:45844019 ] - [ ERROR ]  订单接单ID9e2329dc-706b-475b-8a3a-f296262ea40f
2018-01-15 00:13:41  [ pool-1-thread-1:45844225 ] - [ ERROR ]  订单接单ID30cb8eb5-9edf-483f-9417-6e0e87970259
2018-01-15 00:13:41  [ pool-1-thread-1:45844225 ] - [ ERROR ]  订单接单完成！4
2018-01-15 00:15:00  [ pool-1-thread-1:45922324 ] - [ ERROR ]  订单不存在自动补录!
2018-01-15 00:15:00  [ pool-1-thread-1:45923096 ] - [ ERROR ]  订单商品推送信息写缓存
2018-01-15 00:15:00  [ pool-1-thread-1:45923152 ] - [ ERROR ]  GROUP1(赵峰)
2018-01-15 00:15:04  [ pool-1-thread-1:45926841 ] - [ ERROR ]  GROUP2(周宇)
2018-01-15 00:15:09  [ pool-1-thread-1:45932023 ] - [ ERROR ]  GROUP3(龙精锁)
2018-01-15 00:15:09  [ pool-1-thread-1:45932246 ] - [ ERROR ]  GROUP4(吴双菊)
2018-01-15 00:15:10  [ pool-1-thread-1:45932317 ] - [ ERROR ]  GROUP5(何柳威)
2018-01-15 00:15:18  [ pool-1-thread-1:45940470 ] - [ ERROR ]  GROUP6(陈达)
2018-01-15 00:16:00  [ pool-1-thread-1:45982313 ] - [ ERROR ]  订单接单
2018-01-15 00:16:00  [ pool-1-thread-1:45982689 ] - [ ERROR ]  订单接单完成！0
2018-01-15 00:20:00  [ pool-1-thread-1:46222315 ] - [ ERROR ]  订单接单
2018-01-15 00:20:00  [ pool-1-thread-1:46223167 ] - [ ERROR ]  订单接单ID59a8f3be-beed-4131-bf4b-563c7ef0c920
2018-01-15 00:20:01  [ pool-1-thread-1:46223398 ] - [ ERROR ]  订单接单ID0e9c3254-0a40-4a1d-b76e-0e87694e9354
2018-01-15 00:20:01  [ pool-1-thread-1:46223632 ] - [ ERROR ]  订单接单ID6e54d463-3496-4880-a077-120f92bc28f8
2018-01-15 00:20:01  [ pool-1-thread-1:46223884 ] - [ ERROR ]  订单接单ID7093fcb6-229b-4518-8b9a-7d01b1fa88cd
2018-01-15 00:20:01  [ pool-1-thread-1:46224130 ] - [ ERROR ]  订单接单ID647d1d3a-9a5c-43fb-ab38-63df205b5bec
2018-01-15 00:20:02  [ pool-1-thread-1:46224373 ] - [ ERROR ]  订单接单IDd6627df2-7cda-438f-a065-8f7edc0fb9f1
2018-01-15 00:20:02  [ pool-1-thread-1:46224605 ] - [ ERROR ]  订单接单ID362e198e-edf6-4749-852a-50e4d3f70d7b
2018-01-15 00:20:02  [ pool-1-thread-1:46224845 ] - [ ERROR ]  订单接单IDc607b8ae-070c-4bb1-9f82-b300558ee27f
2018-01-15 00:20:02  [ pool-1-thread-1:46225078 ] - [ ERROR ]  订单接单ID15c52899-edf2-4765-85a7-80df6e8d4bf8
2018-01-15 00:20:03  [ pool-1-thread-1:46225328 ] - [ ERROR ]  订单接单IDa6fb609f-3bab-4e8a-b365-cac1d964f7b6
2018-01-15 00:20:03  [ pool-1-thread-1:46225553 ] - [ ERROR ]  订单接单ID5cd08210-1c20-4563-9318-18e11ff4dbc4
2018-01-15 00:20:03  [ pool-1-thread-1:46225804 ] - [ ERROR ]  订单接单ID48233498-4b77-46aa-abb8-f7ed58749fdd
2018-01-15 00:20:03  [ pool-1-thread-1:46226034 ] - [ ERROR ]  订单接单IDefbf676f-4ca0-4e67-acea-012b15b6c6ca
2018-01-15 00:20:03  [ pool-1-thread-1:46226283 ] - [ ERROR ]  订单接单IDfd063707-c345-4bbb-a8f9-a48f2611beab
2018-01-15 00:20:04  [ pool-1-thread-1:46226538 ] - [ ERROR ]  订单接单ID4b736c0c-6058-4bf2-813b-18b27b936e0c
2018-01-15 00:20:04  [ pool-1-thread-1:46226766 ] - [ ERROR ]  订单接单ID2661787b-04eb-4f7d-9ce8-fbb298d6ac01
2018-01-15 00:20:04  [ pool-1-thread-1:46226996 ] - [ ERROR ]  订单接单ID0456ac14-ca52-497a-a5b5-d6e1d1e857f9
2018-01-15 00:20:04  [ pool-1-thread-1:46227224 ] - [ ERROR ]  订单接单ID898fa030-a804-4cf3-bda4-81f5f1938512
2018-01-15 00:20:05  [ pool-1-thread-1:46227459 ] - [ ERROR ]  订单接单ID2f0f7f2f-8c6d-402a-a277-114548b715dd
2018-01-15 00:20:05  [ pool-1-thread-1:46227693 ] - [ ERROR ]  订单接单IDa62074af-8e2d-4204-ae41-5b0052279c74
2018-01-15 00:20:05  [ pool-1-thread-1:46227922 ] - [ ERROR ]  订单接单ID861a20ab-34bb-4d1b-ab8a-1f4eb4e1cae3
2018-01-15 00:20:05  [ pool-1-thread-1:46228171 ] - [ ERROR ]  订单接单ID3bbb75c6-ffb8-4664-9994-9a1d169fe26c
2018-01-15 00:20:06  [ pool-1-thread-1:46228406 ] - [ ERROR ]  订单接单IDf0abda8f-0091-456a-a09f-0eb6a6016d10
2018-01-15 00:20:06  [ pool-1-thread-1:46228406 ] - [ ERROR ]  订单接单完成！23
2018-01-15 00:20:06  [ pool-1-thread-1:46228406 ] - [ ERROR ]  拒单操作开始!
2018-01-15 00:24:09  [ pool-1-thread-1:46471401 ] - [ ERROR ]  拒单操作结束!
2018-01-15 00:24:09  [ pool-1-thread-1:46471402 ] - [ ERROR ]  订单接单
2018-01-15 00:24:09  [ pool-1-thread-1:46471774 ] - [ ERROR ]  订单接单完成！0
2018-01-15 00:28:00  [ pool-1-thread-1:46702315 ] - [ ERROR ]  订单接单
2018-01-15 00:28:00  [ pool-1-thread-1:46703149 ] - [ ERROR ]  订单接单IDf7c3303f-0f4f-4f45-8d51-51cabfe612a6
2018-01-15 00:28:01  [ pool-1-thread-1:46703378 ] - [ ERROR ]  订单接单ID5461de0e-0adf-4af8-bba9-23b8778c56dc
2018-01-15 00:28:01  [ pool-1-thread-1:46703445 ] - [ ERROR ]  不存在的订单！ORDER_ACCEPT6eabbad1-24f1-4d9d-bbb6-327a44d0f4dd
2018-01-15 00:28:01  [ pool-1-thread-1:46703525 ] - [ ERROR ]  不存在的订单！ORDER_ACCEPTfde1ccdd-9013-4a38-81e4-ac7613f6d55a
2018-01-15 00:28:01  [ pool-1-thread-1:46703607 ] - [ ERROR ]  不存在的订单！ORDER_ACCEPT9e4e6dcb-66ca-467b-8604-47645b92f317
2018-01-15 00:28:01  [ pool-1-thread-1:46703854 ] - [ ERROR ]  订单接单IDa13624d9-c38e-42a1-9f6c-47ab4f9353f6
2018-01-15 00:28:01  [ pool-1-thread-1:46704094 ] - [ ERROR ]  订单接单ID84e20441-8e61-41d8-be87-fda279243b00
2018-01-15 00:28:01  [ pool-1-thread-1:46704161 ] - [ ERROR ]  不存在的订单！ORDER_ACCEPT3af00897-637b-4211-9a89-c4552178d7b8
2018-01-15 00:28:02  [ pool-1-thread-1:46704400 ] - [ ERROR ]  订单接单ID35ae1cf0-6261-444b-813f-8383e4e22b60
2018-01-15 00:28:02  [ pool-1-thread-1:46704466 ] - [ ERROR ]  不存在的订单！ORDER_ACCEPT75b554c1-4333-4c4a-9887-4f8ad3ba53e3
2018-01-15 00:28:02  [ pool-1-thread-1:46704544 ] - [ ERROR ]  不存在的订单！ORDER_ACCEPTf74be092-e8ae-43f8-a3e7-eda1d2491994
2018-01-15 00:28:02  [ pool-1-thread-1:46704624 ] - [ ERROR ]  不存在的订单！ORDER_ACCEPT72511656-c760-4941-8631-76a700cbdfb8
2018-01-15 00:28:02  [ pool-1-thread-1:46704704 ] - [ ERROR ]  不存在的订单！ORDER_ACCEPTf77b6d0f-481c-4666-9992-60f49c51aeb1
2018-01-15 00:28:02  [ pool-1-thread-1:46704716 ] - [ ERROR ]  订单接单完成！13
2018-01-15 00:30:00  [ pool-1-thread-1:46822318 ] - [ ERROR ]  拒单操作开始!
2018-01-15 00:34:55  [ pool-1-thread-1:47117551 ] - [ ERROR ]  拒单操作结束!
2018-01-15 00:34:55  [ pool-1-thread-1:47117552 ] - [ ERROR ]  订单商品推送信息写缓存
2018-01-15 00:34:55  [ pool-1-thread-1:47117611 ] - [ ERROR ]  GROUP1(赵峰)
2018-01-15 00:34:59  [ pool-1-thread-1:47122076 ] - [ ERROR ]  GROUP2(周宇)
2018-01-15 00:35:03  [ pool-1-thread-1:47126150 ] - [ ERROR ]  GROUP3(龙精锁)
2018-01-15 00:35:04  [ pool-1-thread-1:47126371 ] - [ ERROR ]  GROUP4(吴双菊)
2018-01-15 00:35:04  [ pool-1-thread-1:47126446 ] - [ ERROR ]  GROUP5(何柳威)
2018-01-15 00:35:09  [ pool-1-thread-1:47132217 ] - [ ERROR ]  GROUP6(陈达)
2018-01-15 00:35:09  [ pool-1-thread-1:47132302 ] - [ ERROR ]  订单不存在自动补录!
2018-01-15 00:35:10  [ pool-1-thread-1:47133068 ] - [ ERROR ]  订单接单
2018-01-15 00:35:11  [ pool-1-thread-1:47133448 ] - [ ERROR ]  订单接单完成！0
2018-01-15 00:36:00  [ pool-1-thread-1:47182311 ] - [ ERROR ]  订单接单
2018-01-15 00:36:00  [ pool-1-thread-1:47183147 ] - [ ERROR ]  订单接单ID90e63e45-6caf-4160-ae80-35662d9b96f5
2018-01-15 00:36:01  [ pool-1-thread-1:47183403 ] - [ ERROR ]  订单接单ID20457f58-9e40-4689-b799-be3c1dbe570c
2018-01-15 00:36:01  [ pool-1-thread-1:47183716 ] - [ ERROR ]  订单接单ID4614f25c-6853-49f5-902b-59f395e54492
2018-01-15 00:36:01  [ pool-1-thread-1:47183795 ] - [ ERROR ]  不存在的订单！ORDER_ACCEPT8c65e165-3593-45dc-b56e-c483211a03f6
2018-01-15 00:36:01  [ pool-1-thread-1:47184073 ] - [ ERROR ]  订单接单ID38aca2dd-7907-4024-b6a4-fa420d7da671
2018-01-15 00:36:01  [ pool-1-thread-1:47184151 ] - [ ERROR ]  不存在的订单！ORDER_ACCEPT7bfa2445-edcf-4eda-bab2-d3e5f1a19e34
2018-01-15 00:36:01  [ pool-1-thread-1:47184247 ] - [ ERROR ]  不存在的订单！ORDER_ACCEPT63c44174-5257-46b9-bb59-a09bb68c2368
2018-01-15 00:36:01  [ pool-1-thread-1:47184268 ] - [ ERROR ]  订单接单完成！7
2018-01-15 00:40:00  [ pool-1-thread-1:47422316 ] - [ ERROR ]  订单接单
2018-01-15 00:40:00  [ pool-1-thread-1:47423181 ] - [ ERROR ]  订单接单ID41b8c26a-9aa2-4574-ad2c-4b65c511b1f3
2018-01-15 00:40:01  [ pool-1-thread-1:47423434 ] - [ ERROR ]  订单接单ID794e37f1-6228-43f1-8f8b-42f6c92b3db2
2018-01-15 00:40:01  [ pool-1-thread-1:47423689 ] - [ ERROR ]  订单接单ID29607e16-53b8-44ce-92df-d326b56eae9f
2018-01-15 00:40:01  [ pool-1-thread-1:47423944 ] - [ ERROR ]  订单接单ID15b17e35-9a7d-4357-93bd-57bf68b0060f
2018-01-15 00:40:01  [ pool-1-thread-1:47424207 ] - [ ERROR ]  订单接单IDb30c610e-7123-440c-b58d-28f3d8dd97cc
2018-01-15 00:40:02  [ pool-1-thread-1:47424463 ] - [ ERROR ]  订单接单ID0517b2cf-b13f-4ec0-bda4-2eeea69f0461
2018-01-15 00:40:02  [ pool-1-thread-1:47424717 ] - [ ERROR ]  订单接单IDc04656a4-5b47-4c43-ae39-ea39206827dd
2018-01-15 00:40:02  [ pool-1-thread-1:47424984 ] - [ ERROR ]  订单接单ID6c4c4a3b-7351-4522-981d-68180553e013
2018-01-15 00:40:02  [ pool-1-thread-1:47425245 ] - [ ERROR ]  订单接单ID5167e623-cd48-498f-8242-159810936180
2018-01-15 00:40:03  [ pool-1-thread-1:47425496 ] - [ ERROR ]  订单接单ID72812763-6085-48d4-bba6-134d2b7c154a
2018-01-15 00:40:03  [ pool-1-thread-1:47425496 ] - [ ERROR ]  订单接单完成！10
2018-01-15 00:40:03  [ pool-1-thread-1:47425496 ] - [ ERROR ]  拒单操作开始!
2018-01-15 00:44:40  [ pool-1-thread-1:47703215 ] - [ ERROR ]  拒单操作结束!
2018-01-15 00:44:40  [ pool-1-thread-1:47703215 ] - [ ERROR ]  订单接单
2018-01-15 00:44:41  [ pool-1-thread-1:47703592 ] - [ ERROR ]  订单接单完成！0
2018-01-15 00:45:00  [ pool-1-thread-1:47722707 ] - [ ERROR ]  订单不存在自动补录!
2018-01-15 00:45:00  [ pool-1-thread-1:47723083 ] - [ ERROR ]  订单商品推送信息写缓存
2018-01-15 00:45:00  [ pool-1-thread-1:47723132 ] - [ ERROR ]  GROUP1(赵峰)
2018-01-15 00:45:07  [ pool-1-thread-1:47729734 ] - [ ERROR ]  GROUP2(周宇)
2018-01-15 00:45:13  [ pool-1-thread-1:47736036 ] - [ ERROR ]  GROUP3(龙精锁)
2018-01-15 00:45:13  [ pool-1-thread-1:47736252 ] - [ ERROR ]  GROUP4(吴双菊)
2018-01-15 00:45:14  [ pool-1-thread-1:47736328 ] - [ ERROR ]  GROUP5(何柳威)
2018-01-15 00:45:22  [ pool-1-thread-1:47744473 ] - [ ERROR ]  GROUP6(陈达)
2018-01-15 00:48:00  [ pool-1-thread-1:47902315 ] - [ ERROR ]  订单接单
2018-01-15 00:48:00  [ pool-1-thread-1:47903144 ] - [ ERROR ]  订单接单ID13a28e33-c0e5-43bd-9a53-640614f30a02
2018-01-15 00:48:01  [ pool-1-thread-1:47903364 ] - [ ERROR ]  订单接单ID0a3322c2-7aa2-4b3d-9f0c-36d7776f430a
2018-01-15 00:48:01  [ pool-1-thread-1:47903588 ] - [ ERROR ]  订单接单IDec6ab300-bca4-40b8-b99f-d1dc42eddc52
2018-01-15 00:48:01  [ pool-1-thread-1:47903828 ] - [ ERROR ]  订单接单ID3a66e9c2-2752-4064-9c75-cac21fb5d379
2018-01-15 00:48:01  [ pool-1-thread-1:47903891 ] - [ ERROR ]  不存在的订单！ORDER_ACCEPT3d432133-c219-4e5e-9e4f-771e796b1e91
2018-01-15 00:48:01  [ pool-1-thread-1:47904127 ] - [ ERROR ]  订单接单ID8663c315-70d5-4e1c-bfed-27e1bd055046
2018-01-15 00:48:01  [ pool-1-thread-1:47904191 ] - [ ERROR ]  不存在的订单！ORDER_ACCEPTc27f8df2-3ad6-4086-b8c0-fa80737b3622
2018-01-15 00:48:02  [ pool-1-thread-1:47904431 ] - [ ERROR ]  订单接单IDea051593-e66f-4542-99ba-bdcd2a851d71
2018-01-15 00:48:02  [ pool-1-thread-1:47904432 ] - [ ERROR ]  订单接单完成！8
2018-01-15 00:50:00  [ pool-1-thread-1:48022317 ] - [ ERROR ]  拒单操作开始!
2018-01-15 00:54:10  [ pool-1-thread-1:48272768 ] - [ ERROR ]  拒单操作结束!
2018-01-15 00:54:10  [ pool-1-thread-1:48272769 ] - [ ERROR ]  订单接单
2018-01-15 00:54:11  [ pool-1-thread-1:48273443 ] - [ ERROR ]  订单接单ID1a63c2a7-8777-46f3-b961-b1d144bcfe6f
2018-01-15 00:54:11  [ pool-1-thread-1:48273443 ] - [ ERROR ]  订单接单完成！1
2018-01-15 00:56:00  [ pool-1-thread-1:48382312 ] - [ ERROR ]  订单接单
2018-01-15 00:56:00  [ pool-1-thread-1:48382700 ] - [ ERROR ]  订单接单完成！0
2018-01-15 01:00:00  [ pool-1-thread-1:48622316 ] - [ ERROR ]  订单接单
2018-01-15 01:00:00  [ pool-1-thread-1:48623014 ] - [ ERROR ]  订单接单ID4b5e484f-74d5-4e0c-82bd-73bbc9ec682b
2018-01-15 01:00:00  [ pool-1-thread-1:48623014 ] - [ ERROR ]  订单接单完成！1
2018-01-15 01:00:00  [ pool-1-thread-1:48623014 ] - [ ERROR ]  拒单操作开始!
2018-01-15 01:04:20  [ pool-1-thread-1:48882335 ] - [ ERROR ]  拒单操作结束!
2018-01-15 01:04:20  [ pool-1-thread-1:48882717 ] - [ ERROR ]  订单不存在自动补录!
2018-01-15 01:04:20  [ pool-1-thread-1:48883093 ] - [ ERROR ]  订单商品推送信息写缓存
2018-01-15 01:04:20  [ pool-1-thread-1:48883144 ] - [ ERROR ]  GROUP1(赵峰)
2018-01-15 01:04:26  [ pool-1-thread-1:48888316 ] - [ ERROR ]  GROUP2(周宇)
2018-01-15 01:04:30  [ pool-1-thread-1:48893126 ] - [ ERROR ]  GROUP3(龙精锁)
2018-01-15 01:04:31  [ pool-1-thread-1:48893350 ] - [ ERROR ]  GROUP4(吴双菊)
2018-01-15 01:04:31  [ pool-1-thread-1:48893415 ] - [ ERROR ]  GROUP5(何柳威)
2018-01-15 01:04:36  [ pool-1-thread-1:48899103 ] - [ ERROR ]  GROUP6(陈达)
2018-01-15 01:04:36  [ pool-1-thread-1:48899176 ] - [ ERROR ]  订单接单
2018-01-15 01:04:37  [ pool-1-thread-1:48899552 ] - [ ERROR ]  订单接单完成！0
2018-01-15 01:08:00  [ pool-1-thread-1:49102315 ] - [ ERROR ]  订单接单
2018-01-15 01:08:00  [ pool-1-thread-1:49103159 ] - [ ERROR ]  订单接单ID5b893756-5416-476c-816f-ab63d2bac19f
2018-01-15 01:08:00  [ pool-1-thread-1:49103159 ] - [ ERROR ]  订单接单完成！1
2018-01-15 01:10:00  [ pool-1-thread-1:49222318 ] - [ ERROR ]  拒单操作开始!
2018-01-15 01:14:26  [ pool-1-thread-1:49489051 ] - [ ERROR ]  拒单操作结束!
2018-01-15 01:14:26  [ pool-1-thread-1:49489051 ] - [ ERROR ]  订单接单
2018-01-15 01:14:27  [ pool-1-thread-1:49489807 ] - [ ERROR ]  订单接单ID1516e087-7a9a-4a50-9d33-35206ee85e94
2018-01-15 01:14:27  [ pool-1-thread-1:49490072 ] - [ ERROR ]  订单接单ID57c55cb2-b5e3-4504-ad4f-90945d6bd72c
2018-01-15 01:14:28  [ pool-1-thread-1:49490344 ] - [ ERROR ]  订单接单ID9d7fa5e5-1a6c-4b45-89f3-7028709594f2
2018-01-15 01:14:28  [ pool-1-thread-1:49490344 ] - [ ERROR ]  订单接单完成！3
2018-01-15 01:15:00  [ pool-1-thread-1:49522324 ] - [ ERROR ]  订单商品推送信息写缓存
2018-01-15 01:15:00  [ pool-1-thread-1:49522382 ] - [ ERROR ]  GROUP1(赵峰)
2018-01-15 01:15:07  [ pool-1-thread-1:49529961 ] - [ ERROR ]  GROUP2(周宇)
2018-01-15 01:15:15  [ pool-1-thread-1:49537422 ] - [ ERROR ]  GROUP3(龙精锁)
2018-01-15 01:15:15  [ pool-1-thread-1:49537640 ] - [ ERROR ]  GROUP4(吴双菊)
2018-01-15 01:15:15  [ pool-1-thread-1:49537708 ] - [ ERROR ]  GROUP5(何柳威)
2018-01-15 01:15:23  [ pool-1-thread-1:49546290 ] - [ ERROR ]  GROUP6(陈达)
2018-01-15 01:15:24  [ pool-1-thread-1:49546366 ] - [ ERROR ]  订单不存在自动补录!
2018-01-15 01:16:00  [ pool-1-thread-1:49582312 ] - [ ERROR ]  订单接单
2018-01-15 01:16:00  [ pool-1-thread-1:49582693 ] - [ ERROR ]  订单接单完成！0
2018-01-15 01:20:00  [ pool-1-thread-1:49822316 ] - [ ERROR ]  订单接单
2018-01-15 01:20:00  [ pool-1-thread-1:49823159 ] - [ ERROR ]  订单接单ID10414157-7ff7-4734-b74a-d9ac728e2ace
2018-01-15 01:20:01  [ pool-1-thread-1:49823401 ] - [ ERROR ]  订单接单ID835ec7fa-268f-4a2d-b311-946bd1d2fa2d
2018-01-15 01:20:01  [ pool-1-thread-1:49823654 ] - [ ERROR ]  订单接单IDbe2d6ff6-6582-472b-982b-7797f8ce0bc8
2018-01-15 01:20:01  [ pool-1-thread-1:49823729 ] - [ ERROR ]  不存在的订单！ORDER_ACCEPT598ff244-9150-4232-b4ae-64484528f34c
2018-01-15 01:20:01  [ pool-1-thread-1:49823979 ] - [ ERROR ]  订单接单ID585f29ce-5064-45c0-b98f-1f1fca186ddf
2018-01-15 01:20:02  [ pool-1-thread-1:49824416 ] - [ ERROR ]  不存在的订单！ORDER_ACCEPT6313c33f-28cd-4c82-8d54-30bd505d7c50
2018-01-15 01:20:02  [ pool-1-thread-1:49824434 ] - [ ERROR ]  订单接单完成！6
2018-01-15 01:20:02  [ pool-1-thread-1:49824434 ] - [ ERROR ]  拒单操作开始!
2018-01-15 01:24:05  [ pool-1-thread-1:50067738 ] - [ ERROR ]  拒单操作结束!
2018-01-15 01:24:05  [ pool-1-thread-1:50067739 ] - [ ERROR ]  订单接单
2018-01-15 01:24:05  [ pool-1-thread-1:50068112 ] - [ ERROR ]  订单接单完成！0
2018-01-15 01:28:00  [ pool-1-thread-1:50302316 ] - [ ERROR ]  订单接单
2018-01-15 01:28:00  [ pool-1-thread-1:50303157 ] - [ ERROR ]  订单接单IDe5adb735-0939-45cc-aff9-e048642a34ed
2018-01-15 01:28:01  [ pool-1-thread-1:50303405 ] - [ ERROR ]  订单接单ID018b4d9d-3f95-4212-b5fe-8082cca54ee7
2018-01-15 01:28:01  [ pool-1-thread-1:50303637 ] - [ ERROR ]  订单接单ID3f484602-931e-4926-9fc1-ea4476123ab4
2018-01-15 01:28:01  [ pool-1-thread-1:50303637 ] - [ ERROR ]  订单接单完成！3
2018-01-15 01:30:00  [ pool-1-thread-1:50422318 ] - [ ERROR ]  拒单操作开始!
2018-01-15 01:34:39  [ pool-1-thread-1:50702054 ] - [ ERROR ]  拒单操作结束!
2018-01-15 01:34:39  [ pool-1-thread-1:50702055 ] - [ ERROR ]  订单商品推送信息写缓存
2018-01-15 01:34:39  [ pool-1-thread-1:50702105 ] - [ ERROR ]  GROUP1(赵峰)
2018-01-15 01:34:45  [ pool-1-thread-1:50707621 ] - [ ERROR ]  GROUP2(周宇)
2018-01-15 01:34:51  [ pool-1-thread-1:50713529 ] - [ ERROR ]  GROUP3(龙精锁)
2018-01-15 01:34:51  [ pool-1-thread-1:50713744 ] - [ ERROR ]  GROUP4(吴双菊)
2018-01-15 01:34:51  [ pool-1-thread-1:50713821 ] - [ ERROR ]  GROUP5(何柳威)
2018-01-15 01:34:57  [ pool-1-thread-1:50719526 ] - [ ERROR ]  GROUP6(陈达)
2018-01-15 01:34:57  [ pool-1-thread-1:50719998 ] - [ ERROR ]  订单不存在自动补录!
2018-01-15 01:34:58  [ pool-1-thread-1:50720374 ] - [ ERROR ]  订单接单
2018-01-15 01:34:58  [ pool-1-thread-1:50721063 ] - [ ERROR ]  订单接单IDb0aeca2c-68d6-43ae-b226-7f2e86caecce
2018-01-15 01:34:58  [ pool-1-thread-1:50721063 ] - [ ERROR ]  订单接单完成！1
2018-01-15 01:36:00  [ pool-1-thread-1:50782311 ] - [ ERROR ]  订单接单
2018-01-15 01:36:00  [ pool-1-thread-1:50782689 ] - [ ERROR ]  订单接单完成！0
2018-01-15 01:40:00  [ pool-1-thread-1:51022316 ] - [ ERROR ]  订单接单
2018-01-15 01:40:00  [ pool-1-thread-1:51023186 ] - [ ERROR ]  订单接单IDa8cfda5b-9381-4447-bdaa-394d650ae40b
2018-01-15 01:40:00  [ pool-1-thread-1:51023186 ] - [ ERROR ]  订单接单完成！1
2018-01-15 01:40:00  [ pool-1-thread-1:51023186 ] - [ ERROR ]  拒单操作开始!
2018-01-15 01:44:41  [ pool-1-thread-1:51303632 ] - [ ERROR ]  拒单操作结束!
2018-01-15 01:44:41  [ pool-1-thread-1:51303633 ] - [ ERROR ]  订单接单
2018-01-15 01:44:41  [ pool-1-thread-1:51304007 ] - [ ERROR ]  订单接单完成！0
2018-01-15 01:45:00  [ pool-1-thread-1:51322322 ] - [ ERROR ]  订单商品推送信息写缓存
2018-01-15 01:45:00  [ pool-1-thread-1:51322381 ] - [ ERROR ]  GROUP1(赵峰)
2018-01-15 01:45:07  [ pool-1-thread-1:51329866 ] - [ ERROR ]  GROUP2(周宇)
2018-01-15 01:45:15  [ pool-1-thread-1:51337950 ] - [ ERROR ]  GROUP3(龙精锁)
2018-01-15 01:45:15  [ pool-1-thread-1:51338171 ] - [ ERROR ]  GROUP4(吴双菊)
2018-01-15 01:45:15  [ pool-1-thread-1:51338244 ] - [ ERROR ]  GROUP5(何柳威)
2018-01-15 01:45:24  [ pool-1-thread-1:51346375 ] - [ ERROR ]  GROUP6(陈达)
2018-01-15 01:45:24  [ pool-1-thread-1:51347127 ] - [ ERROR ]  订单不存在自动补录!
2018-01-15 01:48:00  [ pool-1-thread-1:51502314 ] - [ ERROR ]  订单接单
2018-01-15 01:48:00  [ pool-1-thread-1:51503168 ] - [ ERROR ]  订单接单ID225439e8-4701-4b0b-bb3a-ed91fb66b7bb
2018-01-15 01:48:01  [ pool-1-thread-1:51503403 ] - [ ERROR ]  订单接单ID9bbc9832-b87f-4cf6-8176-5fca2c30655b
2018-01-15 01:48:01  [ pool-1-thread-1:51503403 ] - [ ERROR ]  订单接单完成！2
2018-01-15 01:50:00  [ pool-1-thread-1:51622317 ] - [ ERROR ]  拒单操作开始!
2018-01-15 01:54:10  [ pool-1-thread-1:51872552 ] - [ ERROR ]  拒单操作结束!
2018-01-15 01:54:10  [ pool-1-thread-1:51872553 ] - [ ERROR ]  订单接单
2018-01-15 01:54:10  [ pool-1-thread-1:51872928 ] - [ ERROR ]  订单接单完成！0
2018-01-15 01:56:00  [ pool-1-thread-1:51982313 ] - [ ERROR ]  订单接单
2018-01-15 01:56:00  [ pool-1-thread-1:51983150 ] - [ ERROR ]  订单接单ID1c9e611b-c647-4f0e-97e9-1552f6f79585
2018-01-15 01:56:01  [ pool-1-thread-1:51983381 ] - [ ERROR ]  订单接单ID4c38a354-913b-4a3b-a7e9-c7ef9494d30e
2018-01-15 01:56:01  [ pool-1-thread-1:51983381 ] - [ ERROR ]  订单接单完成！2
2018-01-15 02:00:00  [ pool-1-thread-1:52222315 ] - [ ERROR ]  订单接单
2018-01-15 02:00:00  [ pool-1-thread-1:52223170 ] - [ ERROR ]  订单接单IDa2b304f0-75aa-45e8-807d-20767815c974
2018-01-15 02:00:01  [ pool-1-thread-1:52223413 ] - [ ERROR ]  订单接单IDb7410031-19b6-43e1-a852-ba2de537a947
2018-01-15 02:00:01  [ pool-1-thread-1:52223414 ] - [ ERROR ]  订单接单完成！2
2018-01-15 02:00:01  [ pool-1-thread-1:52223414 ] - [ ERROR ]  拒单操作开始!
2018-01-15 02:04:41  [ pool-1-thread-1:52504245 ] - [ ERROR ]  拒单操作结束!
2018-01-15 02:04:41  [ pool-1-thread-1:52504245 ] - [ ERROR ]  订单商品推送信息写缓存
2018-01-15 02:04:41  [ pool-1-thread-1:52504294 ] - [ ERROR ]  GROUP1(赵峰)
2018-01-15 02:04:47  [ pool-1-thread-1:52509892 ] - [ ERROR ]  GROUP2(周宇)
2018-01-15 02:04:53  [ pool-1-thread-1:52515869 ] - [ ERROR ]  GROUP3(龙精锁)
2018-01-15 02:04:53  [ pool-1-thread-1:52516086 ] - [ ERROR ]  GROUP4(吴双菊)
2018-01-15 02:04:53  [ pool-1-thread-1:52516151 ] - [ ERROR ]  GROUP5(何柳威)
2018-01-15 02:04:59  [ pool-1-thread-1:52521935 ] - [ ERROR ]  GROUP6(陈达)
2018-01-15 02:05:00  [ pool-1-thread-1:52522395 ] - [ ERROR ]  订单不存在自动补录!
2018-01-15 02:05:00  [ pool-1-thread-1:52522775 ] - [ ERROR ]  订单接单
2018-01-15 02:05:01  [ pool-1-thread-1:52523435 ] - [ ERROR ]  订单接单IDf14aff34-2963-4bbf-8ec2-8cc52fff9ae9
2018-01-15 02:05:01  [ pool-1-thread-1:52523436 ] - [ ERROR ]  订单接单完成！1
2018-01-15 02:08:00  [ pool-1-thread-1:52702314 ] - [ ERROR ]  订单接单
2018-01-15 02:08:00  [ pool-1-thread-1:52703144 ] - [ ERROR ]  订单接单ID976d450d-ca6d-4b00-b01f-d54a725276c8
2018-01-15 02:08:01  [ pool-1-thread-1:52703377 ] - [ ERROR ]  订单接单IDa6c60a64-eda7-4dc8-9fed-7f6ddb802015
2018-01-15 02:08:01  [ pool-1-thread-1:52703601 ] - [ ERROR ]  订单接单IDcd5185b4-4989-4e38-af4a-0cd09fed6469
2018-01-15 02:08:01  [ pool-1-thread-1:52703673 ] - [ ERROR ]  不存在的订单！ORDER_ACCEPT04a91a1a-abeb-4209-90e6-8b620cb72758
2018-01-15 02:08:01  [ pool-1-thread-1:52703756 ] - [ ERROR ]  不存在的订单！ORDER_ACCEPTe50739d7-15f1-431a-a841-f2a5421179a4
2018-01-15 02:08:01  [ pool-1-thread-1:52703770 ] - [ ERROR ]  订单接单完成！5
2018-01-15 02:10:00  [ pool-1-thread-1:52822317 ] - [ ERROR ]  拒单操作开始!
2018-01-15 02:14:11  [ pool-1-thread-1:53073533 ] - [ ERROR ]  拒单操作结束!
2018-01-15 02:14:11  [ pool-1-thread-1:53073533 ] - [ ERROR ]  订单接单
2018-01-15 02:14:11  [ pool-1-thread-1:53074200 ] - [ ERROR ]  订单接单ID982025a0-c86c-41fd-8652-307f9ba4736c
2018-01-15 02:14:11  [ pool-1-thread-1:53074200 ] - [ ERROR ]  订单接单完成！1
2018-01-15 02:15:00  [ pool-1-thread-1:53122324 ] - [ ERROR ]  订单商品推送信息写缓存
2018-01-15 02:15:00  [ pool-1-thread-1:53122383 ] - [ ERROR ]  GROUP1(赵峰)
2018-01-15 02:15:07  [ pool-1-thread-1:53130098 ] - [ ERROR ]  GROUP2(周宇)
2018-01-15 02:15:15  [ pool-1-thread-1:53138219 ] - [ ERROR ]  GROUP3(龙精锁)
2018-01-15 02:15:16  [ pool-1-thread-1:53138441 ] - [ ERROR ]  GROUP4(吴双菊)
2018-01-15 02:15:16  [ pool-1-thread-1:53138516 ] - [ ERROR ]  GROUP5(何柳威)
2018-01-15 02:15:24  [ pool-1-thread-1:53146681 ] - [ ERROR ]  GROUP6(陈达)
2018-01-15 02:15:25  [ pool-1-thread-1:53147433 ] - [ ERROR ]  订单不存在自动补录!
2018-01-15 02:16:00  [ pool-1-thread-1:53182312 ] - [ ERROR ]  订单接单
2018-01-15 02:16:00  [ pool-1-thread-1:53182689 ] - [ ERROR ]  订单接单完成！0
2018-01-15 02:20:00  [ pool-1-thread-1:53422316 ] - [ ERROR ]  订单接单
2018-01-15 02:20:00  [ pool-1-thread-1:53423173 ] - [ ERROR ]  订单接单IDe6d133f5-8178-4d0e-8458-7948b3d2322a
2018-01-15 02:20:00  [ pool-1-thread-1:53423173 ] - [ ERROR ]  订单接单完成！1
2018-01-15 02:20:00  [ pool-1-thread-1:53423173 ] - [ ERROR ]  拒单操作开始!
2018-01-15 02:23:54  [ pool-1-thread-1:53657281 ] - [ ERROR ]  拒单操作结束!
2018-01-15 02:24:00  [ pool-1-thread-1:53662316 ] - [ ERROR ]  订单接单
2018-01-15 02:24:00  [ pool-1-thread-1:53662693 ] - [ ERROR ]  订单接单完成！0
2018-01-15 02:28:00  [ pool-1-thread-1:53902316 ] - [ ERROR ]  订单接单
2018-01-15 02:28:00  [ pool-1-thread-1:53903146 ] - [ ERROR ]  订单接单ID8f90837f-1f1d-4aa8-9bef-c0ab626edb09
2018-01-15 02:28:01  [ pool-1-thread-1:53903393 ] - [ ERROR ]  订单接单ID980d4c96-d6ae-4c25-ad31-e614725ba6a6
2018-01-15 02:28:01  [ pool-1-thread-1:53903462 ] - [ ERROR ]  不存在的订单！ORDER_ACCEPTf1737e22-c720-43ce-999a-5b4018b20611
2018-01-15 02:28:01  [ pool-1-thread-1:53903552 ] - [ ERROR ]  不存在的订单！ORDER_ACCEPT4545da9a-ebf5-4744-9102-bcb64d6a1ed4
2018-01-15 02:28:01  [ pool-1-thread-1:53903564 ] - [ ERROR ]  订单接单完成！4
2018-01-15 02:30:00  [ pool-1-thread-1:54022317 ] - [ ERROR ]  拒单操作开始!
2018-01-15 02:34:38  [ pool-1-thread-1:54300652 ] - [ ERROR ]  拒单操作结束!
2018-01-15 02:34:38  [ pool-1-thread-1:54301035 ] - [ ERROR ]  订单不存在自动补录!
2018-01-15 02:34:39  [ pool-1-thread-1:54301411 ] - [ ERROR ]  订单商品推送信息写缓存
2018-01-15 02:34:39  [ pool-1-thread-1:54301459 ] - [ ERROR ]  GROUP1(赵峰)
2018-01-15 02:34:44  [ pool-1-thread-1:54306999 ] - [ ERROR ]  GROUP2(周宇)
2018-01-15 02:34:50  [ pool-1-thread-1:54313292 ] - [ ERROR ]  GROUP3(龙精锁)
2018-01-15 02:34:51  [ pool-1-thread-1:54313514 ] - [ ERROR ]  GROUP4(吴双菊)
2018-01-15 02:34:51  [ pool-1-thread-1:54313579 ] - [ ERROR ]  GROUP5(何柳威)
2018-01-15 02:34:56  [ pool-1-thread-1:54319264 ] - [ ERROR ]  GROUP6(陈达)
2018-01-15 02:34:57  [ pool-1-thread-1:54319335 ] - [ ERROR ]  订单接单
2018-01-15 02:34:57  [ pool-1-thread-1:54319993 ] - [ ERROR ]  订单接单ID31490afd-4799-4584-862b-beb602e1702c
2018-01-15 02:34:57  [ pool-1-thread-1:54320219 ] - [ ERROR ]  订单接单ID80cceab5-1489-403d-ba4e-1bca98694b08
2018-01-15 02:34:57  [ pool-1-thread-1:54320219 ] - [ ERROR ]  订单接单完成！2
2018-01-15 02:36:00  [ pool-1-thread-1:54382312 ] - [ ERROR ]  订单接单
2018-01-15 02:36:00  [ pool-1-thread-1:54382689 ] - [ ERROR ]  订单接单完成！0
2018-01-15 02:40:00  [ pool-1-thread-1:54622316 ] - [ ERROR ]  订单接单
2018-01-15 02:40:00  [ pool-1-thread-1:54623152 ] - [ ERROR ]  订单接单ID67e2485f-ec69-464c-acfc-a0539edef7b6
2018-01-15 02:40:00  [ pool-1-thread-1:54623152 ] - [ ERROR ]  订单接单完成！1
2018-01-15 02:40:00  [ pool-1-thread-1:54623153 ] - [ ERROR ]  拒单操作开始!
2018-01-15 02:44:01  [ pool-1-thread-1:54863496 ] - [ ERROR ]  拒单操作结束!
2018-01-15 02:44:01  [ pool-1-thread-1:54863496 ] - [ ERROR ]  订单接单
2018-01-15 02:44:01  [ pool-1-thread-1:54863871 ] - [ ERROR ]  订单接单完成！0
2018-01-15 02:45:00  [ pool-1-thread-1:54922324 ] - [ ERROR ]  订单商品推送信息写缓存
2018-01-15 02:45:00  [ pool-1-thread-1:54922387 ] - [ ERROR ]  GROUP1(赵峰)
2018-01-15 02:45:07  [ pool-1-thread-1:54930108 ] - [ ERROR ]  GROUP2(周宇)
2018-01-15 02:45:16  [ pool-1-thread-1:54938612 ] - [ ERROR ]  GROUP3(龙精锁)
2018-01-15 02:45:16  [ pool-1-thread-1:54938828 ] - [ ERROR ]  GROUP4(吴双菊)
2018-01-15 02:45:16  [ pool-1-thread-1:54938905 ] - [ ERROR ]  GROUP5(何柳威)
2018-01-15 02:45:24  [ pool-1-thread-1:54947063 ] - [ ERROR ]  GROUP6(陈达)
2018-01-15 02:45:24  [ pool-1-thread-1:54947150 ] - [ ERROR ]  订单不存在自动补录!
2018-01-15 02:48:00  [ pool-1-thread-1:55102314 ] - [ ERROR ]  订单接单
2018-01-15 02:48:00  [ pool-1-thread-1:55102705 ] - [ ERROR ]  订单接单完成！0
2018-01-15 02:50:00  [ pool-1-thread-1:55222318 ] - [ ERROR ]  拒单操作开始!
2018-01-15 02:54:00  [ pool-1-thread-1:55463187 ] - [ ERROR ]  拒单操作结束!
2018-01-15 02:54:00  [ pool-1-thread-1:55463187 ] - [ ERROR ]  订单接单
2018-01-15 02:54:01  [ pool-1-thread-1:55463563 ] - [ ERROR ]  订单接单完成！0
2018-01-15 02:56:00  [ pool-1-thread-1:55582313 ] - [ ERROR ]  订单接单
2018-01-15 02:56:00  [ pool-1-thread-1:55582702 ] - [ ERROR ]  订单接单完成！0
2018-01-15 03:00:00  [ pool-1-thread-1:55822314 ] - [ ERROR ]  订单接单
2018-01-15 03:00:00  [ pool-1-thread-1:55823169 ] - [ ERROR ]  订单接单IDe342a6ae-a685-42b9-91f8-de70a1ffe010
2018-01-15 03:00:00  [ pool-1-thread-1:55823169 ] - [ ERROR ]  订单接单完成！1
2018-01-15 03:00:00  [ pool-1-thread-1:55823169 ] - [ ERROR ]  拒单操作开始!
2018-01-15 03:04:23  [ pool-1-thread-1:56086101 ] - [ ERROR ]  拒单操作结束!
2018-01-15 03:04:24  [ pool-1-thread-1:56086481 ] - [ ERROR ]  订单不存在自动补录!
2018-01-15 03:04:24  [ pool-1-thread-1:56086859 ] - [ ERROR ]  订单商品推送信息写缓存
2018-01-15 03:04:24  [ pool-1-thread-1:56086914 ] - [ ERROR ]  GROUP1(赵峰)
2018-01-15 03:04:30  [ pool-1-thread-1:56092440 ] - [ ERROR ]  GROUP2(周宇)
2018-01-15 03:04:36  [ pool-1-thread-1:56098720 ] - [ ERROR ]  GROUP3(龙精锁)
2018-01-15 03:04:36  [ pool-1-thread-1:56098942 ] - [ ERROR ]  GROUP4(吴双菊)
2018-01-15 03:04:36  [ pool-1-thread-1:56099019 ] - [ ERROR ]  GROUP5(何柳威)
2018-01-15 03:04:42  [ pool-1-thread-1:56104706 ] - [ ERROR ]  GROUP6(陈达)
2018-01-15 03:04:42  [ pool-1-thread-1:56104795 ] - [ ERROR ]  订单接单
2018-01-15 03:04:42  [ pool-1-thread-1:56105170 ] - [ ERROR ]  订单接单完成！0
2018-01-15 03:08:00  [ pool-1-thread-1:56302314 ] - [ ERROR ]  订单接单
2018-01-15 03:08:00  [ pool-1-thread-1:56302703 ] - [ ERROR ]  订单接单完成！0
2018-01-15 03:10:00  [ pool-1-thread-1:56422318 ] - [ ERROR ]  拒单操作开始!
2018-01-15 03:14:10  [ pool-1-thread-1:56673226 ] - [ ERROR ]  拒单操作结束!
2018-01-15 03:14:10  [ pool-1-thread-1:56673226 ] - [ ERROR ]  订单接单
2018-01-15 03:14:11  [ pool-1-thread-1:56673604 ] - [ ERROR ]  订单接单完成！0
2018-01-15 03:15:00  [ pool-1-thread-1:56722324 ] - [ ERROR ]  订单不存在自动补录!
2018-01-15 03:15:00  [ pool-1-thread-1:56722702 ] - [ ERROR ]  订单商品推送信息写缓存
2018-01-15 03:15:00  [ pool-1-thread-1:56722760 ] - [ ERROR ]  GROUP1(赵峰)
2018-01-15 03:15:08  [ pool-1-thread-1:56730515 ] - [ ERROR ]  GROUP2(周宇)
2018-01-15 03:15:16  [ pool-1-thread-1:56739051 ] - [ ERROR ]  GROUP3(龙精锁)
2018-01-15 03:15:16  [ pool-1-thread-1:56739279 ] - [ ERROR ]  GROUP4(吴双菊)
2018-01-15 03:15:17  [ pool-1-thread-1:56739356 ] - [ ERROR ]  GROUP5(何柳威)
2018-01-15 03:15:25  [ pool-1-thread-1:56747521 ] - [ ERROR ]  GROUP6(陈达)
2018-01-15 03:16:00  [ pool-1-thread-1:56782312 ] - [ ERROR ]  订单接单
2018-01-15 03:16:00  [ pool-1-thread-1:56782689 ] - [ ERROR ]  订单接单完成！0
2018-01-15 03:20:00  [ pool-1-thread-1:57022316 ] - [ ERROR ]  订单接单
2018-01-15 03:20:00  [ pool-1-thread-1:57023149 ] - [ ERROR ]  订单接单ID550e3581-dec2-4cce-88f1-c39214379e0a
2018-01-15 03:20:00  [ pool-1-thread-1:57023149 ] - [ ERROR ]  订单接单完成！1
2018-01-15 03:20:00  [ pool-1-thread-1:57023149 ] - [ ERROR ]  拒单操作开始!
2018-01-15 03:23:58  [ pool-1-thread-1:57260534 ] - [ ERROR ]  拒单操作结束!
2018-01-15 03:24:00  [ pool-1-thread-1:57262316 ] - [ ERROR ]  订单接单
2018-01-15 03:24:00  [ pool-1-thread-1:57262692 ] - [ ERROR ]  订单接单完成！0
2018-01-15 03:28:00  [ pool-1-thread-1:57502315 ] - [ ERROR ]  订单接单
2018-01-15 03:28:00  [ pool-1-thread-1:57503188 ] - [ ERROR ]  订单接单ID259f28ff-2e29-4c8d-b04d-e1a0078197bf
2018-01-15 03:28:01  [ pool-1-thread-1:57503410 ] - [ ERROR ]  订单接单IDcb84ff15-c9fe-4c71-a306-f6b86cba51fc
2018-01-15 03:28:01  [ pool-1-thread-1:57503410 ] - [ ERROR ]  订单接单完成！2
2018-01-15 03:30:00  [ pool-1-thread-1:57622318 ] - [ ERROR ]  拒单操作开始!
2018-01-15 03:34:24  [ pool-1-thread-1:57886362 ] - [ ERROR ]  拒单操作结束!
2018-01-15 03:34:24  [ pool-1-thread-1:57886743 ] - [ ERROR ]  订单商品推送信息写缓存
2018-01-15 03:34:24  [ pool-1-thread-1:57886794 ] - [ ERROR ]  GROUP1(赵峰)
2018-01-15 03:34:30  [ pool-1-thread-1:57892341 ] - [ ERROR ]  GROUP2(周宇)
2018-01-15 03:34:36  [ pool-1-thread-1:57899003 ] - [ ERROR ]  GROUP3(龙精锁)
2018-01-15 03:34:36  [ pool-1-thread-1:57899224 ] - [ ERROR ]  GROUP4(吴双菊)
2018-01-15 03:34:36  [ pool-1-thread-1:57899291 ] - [ ERROR ]  GROUP5(何柳威)
2018-01-15 03:34:42  [ pool-1-thread-1:57904978 ] - [ ERROR ]  GROUP6(陈达)
2018-01-15 03:34:42  [ pool-1-thread-1:57905053 ] - [ ERROR ]  订单不存在自动补录!
2018-01-15 03:34:43  [ pool-1-thread-1:57905429 ] - [ ERROR ]  订单接单
2018-01-15 03:34:43  [ pool-1-thread-1:57906081 ] - [ ERROR ]  订单接单ID54ed611d-fad3-4d52-9422-c709b84ccdeb
2018-01-15 03:34:43  [ pool-1-thread-1:57906082 ] - [ ERROR ]  订单接单完成！1
2018-01-15 03:36:00  [ pool-1-thread-1:57982311 ] - [ ERROR ]  订单接单
2018-01-15 03:36:00  [ pool-1-thread-1:57983126 ] - [ ERROR ]  订单接单ID4124c458-ac85-4072-9282-11af02cce651
2018-01-15 03:36:00  [ pool-1-thread-1:57983126 ] - [ ERROR ]  订单接单完成！1
2018-01-15 03:40:00  [ pool-1-thread-1:58222316 ] - [ ERROR ]  订单接单
2018-01-15 03:40:00  [ pool-1-thread-1:58223194 ] - [ ERROR ]  订单接单ID76f6e455-a457-4282-b4c7-868d3f366657
2018-01-15 03:40:00  [ pool-1-thread-1:58223194 ] - [ ERROR ]  订单接单完成！1
2018-01-15 03:40:00  [ pool-1-thread-1:58223194 ] - [ ERROR ]  拒单操作开始!
2018-01-15 03:44:37  [ pool-1-thread-1:58499462 ] - [ ERROR ]  拒单操作结束!
2018-01-15 03:44:37  [ pool-1-thread-1:58499463 ] - [ ERROR ]  订单接单
2018-01-15 03:44:37  [ pool-1-thread-1:58499843 ] - [ ERROR ]  订单接单完成！0
2018-01-15 03:45:00  [ pool-1-thread-1:58522324 ] - [ ERROR ]  订单不存在自动补录!
2018-01-15 03:45:00  [ pool-1-thread-1:58522704 ] - [ ERROR ]  订单商品推送信息写缓存
2018-01-15 03:45:00  [ pool-1-thread-1:58522755 ] - [ ERROR ]  GROUP1(赵峰)
2018-01-15 03:45:07  [ pool-1-thread-1:58530162 ] - [ ERROR ]  GROUP2(周宇)
2018-01-15 03:45:17  [ pool-1-thread-1:58539424 ] - [ ERROR ]  GROUP3(龙精锁)
2018-01-15 03:45:17  [ pool-1-thread-1:58539641 ] - [ ERROR ]  GROUP4(吴双菊)
2018-01-15 03:45:17  [ pool-1-thread-1:58539710 ] - [ ERROR ]  GROUP5(何柳威)
2018-01-15 03:45:25  [ pool-1-thread-1:58547946 ] - [ ERROR ]  GROUP6(陈达)
2018-01-15 03:48:00  [ pool-1-thread-1:58702314 ] - [ ERROR ]  订单接单
2018-01-15 03:48:00  [ pool-1-thread-1:58703151 ] - [ ERROR ]  订单接单ID53ef445b-4545-499f-9090-fb7e6bc1f66e
2018-01-15 03:48:01  [ pool-1-thread-1:58703360 ] - [ ERROR ]  订单接单ID8d15231e-548d-449f-88d5-0655a9d3f6be
2018-01-15 03:48:01  [ pool-1-thread-1:58703361 ] - [ ERROR ]  订单接单完成！2
2018-01-15 03:50:00  [ pool-1-thread-1:58822317 ] - [ ERROR ]  拒单操作开始!
2018-01-15 03:54:02  [ pool-1-thread-1:59064732 ] - [ ERROR ]  拒单操作结束!
2018-01-15 03:54:02  [ pool-1-thread-1:59064733 ] - [ ERROR ]  订单接单
2018-01-15 03:54:02  [ pool-1-thread-1:59065110 ] - [ ERROR ]  订单接单完成！0
2018-01-15 03:56:00  [ pool-1-thread-1:59182313 ] - [ ERROR ]  订单接单
2018-01-15 03:56:00  [ pool-1-thread-1:59183197 ] - [ ERROR ]  订单接单ID632712a6-b991-43aa-bb26-dacd5ffbc44b
2018-01-15 03:56:00  [ pool-1-thread-1:59183197 ] - [ ERROR ]  订单接单完成！1
2018-01-15 04:00:00  [ pool-1-thread-1:59422315 ] - [ ERROR ]  订单接单
2018-01-15 04:00:00  [ pool-1-thread-1:59423163 ] - [ ERROR ]  订单接单ID063acce1-16a6-4061-91f9-b6f1ab59f07e
2018-01-15 04:00:00  [ pool-1-thread-1:59423163 ] - [ ERROR ]  订单接单完成！1
2018-01-15 04:00:00  [ pool-1-thread-1:59423163 ] - [ ERROR ]  拒单操作开始!
2018-01-15 04:04:22  [ pool-1-thread-1:59684488 ] - [ ERROR ]  拒单操作结束!
2018-01-15 04:04:22  [ pool-1-thread-1:59684488 ] - [ ERROR ]  订单商品推送信息写缓存
2018-01-15 04:04:22  [ pool-1-thread-1:59684535 ] - [ ERROR ]  GROUP1(赵峰)
2018-01-15 04:04:27  [ pool-1-thread-1:59690107 ] - [ ERROR ]  GROUP2(周宇)
2018-01-15 04:04:34  [ pool-1-thread-1:59696819 ] - [ ERROR ]  GROUP3(龙精锁)
2018-01-15 04:04:34  [ pool-1-thread-1:59697048 ] - [ ERROR ]  GROUP4(吴双菊)
2018-01-15 04:04:34  [ pool-1-thread-1:59697124 ] - [ ERROR ]  GROUP5(何柳威)
2018-01-15 04:04:40  [ pool-1-thread-1:59702864 ] - [ ERROR ]  GROUP6(陈达)
2018-01-15 04:04:41  [ pool-1-thread-1:59703335 ] - [ ERROR ]  订单不存在自动补录!
2018-01-15 04:04:41  [ pool-1-thread-1:59703715 ] - [ ERROR ]  订单接单
2018-01-15 04:04:41  [ pool-1-thread-1:59704093 ] - [ ERROR ]  订单接单完成！0
2018-01-15 04:08:00  [ pool-1-thread-1:59902315 ] - [ ERROR ]  订单接单
2018-01-15 04:08:00  [ pool-1-thread-1:59902702 ] - [ ERROR ]  订单接单完成！0
2018-01-15 04:10:00  [ pool-1-thread-1:60022318 ] - [ ERROR ]  拒单操作开始!
2018-01-15 04:14:02  [ pool-1-thread-1:60265261 ] - [ ERROR ]  拒单操作结束!
2018-01-15 04:14:02  [ pool-1-thread-1:60265262 ] - [ ERROR ]  订单接单
2018-01-15 04:14:03  [ pool-1-thread-1:60265635 ] - [ ERROR ]  订单接单完成！0
2018-01-15 04:15:00  [ pool-1-thread-1:60322704 ] - [ ERROR ]  订单不存在自动补录!
2018-01-15 04:15:00  [ pool-1-thread-1:60323075 ] - [ ERROR ]  订单商品推送信息写缓存
2018-01-15 04:15:00  [ pool-1-thread-1:60323126 ] - [ ERROR ]  GROUP1(赵峰)
2018-01-15 04:15:08  [ pool-1-thread-1:60330871 ] - [ ERROR ]  GROUP2(周宇)
2018-01-15 04:15:17  [ pool-1-thread-1:60340082 ] - [ ERROR ]  GROUP3(龙精锁)
2018-01-15 04:15:17  [ pool-1-thread-1:60340293 ] - [ ERROR ]  GROUP4(吴双菊)
2018-01-15 04:15:18  [ pool-1-thread-1:60340357 ] - [ ERROR ]  GROUP5(何柳威)
2018-01-15 04:15:26  [ pool-1-thread-1:60348526 ] - [ ERROR ]  GROUP6(陈达)
2018-01-15 04:16:00  [ pool-1-thread-1:60382312 ] - [ ERROR ]  订单接单
2018-01-15 04:16:00  [ pool-1-thread-1:60383120 ] - [ ERROR ]  订单接单ID67a32290-fe4a-4197-b927-95252a84b533
2018-01-15 04:16:00  [ pool-1-thread-1:60383120 ] - [ ERROR ]  订单接单完成！1
2018-01-15 04:20:00  [ pool-1-thread-1:60622316 ] - [ ERROR ]  订单接单
2018-01-15 04:20:00  [ pool-1-thread-1:60622712 ] - [ ERROR ]  订单接单完成！0
2018-01-15 04:20:00  [ pool-1-thread-1:60622712 ] - [ ERROR ]  拒单操作开始!
2018-01-15 04:23:43  [ pool-1-thread-1:60846190 ] - [ ERROR ]  拒单操作结束!
2018-01-15 04:24:00  [ pool-1-thread-1:60862318 ] - [ ERROR ]  订单接单
2018-01-15 04:24:00  [ pool-1-thread-1:60862695 ] - [ ERROR ]  订单接单完成！0
2018-01-15 04:28:00  [ pool-1-thread-1:61102315 ] - [ ERROR ]  订单接单
2018-01-15 04:28:00  [ pool-1-thread-1:61103161 ] - [ ERROR ]  订单接单IDa2028b33-d6a8-46ce-b337-fc7e99b22654
2018-01-15 04:28:00  [ pool-1-thread-1:61103161 ] - [ ERROR ]  订单接单完成！1
2018-01-15 04:30:00  [ pool-1-thread-1:61222318 ] - [ ERROR ]  拒单操作开始!
2018-01-15 04:34:11  [ pool-1-thread-1:61474117 ] - [ ERROR ]  拒单操作结束!
2018-01-15 04:34:11  [ pool-1-thread-1:61474117 ] - [ ERROR ]  订单商品推送信息写缓存
2018-01-15 04:34:11  [ pool-1-thread-1:61474166 ] - [ ERROR ]  GROUP1(赵峰)
2018-01-15 04:34:17  [ pool-1-thread-1:61479661 ] - [ ERROR ]  GROUP2(周宇)
2018-01-15 04:34:23  [ pool-1-thread-1:61486293 ] - [ ERROR ]  GROUP3(龙精锁)
2018-01-15 04:34:24  [ pool-1-thread-1:61486514 ] - [ ERROR ]  GROUP4(吴双菊)
2018-01-15 04:34:24  [ pool-1-thread-1:61486589 ] - [ ERROR ]  GROUP5(何柳威)
2018-01-15 04:34:29  [ pool-1-thread-1:61492239 ] - [ ERROR ]  GROUP6(陈达)
2018-01-15 04:34:30  [ pool-1-thread-1:61492702 ] - [ ERROR ]  订单不存在自动补录!
2018-01-15 04:34:30  [ pool-1-thread-1:61493074 ] - [ ERROR ]  订单接单
2018-01-15 04:34:31  [ pool-1-thread-1:61493447 ] - [ ERROR ]  订单接单完成！0
2018-01-15 04:36:00  [ pool-1-thread-1:61582312 ] - [ ERROR ]  订单接单
2018-01-15 04:36:00  [ pool-1-thread-1:61582706 ] - [ ERROR ]  订单接单完成！0
2018-01-15 04:40:00  [ pool-1-thread-1:61822316 ] - [ ERROR ]  订单接单
2018-01-15 04:40:01  [ pool-1-thread-1:61823409 ] - [ ERROR ]  订单接单IDf047d2e5-cb55-482b-8b15-06933da65536
2018-01-15 04:40:01  [ pool-1-thread-1:61823826 ] - [ ERROR ]  不存在的订单！ORDER_ACCEPTe009a300-9ebd-4db6-903c-2012c808f6f6
2018-01-15 04:40:01  [ pool-1-thread-1:61823844 ] - [ ERROR ]  订单接单完成！2
2018-01-15 04:40:01  [ pool-1-thread-1:61823845 ] - [ ERROR ]  拒单操作开始!
2018-01-15 04:44:28  [ pool-1-thread-1:62091031 ] - [ ERROR ]  拒单操作结束!
2018-01-15 04:44:28  [ pool-1-thread-1:62091031 ] - [ ERROR ]  订单接单
2018-01-15 04:44:29  [ pool-1-thread-1:62091411 ] - [ ERROR ]  订单接单完成！0
2018-01-15 04:45:00  [ pool-1-thread-1:62122709 ] - [ ERROR ]  订单商品推送信息写缓存
2018-01-15 04:45:00  [ pool-1-thread-1:62122759 ] - [ ERROR ]  GROUP1(赵峰)
2018-01-15 04:45:08  [ pool-1-thread-1:62130515 ] - [ ERROR ]  GROUP2(周宇)
2018-01-15 04:45:17  [ pool-1-thread-1:62140164 ] - [ ERROR ]  GROUP3(龙精锁)
2018-01-15 04:45:18  [ pool-1-thread-1:62140368 ] - [ ERROR ]  GROUP4(吴双菊)
2018-01-15 04:45:18  [ pool-1-thread-1:62140426 ] - [ ERROR ]  GROUP5(何柳威)
2018-01-15 04:45:27  [ pool-1-thread-1:62149393 ] - [ ERROR ]  GROUP6(陈达)
2018-01-15 04:45:27  [ pool-1-thread-1:62149457 ] - [ ERROR ]  订单不存在自动补录!
2018-01-15 04:48:00  [ pool-1-thread-1:62302314 ] - [ ERROR ]  订单接单
2018-01-15 04:48:00  [ pool-1-thread-1:62302707 ] - [ ERROR ]  订单接单完成！0
2018-01-15 04:50:00  [ pool-1-thread-1:62422318 ] - [ ERROR ]  拒单操作开始!
2018-01-15 04:54:41  [ pool-1-thread-1:62703325 ] - [ ERROR ]  拒单操作结束!
2018-01-15 04:54:41  [ pool-1-thread-1:62703326 ] - [ ERROR ]  订单接单
2018-01-15 04:54:41  [ pool-1-thread-1:62703987 ] - [ ERROR ]  订单接单ID04e88ba0-cfc1-4c40-9b76-acc2d722734d
2018-01-15 04:54:41  [ pool-1-thread-1:62704243 ] - [ ERROR ]  订单接单ID84afad30-e418-4512-bfb8-ac1c491fd02f
2018-01-15 04:54:42  [ pool-1-thread-1:62704488 ] - [ ERROR ]  订单接单ID8935d03c-1211-4fc5-bf72-4998e8c23b01
2018-01-15 04:54:42  [ pool-1-thread-1:62704488 ] - [ ERROR ]  订单接单完成！3
2018-01-15 04:56:00  [ pool-1-thread-1:62782312 ] - [ ERROR ]  订单接单
2018-01-15 04:56:00  [ pool-1-thread-1:62782699 ] - [ ERROR ]  订单接单完成！0
2018-01-15 05:00:00  [ pool-1-thread-1:63022316 ] - [ ERROR ]  订单接单
2018-01-15 05:00:00  [ pool-1-thread-1:63022711 ] - [ ERROR ]  订单接单完成！0
2018-01-15 05:00:00  [ pool-1-thread-1:63022711 ] - [ ERROR ]  拒单操作开始!
2018-01-15 05:04:25  [ pool-1-thread-1:63288294 ] - [ ERROR ]  拒单操作结束!
2018-01-15 05:04:25  [ pool-1-thread-1:63288295 ] - [ ERROR ]  订单不存在自动补录!
2018-01-15 05:04:26  [ pool-1-thread-1:63289050 ] - [ ERROR ]  订单商品推送信息写缓存
2018-01-15 05:04:26  [ pool-1-thread-1:63289101 ] - [ ERROR ]  GROUP1(赵峰)
2018-01-15 05:04:32  [ pool-1-thread-1:63294640 ] - [ ERROR ]  GROUP2(周宇)
2018-01-15 05:04:38  [ pool-1-thread-1:63301293 ] - [ ERROR ]  GROUP3(龙精锁)
2018-01-15 05:04:39  [ pool-1-thread-1:63301509 ] - [ ERROR ]  GROUP4(吴双菊)
2018-01-15 05:04:39  [ pool-1-thread-1:63301576 ] - [ ERROR ]  GROUP5(何柳威)
2018-01-15 05:04:44  [ pool-1-thread-1:63307270 ] - [ ERROR ]  GROUP6(陈达)
2018-01-15 05:04:45  [ pool-1-thread-1:63307347 ] - [ ERROR ]  订单接单
2018-01-15 05:04:45  [ pool-1-thread-1:63307723 ] - [ ERROR ]  订单接单完成！0
2018-01-15 05:08:00  [ pool-1-thread-1:63502315 ] - [ ERROR ]  订单接单
2018-01-15 05:08:00  [ pool-1-thread-1:63502709 ] - [ ERROR ]  订单接单完成！0
2018-01-15 05:10:00  [ pool-1-thread-1:63622318 ] - [ ERROR ]  拒单操作开始!
2018-01-15 05:14:20  [ pool-1-thread-1:63883039 ] - [ ERROR ]  拒单操作结束!
2018-01-15 05:14:20  [ pool-1-thread-1:63883039 ] - [ ERROR ]  订单接单
2018-01-15 05:14:21  [ pool-1-thread-1:63883415 ] - [ ERROR ]  订单接单完成！0
2018-01-15 05:15:00  [ pool-1-thread-1:63922325 ] - [ ERROR ]  订单不存在自动补录!
2018-01-15 05:15:00  [ pool-1-thread-1:63922703 ] - [ ERROR ]  订单商品推送信息写缓存
2018-01-15 05:15:00  [ pool-1-thread-1:63922759 ] - [ ERROR ]  GROUP1(赵峰)
2018-01-15 05:15:07  [ pool-1-thread-1:63930129 ] - [ ERROR ]  GROUP2(周宇)
2018-01-15 05:15:17  [ pool-1-thread-1:63939359 ] - [ ERROR ]  GROUP3(龙精锁)
2018-01-15 05:15:17  [ pool-1-thread-1:63939579 ] - [ ERROR ]  GROUP4(吴双菊)
2018-01-15 05:15:17  [ pool-1-thread-1:63939652 ] - [ ERROR ]  GROUP5(何柳威)
2018-01-15 05:15:25  [ pool-1-thread-1:63947808 ] - [ ERROR ]  GROUP6(陈达)
2018-01-15 05:16:00  [ pool-1-thread-1:63982313 ] - [ ERROR ]  订单接单
2018-01-15 05:16:00  [ pool-1-thread-1:63982690 ] - [ ERROR ]  订单接单完成！0
2018-01-15 05:20:00  [ pool-1-thread-1:64222316 ] - [ ERROR ]  订单接单
2018-01-15 05:20:00  [ pool-1-thread-1:64222709 ] - [ ERROR ]  订单接单完成！0
2018-01-15 05:20:00  [ pool-1-thread-1:64222710 ] - [ ERROR ]  拒单操作开始!
2018-01-15 05:24:06  [ pool-1-thread-1:64468443 ] - [ ERROR ]  拒单操作结束!
2018-01-15 05:24:06  [ pool-1-thread-1:64468443 ] - [ ERROR ]  订单接单
2018-01-15 05:24:06  [ pool-1-thread-1:64468816 ] - [ ERROR ]  订单接单完成！0
2018-01-15 05:28:00  [ pool-1-thread-1:64702315 ] - [ ERROR ]  订单接单
2018-01-15 05:28:00  [ pool-1-thread-1:64703242 ] - [ ERROR ]  订单接单IDcac67853-bd31-41b7-9998-357fc3e526dc
2018-01-15 05:28:00  [ pool-1-thread-1:64703242 ] - [ ERROR ]  订单接单完成！1
2018-01-15 05:30:00  [ pool-1-thread-1:64822317 ] - [ ERROR ]  拒单操作开始!
2018-01-15 05:34:32  [ pool-1-thread-1:65094906 ] - [ ERROR ]  拒单操作结束!
2018-01-15 05:34:32  [ pool-1-thread-1:65094906 ] - [ ERROR ]  订单不存在自动补录!
2018-01-15 05:34:32  [ pool-1-thread-1:65095287 ] - [ ERROR ]  订单商品推送信息写缓存
2018-01-15 05:34:33  [ pool-1-thread-1:65095328 ] - [ ERROR ]  GROUP1(赵峰)
2018-01-15 05:34:38  [ pool-1-thread-1:65100890 ] - [ ERROR ]  GROUP2(周宇)
2018-01-15 05:34:45  [ pool-1-thread-1:65107974 ] - [ ERROR ]  GROUP3(龙精锁)
2018-01-15 05:34:45  [ pool-1-thread-1:65108194 ] - [ ERROR ]  GROUP4(吴双菊)
2018-01-15 05:34:45  [ pool-1-thread-1:65108270 ] - [ ERROR ]  GROUP5(何柳威)
2018-01-15 05:34:51  [ pool-1-thread-1:65114009 ] - [ ERROR ]  GROUP6(陈达)
2018-01-15 05:34:52  [ pool-1-thread-1:65114479 ] - [ ERROR ]  订单接单
2018-01-15 05:34:52  [ pool-1-thread-1:65115233 ] - [ ERROR ]  订单接单ID8e24d9f1-06bf-4d85-83e7-777a4ab775e0
2018-01-15 05:34:52  [ pool-1-thread-1:65115233 ] - [ ERROR ]  订单接单完成！1
2018-01-15 05:36:00  [ pool-1-thread-1:65182312 ] - [ ERROR ]  订单接单
2018-01-15 05:36:00  [ pool-1-thread-1:65182693 ] - [ ERROR ]  订单接单完成！0
2018-01-15 05:40:00  [ pool-1-thread-1:65422315 ] - [ ERROR ]  订单接单
2018-01-15 05:40:00  [ pool-1-thread-1:65423179 ] - [ ERROR ]  订单接单IDdfefa726-b7f8-4a69-b458-d4bba9f16ceb
2018-01-15 05:40:01  [ pool-1-thread-1:65423409 ] - [ ERROR ]  订单接单IDc0faf2b1-627b-4ea7-8bc7-ce3457c3e414
2018-01-15 05:40:01  [ pool-1-thread-1:65423409 ] - [ ERROR ]  订单接单完成！2
2018-01-15 05:40:01  [ pool-1-thread-1:65423409 ] - [ ERROR ]  拒单操作开始!
2018-01-15 05:43:55  [ pool-1-thread-1:65657702 ] - [ ERROR ]  拒单操作结束!
2018-01-15 05:44:00  [ pool-1-thread-1:65662315 ] - [ ERROR ]  订单接单
2018-01-15 05:44:00  [ pool-1-thread-1:65662696 ] - [ ERROR ]  订单接单完成！0
2018-01-15 05:45:00  [ pool-1-thread-1:65722324 ] - [ ERROR ]  订单不存在自动补录!
2018-01-15 05:45:00  [ pool-1-thread-1:65722705 ] - [ ERROR ]  订单商品推送信息写缓存
2018-01-15 05:45:00  [ pool-1-thread-1:65722765 ] - [ ERROR ]  GROUP1(赵峰)
2018-01-15 05:45:08  [ pool-1-thread-1:65730538 ] - [ ERROR ]  GROUP2(周宇)
2018-01-15 05:45:17  [ pool-1-thread-1:65740188 ] - [ ERROR ]  GROUP3(龙精锁)
2018-01-15 05:45:18  [ pool-1-thread-1:65740409 ] - [ ERROR ]  GROUP4(吴双菊)
2018-01-15 05:45:18  [ pool-1-thread-1:65740478 ] - [ ERROR ]  GROUP5(何柳威)
2018-01-15 05:45:26  [ pool-1-thread-1:65748682 ] - [ ERROR ]  GROUP6(陈达)
2018-01-15 05:48:00  [ pool-1-thread-1:65902316 ] - [ ERROR ]  订单接单
2018-01-15 05:48:00  [ pool-1-thread-1:65902710 ] - [ ERROR ]  订单接单完成！0
2018-01-15 05:50:00  [ pool-1-thread-1:66022318 ] - [ ERROR ]  拒单操作开始!
2018-01-15 05:54:10  [ pool-1-thread-1:66272770 ] - [ ERROR ]  拒单操作结束!
2018-01-15 05:54:10  [ pool-1-thread-1:66272771 ] - [ ERROR ]  订单接单
2018-01-15 05:54:10  [ pool-1-thread-1:66273144 ] - [ ERROR ]  订单接单完成！0
2018-01-15 05:56:00  [ pool-1-thread-1:66382313 ] - [ ERROR ]  订单接单
2018-01-15 05:56:00  [ pool-1-thread-1:66382704 ] - [ ERROR ]  订单接单完成！0
2018-01-15 06:00:00  [ pool-1-thread-1:66622316 ] - [ ERROR ]  订单接单
2018-01-15 06:00:00  [ pool-1-thread-1:66623073 ] - [ ERROR ]  订单接单ID12028317-136d-48e4-876f-1b74ee3c6753
2018-01-15 06:00:01  [ pool-1-thread-1:66623566 ] - [ ERROR ]  订单接单ID27da66db-6b83-4a23-82a7-bd04081fdc8c
2018-01-15 06:00:01  [ pool-1-thread-1:66623566 ] - [ ERROR ]  订单接单完成！2
2018-01-15 06:00:01  [ pool-1-thread-1:66623566 ] - [ ERROR ]  拒单操作开始!
2018-01-15 06:04:45  [ pool-1-thread-1:66907413 ] - [ ERROR ]  拒单操作结束!
2018-01-15 06:04:45  [ pool-1-thread-1:66907800 ] - [ ERROR ]  订单不存在自动补录!
2018-01-15 06:04:45  [ pool-1-thread-1:66908182 ] - [ ERROR ]  订单商品推送信息写缓存
2018-01-15 06:04:45  [ pool-1-thread-1:66908231 ] - [ ERROR ]  GROUP1(赵峰)
2018-01-15 06:04:51  [ pool-1-thread-1:66913830 ] - [ ERROR ]  GROUP2(周宇)
2018-01-15 06:04:58  [ pool-1-thread-1:66920960 ] - [ ERROR ]  GROUP3(龙精锁)
2018-01-15 06:04:58  [ pool-1-thread-1:66921176 ] - [ ERROR ]  GROUP4(吴双菊)
2018-01-15 06:04:58  [ pool-1-thread-1:66921256 ] - [ ERROR ]  GROUP5(何柳威)
2018-01-15 06:05:04  [ pool-1-thread-1:66927027 ] - [ ERROR ]  GROUP6(陈达)
2018-01-15 06:05:04  [ pool-1-thread-1:66927117 ] - [ ERROR ]  订单接单
2018-01-15 06:05:05  [ pool-1-thread-1:66927497 ] - [ ERROR ]  订单接单完成！0
2018-01-15 06:08:00  [ pool-1-thread-1:67102314 ] - [ ERROR ]  订单接单
2018-01-15 06:08:00  [ pool-1-thread-1:67103156 ] - [ ERROR ]  订单接单ID8053fe7d-7ea2-4e98-ba47-175e94923dab
2018-01-15 06:08:00  [ pool-1-thread-1:67103156 ] - [ ERROR ]  订单接单完成！1
2018-01-15 06:10:00  [ pool-1-thread-1:67222317 ] - [ ERROR ]  拒单操作开始!
2018-01-15 06:14:04  [ pool-1-thread-1:67467085 ] - [ ERROR ]  拒单操作结束!
2018-01-15 06:14:04  [ pool-1-thread-1:67467085 ] - [ ERROR ]  订单接单
2018-01-15 06:14:05  [ pool-1-thread-1:67467717 ] - [ ERROR ]  订单接单IDf5fe0692-aade-49a0-85f7-277546ee3775
2018-01-15 06:14:05  [ pool-1-thread-1:67467717 ] - [ ERROR ]  订单接单完成！1
2018-01-15 06:15:00  [ pool-1-thread-1:67522323 ] - [ ERROR ]  订单商品推送信息写缓存
2018-01-15 06:15:00  [ pool-1-thread-1:67522370 ] - [ ERROR ]  GROUP1(赵峰)
2018-01-15 06:15:07  [ pool-1-thread-1:67530035 ] - [ ERROR ]  GROUP2(周宇)
2018-01-15 06:15:17  [ pool-1-thread-1:67539881 ] - [ ERROR ]  GROUP3(龙精锁)
2018-01-15 06:15:17  [ pool-1-thread-1:67540101 ] - [ ERROR ]  GROUP4(吴双菊)
2018-01-15 06:15:17  [ pool-1-thread-1:67540172 ] - [ ERROR ]  GROUP5(何柳威)
2018-01-15 06:15:26  [ pool-1-thread-1:67548713 ] - [ ERROR ]  GROUP6(陈达)
2018-01-15 06:15:27  [ pool-1-thread-1:67549494 ] - [ ERROR ]  订单不存在自动补录!
2018-01-15 06:16:00  [ pool-1-thread-1:67582313 ] - [ ERROR ]  订单接单
2018-01-15 06:16:00  [ pool-1-thread-1:67582688 ] - [ ERROR ]  订单接单完成！0
2018-01-15 06:20:00  [ pool-1-thread-1:67822316 ] - [ ERROR ]  订单接单
2018-01-15 06:20:00  [ pool-1-thread-1:67823165 ] - [ ERROR ]  订单接单ID58adc44f-6e89-484c-89bd-803cc2bdac8f
2018-01-15 06:20:01  [ pool-1-thread-1:67823390 ] - [ ERROR ]  订单接单IDc381eeab-7f5d-46fc-9140-a054776e87b2
2018-01-15 06:20:01  [ pool-1-thread-1:67823390 ] - [ ERROR ]  订单接单完成！2
2018-01-15 06:20:01  [ pool-1-thread-1:67823390 ] - [ ERROR ]  拒单操作开始!
2018-01-15 06:23:45  [ pool-1-thread-1:68047387 ] - [ ERROR ]  拒单操作结束!
2018-01-15 06:24:00  [ pool-1-thread-1:68062315 ] - [ ERROR ]  订单接单
2018-01-15 06:24:00  [ pool-1-thread-1:68063126 ] - [ ERROR ]  订单接单ID210f2bdb-6cac-43d3-8bc0-bbe45bee8c2b
2018-01-15 06:24:01  [ pool-1-thread-1:68063336 ] - [ ERROR ]  订单接单IDf4f43e83-7a08-43b3-ad78-673e6614ceec
2018-01-15 06:24:01  [ pool-1-thread-1:68063336 ] - [ ERROR ]  订单接单完成！2
2018-01-15 06:28:00  [ pool-1-thread-1:68302315 ] - [ ERROR ]  订单接单
2018-01-15 06:28:00  [ pool-1-thread-1:68302716 ] - [ ERROR ]  订单接单完成！0
2018-01-15 06:30:00  [ pool-1-thread-1:68422318 ] - [ ERROR ]  拒单操作开始!
2018-01-15 06:34:34  [ pool-1-thread-1:68696438 ] - [ ERROR ]  拒单操作结束!
2018-01-15 06:34:34  [ pool-1-thread-1:68696818 ] - [ ERROR ]  订单不存在自动补录!
2018-01-15 06:34:34  [ pool-1-thread-1:68697190 ] - [ ERROR ]  订单商品推送信息写缓存
2018-01-15 06:34:34  [ pool-1-thread-1:68697240 ] - [ ERROR ]  GROUP1(赵峰)
2018-01-15 06:34:40  [ pool-1-thread-1:68702741 ] - [ ERROR ]  GROUP2(周宇)
2018-01-15 06:34:47  [ pool-1-thread-1:68709739 ] - [ ERROR ]  GROUP3(龙精锁)
2018-01-15 06:34:47  [ pool-1-thread-1:68709963 ] - [ ERROR ]  GROUP4(吴双菊)
2018-01-15 06:34:47  [ pool-1-thread-1:68710031 ] - [ ERROR ]  GROUP5(何柳威)
2018-01-15 06:34:53  [ pool-1-thread-1:68715677 ] - [ ERROR ]  GROUP6(陈达)
2018-01-15 06:34:53  [ pool-1-thread-1:68715752 ] - [ ERROR ]  订单接单
2018-01-15 06:34:53  [ pool-1-thread-1:68716125 ] - [ ERROR ]  订单接单完成！0
2018-01-15 06:36:00  [ pool-1-thread-1:68782312 ] - [ ERROR ]  订单接单
2018-01-15 06:36:00  [ pool-1-thread-1:68782687 ] - [ ERROR ]  订单接单完成！0
2018-01-15 06:40:00  [ pool-1-thread-1:69022315 ] - [ ERROR ]  订单接单
2018-01-15 06:40:00  [ pool-1-thread-1:69023159 ] - [ ERROR ]  订单接单ID63e359f9-16ae-4901-9494-82cc72124764
2018-01-15 06:40:00  [ pool-1-thread-1:69023159 ] - [ ERROR ]  订单接单完成！1
2018-01-15 06:40:00  [ pool-1-thread-1:69023159 ] - [ ERROR ]  拒单操作开始!
2018-01-15 06:43:45  [ pool-1-thread-1:69247840 ] - [ ERROR ]  拒单操作结束!
2018-01-15 06:44:00  [ pool-1-thread-1:69262316 ] - [ ERROR ]  订单接单
2018-01-15 06:44:00  [ pool-1-thread-1:69262693 ] - [ ERROR ]  订单接单完成！0
2018-01-15 06:45:00  [ pool-1-thread-1:69322324 ] - [ ERROR ]  订单商品推送信息写缓存
2018-01-15 06:45:00  [ pool-1-thread-1:69322382 ] - [ ERROR ]  GROUP1(赵峰)
2018-01-15 06:45:07  [ pool-1-thread-1:69329689 ] - [ ERROR ]  GROUP2(周宇)
2018-01-15 06:45:16  [ pool-1-thread-1:69339290 ] - [ ERROR ]  GROUP3(龙精锁)
2018-01-15 06:45:17  [ pool-1-thread-1:69339517 ] - [ ERROR ]  GROUP4(吴双菊)
2018-01-15 06:45:17  [ pool-1-thread-1:69339592 ] - [ ERROR ]  GROUP5(何柳威)
2018-01-15 06:45:25  [ pool-1-thread-1:69347751 ] - [ ERROR ]  GROUP6(陈达)
2018-01-15 06:45:25  [ pool-1-thread-1:69347838 ] - [ ERROR ]  订单不存在自动补录!
2018-01-15 06:48:00  [ pool-1-thread-1:69502315 ] - [ ERROR ]  订单接单
2018-01-15 06:48:00  [ pool-1-thread-1:69503154 ] - [ ERROR ]  订单接单ID5f6f61f2-257b-40d3-b16a-49cc17673729
2018-01-15 06:48:01  [ pool-1-thread-1:69503399 ] - [ ERROR ]  订单接单ID43ea91b0-b629-4688-99a7-25091969808e
2018-01-15 06:48:01  [ pool-1-thread-1:69503624 ] - [ ERROR ]  订单接单ID1f55e0d8-b238-4107-9caa-58ab9e49b1de
2018-01-15 06:48:01  [ pool-1-thread-1:69503624 ] - [ ERROR ]  订单接单完成！3
2018-01-15 06:50:00  [ pool-1-thread-1:69622319 ] - [ ERROR ]  拒单操作开始!
2018-01-15 06:53:59  [ pool-1-thread-1:69862092 ] - [ ERROR ]  拒单操作结束!
2018-01-15 06:53:59  [ pool-1-thread-1:69862093 ] - [ ERROR ]  订单接单
2018-01-15 06:54:00  [ pool-1-thread-1:69862738 ] - [ ERROR ]  订单接单IDbef518f8-9f28-48bd-9eb2-c4ba8104c272
2018-01-15 06:54:00  [ pool-1-thread-1:69863005 ] - [ ERROR ]  订单接单ID57e5fa98-fa98-4a32-b2bf-49bbef45af12
2018-01-15 06:54:00  [ pool-1-thread-1:69863005 ] - [ ERROR ]  订单接单完成！2
2018-01-15 06:56:00  [ pool-1-thread-1:69982313 ] - [ ERROR ]  订单接单
2018-01-15 06:56:00  [ pool-1-thread-1:69982712 ] - [ ERROR ]  订单接单完成！0
2018-01-15 07:00:00  [ pool-1-thread-1:70222315 ] - [ ERROR ]  订单接单
2018-01-15 07:00:00  [ pool-1-thread-1:70222984 ] - [ ERROR ]  订单接单IDde6c7e4e-d4f4-4f2c-99ac-64d9b7b91a1c
2018-01-15 07:00:01  [ pool-1-thread-1:70223586 ] - [ ERROR ]  订单接单IDdd0abf81-8c10-4923-8505-4cc621af800f
2018-01-15 07:00:02  [ pool-1-thread-1:70224444 ] - [ ERROR ]  订单接单ID7fd282a5-d748-4c0e-800a-a1b35302c4d4
2018-01-15 07:00:02  [ pool-1-thread-1:70225301 ] - [ ERROR ]  订单接单IDcc550b8d-dbd5-4718-b3f4-bf69731f76b3
2018-01-15 07:00:02  [ pool-1-thread-1:70225302 ] - [ ERROR ]  订单接单完成！4
2018-01-15 07:00:02  [ pool-1-thread-1:70225302 ] - [ ERROR ]  拒单操作开始!
2018-01-15 07:04:18  [ pool-1-thread-1:70480973 ] - [ ERROR ]  拒单操作结束!
2018-01-15 07:04:19  [ pool-1-thread-1:70481354 ] - [ ERROR ]  订单商品推送信息写缓存
2018-01-15 07:04:19  [ pool-1-thread-1:70481403 ] - [ ERROR ]  GROUP1(赵峰)
2018-01-15 07:04:25  [ pool-1-thread-1:70487782 ] - [ ERROR ]  GROUP2(周宇)
2018-01-15 07:04:32  [ pool-1-thread-1:70494761 ] - [ ERROR ]  GROUP3(龙精锁)
2018-01-15 07:04:32  [ pool-1-thread-1:70494974 ] - [ ERROR ]  GROUP4(吴双菊)
2018-01-15 07:04:32  [ pool-1-thread-1:70495051 ] - [ ERROR ]  GROUP5(何柳威)
2018-01-15 07:04:38  [ pool-1-thread-1:70500692 ] - [ ERROR ]  GROUP6(陈达)
2018-01-15 07:04:38  [ pool-1-thread-1:70500767 ] - [ ERROR ]  订单不存在自动补录!
2018-01-15 07:04:38  [ pool-1-thread-1:70501141 ] - [ ERROR ]  订单接单
2018-01-15 07:04:39  [ pool-1-thread-1:70501514 ] - [ ERROR ]  订单接单完成！0
2018-01-15 07:08:00  [ pool-1-thread-1:70702315 ] - [ ERROR ]  订单接单
2018-01-15 07:08:00  [ pool-1-thread-1:70702711 ] - [ ERROR ]  订单接单完成！0
2018-01-15 07:10:00  [ pool-1-thread-1:70822317 ] - [ ERROR ]  拒单操作开始!
2018-01-15 07:14:13  [ pool-1-thread-1:71076114 ] - [ ERROR ]  拒单操作结束!
2018-01-15 07:14:13  [ pool-1-thread-1:71076115 ] - [ ERROR ]  订单接单
2018-01-15 07:14:14  [ pool-1-thread-1:71076488 ] - [ ERROR ]  订单接单完成！0
2018-01-15 07:15:00  [ pool-1-thread-1:71122323 ] - [ ERROR ]  订单不存在自动补录!
2018-01-15 07:15:00  [ pool-1-thread-1:71122698 ] - [ ERROR ]  订单商品推送信息写缓存
2018-01-15 07:15:00  [ pool-1-thread-1:71122746 ] - [ ERROR ]  GROUP1(赵峰)
2018-01-15 07:15:09  [ pool-1-thread-1:71131618 ] - [ ERROR ]  GROUP2(周宇)
2018-01-15 07:15:18  [ pool-1-thread-1:71141202 ] - [ ERROR ]  GROUP3(龙精锁)
2018-01-15 07:15:19  [ pool-1-thread-1:71141412 ] - [ ERROR ]  GROUP4(吴双菊)
2018-01-15 07:15:19  [ pool-1-thread-1:71141485 ] - [ ERROR ]  GROUP5(何柳威)
2018-01-15 07:15:27  [ pool-1-thread-1:71149624 ] - [ ERROR ]  GROUP6(陈达)
2018-01-15 07:16:00  [ pool-1-thread-1:71182312 ] - [ ERROR ]  订单接单
2018-01-15 07:16:00  [ pool-1-thread-1:71183154 ] - [ ERROR ]  订单接单ID3488882e-79ce-4f7f-8e4a-e844ff1e460b
2018-01-15 07:16:00  [ pool-1-thread-1:71183154 ] - [ ERROR ]  订单接单完成！1
2018-01-15 07:20:00  [ pool-1-thread-1:71422316 ] - [ ERROR ]  订单接单
2018-01-15 07:20:00  [ pool-1-thread-1:71423148 ] - [ ERROR ]  订单接单ID41415d6e-2fb2-419f-9851-7b0182490c44
2018-01-15 07:20:01  [ pool-1-thread-1:71423378 ] - [ ERROR ]  订单接单ID0dc92ba4-d20e-47cd-9b1f-0c64b2db6515
2018-01-15 07:20:01  [ pool-1-thread-1:71423617 ] - [ ERROR ]  订单接单ID8fd4cf70-1cfe-471c-97ff-a914f76d819b
2018-01-15 07:20:01  [ pool-1-thread-1:71423685 ] - [ ERROR ]  不存在的订单！ORDER_ACCEPTa1bb0529-fbc1-4cdb-8042-de4ca073c6f9
2018-01-15 07:20:01  [ pool-1-thread-1:71424042 ] - [ ERROR ]  订单接单完成！4
2018-01-15 07:20:01  [ pool-1-thread-1:71424042 ] - [ ERROR ]  拒单操作开始!
2018-01-15 07:24:12  [ pool-1-thread-1:71674339 ] - [ ERROR ]  拒单操作结束!
2018-01-15 07:24:12  [ pool-1-thread-1:71674339 ] - [ ERROR ]  订单接单
2018-01-15 07:24:12  [ pool-1-thread-1:71674714 ] - [ ERROR ]  订单接单完成！0
2018-01-15 07:28:00  [ pool-1-thread-1:71902315 ] - [ ERROR ]  订单接单
2018-01-15 07:28:00  [ pool-1-thread-1:71903141 ] - [ ERROR ]  订单接单IDef7533c6-17ca-4783-b841-b37ca43e5eee
2018-01-15 07:28:01  [ pool-1-thread-1:71903379 ] - [ ERROR ]  订单接单IDaccfc782-2ade-4970-aa77-1814388dec95
2018-01-15 07:28:01  [ pool-1-thread-1:71903609 ] - [ ERROR ]  订单接单ID07414cda-272a-49ac-823f-8411006534d5
2018-01-15 07:28:01  [ pool-1-thread-1:71903678 ] - [ ERROR ]  不存在的订单！ORDER_ACCEPTaf630370-f8a8-4abd-9bb3-9eb224166ee2
2018-01-15 07:28:01  [ pool-1-thread-1:71903692 ] - [ ERROR ]  订单接单完成！4
2018-01-15 07:30:00  [ pool-1-thread-1:72022318 ] - [ ERROR ]  拒单操作开始!
2018-01-15 07:34:23  [ pool-1-thread-1:72285794 ] - [ ERROR ]  拒单操作结束!
2018-01-15 07:34:23  [ pool-1-thread-1:72286187 ] - [ ERROR ]  订单商品推送信息写缓存
2018-01-15 07:34:23  [ pool-1-thread-1:72286237 ] - [ ERROR ]  GROUP1(赵峰)
2018-01-15 07:34:30  [ pool-1-thread-1:72292818 ] - [ ERROR ]  GROUP2(周宇)
2018-01-15 07:34:38  [ pool-1-thread-1:72300329 ] - [ ERROR ]  GROUP3(龙精锁)
2018-01-15 07:34:38  [ pool-1-thread-1:72300542 ] - [ ERROR ]  GROUP4(吴双菊)
2018-01-15 07:34:38  [ pool-1-thread-1:72300619 ] - [ ERROR ]  GROUP5(何柳威)
2018-01-15 07:34:43  [ pool-1-thread-1:72306267 ] - [ ERROR ]  GROUP6(陈达)
2018-01-15 07:34:44  [ pool-1-thread-1:72306354 ] - [ ERROR ]  订单不存在自动补录!
2018-01-15 07:34:44  [ pool-1-thread-1:72306727 ] - [ ERROR ]  订单接单
2018-01-15 07:34:45  [ pool-1-thread-1:72307379 ] - [ ERROR ]  订单接单IDdffc2b4c-9f40-43ec-8c9b-6e0ca33db705
2018-01-15 07:34:45  [ pool-1-thread-1:72307638 ] - [ ERROR ]  订单接单IDe63554f7-6d82-4e04-9612-419de4900995
2018-01-15 07:34:45  [ pool-1-thread-1:72307872 ] - [ ERROR ]  订单接单ID333723fa-dccc-47b5-b73a-f567fc96474e
2018-01-15 07:34:45  [ pool-1-thread-1:72307873 ] - [ ERROR ]  订单接单完成！3
2018-01-15 07:36:00  [ pool-1-thread-1:72382312 ] - [ ERROR ]  订单接单
2018-01-15 07:36:00  [ pool-1-thread-1:72382690 ] - [ ERROR ]  订单接单完成！0
2018-01-15 07:40:00  [ pool-1-thread-1:72622314 ] - [ ERROR ]  订单接单
2018-01-15 07:40:00  [ pool-1-thread-1:72623170 ] - [ ERROR ]  订单接单IDc6a74a40-cdb2-4963-9258-ea57e791b8fc
2018-01-15 07:40:01  [ pool-1-thread-1:72623398 ] - [ ERROR ]  订单接单ID955e8aae-21f5-4aef-b051-0a271700cb2b
2018-01-15 07:40:01  [ pool-1-thread-1:72623626 ] - [ ERROR ]  订单接单ID840c08fa-8832-411d-8864-4fd0fe81dcb2
2018-01-15 07:40:01  [ pool-1-thread-1:72623689 ] - [ ERROR ]  不存在的订单！ORDER_ACCEPTe50c4da3-0842-4e29-b77c-81c693ea3eb3
2018-01-15 07:40:01  [ pool-1-thread-1:72624029 ] - [ ERROR ]  订单接单完成！4
2018-01-15 07:40:01  [ pool-1-thread-1:72624030 ] - [ ERROR ]  拒单操作开始!
2018-01-15 07:43:43  [ pool-1-thread-1:72846163 ] - [ ERROR ]  拒单操作结束!
2018-01-15 07:44:00  [ pool-1-thread-1:72862315 ] - [ ERROR ]  订单接单
2018-01-15 07:44:00  [ pool-1-thread-1:72863126 ] - [ ERROR ]  订单接单ID42f939da-2a6e-4826-851f-3500fe169991
2018-01-15 07:44:01  [ pool-1-thread-1:72863345 ] - [ ERROR ]  订单接单IDa4647e9e-ce7c-4115-9195-5f8e80634bce
2018-01-15 07:44:01  [ pool-1-thread-1:72863558 ] - [ ERROR ]  订单接单IDdd8493c3-24bd-46fa-9bd2-08c52a19fa73
2018-01-15 07:44:01  [ pool-1-thread-1:72863559 ] - [ ERROR ]  订单接单完成！3
2018-01-15 07:45:00  [ pool-1-thread-1:72922324 ] - [ ERROR ]  订单不存在自动补录!
2018-01-15 07:45:00  [ pool-1-thread-1:72922700 ] - [ ERROR ]  订单商品推送信息写缓存
2018-01-15 07:45:00  [ pool-1-thread-1:72922758 ] - [ ERROR ]  GROUP1(赵峰)
2018-01-15 07:45:09  [ pool-1-thread-1:72931516 ] - [ ERROR ]  GROUP2(周宇)
2018-01-15 07:45:19  [ pool-1-thread-1:72941858 ] - [ ERROR ]  GROUP3(龙精锁)
2018-01-15 07:45:19  [ pool-1-thread-1:72942078 ] - [ ERROR ]  GROUP4(吴双菊)
2018-01-15 07:45:19  [ pool-1-thread-1:72942153 ] - [ ERROR ]  GROUP5(何柳威)
2018-01-15 07:45:27  [ pool-1-thread-1:72950307 ] - [ ERROR ]  GROUP6(陈达)
2018-01-15 07:48:00  [ pool-1-thread-1:73102315 ] - [ ERROR ]  订单接单
2018-01-15 07:48:00  [ pool-1-thread-1:73103218 ] - [ ERROR ]  订单接单IDbf887f2f-c570-4f67-b2a9-f1572346ed15
2018-01-15 07:48:01  [ pool-1-thread-1:73103429 ] - [ ERROR ]  订单接单ID97118ae9-723e-4db7-b9f1-f89536c1f6f6
2018-01-15 07:48:01  [ pool-1-thread-1:73103646 ] - [ ERROR ]  订单接单ID38d513d2-b7ab-4581-943b-a553ef09265d
2018-01-15 07:48:01  [ pool-1-thread-1:73103646 ] - [ ERROR ]  订单接单完成！3
2018-01-15 07:50:00  [ pool-1-thread-1:73222319 ] - [ ERROR ]  拒单操作开始!
2018-01-15 07:54:15  [ pool-1-thread-1:73478272 ] - [ ERROR ]  拒单操作结束!
2018-01-15 07:54:15  [ pool-1-thread-1:73478273 ] - [ ERROR ]  订单接单
2018-01-15 07:54:16  [ pool-1-thread-1:73478646 ] - [ ERROR ]  订单接单完成！0
2018-01-15 07:56:00  [ pool-1-thread-1:73582313 ] - [ ERROR ]  订单接单
2018-01-15 07:56:00  [ pool-1-thread-1:73583143 ] - [ ERROR ]  订单接单IDc406de5d-779b-4653-8758-c5e44463c8ff
2018-01-15 07:56:00  [ pool-1-thread-1:73583143 ] - [ ERROR ]  订单接单完成！1
2018-01-15 08:00:00  [ pool-1-thread-1:73822316 ] - [ ERROR ]  订单接单
2018-01-15 08:00:00  [ pool-1-thread-1:73822990 ] - [ ERROR ]  订单接单ID85643187-1bf8-4796-a76e-f0b3cd909190
2018-01-15 08:00:00  [ pool-1-thread-1:73823234 ] - [ ERROR ]  订单接单ID4715ded4-610e-4c4c-9d7d-fe0c6668fb0e
2018-01-15 08:00:01  [ pool-1-thread-1:73824017 ] - [ ERROR ]  订单接单IDc60b82ae-fc4f-48a8-80cb-f04905d83308
2018-01-15 08:00:01  [ pool-1-thread-1:73824017 ] - [ ERROR ]  订单接单完成！3
2018-01-15 08:00:01  [ pool-1-thread-1:73824018 ] - [ ERROR ]  拒单操作开始!
2018-01-15 08:04:26  [ pool-1-thread-1:74089269 ] - [ ERROR ]  拒单操作结束!
2018-01-15 08:04:27  [ pool-1-thread-1:74089655 ] - [ ERROR ]  订单商品推送信息写缓存
2018-01-15 08:04:27  [ pool-1-thread-1:74089705 ] - [ ERROR ]  GROUP1(赵峰)
2018-01-15 08:04:33  [ pool-1-thread-1:74096043 ] - [ ERROR ]  GROUP2(周宇)
2018-01-15 08:04:41  [ pool-1-thread-1:74103511 ] - [ ERROR ]  GROUP3(龙精锁)
2018-01-15 08:04:41  [ pool-1-thread-1:74103748 ] - [ ERROR ]  GROUP4(吴双菊)
2018-01-15 08:04:41  [ pool-1-thread-1:74103823 ] - [ ERROR ]  GROUP5(何柳威)
2018-01-15 08:04:47  [ pool-1-thread-1:74109561 ] - [ ERROR ]  GROUP6(陈达)
2018-01-15 08:04:47  [ pool-1-thread-1:74109632 ] - [ ERROR ]  订单不存在自动补录!
2018-01-15 08:04:47  [ pool-1-thread-1:74110011 ] - [ ERROR ]  订单接单
2018-01-15 08:04:48  [ pool-1-thread-1:74110661 ] - [ ERROR ]  订单接单IDe1c2cfff-b5e7-4664-9419-227e8edb7b69
2018-01-15 08:04:48  [ pool-1-thread-1:74110895 ] - [ ERROR ]  订单接单ID1a67a21a-0668-484b-9d6c-30bd9a82afac
2018-01-15 08:04:48  [ pool-1-thread-1:74110895 ] - [ ERROR ]  订单接单完成！2
2018-01-15 08:08:00  [ pool-1-thread-1:74302315 ] - [ ERROR ]  订单接单
2018-01-15 08:08:00  [ pool-1-thread-1:74303233 ] - [ ERROR ]  订单接单IDb4b44fbf-aa13-4bf7-8fb6-23b8751fd380
2018-01-15 08:08:01  [ pool-1-thread-1:74303477 ] - [ ERROR ]  订单接单ID1358385d-7727-4f8c-b5f3-846e0c075e04
2018-01-15 08:08:01  [ pool-1-thread-1:74303710 ] - [ ERROR ]  订单接单IDfc7a9dac-1c89-44ac-bc87-0a6baa6e7e0b
2018-01-15 08:08:01  [ pool-1-thread-1:74303783 ] - [ ERROR ]  不存在的订单！ORDER_ACCEPT8114b7a1-3587-4dff-a8e6-e42ea9a9c2b9
2018-01-15 08:08:01  [ pool-1-thread-1:74303878 ] - [ ERROR ]  不存在的订单！ORDER_ACCEPT21db1fa7-2691-44c3-a71d-c8d32a79d381
2018-01-15 08:08:01  [ pool-1-thread-1:74304130 ] - [ ERROR ]  订单接单ID6e0569fe-2af0-4f3a-a445-4a7c1f36d886
2018-01-15 08:08:01  [ pool-1-thread-1:74304203 ] - [ ERROR ]  不存在的订单！ORDER_ACCEPT1710b513-3138-44d0-9c0f-25729316d3b2
2018-01-15 08:08:01  [ pool-1-thread-1:74304218 ] - [ ERROR ]  订单接单完成！7
2018-01-15 08:10:00  [ pool-1-thread-1:74422317 ] - [ ERROR ]  拒单操作开始!
2018-01-15 08:14:31  [ pool-1-thread-1:74693689 ] - [ ERROR ]  拒单操作结束!
2018-01-15 08:14:31  [ pool-1-thread-1:74693689 ] - [ ERROR ]  订单接单
2018-01-15 08:14:32  [ pool-1-thread-1:74694336 ] - [ ERROR ]  订单接单IDfa989638-67b7-4672-a04c-193b706cacc1
2018-01-15 08:14:32  [ pool-1-thread-1:74694574 ] - [ ERROR ]  订单接单IDa1fa793a-600f-41ab-a682-1639be090ffa
2018-01-15 08:14:32  [ pool-1-thread-1:74694807 ] - [ ERROR ]  订单接单IDb113fc3b-b72c-47c8-aa4a-ccced7cecc94
2018-01-15 08:14:32  [ pool-1-thread-1:74694808 ] - [ ERROR ]  订单接单完成！3
2018-01-15 08:15:00  [ pool-1-thread-1:74722324 ] - [ ERROR ]  订单不存在自动补录!
2018-01-15 08:15:00  [ pool-1-thread-1:74723081 ] - [ ERROR ]  订单商品推送信息写缓存
2018-01-15 08:15:00  [ pool-1-thread-1:74723137 ] - [ ERROR ]  GROUP1(赵峰)
2018-01-15 08:15:10  [ pool-1-thread-1:74733009 ] - [ ERROR ]  GROUP2(周宇)
2018-01-15 08:15:21  [ pool-1-thread-1:74743745 ] - [ ERROR ]  GROUP3(龙精锁)
2018-01-15 08:15:21  [ pool-1-thread-1:74743963 ] - [ ERROR ]  GROUP4(吴双菊)
2018-01-15 08:15:21  [ pool-1-thread-1:74744038 ] - [ ERROR ]  GROUP5(何柳威)
2018-01-15 08:15:29  [ pool-1-thread-1:74752201 ] - [ ERROR ]  GROUP6(陈达)
2018-01-15 08:16:00  [ pool-1-thread-1:74782312 ] - [ ERROR ]  订单接单
2018-01-15 08:16:00  [ pool-1-thread-1:74782691 ] - [ ERROR ]  订单接单完成！0
2018-01-15 08:20:00  [ pool-1-thread-1:75022316 ] - [ ERROR ]  订单接单
2018-01-15 08:20:00  [ pool-1-thread-1:75023147 ] - [ ERROR ]  订单接单ID6127ba21-6bdb-4dfa-b3ad-bef4159062ba
2018-01-15 08:20:01  [ pool-1-thread-1:75023382 ] - [ ERROR ]  订单接单ID5bcc6bd2-cb12-46fe-ae47-d25909c31b39
2018-01-15 08:20:01  [ pool-1-thread-1:75023605 ] - [ ERROR ]  订单接单ID9a72692c-0462-4731-ac36-58d6f8edfb71
2018-01-15 08:20:01  [ pool-1-thread-1:75023674 ] - [ ERROR ]  不存在的订单！ORDER_ACCEPT1c7bd427-d413-4366-bddd-bc03769531af
2018-01-15 08:20:01  [ pool-1-thread-1:75023942 ] - [ ERROR ]  订单接单IDb8f5d185-78d3-4261-acb7-133124a74349
2018-01-15 08:20:01  [ pool-1-thread-1:75024011 ] - [ ERROR ]  不存在的订单！ORDER_ACCEPTec10c55d-5226-4fab-bec0-890c9bf3ad6e
2018-01-15 08:20:01  [ pool-1-thread-1:75024093 ] - [ ERROR ]  不存在的订单！ORDER_ACCEPT6d16966c-cee2-4fe1-a608-e34fc21b0488
2018-01-15 08:20:02  [ pool-1-thread-1:75024343 ] - [ ERROR ]  订单接单ID7d4b247b-4113-4dce-b35c-74f3a0aeb88e
2018-01-15 08:20:02  [ pool-1-thread-1:75024565 ] - [ ERROR ]  订单接单ID23b57425-0d88-4c2d-acba-778717719b0e
2018-01-15 08:20:02  [ pool-1-thread-1:75024634 ] - [ ERROR ]  不存在的订单！ORDER_ACCEPTf8bde092-1fe3-4e17-ab30-11453ef79d04
2018-01-15 08:20:02  [ pool-1-thread-1:75024715 ] - [ ERROR ]  不存在的订单！ORDER_ACCEPT5e3e1d11-de3f-450c-8046-7ce620e94861
2018-01-15 08:20:02  [ pool-1-thread-1:75025268 ] - [ ERROR ]  订单接单IDf71eed5d-ec5c-480d-8e88-dd0624ecb194
2018-01-15 08:20:02  [ pool-1-thread-1:75025269 ] - [ ERROR ]  订单接单完成！12
2018-01-15 08:20:02  [ pool-1-thread-1:75025269 ] - [ ERROR ]  拒单操作开始!
2018-01-15 08:24:01  [ pool-1-thread-1:75264199 ] - [ ERROR ]  拒单操作结束!
2018-01-15 08:24:01  [ pool-1-thread-1:75264200 ] - [ ERROR ]  订单接单
2018-01-15 08:24:02  [ pool-1-thread-1:75264573 ] - [ ERROR ]  订单接单完成！0
2018-01-15 08:28:00  [ pool-1-thread-1:75502316 ] - [ ERROR ]  订单接单
2018-01-15 08:28:00  [ pool-1-thread-1:75503181 ] - [ ERROR ]  订单接单IDc91b115e-a55a-48f1-a6ef-e5ead202c9ad
2018-01-15 08:28:01  [ pool-1-thread-1:75503419 ] - [ ERROR ]  订单接单ID55c83b58-9290-443f-89a2-9773966d987f
2018-01-15 08:28:01  [ pool-1-thread-1:75503419 ] - [ ERROR ]  订单接单完成！2
