2017-12-25 08:38:48  [ 30116063@qtp-9104649-3:15203 ] - [ ERROR ]  account is null
2017-12-25 08:39:13  [ 18800784@qtp-9104649-2:40516 ] - [ ERROR ]  account dao impl logger!
2017-12-25 08:39:14  [ 18800784@qtp-9104649-2:40752 ] - [ ERROR ]  SELECT T.*
		FROM t_xinyu_account T where 1=1
2017-12-25 08:40:00  [ pool-1-thread-1:86563 ] - [ ERROR ]  订单接单
2017-12-25 08:40:00  [ pool-1-thread-1:87070 ] - [ ERROR ]  订单接单完成！0
2017-12-25 08:40:00  [ pool-1-thread-1:87070 ] - [ ERROR ]  拒单操作开始!
2017-12-25 08:50:40  [ 25515276@qtp-22109677-3:11323 ] - [ ERROR ]  account is null
2017-12-25 08:50:41  [ 22415497@qtp-22109677-0:12009 ] - [ ERROR ]  account is null
2017-12-25 08:50:46  [ 25515276@qtp-22109677-3:17056 ] - [ ERROR ]  account dao impl logger!
2017-12-25 08:50:46  [ 25515276@qtp-22109677-3:17113 ] - [ ERROR ]  SELECT T.*
		FROM t_xinyu_account T where 1=1
2017-12-25 08:50:56  [ 4414419@qtp-22109677-4:26832 ] - [ ERROR ]  account is not null;
2017-12-25 08:50:56  [ 4414419@qtp-22109677-4:26837 ] - [ ERROR ]  account is null
2017-12-25 08:50:56  [ 4414419@qtp-22109677-4:26843 ] - [ ERROR ]  GC begin!
2017-12-25 08:50:56  [ 4414419@qtp-22109677-4:26999 ] - [ ERROR ]  GC end!
2017-12-25 08:52:00  [ pool-1-thread-1:90529 ] - [ ERROR ]  订单接单
2017-12-25 08:52:03  [ pool-1-thread-1:94403 ] - [ ERROR ]  订单接单IDdb7434a7-773e-4833-98c9-af4b023c8198
2017-12-25 08:52:04  [ pool-1-thread-1:94621 ] - [ ERROR ]  订单接单IDffed491e-d953-4a3d-b5b9-1cec24d52ad5
2017-12-25 08:52:04  [ pool-1-thread-1:94833 ] - [ ERROR ]  订单接单ID3fd4f902-3477-4004-a4e8-6a668a8da077
2017-12-25 08:52:04  [ pool-1-thread-1:95068 ] - [ ERROR ]  订单接单ID20a7473a-4b93-4b0c-9294-97d4cfdcf417
2017-12-25 08:52:04  [ pool-1-thread-1:95273 ] - [ ERROR ]  订单接单ID6a420616-d1bb-4f6a-afda-787c87438535
2017-12-25 08:52:04  [ pool-1-thread-1:95483 ] - [ ERROR ]  订单接单IDbd196e5d-adbc-4d03-9142-701876c7533b
2017-12-25 08:52:05  [ pool-1-thread-1:95694 ] - [ ERROR ]  订单接单ID57f3000e-6cc2-420e-8bd0-816b3ec07398
2017-12-25 08:52:05  [ pool-1-thread-1:95900 ] - [ ERROR ]  订单接单ID4d3fff03-465b-4925-9d42-8b73aada2ffe
2017-12-25 08:52:05  [ pool-1-thread-1:96110 ] - [ ERROR ]  订单接单IDfd578b39-af85-473e-aa4c-93547d422d5b
2017-12-25 08:52:05  [ pool-1-thread-1:96324 ] - [ ERROR ]  订单接单ID04d9a2de-e728-4b21-a788-dcc823e182cc
2017-12-25 08:52:06  [ pool-1-thread-1:96552 ] - [ ERROR ]  订单接单IDc840bc5b-d810-40de-94b4-cf57ae92364a
2017-12-25 08:52:06  [ pool-1-thread-1:96758 ] - [ ERROR ]  订单接单IDa2c974a7-cf62-4dc0-9a1b-e066ec803c94
2017-12-25 08:52:06  [ pool-1-thread-1:96960 ] - [ ERROR ]  订单接单IDf53212bd-335f-471b-8b8f-7c6ea6b5b79e
2017-12-25 08:52:06  [ pool-1-thread-1:97155 ] - [ ERROR ]  订单接单ID119b4907-043a-406d-b5c0-e368ab7d8865
2017-12-25 08:52:06  [ pool-1-thread-1:97356 ] - [ ERROR ]  订单接单ID87e2e7c0-a397-4b62-91c4-9f643085c983
2017-12-25 08:52:07  [ pool-1-thread-1:97576 ] - [ ERROR ]  订单接单ID7c6aab6c-634a-46ae-b8c2-06d8754b2267
2017-12-25 08:52:07  [ pool-1-thread-1:97787 ] - [ ERROR ]  订单接单ID235c0a70-d94d-4696-b793-38d496c3e22a
2017-12-25 08:52:07  [ pool-1-thread-1:97981 ] - [ ERROR ]  订单接单ID45086f78-25ee-48b3-a606-38935a860f6c
2017-12-25 08:52:07  [ pool-1-thread-1:98226 ] - [ ERROR ]  订单接单IDea2350f1-f58e-40fd-89f9-9c258a1f1fcd
2017-12-25 08:52:07  [ pool-1-thread-1:98440 ] - [ ERROR ]  订单接单ID4443e12d-3c71-41a9-b6db-85552830de21
2017-12-25 08:52:08  [ pool-1-thread-1:98663 ] - [ ERROR ]  订单接单ID9fb0aa18-90d7-4adb-9d05-e58d6015a269
2017-12-25 08:52:08  [ pool-1-thread-1:98867 ] - [ ERROR ]  订单接单ID278d4571-c7b3-4783-8c03-4aff74155b96
2017-12-25 08:52:08  [ pool-1-thread-1:99102 ] - [ ERROR ]  订单接单IDa6350b73-dc72-4d12-bddb-e68351455c00
2017-12-25 08:52:08  [ pool-1-thread-1:99306 ] - [ ERROR ]  订单接单ID42cf7596-f6a6-4096-a63a-cd6047da6932
2017-12-25 08:52:08  [ pool-1-thread-1:99508 ] - [ ERROR ]  订单接单IDc74d5176-c642-4363-ad92-5827e9f2e552
2017-12-25 08:52:09  [ pool-1-thread-1:99756 ] - [ ERROR ]  订单接单IDd74e4be3-704e-40e8-be62-21d59bd09e64
2017-12-25 08:52:09  [ pool-1-thread-1:99957 ] - [ ERROR ]  订单接单ID189299a6-9cd9-41e4-9604-159659998b8b
2017-12-25 08:52:09  [ pool-1-thread-1:100165 ] - [ ERROR ]  订单接单ID8623fc88-a9ae-42f6-94cd-b431eaadfbf9
2017-12-25 08:52:09  [ pool-1-thread-1:100366 ] - [ ERROR ]  订单接单IDa912e60b-8539-4384-809d-204d8f94c62e
2017-12-25 08:52:10  [ pool-1-thread-1:100598 ] - [ ERROR ]  订单接单ID0bc4115a-2dc8-466b-bad6-4c924ed5451b
2017-12-25 08:52:10  [ pool-1-thread-1:100797 ] - [ ERROR ]  订单接单IDe6ddb38f-0393-4558-870b-3b55499d23f6
2017-12-25 08:52:10  [ pool-1-thread-1:101016 ] - [ ERROR ]  订单接单ID14e6d400-56e3-412d-9067-2ddc554c7f80
2017-12-25 08:52:11  [ pool-1-thread-1:101544 ] - [ ERROR ]  订单接单IDbead128c-d7da-4218-83d4-8bcd5485f8b3
2017-12-25 08:52:11  [ pool-1-thread-1:101743 ] - [ ERROR ]  订单接单IDf0da463a-ae2e-480d-a568-afa4ede70b0b
2017-12-25 08:52:11  [ pool-1-thread-1:101953 ] - [ ERROR ]  订单接单ID7e3fae72-f786-4191-822a-a28c308893c8
2017-12-25 08:52:11  [ pool-1-thread-1:102003 ] - [ ERROR ]  不存在的订单！ORDER_ACCEPTb3270c7c-7cb8-4e8b-8c14-d536b50936d8
2017-12-25 08:52:11  [ pool-1-thread-1:102061 ] - [ ERROR ]  不存在的订单！ORDER_ACCEPT15294e41-9243-4c80-9520-3505f23e126c
2017-12-25 08:52:11  [ pool-1-thread-1:102257 ] - [ ERROR ]  订单接单IDc7239d23-85ba-44d9-9a51-2bda6bb6163d
2017-12-25 08:52:11  [ pool-1-thread-1:102444 ] - [ ERROR ]  订单接单IDd032b976-01c2-4077-a5ad-84596a31ff31
2017-12-25 08:52:11  [ pool-1-thread-1:102497 ] - [ ERROR ]  不存在的订单！ORDER_ACCEPT0a8a3af2-00a7-44c4-9c0a-bbf6a7ab7202
2017-12-25 08:52:12  [ pool-1-thread-1:102697 ] - [ ERROR ]  订单接单ID775fb91d-78ca-4956-817d-3d08b8d78af1
2017-12-25 08:52:12  [ pool-1-thread-1:102906 ] - [ ERROR ]  订单接单ID038eb426-eae7-44e8-ac3e-2886d0fde32b
2017-12-25 08:52:12  [ pool-1-thread-1:102958 ] - [ ERROR ]  不存在的订单！ORDER_ACCEPT35fa0d43-3fde-42ea-8bb8-fcddd077122c
2017-12-25 08:52:12  [ pool-1-thread-1:103159 ] - [ ERROR ]  订单接单ID253d369e-df7d-457c-9d47-39ccbede5081
2017-12-25 08:52:12  [ pool-1-thread-1:103359 ] - [ ERROR ]  订单接单ID3fec02fa-61b8-47cb-9b7c-35923b6ad87d
2017-12-25 08:52:13  [ pool-1-thread-1:103561 ] - [ ERROR ]  订单接单ID2a4764f7-600a-4856-a528-e4a5f973e263
2017-12-25 08:52:13  [ pool-1-thread-1:103612 ] - [ ERROR ]  不存在的订单！ORDER_ACCEPT41e83bab-2bae-42aa-9f1f-8081d4a99f4f
2017-12-25 08:52:13  [ pool-1-thread-1:103806 ] - [ ERROR ]  订单接单ID77324a77-79c0-4334-a6ca-e54c361e8dc0
2017-12-25 08:52:13  [ pool-1-thread-1:103994 ] - [ ERROR ]  订单接单ID3856f484-e197-44cc-af91-30a5d9c32b1f
2017-12-25 08:52:13  [ pool-1-thread-1:104044 ] - [ ERROR ]  不存在的订单！ORDER_ACCEPTb328c76f-9c63-41bf-9bc6-50fca7ef385a
2017-12-25 08:52:13  [ pool-1-thread-1:104238 ] - [ ERROR ]  订单接单ID82d23bdb-7fe0-4c76-9715-cef30e43239c
2017-12-25 08:52:13  [ pool-1-thread-1:104427 ] - [ ERROR ]  订单接单IDdf2151fb-0a1b-4dfd-a826-32d8f978f5b2
2017-12-25 08:52:14  [ pool-1-thread-1:104635 ] - [ ERROR ]  订单接单ID6aa9086c-c06f-4277-878e-8ce58f8b59d7
2017-12-25 08:52:14  [ pool-1-thread-1:104835 ] - [ ERROR ]  订单接单ID49058f7d-e6dc-41aa-9f98-29872f285586
2017-12-25 08:52:14  [ pool-1-thread-1:104886 ] - [ ERROR ]  不存在的订单！ORDER_ACCEPTd8996bab-d4b1-4ff2-bd91-8a6d6b27e5b0
2017-12-25 08:52:14  [ pool-1-thread-1:105086 ] - [ ERROR ]  订单接单ID9f5f4f74-504c-4034-bad5-22c04b023062
2017-12-25 08:52:14  [ pool-1-thread-1:105276 ] - [ ERROR ]  订单接单ID846c07b2-7ca1-4e71-8104-bca8a7676bd0
2017-12-25 08:52:14  [ pool-1-thread-1:105469 ] - [ ERROR ]  订单接单IDafed0746-983c-4900-88f6-5f68fac7cfbf
2017-12-25 08:52:14  [ pool-1-thread-1:105519 ] - [ ERROR ]  不存在的订单！ORDER_ACCEPTa22d1d56-e998-4c69-9989-b9394e4cb890
2017-12-25 08:52:15  [ pool-1-thread-1:105714 ] - [ ERROR ]  订单接单ID5ee18654-b3c3-409c-ac2f-f40553aace7a
2017-12-25 08:52:15  [ pool-1-thread-1:105907 ] - [ ERROR ]  订单接单ID7e61318b-a742-411e-9fb0-410347c289bc
2017-12-25 08:52:15  [ pool-1-thread-1:105957 ] - [ ERROR ]  不存在的订单！ORDER_ACCEPT5e80a2ae-4cbf-412e-a43c-c847e6e20ac4
2017-12-25 08:52:15  [ pool-1-thread-1:106209 ] - [ ERROR ]  订单接单ID6b369ab8-4c14-49e3-8c37-a566b70c6801
2017-12-25 08:52:16  [ pool-1-thread-1:106628 ] - [ ERROR ]  订单接单IDc1941f45-12ac-4977-b803-91a4d5b4ff67
2017-12-25 08:52:16  [ pool-1-thread-1:106680 ] - [ ERROR ]  不存在的订单！ORDER_ACCEPT8d86a933-a456-41b2-854f-5b606e4f377f
2017-12-25 08:52:16  [ pool-1-thread-1:106738 ] - [ ERROR ]  不存在的订单！ORDER_ACCEPT842f4915-01e0-4c35-bf6b-7b6aecb980ac
2017-12-25 08:52:16  [ pool-1-thread-1:106796 ] - [ ERROR ]  不存在的订单！ORDER_ACCEPT00a54d21-1979-4b7b-bdb7-a418bab464fd
2017-12-25 08:52:16  [ pool-1-thread-1:106924 ] - [ ERROR ]  不存在的订单！ORDER_ACCEPT875d7801-b02a-4aef-9ca1-f3656654ac48
2017-12-25 08:52:16  [ pool-1-thread-1:107137 ] - [ ERROR ]  订单接单ID45dbc36d-794a-496a-a265-306dbb375da2
2017-12-25 08:52:16  [ pool-1-thread-1:107333 ] - [ ERROR ]  订单接单ID46f58d6f-a78e-4ab1-b88d-344fba4cd65e
2017-12-25 08:52:17  [ pool-1-thread-1:107888 ] - [ ERROR ]  不存在的订单！ORDER_ACCEPTaa10fcf7-7932-467b-9751-a4ed2d725bd8
2017-12-25 08:52:17  [ pool-1-thread-1:108086 ] - [ ERROR ]  订单接单ID8484e20c-8045-4ecb-99ab-8aaee4c57782
2017-12-25 08:52:17  [ pool-1-thread-1:108140 ] - [ ERROR ]  不存在的订单！ORDER_ACCEPTfebe5743-4bde-4699-9b65-1577cc377643
2017-12-25 08:52:17  [ pool-1-thread-1:108330 ] - [ ERROR ]  订单接单ID7bddba98-e67e-4a8d-89ea-8f14eb64163c
2017-12-25 08:52:18  [ pool-1-thread-1:108530 ] - [ ERROR ]  订单接单IDb29ff5e4-150e-46a7-b9a3-55384029fe85
2017-12-25 08:52:18  [ pool-1-thread-1:108530 ] - [ ERROR ]  订单接单完成！75
2017-12-25 08:58:54  [ 7910931@qtp-29472630-0:13710 ] - [ ERROR ]  account is null
2017-12-25 08:58:54  [ 14452032@qtp-29472630-3:13710 ] - [ ERROR ]  account is null
2017-12-25 08:59:06  [ 11901278@qtp-29472630-5:25291 ] - [ ERROR ]  account is null
2017-12-25 08:59:11  [ 11901278@qtp-29472630-5:30666 ] - [ ERROR ]  account dao impl logger!
2017-12-25 08:59:11  [ 11901278@qtp-29472630-5:30876 ] - [ ERROR ]  SELECT T.*
		FROM t_xinyu_account T where 1=1
2017-12-25 08:59:27  [ 7910931@qtp-29472630-0:46135 ] - [ ERROR ]  account is not null;
2017-12-25 08:59:27  [ 7910931@qtp-29472630-0:46135 ] - [ ERROR ]  account is null
2017-12-25 08:59:27  [ 7910931@qtp-29472630-0:46137 ] - [ ERROR ]  GC begin!
2017-12-25 08:59:27  [ 7910931@qtp-29472630-0:46284 ] - [ ERROR ]  GC end!
2017-12-25 09:00:00  [ pool-1-thread-1:79875 ] - [ ERROR ]  订单不存在自动补录!
2017-12-25 09:00:01  [ pool-1-thread-1:80335 ] - [ ERROR ]  订单商品推送信息写缓存
2017-12-25 09:00:01  [ pool-1-thread-1:80384 ] - [ ERROR ]  GROUP1(赵峰)
2017-12-25 09:00:12  [ pool-1-thread-1:91291 ] - [ ERROR ]  GROUP2(周宇)
2017-12-25 09:00:12  [ pool-1-thread-1:91799 ] - [ ERROR ]  GROUP3(龙精锁)
2017-12-25 09:00:12  [ pool-1-thread-1:91971 ] - [ ERROR ]  GROUP4(吴双菊)
2017-12-25 09:00:13  [ pool-1-thread-1:92028 ] - [ ERROR ]  GROUP5(何柳威)
2017-12-25 09:00:19  [ pool-1-thread-1:98492 ] - [ ERROR ]  GROUP6(陈达)
2017-12-25 09:00:19  [ pool-1-thread-1:98657 ] - [ ERROR ]  拒单操作开始!
2017-12-25 22:48:00  [ pool-1-thread-1:8133 ] - [ ERROR ]  订单接单
2017-12-25 22:48:00  [ pool-1-thread-1:9071 ] - [ ERROR ]  订单接单完成！0
2017-12-25 22:50:00  [ pool-1-thread-1:128136 ] - [ ERROR ]  拒单操作开始!
