2017-10-01 12:50:00  [ pool-1-thread-1:102674 ] - [ ERROR ]  订单接单
2017-10-01 12:50:00  [ pool-1-thread-1:102835 ] - [ ERROR ]  订单接单完成！
2017-10-01 12:50:00  [ pool-1-thread-1:102836 ] - [ ERROR ]  拒单操作开始!
2017-10-01 12:50:00  [ pool-1-thread-1:102939 ] - [ ERROR ]  拒单操作结束!
2017-10-01 12:52:39  [ 15350447@qtp-16501933-2:261810 ] - [ ERROR ]  LoginInterceptor:[null]/operator/saveCheckTradeBatchRecord
2017-10-01 12:52:39  [ 15350447@qtp-16501933-2:261814 ] - [ ERROR ]  LoginInterceptor1:/operator/saveCheckTradeBatchRecordnull
2017-10-01 12:52:39  [ 15350447@qtp-16501933-2:261815 ] - [ ERROR ]  LoginInterceptor00:null
2017-10-01 12:52:39  [ 15350447@qtp-16501933-2:262102 ] - [ ERROR ]  LoginInterceptor:[null]/login
2017-10-01 12:52:56  [ 15350447@qtp-16501933-2:278765 ] - [ ERROR ]  LoginInterceptor:[null]/operator/saveCheckTradeBatchRecord
2017-10-01 12:52:56  [ 15350447@qtp-16501933-2:278765 ] - [ ERROR ]  LoginInterceptor1:/operator/saveCheckTradeBatchRecordnull
2017-10-01 12:52:56  [ 15350447@qtp-16501933-2:278765 ] - [ ERROR ]  LoginInterceptor00:null
2017-10-01 12:52:56  [ 15350447@qtp-16501933-2:278776 ] - [ ERROR ]  LoginInterceptor:[null]/login
2017-10-01 12:53:23  [ 14395513@qtp-16501933-4:306553 ] - [ ERROR ]  LoginInterceptor:[null]/operator/saveCheckTradeBatchRecord
2017-10-01 12:53:37  [ 30628481@qtp-19773014-0:143604 ] - [ ERROR ]  LoginInterceptor:[null]/operator/saveCheckTradeBatchRecord
2017-10-01 12:53:58  [ 22109677@qtp-30230072-0:7225 ] - [ ERROR ]  LoginInterceptor:[null]/operator/saveCheckTradeBatchRecord
2017-10-01 12:55:00  [ pool-1-thread-1:6699 ] - [ ERROR ]  拒单操作开始!
2017-10-01 12:55:00  [ pool-1-thread-1:6864 ] - [ ERROR ]  拒单操作结束!
2017-10-01 12:55:00  [ pool-1-thread-1:6865 ] - [ ERROR ]  订单接单
2017-10-01 12:55:00  [ pool-1-thread-1:6963 ] - [ ERROR ]  订单接单完成！
2017-10-01 12:55:03  [ 1955863@qtp-20620710-0:9890 ] - [ ERROR ]  LoginInterceptor:[null]/operator/saveCheckTradeBatchRecord
2017-10-01 12:55:40  [ 1955863@qtp-20620710-0:47473 ] - [ ERROR ]  LoginInterceptor:[null]/operator/saveCheckTradeBatchRecord
2017-10-01 12:58:02  [ 31208368@qtp-20620710-2:189215 ] - [ ERROR ]  LoginInterceptor:[null]/operator/saveCheckTradeBatchRecord
2017-10-01 13:00:00  [ pool-1-thread-1:13074 ] - [ ERROR ]  拒单操作开始!
2017-10-01 13:00:00  [ pool-1-thread-1:13203 ] - [ ERROR ]  拒单操作结束!
2017-10-01 13:00:00  [ pool-1-thread-1:13204 ] - [ ERROR ]  订单接单
2017-10-01 13:00:00  [ pool-1-thread-1:13328 ] - [ ERROR ]  订单接单完成！
2017-10-01 13:00:15  [ 1546433@qtp-21199349-0:28561 ] - [ ERROR ]  LoginInterceptor:[null]/operator/saveCheckTradeBatchRecord
2017-10-01 13:03:16  [ 30727992@qtp-19993791-1:48055 ] - [ ERROR ]  LoginInterceptor:[null]/operator/saveCheckTradeBatchRecord
2017-10-01 13:06:16  [ 1546433@qtp-21199349-0:64018 ] - [ ERROR ]  LoginInterceptor:[null]/operator/saveCheckTradeBatchRecord
2017-10-01 13:07:38  [ 26309521@qtp-12604387-0:4713 ] - [ ERROR ]  LoginInterceptor:[null]/operator/saveCheckTradeBatchRecord
2017-10-01 13:08:12  [ 27740238@qtp-12604387-2:38503 ] - [ ERROR ]  LoginInterceptor:[null]/operator/saveCheckTradeBatchRecord
2017-10-01 13:08:14  [ 27740238@qtp-12604387-2:41003 ] - [ ERROR ]  LoginInterceptor:[null]/operator/saveCheckTradeBatchRecord
2017-10-01 13:09:58  [ 27740238@qtp-12604387-2:144571 ] - [ ERROR ]  LoginInterceptor:[null]/operator/saveCheckTradeBatchRecord
2017-10-01 13:10:00  [ pool-1-thread-1:146279 ] - [ ERROR ]  订单接单
2017-10-01 13:10:00  [ pool-1-thread-1:146477 ] - [ ERROR ]  订单接单完成！
2017-10-01 13:10:00  [ pool-1-thread-1:146478 ] - [ ERROR ]  拒单操作开始!
2017-10-01 13:10:00  [ pool-1-thread-1:146584 ] - [ ERROR ]  拒单操作结束!
2017-10-01 13:10:59  [ 27740238@qtp-12604387-2:205647 ] - [ ERROR ]  LoginInterceptor:[null]/operator/saveCheckTradeBatchRecord
2017-10-01 13:12:17  [ 27740238@qtp-12604387-2:283980 ] - [ ERROR ]  LoginInterceptor:[null]/operator/saveCheckTradeBatchRecord
