2017-11-30 16:57:03  [ 29169892@qtp-30727992-0:30971 ] - [ ERROR ]  account is null
2017-11-30 16:57:13  [ 29169892@qtp-30727992-0:41395 ] - [ ERROR ]  cainiao and check is OK!
2017-11-30 16:57:13  [ 29169892@qtp-30727992-0:41398 ] - [ ERROR ]  订单不存在自动补录!
2017-11-30 16:57:15  [ 29169892@qtp-30727992-0:42858 ] - [ ERROR ]  订单不存在的key:CHECK_NO_ORDER3346286567650
2017-11-30 16:57:15  [ 29169892@qtp-30727992-0:43024 ] - [ ERROR ]  订单不存在的key:CHECK_NO_ORDER6931526727093
2017-11-30 16:57:15  [ 29169892@qtp-30727992-0:43443 ] - [ ERROR ]  订单不存在的key:CHECK_NO_ORDER426603030297
2017-11-30 16:57:16  [ 29169892@qtp-30727992-0:43858 ] - [ ERROR ]  订单不存在的key:CHECK_NO_ORDER3346285983776
2017-11-30 16:57:16  [ 29169892@qtp-30727992-0:44089 ] - [ ERROR ]  订单不存在的key:CHECK_NO_ORDER887488556830169901
2017-11-30 16:57:16  [ 29169892@qtp-30727992-0:44485 ] - [ ERROR ]  订单不存在的key:CHECK_NO_ORDER887488625535987183
2017-11-30 16:57:16  [ 29169892@qtp-30727992-0:44734 ] - [ ERROR ]  订单不存在的key:CHECK_NO_ORDER426602875114
2017-11-30 16:57:17  [ 29169892@qtp-30727992-0:44970 ] - [ ERROR ]  订单不存在的key:CHECK_NO_ORDER3956721033585
2017-11-30 16:57:17  [ 29169892@qtp-30727992-0:45386 ] - [ ERROR ]  订单不存在的key:CHECK_NO_ORDER887488639497604355
2017-11-30 16:57:17  [ 29169892@qtp-30727992-0:45622 ] - [ ERROR ]  订单不存在的key:CHECK_NO_ORDER426602874968
2017-11-30 16:57:17  [ 29169892@qtp-30727992-0:45769 ] - [ ERROR ]  订单不存在的key:CHECK_NO_ORDER560597011077
2017-11-30 16:57:18  [ 29169892@qtp-30727992-0:46178 ] - [ ERROR ]  订单不存在的key:CHECK_NO_ORDER887488685277361921
2017-11-30 16:57:18  [ 29169892@qtp-30727992-0:46570 ] - [ ERROR ]  订单不存在的key:CHECK_NO_ORDER3346286134393
2017-11-30 16:57:19  [ 29169892@qtp-30727992-0:46970 ] - [ ERROR ]  订单不存在的key:CHECK_NO_ORDER3346286495961
2017-11-30 16:57:19  [ 29169892@qtp-30727992-0:47210 ] - [ ERROR ]  订单不存在的key:CHECK_NO_ORDER3956721034599
2017-11-30 16:57:19  [ 29169892@qtp-30727992-0:47446 ] - [ ERROR ]  订单不存在的key:CHECK_NO_ORDER426602875266
2017-11-30 16:57:20  [ 29169892@qtp-30727992-0:47858 ] - [ ERROR ]  订单不存在的key:CHECK_NO_ORDER887488647211886173
2017-11-30 16:57:20  [ 29169892@qtp-30727992-0:48262 ] - [ ERROR ]  订单不存在的key:CHECK_NO_ORDER3346286495924
2017-11-30 16:57:20  [ 29169892@qtp-30727992-0:48664 ] - [ ERROR ]  订单不存在的key:CHECK_NO_ORDER3346286134423
2017-11-30 16:57:21  [ 29169892@qtp-30727992-0:49073 ] - [ ERROR ]  订单不存在的key:CHECK_NO_ORDER3346286495572
2017-11-30 16:57:21  [ 29169892@qtp-30727992-0:49310 ] - [ ERROR ]  订单不存在的key:CHECK_NO_ORDER426602875017
2017-11-30 16:57:21  [ 29169892@qtp-30727992-0:49721 ] - [ ERROR ]  订单不存在的key:CHECK_NO_ORDER887488662903523547
2017-11-30 16:57:22  [ 29169892@qtp-30727992-0:49962 ] - [ ERROR ]  订单不存在的key:CHECK_NO_ORDER887488595845088193
2017-11-30 16:57:22  [ 29169892@qtp-30727992-0:50362 ] - [ ERROR ]  订单不存在的key:CHECK_NO_ORDER3346286422197
2017-11-30 16:57:22  [ 29169892@qtp-30727992-0:50765 ] - [ ERROR ]  订单不存在的key:CHECK_NO_ORDER3346285983922
2017-11-30 16:57:23  [ 29169892@qtp-30727992-0:51167 ] - [ ERROR ]  订单不存在的key:CHECK_NO_ORDER887488655065957880
2017-11-30 16:57:23  [ 29169892@qtp-30727992-0:51582 ] - [ ERROR ]  订单不存在的key:CHECK_NO_ORDER887488662947189103
2017-11-30 16:57:24  [ 29169892@qtp-30727992-0:51976 ] - [ ERROR ]  订单不存在的key:CHECK_NO_ORDER887488663041614456
2017-11-30 16:57:24  [ 29169892@qtp-30727992-0:52360 ] - [ ERROR ]  订单不存在的key:CHECK_NO_ORDER887488647199967981
2017-11-30 16:57:24  [ 29169892@qtp-30727992-0:52759 ] - [ ERROR ]  订单不存在的key:CHECK_NO_ORDER887488655041856870
2017-11-30 16:57:25  [ 29169892@qtp-30727992-0:53007 ] - [ ERROR ]  订单不存在的key:CHECK_NO_ORDER887488549165462931
2017-11-30 16:57:25  [ 29169892@qtp-30727992-0:53396 ] - [ ERROR ]  订单不存在的key:CHECK_NO_ORDER3346286053265
2017-11-30 16:57:25  [ 29169892@qtp-30727992-0:53780 ] - [ ERROR ]  订单不存在的key:CHECK_NO_ORDER3346286366787
2017-11-30 16:57:26  [ 29169892@qtp-30727992-0:53922 ] - [ ERROR ]  订单不存在的key:CHECK_NO_ORDER6930656267417
2017-11-30 16:57:26  [ 29169892@qtp-30727992-0:54154 ] - [ ERROR ]  订单不存在的key:CHECK_NO_ORDER426602875196
2017-11-30 16:57:26  [ 29169892@qtp-30727992-0:54574 ] - [ ERROR ]  订单不存在的key:CHECK_NO_ORDER3346286134484
2017-11-30 16:57:27  [ 29169892@qtp-30727992-0:54967 ] - [ ERROR ]  订单不存在的key:CHECK_NO_ORDER887488670727604355
2017-11-30 16:57:27  [ 29169892@qtp-30727992-0:55358 ] - [ ERROR ]  订单不存在的key:CHECK_NO_ORDER887488647183977082
2017-11-30 16:57:27  [ 29169892@qtp-30727992-0:55743 ] - [ ERROR ]  订单不存在的key:CHECK_NO_ORDER3346286053540
2017-11-30 16:57:28  [ 29169892@qtp-30727992-0:55968 ] - [ ERROR ]  订单不存在的key:CHECK_NO_ORDER426602875132
2017-11-30 16:57:28  [ 29169892@qtp-30727992-0:56209 ] - [ ERROR ]  订单不存在的key:CHECK_NO_ORDER426602875487
2017-11-30 16:57:28  [ 29169892@qtp-30727992-0:56437 ] - [ ERROR ]  订单不存在的key:CHECK_NO_ORDER887488564678543749
2017-11-30 16:57:29  [ 29169892@qtp-30727992-0:56852 ] - [ ERROR ]  订单不存在的key:CHECK_NO_ORDER3346286211285
2017-11-30 16:57:29  [ 29169892@qtp-30727992-0:57256 ] - [ ERROR ]  订单不存在的key:CHECK_NO_ORDER3346286496073
2017-11-30 16:57:29  [ 29169892@qtp-30727992-0:57668 ] - [ ERROR ]  订单不存在的key:CHECK_NO_ORDER887488655023018496
2017-11-30 16:57:30  [ 29169892@qtp-30727992-0:58066 ] - [ ERROR ]  订单不存在的key:CHECK_NO_ORDER3346286495985
2017-11-30 16:57:30  [ 29169892@qtp-30727992-0:58299 ] - [ ERROR ]  订单不存在的key:CHECK_NO_ORDER887488595838735668
2017-11-30 16:57:30  [ 29169892@qtp-30727992-0:58681 ] - [ ERROR ]  订单不存在的key:CHECK_NO_ORDER887488654957452830
2017-11-30 16:57:31  [ 29169892@qtp-30727992-0:59064 ] - [ ERROR ]  订单不存在的key:CHECK_NO_ORDER3346286053198
2017-11-30 16:57:31  [ 29169892@qtp-30727992-0:59448 ] - [ ERROR ]  订单不存在的key:CHECK_NO_ORDER3346285908869
2017-11-30 16:57:32  [ 29169892@qtp-30727992-0:59850 ] - [ ERROR ]  订单不存在的key:CHECK_NO_ORDER887488618806563941
2017-11-30 16:57:32  [ 29169892@qtp-30727992-0:60229 ] - [ ERROR ]  订单不存在的key:CHECK_NO_ORDER3346286367264
2017-11-30 16:57:32  [ 29169892@qtp-30727992-0:60610 ] - [ ERROR ]  订单不存在的key:CHECK_NO_ORDER3346286367227
2017-11-30 16:57:33  [ 29169892@qtp-30727992-0:60844 ] - [ ERROR ]  订单不存在的key:CHECK_NO_ORDER9747937183752
2017-11-30 16:57:33  [ 29169892@qtp-30727992-0:61076 ] - [ ERROR ]  订单不存在的key:CHECK_NO_ORDER426602875099
2017-11-30 16:57:33  [ 29169892@qtp-30727992-0:61228 ] - [ ERROR ]  订单不存在的key:CHECK_NO_ORDER1643
2017-11-30 16:57:33  [ 29169892@qtp-30727992-0:61450 ] - [ ERROR ]  订单不存在的key:CHECK_NO_ORDER426602874986
2017-11-30 16:57:34  [ 29169892@qtp-30727992-0:61856 ] - [ ERROR ]  订单不存在的key:CHECK_NO_ORDER3346286134575
2017-11-30 16:57:34  [ 29169892@qtp-30727992-0:62083 ] - [ ERROR ]  订单不存在的key:CHECK_NO_ORDER887488580301412436
2017-11-30 16:57:34  [ 29169892@qtp-30727992-0:62493 ] - [ ERROR ]  订单不存在的key:CHECK_NO_ORDER426603030181
2017-11-30 16:57:35  [ 29169892@qtp-30727992-0:62919 ] - [ ERROR ]  订单不存在的key:CHECK_NO_ORDER426603030445
2017-11-30 16:57:35  [ 29169892@qtp-30727992-0:63327 ] - [ ERROR ]  订单不存在的key:CHECK_NO_ORDER887488654959078092
2017-11-30 16:57:35  [ 29169892@qtp-30727992-0:63731 ] - [ ERROR ]  订单不存在的key:CHECK_NO_ORDER887488639505159800
2017-11-30 16:57:36  [ 29169892@qtp-30727992-0:63964 ] - [ ERROR ]  订单不存在的key:CHECK_NO_ORDER426602874931
2017-11-30 16:57:36  [ 29169892@qtp-30727992-0:64377 ] - [ ERROR ]  订单不存在的key:CHECK_NO_ORDER887488619013947789
2017-11-30 16:57:36  [ 29169892@qtp-30727992-0:64776 ] - [ ERROR ]  订单不存在的key:CHECK_NO_ORDER3956721033590
2017-11-30 17:06:51  [ 20403680@qtp-19818311-3:13093 ] - [ ERROR ]  account is null
2017-11-30 17:07:17  [ 20403680@qtp-19818311-3:39316 ] - [ ERROR ]  cainiao and check is OK!
2017-11-30 17:07:17  [ 20403680@qtp-19818311-3:39319 ] - [ ERROR ]  订单不存在自动补录!
2017-11-30 17:07:19  [ 20403680@qtp-19818311-3:40465 ] - [ ERROR ]  订单不存在的key:CHECK_NO_ORDER3956721032886
2017-11-30 17:07:19  [ 20403680@qtp-19818311-3:40733 ] - [ ERROR ]  订单不存在的key:CHECK_NO_ORDER426602875044
2017-11-30 17:07:19  [ 20403680@qtp-19818311-3:40994 ] - [ ERROR ]  订单不存在的key:CHECK_NO_ORDER3956721034601
2017-11-30 17:07:19  [ 20403680@qtp-19818311-3:41247 ] - [ ERROR ]  订单不存在的key:CHECK_NO_ORDER3956721035747
2017-11-30 17:07:20  [ 20403680@qtp-19818311-3:41495 ] - [ ERROR ]  订单不存在的key:CHECK_NO_ORDER3956721034600
2017-11-30 17:07:20  [ 20403680@qtp-19818311-3:41740 ] - [ ERROR ]  订单不存在的key:CHECK_NO_ORDER426602875478
2017-11-30 17:07:20  [ 20403680@qtp-19818311-3:41912 ] - [ ERROR ]  订单不存在的key:CHECK_NO_ORDER6931526723972
2017-11-30 17:07:20  [ 20403680@qtp-19818311-3:42160 ] - [ ERROR ]  订单不存在的key:CHECK_NO_ORDER426602875187
2017-11-30 17:07:21  [ 20403680@qtp-19818311-3:42418 ] - [ ERROR ]  订单不存在的key:CHECK_NO_ORDER3956721033236
2017-11-30 17:07:21  [ 20403680@qtp-19818311-3:42670 ] - [ ERROR ]  订单不存在的key:CHECK_NO_ORDER3932520811215
2017-11-30 17:07:21  [ 20403680@qtp-19818311-3:42927 ] - [ ERROR ]  订单不存在的key:CHECK_NO_ORDER3956721035356
2017-11-30 17:07:21  [ 20403680@qtp-19818311-3:43192 ] - [ ERROR ]  订单不存在的key:CHECK_NO_ORDER3956721034596
2017-11-30 17:07:22  [ 20403680@qtp-19818311-3:43439 ] - [ ERROR ]  订单不存在的key:CHECK_NO_ORDER3956721035358
2017-11-30 17:07:22  [ 20403680@qtp-19818311-3:43709 ] - [ ERROR ]  订单不存在的key:CHECK_NO_ORDER3956721034972
2017-11-30 17:07:22  [ 20403680@qtp-19818311-3:43889 ] - [ ERROR ]  订单不存在的key:CHECK_NO_ORDER2905687045048
2017-11-30 17:07:22  [ 20403680@qtp-19818311-3:44146 ] - [ ERROR ]  订单不存在的key:CHECK_NO_ORDER3956721034597
2017-11-30 17:08:00  [ pool-1-thread-1:81395 ] - [ ERROR ]  订单接单
2017-11-30 17:08:02  [ pool-1-thread-1:84356 ] - [ ERROR ]  订单接单IDf8719b65-80c4-455a-8741-ad4815d61723
2017-11-30 17:08:02  [ pool-1-thread-1:84356 ] - [ ERROR ]  订单接单完成！1
