2017-11-04 23:23:10  [ 386482@qtp-10320948-3:10646 ] - [ ERROR ]  account is null
2017-11-04 23:23:16  [ 15492789@qtp-10320948-6:16101 ] - [ ERROR ]  account dao impl logger!
2017-11-04 23:23:16  [ 15492789@qtp-10320948-6:16160 ] - [ ERROR ]  SELECT T.*
		FROM t_xinyu_account T where 1=1
2017-11-04 23:23:19  [ 15492789@qtp-10320948-6:19111 ] - [ ERROR ]  page:1pageSize:100
2017-11-04 23:23:21  [ 15492789@qtp-10320948-6:21245 ] - [ ERROR ]  time1:2134
2017-11-04 23:23:22  [ 15492789@qtp-10320948-6:22441 ] - [ ERROR ]  time2:1195
2017-11-04 23:23:37  [ 15492789@qtp-10320948-6:37734 ] - [ ERROR ]  time3:15292
2017-11-04 23:24:00  [ pool-1-thread-1:60089 ] - [ ERROR ]  订单接单
2017-11-04 23:24:00  [ pool-1-thread-1:60257 ] - [ ERROR ]  订单接单完成！0
2017-11-04 23:24:45  [ 19218343@qtp-10320948-4:105366 ] - [ ERROR ]  account is not null;
2017-11-04 23:24:45  [ 19218343@qtp-10320948-4:105367 ] - [ ERROR ]  account is null
2017-11-04 23:34:31  [ 2921959@qtp-21199349-4:20679 ] - [ ERROR ]  account is null
2017-11-04 23:34:36  [ 2921959@qtp-21199349-4:26349 ] - [ ERROR ]  account dao impl logger!
2017-11-04 23:34:37  [ 2921959@qtp-21199349-4:26572 ] - [ ERROR ]  SELECT T.*
		FROM t_xinyu_account T where 1=1
2017-11-04 23:34:39  [ 2921959@qtp-21199349-4:29472 ] - [ ERROR ]  page:1pageSize:100
2017-11-04 23:34:42  [ 2921959@qtp-21199349-4:31542 ] - [ ERROR ]  time1:2069
2017-11-04 23:34:43  [ 2921959@qtp-21199349-4:32812 ] - [ ERROR ]  time2:1270
2017-11-04 23:34:54  [ 2921959@qtp-21199349-4:44447 ] - [ ERROR ]  time3:11634
2017-11-04 23:36:08  [ 286337@qtp-15968507-1:11025 ] - [ ERROR ]  account is null
2017-11-04 23:36:13  [ 286337@qtp-15968507-1:16730 ] - [ ERROR ]  account dao impl logger!
2017-11-04 23:36:13  [ 286337@qtp-15968507-1:16800 ] - [ ERROR ]  SELECT T.*
		FROM t_xinyu_account T where 1=1
2017-11-04 23:36:17  [ 16086225@qtp-15968507-3:20895 ] - [ ERROR ]  account is not null;
2017-11-04 23:36:17  [ 16086225@qtp-15968507-3:20895 ] - [ ERROR ]  account is null
2017-11-04 23:36:17  [ 16086225@qtp-15968507-3:20900 ] - [ ERROR ]  page:1pageSize:100
2017-11-04 23:36:20  [ 16086225@qtp-15968507-3:23069 ] - [ ERROR ]  time1:2169
2017-11-04 23:36:21  [ 16086225@qtp-15968507-3:24298 ] - [ ERROR ]  time2:1229
2017-11-04 23:36:31  [ 16086225@qtp-15968507-3:34546 ] - [ ERROR ]  time3:10248
2017-11-04 23:39:45  [ 27293372@qtp-15563907-1:8976 ] - [ ERROR ]  account is null
2017-11-04 23:39:52  [ 27293372@qtp-15563907-1:15558 ] - [ ERROR ]  account dao impl logger!
2017-11-04 23:39:52  [ 27293372@qtp-15563907-1:15773 ] - [ ERROR ]  SELECT T.*
		FROM t_xinyu_account T where 1=1
2017-11-04 23:39:57  [ 28465579@qtp-15563907-6:20109 ] - [ ERROR ]  account is not null;
2017-11-04 23:39:57  [ 28465579@qtp-15563907-6:20109 ] - [ ERROR ]  account is null
2017-11-04 23:39:57  [ 28465579@qtp-15563907-6:20396 ] - [ ERROR ]  page:1pageSize:100
2017-11-04 23:40:00  [ pool-1-thread-1:23049 ] - [ ERROR ]  订单接单
2017-11-04 23:40:00  [ pool-1-thread-1:23229 ] - [ ERROR ]  订单接单完成！0
2017-11-04 23:40:00  [ pool-1-thread-1:23230 ] - [ ERROR ]  拒单操作开始!
2017-11-04 23:40:02  [ 28465579@qtp-15563907-6:25304 ] - [ ERROR ]  time1:4908
2017-11-04 23:40:03  [ 28465579@qtp-15563907-6:26503 ] - [ ERROR ]  time2:1199
2017-11-04 23:40:06  [ pool-1-thread-1:29710 ] - [ ERROR ]  拒单操作结束!
2017-11-04 23:40:12  [ 28465579@qtp-15563907-6:35609 ] - [ ERROR ]  time3:9106
2017-11-04 23:41:23  [ 22109677@qtp-30230072-0:8580 ] - [ ERROR ]  account is null
2017-11-04 23:41:28  [ 22109677@qtp-30230072-0:14113 ] - [ ERROR ]  account dao impl logger!
2017-11-04 23:41:28  [ 22109677@qtp-30230072-0:14172 ] - [ ERROR ]  SELECT T.*
		FROM t_xinyu_account T where 1=1
2017-11-04 23:41:33  [ 977746@qtp-30230072-3:18510 ] - [ ERROR ]  account is not null;
2017-11-04 23:41:33  [ 977746@qtp-30230072-3:18511 ] - [ ERROR ]  account is null
2017-11-04 23:41:33  [ 977746@qtp-30230072-3:18514 ] - [ ERROR ]  page:1pageSize:100
2017-11-04 23:41:38  [ 977746@qtp-30230072-3:23675 ] - [ ERROR ]  time1:5160
2017-11-04 23:41:39  [ 977746@qtp-30230072-3:24875 ] - [ ERROR ]  time2:1200
2017-11-04 23:41:50  [ 977746@qtp-30230072-3:35605 ] - [ ERROR ]  time3:10730
2017-11-04 23:44:00  [ pool-1-thread-1:165510 ] - [ ERROR ]  订单接单
2017-11-04 23:44:00  [ pool-1-thread-1:165696 ] - [ ERROR ]  订单接单完成！0
2017-11-04 23:45:00  [ pool-1-thread-1:225510 ] - [ ERROR ]  订单商品推送信息写缓存
2017-11-04 23:45:00  [ pool-1-thread-1:225564 ] - [ ERROR ]  GROUP1(赵峰)
2017-11-04 23:45:20  [ pool-1-thread-1:246200 ] - [ ERROR ]  GROUP2(周宇)
2017-11-04 23:46:33  [ pool-1-thread-1:318689 ] - [ ERROR ]  订单商品推送信息写缓存结束
2017-11-04 23:46:33  [ pool-1-thread-1:318920 ] - [ ERROR ]  订单不存在自动补录!
2017-11-04 23:48:00  [ pool-1-thread-1:405509 ] - [ ERROR ]  订单接单
2017-11-04 23:48:00  [ pool-1-thread-1:405652 ] - [ ERROR ]  订单接单完成！0
2017-11-04 23:50:00  [ pool-1-thread-1:525515 ] - [ ERROR ]  拒单操作开始!
2017-11-04 23:50:05  [ pool-1-thread-1:531030 ] - [ ERROR ]  拒单操作结束!
2017-11-04 23:52:36  [ 21650715@qtp-15563907-0:26667 ] - [ ERROR ]  account is null
2017-11-04 23:52:42  [ 21650715@qtp-15563907-0:32180 ] - [ ERROR ]  account dao impl logger!
2017-11-04 23:52:42  [ 21650715@qtp-15563907-0:32399 ] - [ ERROR ]  SELECT T.*
		FROM t_xinyu_account T where 1=1
2017-11-04 23:52:45  [ 21650715@qtp-15563907-0:35558 ] - [ ERROR ]  page:1pageSize:100
2017-11-04 23:52:50  [ 21650715@qtp-15563907-0:40576 ] - [ ERROR ]  time1:5018
2017-11-04 23:52:51  [ 21650715@qtp-15563907-0:41775 ] - [ ERROR ]  time2:1199
2017-11-04 23:53:02  [ 21650715@qtp-15563907-0:52899 ] - [ ERROR ]  time3:11124
2017-11-04 23:55:07  [ 27293372@qtp-15563907-1:14817 ] - [ ERROR ]  account is null
2017-11-04 23:55:12  [ 27293372@qtp-15563907-1:19952 ] - [ ERROR ]  account dao impl logger!
2017-11-04 23:55:13  [ 27293372@qtp-15563907-1:20168 ] - [ ERROR ]  SELECT T.*
		FROM t_xinyu_account T where 1=1
2017-11-04 23:55:15  [ 27293372@qtp-15563907-1:22585 ] - [ ERROR ]  page:1pageSize:100
2017-11-04 23:55:20  [ 27293372@qtp-15563907-1:27445 ] - [ ERROR ]  time1:4860
2017-11-04 23:55:21  [ 27293372@qtp-15563907-1:28668 ] - [ ERROR ]  time2:1223
2017-11-04 23:55:31  [ 27293372@qtp-15563907-1:38428 ] - [ ERROR ]  time3:9760
2017-11-04 23:56:00  [ pool-1-thread-1:67013 ] - [ ERROR ]  订单接单
2017-11-04 23:56:00  [ pool-1-thread-1:67177 ] - [ ERROR ]  订单接单完成！0
