2017-11-05 00:00:00  [ pool-1-thread-1:307016 ] - [ ERROR ]  订单接单
2017-11-05 00:00:04  [ pool-1-thread-1:311816 ] - [ ERROR ]  订单接单ID5f923b0a-68d2-4cde-b263-3870b82132e7
2017-11-05 00:00:04  [ pool-1-thread-1:311880 ] - [ ERROR ]  不存在的订单！ORDER_ACCEPTbab1a9d7-9d64-4c19-80f0-572b510eeb8c
2017-11-05 00:00:04  [ pool-1-thread-1:311956 ] - [ ERROR ]  不存在的订单！ORDER_ACCEPT12bd7533-32d0-4717-a720-71514ed7ccb7
2017-11-05 00:00:05  [ pool-1-thread-1:312034 ] - [ ERROR ]  不存在的订单！ORDER_ACCEPTf3f6ee92-9842-4d8e-a375-f8f9487124cf
2017-11-05 00:00:05  [ pool-1-thread-1:312110 ] - [ ERROR ]  不存在的订单！ORDER_ACCEPT02535a0c-edbc-4976-a956-1f8f504c35c7
2017-11-05 00:00:05  [ pool-1-thread-1:312120 ] - [ ERROR ]  订单接单完成！5
2017-11-05 00:00:05  [ pool-1-thread-1:312121 ] - [ ERROR ]  订单商品推送信息写缓存
2017-11-05 00:00:05  [ pool-1-thread-1:312180 ] - [ ERROR ]  GROUP1(赵峰)
2017-11-05 00:00:05  [ pool-1-thread-1:312323 ] - [ ERROR ]  GROUP2(周宇)
2017-11-05 00:00:06  [ pool-1-thread-1:313438 ] - [ ERROR ]  订单商品推送信息写缓存结束
2017-11-05 00:00:06  [ pool-1-thread-1:313439 ] - [ ERROR ]  拒单操作开始!
2017-11-05 00:00:12  [ pool-1-thread-1:319823 ] - [ ERROR ]  拒单操作结束!
2017-11-05 00:00:12  [ pool-1-thread-1:319970 ] - [ ERROR ]  订单不存在自动补录!
2017-11-05 00:02:52  [ 5218146@qtp-15563907-3:479647 ] - [ ERROR ]  account is not null;
2017-11-05 00:02:52  [ 5218146@qtp-15563907-3:479648 ] - [ ERROR ]  account is null
2017-11-05 00:02:52  [ 5218146@qtp-15563907-3:479649 ] - [ ERROR ]  page:1pageSize:100
2017-11-05 00:02:57  [ 5218146@qtp-15563907-3:484232 ] - [ ERROR ]  time1:4582
2017-11-05 00:02:58  [ 5218146@qtp-15563907-3:485437 ] - [ ERROR ]  time2:1204
2017-11-05 00:04:00  [ pool-1-thread-1:547014 ] - [ ERROR ]  订单接单
2017-11-05 00:04:00  [ pool-1-thread-1:547147 ] - [ ERROR ]  订单接单完成！0
2017-11-05 00:06:01  [ 30230072@qtp-14196628-0:8067 ] - [ ERROR ]  account is null
2017-11-05 00:06:06  [ 30230072@qtp-14196628-0:13265 ] - [ ERROR ]  account dao impl logger!
2017-11-05 00:06:06  [ 30230072@qtp-14196628-0:13476 ] - [ ERROR ]  SELECT T.*
		FROM t_xinyu_account T where 1=1
2017-11-05 00:06:09  [ 30230072@qtp-14196628-0:16230 ] - [ ERROR ]  page:1pageSize:100
2017-11-05 00:06:14  [ 30230072@qtp-14196628-0:20896 ] - [ ERROR ]  time1:4665
2017-11-05 00:06:15  [ 30230072@qtp-14196628-0:22135 ] - [ ERROR ]  time2:1239
2017-11-05 00:06:26  [ 30230072@qtp-14196628-0:32900 ] - [ ERROR ]  time3:10765
2017-11-05 00:08:00  [ pool-1-thread-1:126725 ] - [ ERROR ]  订单接单
2017-11-05 00:08:00  [ pool-1-thread-1:126901 ] - [ ERROR ]  订单接单完成！0
2017-11-05 00:09:35  [ 30778111@qtp-19317333-0:8921 ] - [ ERROR ]  account is null
2017-11-05 00:09:41  [ 30778111@qtp-19317333-0:14085 ] - [ ERROR ]  account dao impl logger!
2017-11-05 00:09:41  [ 30778111@qtp-19317333-0:14139 ] - [ ERROR ]  SELECT T.*
		FROM t_xinyu_account T where 1=1
2017-11-05 00:09:43  [ 30778111@qtp-19317333-0:16337 ] - [ ERROR ]  page:1pageSize:100
2017-11-05 00:09:50  [ 30778111@qtp-19317333-0:23763 ] - [ ERROR ]  time1:7426
2017-11-05 00:09:51  [ 30778111@qtp-19317333-0:24962 ] - [ ERROR ]  time2:1199
2017-11-05 00:10:00  [ pool-1-thread-1:33051 ] - [ ERROR ]  拒单操作开始!
2017-11-05 00:10:06  [ pool-1-thread-1:39550 ] - [ ERROR ]  拒单操作结束!
2017-11-05 00:10:22  [ 30778111@qtp-19317333-0:55655 ] - [ ERROR ]  time3:30693
2017-11-05 00:10:32  [ 30778111@qtp-19317333-0:65705 ] - [ ERROR ]  page:1pageSize:100
2017-11-05 00:10:40  [ 30778111@qtp-19317333-0:73144 ] - [ ERROR ]  time1:7438
2017-11-05 00:10:41  [ 30778111@qtp-19317333-0:74339 ] - [ ERROR ]  time2:1195
2017-11-05 00:10:46  [ 30778111@qtp-19317333-0:79145 ] - [ ERROR ]  time3:4806
2017-11-05 09:30:36  [ 16271810@qtp-14355376-0:16233 ] - [ ERROR ]  account is null
2017-11-05 09:30:41  [ 16271810@qtp-14355376-0:21559 ] - [ ERROR ]  account dao impl logger!
2017-11-05 09:30:41  [ 16271810@qtp-14355376-0:21627 ] - [ ERROR ]  SELECT T.*
		FROM t_xinyu_account T where 1=1
2017-11-05 09:32:00  [ pool-1-thread-1:99742 ] - [ ERROR ]  订单接单
2017-11-05 09:32:03  [ pool-1-thread-1:102899 ] - [ ERROR ]  订单接单IDfbb9d185-02ea-49ed-93d3-7c43d5de528f
2017-11-05 09:32:03  [ pool-1-thread-1:102952 ] - [ ERROR ]  不存在的订单！ORDER_ACCEPTedbcd089-80b8-463f-8dea-e7d1984d9562
2017-11-05 09:32:03  [ pool-1-thread-1:103012 ] - [ ERROR ]  不存在的订单！ORDER_ACCEPT3dbd13c2-c57a-4431-8ae5-671eecf3aa8c
2017-11-05 09:32:03  [ pool-1-thread-1:103070 ] - [ ERROR ]  不存在的订单！ORDER_ACCEPT248129f3-692d-4c7e-a84c-11083c910662
2017-11-05 09:32:03  [ pool-1-thread-1:103128 ] - [ ERROR ]  不存在的订单！ORDER_ACCEPT07e81548-697d-43a4-8b87-b0d9a9b3b137
2017-11-05 09:32:03  [ pool-1-thread-1:103186 ] - [ ERROR ]  不存在的订单！ORDER_ACCEPT906448d3-7b8a-495e-9a3a-58c6968261e1
2017-11-05 09:32:03  [ pool-1-thread-1:103245 ] - [ ERROR ]  不存在的订单！ORDER_ACCEPTf9f83734-1f7a-4874-8081-fef301157303
2017-11-05 09:32:03  [ pool-1-thread-1:103306 ] - [ ERROR ]  不存在的订单！ORDER_ACCEPT1dcdacd4-36de-4447-9766-e2e3aac1d99f
2017-11-05 09:32:03  [ pool-1-thread-1:103364 ] - [ ERROR ]  不存在的订单！ORDER_ACCEPTbd4c9fc5-069c-4f29-9404-ecf06a006e6c
2017-11-05 09:32:03  [ pool-1-thread-1:103423 ] - [ ERROR ]  不存在的订单！ORDER_ACCEPT92c8b4fa-4bbf-4934-80a0-de7d30aba9e1
2017-11-05 09:32:03  [ pool-1-thread-1:103481 ] - [ ERROR ]  不存在的订单！ORDER_ACCEPT3cbf47b6-e9c1-4ea4-bd3c-cc7b5dde17a9
2017-11-05 09:32:03  [ pool-1-thread-1:103547 ] - [ ERROR ]  不存在的订单！ORDER_ACCEPT396d6c22-c2a4-43de-b865-407ed036b329
2017-11-05 09:32:03  [ pool-1-thread-1:103605 ] - [ ERROR ]  不存在的订单！ORDER_ACCEPT7ed53977-f5ea-470f-b7ff-9cb957e14638
2017-11-05 09:32:03  [ pool-1-thread-1:103663 ] - [ ERROR ]  不存在的订单！ORDER_ACCEPT9ec064a3-7da7-4d58-9dae-07397cee8a29
2017-11-05 09:32:03  [ pool-1-thread-1:103721 ] - [ ERROR ]  不存在的订单！ORDER_ACCEPT9436e69c-a9eb-44fa-8d86-a1431430ec49
2017-11-05 09:32:04  [ pool-1-thread-1:103781 ] - [ ERROR ]  不存在的订单！ORDER_ACCEPT4b592cdb-e04e-402e-a6f1-0abe1ec4d4e7
2017-11-05 09:32:04  [ pool-1-thread-1:103839 ] - [ ERROR ]  不存在的订单！ORDER_ACCEPT0aa0013f-7237-4642-983b-4b3075d4a3a2
2017-11-05 09:32:04  [ pool-1-thread-1:103900 ] - [ ERROR ]  不存在的订单！ORDER_ACCEPTdcf09ba1-292f-49eb-b764-ef2063840cd8
2017-11-05 09:32:04  [ pool-1-thread-1:103959 ] - [ ERROR ]  不存在的订单！ORDER_ACCEPT0b8af335-80fc-4b9f-8d5a-8409230ef4af
2017-11-05 09:32:04  [ pool-1-thread-1:104017 ] - [ ERROR ]  不存在的订单！ORDER_ACCEPT0e5ca2f0-44d8-48cc-901c-403004a97a77
2017-11-05 09:32:04  [ pool-1-thread-1:104075 ] - [ ERROR ]  不存在的订单！ORDER_ACCEPT1962e56e-b56c-4259-9692-deb511657fe5
2017-11-05 09:32:04  [ pool-1-thread-1:104140 ] - [ ERROR ]  不存在的订单！ORDER_ACCEPTe5356440-3be4-4800-a929-99c73dd25e62
2017-11-05 09:32:04  [ pool-1-thread-1:104197 ] - [ ERROR ]  不存在的订单！ORDER_ACCEPT22907b21-b4ec-4f4f-87e6-faddcb90be6d
2017-11-05 09:32:04  [ pool-1-thread-1:104393 ] - [ ERROR ]  订单接单IDa5df0a31-530f-428b-be97-83d127e77ff4
2017-11-05 09:32:04  [ pool-1-thread-1:104591 ] - [ ERROR ]  订单接单ID83f51b19-0ebb-491a-8647-74deab9a0f12
2017-11-05 09:32:05  [ pool-1-thread-1:104798 ] - [ ERROR ]  订单接单IDea998f87-9dfe-4dad-b2d8-f60a5c654f77
2017-11-05 09:32:05  [ pool-1-thread-1:104851 ] - [ ERROR ]  不存在的订单！ORDER_ACCEPTc4234e47-a69d-4f0d-8fc8-9237699d6a97
2017-11-05 09:32:05  [ pool-1-thread-1:105050 ] - [ ERROR ]  订单接单ID8bbf67b4-8f12-4080-9631-25ac96eed96b
2017-11-05 09:32:05  [ pool-1-thread-1:105254 ] - [ ERROR ]  订单接单ID9bede91b-3067-4500-9610-01983a022a23
2017-11-05 09:32:05  [ pool-1-thread-1:105457 ] - [ ERROR ]  订单接单IDad634aa8-7070-4bd5-8860-b848e38acc0d
2017-11-05 09:32:05  [ pool-1-thread-1:105651 ] - [ ERROR ]  订单接单ID87208777-d190-44b0-a09b-076d5fe9cf90
2017-11-05 09:32:06  [ pool-1-thread-1:105854 ] - [ ERROR ]  订单接单ID47adabd8-bbf1-459a-a593-100a605cc6fe
2017-11-05 09:32:06  [ pool-1-thread-1:106062 ] - [ ERROR ]  订单接单IDf0e65b48-ee02-4268-9165-fddd3de3008d
2017-11-05 09:32:06  [ pool-1-thread-1:106114 ] - [ ERROR ]  不存在的订单！ORDER_ACCEPT01ad9287-9928-4875-ad4e-c1e5714075ed
2017-11-05 09:32:06  [ pool-1-thread-1:106319 ] - [ ERROR ]  订单接单ID254f02ce-5053-4819-95e2-b06e68d44cc5
2017-11-05 09:32:06  [ pool-1-thread-1:106516 ] - [ ERROR ]  订单接单ID883f02a6-4e66-4688-b1d4-0cecca537759
2017-11-05 09:32:06  [ pool-1-thread-1:106702 ] - [ ERROR ]  订单接单IDa1240881-598f-4d3d-bd1f-bddb17a557c8
2017-11-05 09:32:07  [ pool-1-thread-1:106894 ] - [ ERROR ]  订单接单IDada10c8f-aeec-4263-a68b-66cc09d55ebf
2017-11-05 09:32:07  [ pool-1-thread-1:106945 ] - [ ERROR ]  不存在的订单！ORDER_ACCEPT84fec613-0921-43ad-91e1-1af4aa0ceedb
2017-11-05 09:32:07  [ pool-1-thread-1:107157 ] - [ ERROR ]  订单接单IDa6c9a8ae-e609-4eb7-aaba-3e4bdb068374
2017-11-05 09:32:07  [ pool-1-thread-1:107355 ] - [ ERROR ]  订单接单ID8abe1d6b-535d-4342-93d7-f374e089a4ab
2017-11-05 09:32:07  [ pool-1-thread-1:107553 ] - [ ERROR ]  订单接单ID79f9d376-03ac-40b4-a462-2db66e561ced
2017-11-05 09:32:08  [ pool-1-thread-1:107759 ] - [ ERROR ]  订单接单IDb217d1f9-ef9f-4c47-8284-0df08f007e36
2017-11-05 09:32:08  [ pool-1-thread-1:107970 ] - [ ERROR ]  订单接单IDf77b5264-0f85-494c-b573-cf00681ffe8e
2017-11-05 09:32:08  [ pool-1-thread-1:108023 ] - [ ERROR ]  不存在的订单！ORDER_ACCEPTebebbf88-5b94-453f-abae-aadd19936ec8
2017-11-05 09:32:08  [ pool-1-thread-1:108246 ] - [ ERROR ]  订单接单IDda51be73-0200-4388-afc6-38c126e20fab
2017-11-05 09:32:08  [ pool-1-thread-1:108434 ] - [ ERROR ]  订单接单IDe47206c9-c578-4880-bbab-3f43f2dc00b1
2017-11-05 09:32:08  [ pool-1-thread-1:108637 ] - [ ERROR ]  订单接单ID4fa1b768-5a9d-469a-a73e-b624748280df
2017-11-05 09:32:08  [ pool-1-thread-1:108689 ] - [ ERROR ]  不存在的订单！ORDER_ACCEPTea762c9f-1767-459d-90b5-d099a66522cd
2017-11-05 09:32:09  [ pool-1-thread-1:108901 ] - [ ERROR ]  订单接单ID77ef9fbb-c7ac-493c-8552-a1bc58e9a8d7
2017-11-05 09:32:09  [ pool-1-thread-1:109097 ] - [ ERROR ]  订单接单IDc8c43572-93f0-4f14-929e-a44ec3fe6195
2017-11-05 09:32:09  [ pool-1-thread-1:109286 ] - [ ERROR ]  订单接单ID0145a357-1852-48e0-ba0a-b5f2c6d674c9
2017-11-05 09:32:09  [ pool-1-thread-1:109341 ] - [ ERROR ]  不存在的订单！ORDER_ACCEPT143334b4-c45e-44be-923d-f4e2d6cdb9d3
2017-11-05 09:32:09  [ pool-1-thread-1:109546 ] - [ ERROR ]  订单接单ID3b04705d-5b43-43de-babb-6f3bd615dca7
2017-11-05 09:32:10  [ pool-1-thread-1:109777 ] - [ ERROR ]  订单接单ID556ccb81-5142-43a4-a4ee-7dd0e958ab4d
2017-11-05 09:32:10  [ pool-1-thread-1:109830 ] - [ ERROR ]  不存在的订单！ORDER_ACCEPTd717bd52-6cfc-4bf7-87dd-eb08484c900e
2017-11-05 09:32:10  [ pool-1-thread-1:110026 ] - [ ERROR ]  订单接单ID64615c17-71bb-4d24-9970-695cca410464
2017-11-05 09:32:10  [ pool-1-thread-1:110239 ] - [ ERROR ]  订单接单ID8608916f-9dd1-43cb-996f-9b5f64825815
2017-11-05 09:32:10  [ pool-1-thread-1:110451 ] - [ ERROR ]  订单接单ID3802fdb6-bb05-4b26-8f40-bb8c25b4f0f0
2017-11-05 09:32:10  [ pool-1-thread-1:110503 ] - [ ERROR ]  不存在的订单！ORDER_ACCEPT9be81a83-ff3b-488c-b4e3-c0b94db47bf2
2017-11-05 09:32:10  [ pool-1-thread-1:110695 ] - [ ERROR ]  订单接单IDb7ae97de-4ec1-474b-abdb-bdc3fc6505fc
2017-11-05 09:32:11  [ pool-1-thread-1:110888 ] - [ ERROR ]  订单接单IDbbb97c92-b0ac-4896-99fd-9f28d6a12c8f
2017-11-05 09:32:11  [ pool-1-thread-1:111120 ] - [ ERROR ]  订单接单ID32ffcf41-0433-4181-a66b-3f39c6565362
2017-11-05 09:32:11  [ pool-1-thread-1:111173 ] - [ ERROR ]  不存在的订单！ORDER_ACCEPTabc90ef1-bdda-4c87-80de-73b8c9af9709
2017-11-05 09:32:11  [ pool-1-thread-1:111378 ] - [ ERROR ]  订单接单IDf50abe20-e3fa-4c28-b331-cbaabcac8380
2017-11-05 09:32:11  [ pool-1-thread-1:111576 ] - [ ERROR ]  订单接单ID06194173-4cda-4708-9cac-2d52ba16d012
2017-11-05 09:32:11  [ pool-1-thread-1:111630 ] - [ ERROR ]  不存在的订单！ORDER_ACCEPT300608cb-a1f5-4a02-aee4-fb5808e492b6
2017-11-05 09:32:12  [ pool-1-thread-1:111913 ] - [ ERROR ]  订单接单ID16ffdef4-698b-43e4-b159-8df99753e5ce
2017-11-05 09:32:12  [ pool-1-thread-1:112101 ] - [ ERROR ]  订单接单IDdfb3dc08-4190-4d1e-a4c1-8d23bb12e74a
2017-11-05 09:32:12  [ pool-1-thread-1:112153 ] - [ ERROR ]  不存在的订单！ORDER_ACCEPTd46b44dc-202d-4243-a540-d36bc0b2cdb0
2017-11-05 09:32:12  [ pool-1-thread-1:112360 ] - [ ERROR ]  订单接单ID208e9d8c-2feb-4ea4-abe4-97669f718a3d
2017-11-05 09:32:12  [ pool-1-thread-1:112549 ] - [ ERROR ]  订单接单ID104795fb-9512-46b6-98c1-f9404c54c1f3
2017-11-05 09:32:13  [ pool-1-thread-1:112766 ] - [ ERROR ]  订单接单ID02082ec2-2c4b-40dd-acb8-55d91c990c47
2017-11-05 09:32:13  [ pool-1-thread-1:112974 ] - [ ERROR ]  订单接单ID7ab9dbfc-96ab-46cd-83c1-bb8b8afcc9b2
2017-11-05 09:32:13  [ pool-1-thread-1:113176 ] - [ ERROR ]  订单接单ID055b826b-56fc-448b-9f06-9790edfb5e96
2017-11-05 09:32:13  [ pool-1-thread-1:113375 ] - [ ERROR ]  订单接单IDd0bdc57b-d7f6-4eb3-a112-5fdc83436818
2017-11-05 09:32:13  [ pool-1-thread-1:113427 ] - [ ERROR ]  不存在的订单！ORDER_ACCEPTa9e74f4a-351f-4a71-8b96-f41ecf091589
2017-11-05 09:32:13  [ pool-1-thread-1:113625 ] - [ ERROR ]  订单接单IDb47ceb40-a85e-453b-9fc4-36a0f19e6d40
2017-11-05 09:32:14  [ pool-1-thread-1:113822 ] - [ ERROR ]  订单接单ID5149db54-ffd2-4120-b69a-cd0eb3534c19
2017-11-05 09:32:14  [ pool-1-thread-1:114017 ] - [ ERROR ]  订单接单IDf0000013-dde8-400f-a467-d37f3998c318
2017-11-05 09:32:14  [ pool-1-thread-1:114070 ] - [ ERROR ]  不存在的订单！ORDER_ACCEPTc5efadb1-f637-443e-8300-27e235a85681
2017-11-05 09:32:14  [ pool-1-thread-1:114283 ] - [ ERROR ]  订单接单IDd11443db-c6f9-43b6-9a51-a7f892528037
2017-11-05 09:32:14  [ pool-1-thread-1:114475 ] - [ ERROR ]  订单接单ID8b1f3452-dc45-49c8-bd05-2632508b9145
2017-11-05 09:32:14  [ pool-1-thread-1:114667 ] - [ ERROR ]  订单接单IDf9a41864-d514-4da3-bccd-9b23f1b55bd5
2017-11-05 09:32:15  [ pool-1-thread-1:114860 ] - [ ERROR ]  订单接单ID4d2c35de-e447-43d3-b15b-adcd9abd0916
2017-11-05 09:32:15  [ pool-1-thread-1:115053 ] - [ ERROR ]  订单接单IDb9d84a75-9959-44c2-8a81-19f240c916e7
2017-11-05 09:32:15  [ pool-1-thread-1:115233 ] - [ ERROR ]  订单接单ID5e1c8d2e-8e26-429a-bb3f-077f15713bc2
2017-11-05 09:32:15  [ pool-1-thread-1:115418 ] - [ ERROR ]  订单接单ID6d519f78-7178-41c0-8df6-71c527e4bbc5
2017-11-05 09:32:15  [ pool-1-thread-1:115463 ] - [ ERROR ]  不存在的订单！ORDER_ACCEPT5ba94fdb-2fe6-420a-8980-57e3ff4844ce
2017-11-05 09:32:15  [ pool-1-thread-1:115655 ] - [ ERROR ]  订单接单IDf41c8626-93ca-413a-b7d1-027da1899db8
2017-11-05 09:32:16  [ pool-1-thread-1:115848 ] - [ ERROR ]  订单接单ID3d42cfd2-3fcb-4868-8f89-7bd08b87b7ff
2017-11-05 09:32:16  [ pool-1-thread-1:116029 ] - [ ERROR ]  订单接单ID9f316c01-0abe-4254-b122-559d632b2bda
2017-11-05 09:32:16  [ pool-1-thread-1:116207 ] - [ ERROR ]  订单接单IDc4bd82b2-1fbd-4313-9b02-0434f7175535
2017-11-05 09:32:16  [ pool-1-thread-1:116377 ] - [ ERROR ]  订单接单IDd86944ae-68cc-4417-9444-cc1e6727ae3e
2017-11-05 09:32:16  [ pool-1-thread-1:116558 ] - [ ERROR ]  订单接单ID03faf012-d7c9-4ae2-8e3d-8a5a4fceb14a
2017-11-05 09:32:17  [ pool-1-thread-1:116774 ] - [ ERROR ]  订单接单ID7f67bf32-7cd2-4135-9068-6bda4db1ed8e
2017-11-05 09:32:17  [ pool-1-thread-1:116819 ] - [ ERROR ]  不存在的订单！ORDER_ACCEPTa457ac9e-bc26-45fc-994d-df78d9bbf22b
2017-11-05 09:32:17  [ pool-1-thread-1:116991 ] - [ ERROR ]  订单接单ID76bfde5a-10b2-47c5-8c10-5d94e84ad200
2017-11-05 09:32:17  [ pool-1-thread-1:117170 ] - [ ERROR ]  订单接单IDf75e8533-29fc-45b3-9afb-f1a9d33bb874
2017-11-05 09:32:17  [ pool-1-thread-1:117351 ] - [ ERROR ]  订单接单ID21f16105-b0ca-4caf-a8b4-848d4103b09d
2017-11-05 09:32:17  [ pool-1-thread-1:117530 ] - [ ERROR ]  订单接单IDcd1a6a6d-7e93-45f2-b8af-207d0044887c
2017-11-05 09:32:17  [ pool-1-thread-1:117705 ] - [ ERROR ]  订单接单ID62c4000e-3826-483d-9496-168749bb3791
2017-11-05 09:32:18  [ pool-1-thread-1:117909 ] - [ ERROR ]  订单接单ID7f3fcc6e-e575-4241-ba20-4b7d7a3c96cc
2017-11-05 09:32:18  [ pool-1-thread-1:118088 ] - [ ERROR ]  订单接单IDba9a36ad-d66f-4e61-b3bb-8c8619396fa3
2017-11-05 09:32:18  [ pool-1-thread-1:118134 ] - [ ERROR ]  不存在的订单！ORDER_ACCEPT70b7e316-901f-45a6-aeaa-f3584a8ccfd5
2017-11-05 09:32:18  [ pool-1-thread-1:118339 ] - [ ERROR ]  订单接单ID32fad600-dfa5-4eb4-926e-c6f8f8d0628f
2017-11-05 09:32:18  [ pool-1-thread-1:118517 ] - [ ERROR ]  订单接单ID5de983b3-516d-4fd5-b6eb-adc915a3e6aa
2017-11-05 09:32:18  [ pool-1-thread-1:118704 ] - [ ERROR ]  订单接单ID511bc49e-2065-442b-bdb1-18c659e62194
2017-11-05 09:32:19  [ pool-1-thread-1:118889 ] - [ ERROR ]  订单接单ID6429cf62-e0ee-421d-8b43-176e8b4a9d51
2017-11-05 09:32:19  [ pool-1-thread-1:119058 ] - [ ERROR ]  订单接单IDe951266a-444a-4615-b16b-7c85d202f810
2017-11-05 09:32:19  [ pool-1-thread-1:119233 ] - [ ERROR ]  订单接单ID51d7294d-0050-4021-8d17-0aedda1acece
2017-11-05 09:32:19  [ pool-1-thread-1:119399 ] - [ ERROR ]  订单接单ID5b2ac851-208d-4ac2-8a5e-e598f8ce336d
2017-11-05 09:32:19  [ pool-1-thread-1:119583 ] - [ ERROR ]  订单接单ID18e490a7-2588-4e18-8d0b-924361ec2bdf
2017-11-05 09:32:20  [ pool-1-thread-1:119759 ] - [ ERROR ]  订单接单ID6a3ded86-92a6-48e8-afe1-61cd4caaf27c
2017-11-05 09:32:20  [ pool-1-thread-1:119945 ] - [ ERROR ]  订单接单ID1f4344ad-3da7-4106-89ff-a3dc62091f11
2017-11-05 09:32:20  [ pool-1-thread-1:119990 ] - [ ERROR ]  不存在的订单！ORDER_ACCEPT9106f530-e2b2-4262-be80-73d89352b93c
2017-11-05 09:32:20  [ pool-1-thread-1:120177 ] - [ ERROR ]  订单接单ID927965ec-129e-41a7-b6bd-d1dee03a366d
2017-11-05 09:32:20  [ pool-1-thread-1:120391 ] - [ ERROR ]  订单接单IDe37b4738-95fc-47bd-bc30-b5d237af6410
2017-11-05 09:32:20  [ pool-1-thread-1:120578 ] - [ ERROR ]  订单接单IDd719481c-8333-49e1-b218-36413d2fe738
2017-11-05 09:32:21  [ pool-1-thread-1:120767 ] - [ ERROR ]  订单接单ID0e7290b5-d1c3-4e35-8c3d-45feb9f46bb4
2017-11-05 09:32:21  [ pool-1-thread-1:120958 ] - [ ERROR ]  订单接单ID2f47489a-e8c0-4a94-8aa6-002a43011fde
2017-11-05 09:32:21  [ pool-1-thread-1:121127 ] - [ ERROR ]  订单接单IDcc139d79-108d-4ced-9e95-d6841226a8d5
2017-11-05 09:32:21  [ pool-1-thread-1:121295 ] - [ ERROR ]  订单接单ID749f4bbf-a6ec-4aa0-a9eb-8cc6bf3a6c71
2017-11-05 09:32:21  [ pool-1-thread-1:121490 ] - [ ERROR ]  订单接单IDc07b4fe4-a0e2-49c5-b193-217c5e461874
2017-11-05 09:32:21  [ pool-1-thread-1:121675 ] - [ ERROR ]  订单接单ID81d7082b-ced1-46e6-83db-9be339084725
2017-11-05 09:32:22  [ pool-1-thread-1:121846 ] - [ ERROR ]  订单接单ID435db3c4-94fa-4d98-9873-31232a127398
2017-11-05 09:32:22  [ pool-1-thread-1:122015 ] - [ ERROR ]  订单接单ID5b61aac4-00d1-4a5d-b456-0904e9e1b635
2017-11-05 09:32:22  [ pool-1-thread-1:122190 ] - [ ERROR ]  订单接单ID2a522bb3-6683-404c-96e7-00b7f6e88100
2017-11-05 09:32:22  [ pool-1-thread-1:122237 ] - [ ERROR ]  不存在的订单！ORDER_ACCEPTc3c66c37-cae3-43de-825b-f504884164db
2017-11-05 09:32:22  [ pool-1-thread-1:122413 ] - [ ERROR ]  订单接单ID313da72a-d54b-4150-b23f-77389f3aa572
2017-11-05 09:32:22  [ pool-1-thread-1:122594 ] - [ ERROR ]  订单接单IDd587a37c-cc29-4d68-9702-3d467eed3606
2017-11-05 09:32:23  [ pool-1-thread-1:122773 ] - [ ERROR ]  订单接单ID5fd0246f-c1f9-4c9e-b56e-8a7a7b329d08
2017-11-05 09:32:23  [ pool-1-thread-1:122946 ] - [ ERROR ]  订单接单ID4414456e-78e3-4f5f-9058-c69c559b550b
2017-11-05 09:32:23  [ pool-1-thread-1:123150 ] - [ ERROR ]  订单接单ID144d0e30-e2a1-4242-9af2-355c539375a5
2017-11-05 09:32:23  [ pool-1-thread-1:123353 ] - [ ERROR ]  订单接单ID0d3f4cc2-5774-4752-9d4e-5b47d7b083a1
2017-11-05 09:32:23  [ pool-1-thread-1:123542 ] - [ ERROR ]  订单接单ID874ca6c2-c0a8-456c-ae78-866da7115da3
2017-11-05 09:32:23  [ pool-1-thread-1:123714 ] - [ ERROR ]  订单接单IDcc17dcff-ea72-42a2-97dc-2b0f4b6873e7
2017-11-05 09:32:24  [ pool-1-thread-1:123906 ] - [ ERROR ]  订单接单ID83eb16e3-f8e8-41c4-b5a8-caacf63a3e9a
2017-11-05 09:32:24  [ pool-1-thread-1:123952 ] - [ ERROR ]  不存在的订单！ORDER_ACCEPT1287a503-bc85-4b4a-accd-d140a17568d2
2017-11-05 09:32:24  [ pool-1-thread-1:124144 ] - [ ERROR ]  订单接单IDe2e9d38c-bf75-4b09-8750-b639ccd7f4cd
2017-11-05 09:32:24  [ pool-1-thread-1:124331 ] - [ ERROR ]  订单接单ID429ea799-3ab4-4921-8c24-f3ea7e66cb87
2017-11-05 09:32:24  [ pool-1-thread-1:124537 ] - [ ERROR ]  订单接单ID3a1af326-787a-474c-8359-12fbd138d52a
2017-11-05 09:32:24  [ pool-1-thread-1:124706 ] - [ ERROR ]  订单接单IDc472865a-d56f-4b57-847b-fff48ec76be0
2017-11-05 09:32:25  [ pool-1-thread-1:124894 ] - [ ERROR ]  订单接单ID62706be7-8765-4426-a30c-cee5d08b200e
2017-11-05 09:32:25  [ pool-1-thread-1:125067 ] - [ ERROR ]  订单接单IDf4c6681f-f737-4e2d-a64c-da95c71be8a5
2017-11-05 09:32:25  [ pool-1-thread-1:125261 ] - [ ERROR ]  订单接单ID0112dc2c-e83f-415f-839d-84482abf1bea
2017-11-05 09:32:25  [ pool-1-thread-1:125306 ] - [ ERROR ]  不存在的订单！ORDER_ACCEPT574dfb76-fab4-4e0a-b48e-a43a12ff42e9
2017-11-05 09:32:25  [ pool-1-thread-1:125498 ] - [ ERROR ]  订单接单IDdf1f35e0-f59b-488c-ab2b-8d4b135912e4
2017-11-05 09:32:25  [ pool-1-thread-1:125677 ] - [ ERROR ]  订单接单IDef32d6ec-1201-41a6-8dc1-d015d40350f1
2017-11-05 09:32:26  [ pool-1-thread-1:125865 ] - [ ERROR ]  订单接单IDd696f423-01ca-45aa-857b-ea433e8a83ab
2017-11-05 09:32:26  [ pool-1-thread-1:126083 ] - [ ERROR ]  订单接单ID8d942900-fc23-48bf-8051-e4d73e5f08b9
2017-11-05 09:32:26  [ pool-1-thread-1:126294 ] - [ ERROR ]  订单接单IDc6c19148-3fbd-4cdc-b3b4-eacdf4010506
2017-11-05 09:32:26  [ pool-1-thread-1:126339 ] - [ ERROR ]  不存在的订单！ORDER_ACCEPT32e51b11-20d8-48b4-82f0-85977c2c78f5
2017-11-05 09:32:26  [ pool-1-thread-1:126516 ] - [ ERROR ]  订单接单ID7acb5158-2011-4a7c-abec-2330fb8baf1f
2017-11-05 09:32:26  [ pool-1-thread-1:126697 ] - [ ERROR ]  订单接单ID2f785c30-376e-46b1-a79e-4f5a4de2b4c5
2017-11-05 09:32:27  [ pool-1-thread-1:126868 ] - [ ERROR ]  订单接单ID15974476-7b25-43f7-91d1-8aae7a23f891
2017-11-05 09:32:27  [ pool-1-thread-1:127034 ] - [ ERROR ]  订单接单IDdab4da1e-9ccd-4349-ba0a-0e6cc7ff3515
2017-11-05 09:32:27  [ pool-1-thread-1:127079 ] - [ ERROR ]  不存在的订单！ORDER_ACCEPTfb81a3a2-5bc8-439b-8d43-c5af27bdd186
2017-11-05 09:32:27  [ pool-1-thread-1:127276 ] - [ ERROR ]  订单接单ID097a9020-e99e-4fb6-9f61-1d84be0122c9
2017-11-05 09:32:27  [ pool-1-thread-1:127452 ] - [ ERROR ]  订单接单ID56a50437-dba7-4c02-bb9c-913119866633
2017-11-05 09:32:27  [ pool-1-thread-1:127662 ] - [ ERROR ]  订单接单ID6359b67d-2fae-4b91-bd6d-e0e28340f95a
2017-11-05 09:32:27  [ pool-1-thread-1:127708 ] - [ ERROR ]  不存在的订单！ORDER_ACCEPT66e1bff4-40df-439c-b771-452c9474d7c8
2017-11-05 09:32:28  [ pool-1-thread-1:127898 ] - [ ERROR ]  订单接单ID1740b146-8b81-4b99-91cc-de8482eb0ea2
2017-11-05 09:32:28  [ pool-1-thread-1:128088 ] - [ ERROR ]  订单接单ID310dc9e1-6713-48ce-be43-404f658e0915
2017-11-05 09:32:28  [ pool-1-thread-1:128270 ] - [ ERROR ]  订单接单ID9ab162a7-cc44-4221-9b78-d93b07c43145
2017-11-05 09:32:28  [ pool-1-thread-1:128454 ] - [ ERROR ]  订单接单ID2d6b26cf-7fd3-40db-afb9-2950867dc7a2
2017-11-05 09:32:28  [ pool-1-thread-1:128644 ] - [ ERROR ]  订单接单ID9db83731-b0f8-4320-ae0d-d4fa51451883
2017-11-05 09:32:29  [ pool-1-thread-1:128826 ] - [ ERROR ]  订单接单ID2af48911-69d7-4048-9f06-6493c8f9ff7e
2017-11-05 09:32:29  [ pool-1-thread-1:129031 ] - [ ERROR ]  订单接单ID86504665-1339-4fd2-98f6-94f744c95499
2017-11-05 09:32:29  [ pool-1-thread-1:129076 ] - [ ERROR ]  不存在的订单！ORDER_ACCEPT1238ac74-75cb-4ad3-a618-2daafdc24a93
2017-11-05 09:32:29  [ pool-1-thread-1:129254 ] - [ ERROR ]  订单接单ID1797c4f7-81b0-4c5f-8206-806f7b9e0b5e
2017-11-05 09:32:29  [ pool-1-thread-1:129437 ] - [ ERROR ]  订单接单ID7c7891a9-b1f3-4075-884b-f03ad36cd2ed
2017-11-05 09:32:29  [ pool-1-thread-1:129629 ] - [ ERROR ]  订单接单ID27d9bf61-832f-426a-90f1-8bfeb6cada83
2017-11-05 09:32:30  [ pool-1-thread-1:129806 ] - [ ERROR ]  订单接单IDbe42af57-ee9c-4460-89ad-4e07463e6ce7
2017-11-05 09:32:30  [ pool-1-thread-1:129852 ] - [ ERROR ]  不存在的订单！ORDER_ACCEPT68d6e862-dfe9-4c24-95ce-eac2c4175688
2017-11-05 09:32:30  [ pool-1-thread-1:130033 ] - [ ERROR ]  订单接单IDaa91d281-735a-498c-afcc-60d05a67eae2
2017-11-05 09:32:30  [ pool-1-thread-1:130226 ] - [ ERROR ]  订单接单ID34528ed0-8d99-47b2-b12a-5ad9100f65ae
2017-11-05 09:32:30  [ pool-1-thread-1:130398 ] - [ ERROR ]  订单接单IDb145b22c-c3ca-4e3d-ab62-595ae87f3684
2017-11-05 09:32:30  [ pool-1-thread-1:130590 ] - [ ERROR ]  订单接单ID29724dcd-9137-4c7b-bda7-70c694cbd41b
2017-11-05 09:32:31  [ pool-1-thread-1:130766 ] - [ ERROR ]  订单接单IDdb43fc0b-b027-4e19-b2d1-0a9d83179083
2017-11-05 09:32:31  [ pool-1-thread-1:130941 ] - [ ERROR ]  订单接单IDc41285f0-9e9c-4c11-bb26-c5399800eee8
2017-11-05 09:32:31  [ pool-1-thread-1:131144 ] - [ ERROR ]  订单接单ID8b02a3af-fccf-4571-a049-20c9927dae08
2017-11-05 09:32:31  [ pool-1-thread-1:131189 ] - [ ERROR ]  不存在的订单！ORDER_ACCEPT4a179192-563f-4599-ae59-037a8663124a
2017-11-05 09:32:31  [ pool-1-thread-1:131397 ] - [ ERROR ]  订单接单ID510d6624-fba7-4909-82a5-c598b7d6e26f
2017-11-05 09:32:31  [ pool-1-thread-1:131567 ] - [ ERROR ]  订单接单ID161702ca-67c0-4280-877d-75d18123adb0
2017-11-05 09:32:32  [ pool-1-thread-1:131758 ] - [ ERROR ]  订单接单IDe9002ce6-bcb8-4d65-a558-734664be38fc
2017-11-05 09:32:32  [ pool-1-thread-1:131932 ] - [ ERROR ]  订单接单ID4d6f8ca0-bee1-41eb-b89b-b90e5fd26dc8
2017-11-05 09:32:32  [ pool-1-thread-1:131978 ] - [ ERROR ]  不存在的订单！ORDER_ACCEPTdc9df10d-2ddb-4dd7-81c7-a5a908d37274
2017-11-05 09:32:32  [ pool-1-thread-1:132167 ] - [ ERROR ]  订单接单ID5ed74ff9-f714-4fae-b86c-263d15f4631c
2017-11-05 09:32:32  [ pool-1-thread-1:132357 ] - [ ERROR ]  订单接单ID19c19f38-a60f-426a-8851-e4817c52482f
2017-11-05 09:32:32  [ pool-1-thread-1:132541 ] - [ ERROR ]  订单接单IDa31b2b41-a14a-4d29-8980-39e6e4fc4ca9
2017-11-05 09:32:32  [ pool-1-thread-1:132721 ] - [ ERROR ]  订单接单ID3703e431-4831-4d5f-9d2f-7ab9cddcd8d2
2017-11-05 09:32:33  [ pool-1-thread-1:132911 ] - [ ERROR ]  订单接单IDa119191f-33b4-4f55-bc77-9dcf6f471052
2017-11-05 09:32:33  [ pool-1-thread-1:133079 ] - [ ERROR ]  订单接单ID9b420857-a7ed-45d9-9d76-9a3e33e52f01
2017-11-05 09:32:33  [ pool-1-thread-1:133254 ] - [ ERROR ]  订单接单ID7aed0c8c-3bde-45c6-b2f1-489b71e3bf8d
2017-11-05 09:32:33  [ pool-1-thread-1:133423 ] - [ ERROR ]  订单接单IDb7b262a9-c71a-4109-8ffb-1e7e9bcd39dd
2017-11-05 09:32:33  [ pool-1-thread-1:133468 ] - [ ERROR ]  不存在的订单！ORDER_ACCEPTfab5c7b8-e0bf-4972-b189-b12b36a4fb1a
2017-11-05 09:32:33  [ pool-1-thread-1:133646 ] - [ ERROR ]  订单接单IDe4cf2520-8905-40f5-83e3-d192aa1d173a
2017-11-05 09:32:34  [ pool-1-thread-1:133815 ] - [ ERROR ]  订单接单ID6b53bdd3-8c46-4256-92dd-0772c56c2539
2017-11-05 09:32:34  [ pool-1-thread-1:133995 ] - [ ERROR ]  订单接单IDd4951b78-dd67-4b41-ab1f-1586332b8b22
2017-11-05 09:32:34  [ pool-1-thread-1:134175 ] - [ ERROR ]  订单接单IDd76d6ca5-9167-4008-ae25-6bf5bb6c0cb2
2017-11-05 09:32:34  [ pool-1-thread-1:134356 ] - [ ERROR ]  订单接单ID3521e8c5-8702-4e9f-8e22-e03912152d88
2017-11-05 09:32:34  [ pool-1-thread-1:134545 ] - [ ERROR ]  订单接单ID62759f88-e57c-4ecf-9e29-b1df08a46d20
2017-11-05 09:32:34  [ pool-1-thread-1:134709 ] - [ ERROR ]  订单接单IDd3f82430-217e-497d-94ab-1619aca58cac
2017-11-05 09:32:35  [ pool-1-thread-1:134907 ] - [ ERROR ]  订单接单ID30144eaf-d9f2-4718-8681-b06cd81b03cc
2017-11-05 09:32:35  [ pool-1-thread-1:135098 ] - [ ERROR ]  订单接单ID413d6df7-a09d-48e8-b6f0-224efed8567d
2017-11-05 09:32:35  [ pool-1-thread-1:135143 ] - [ ERROR ]  不存在的订单！ORDER_ACCEPTe2554fe3-cb3e-426a-aa2c-8e202f53a327
2017-11-05 09:32:35  [ pool-1-thread-1:135334 ] - [ ERROR ]  订单接单IDfbfb6f47-ec8c-43c5-b9a3-af49a7763bc3
2017-11-05 09:32:35  [ pool-1-thread-1:135535 ] - [ ERROR ]  订单接单ID0a892d40-27a8-4722-90cb-1cbfdcdfe78f
2017-11-05 09:32:35  [ pool-1-thread-1:135714 ] - [ ERROR ]  订单接单ID713abf38-f33c-4f7a-b453-84429d1113ca
2017-11-05 09:32:36  [ pool-1-thread-1:135891 ] - [ ERROR ]  订单接单ID88475784-8bce-442c-b1a3-545f90515f3f
2017-11-05 09:32:36  [ pool-1-thread-1:136076 ] - [ ERROR ]  订单接单ID99e9720a-6741-40ea-b56e-d9c9903cc496
2017-11-05 09:32:36  [ pool-1-thread-1:136266 ] - [ ERROR ]  订单接单ID862eb620-fb6d-4748-9729-96c7d0aa9685
2017-11-05 09:32:36  [ pool-1-thread-1:136441 ] - [ ERROR ]  订单接单IDd64fe9b7-97d0-45c1-ab8d-99737838c582
2017-11-05 09:32:36  [ pool-1-thread-1:136618 ] - [ ERROR ]  订单接单ID030bd94b-d49e-469a-90a4-dec8b4aa103d
2017-11-05 09:32:37  [ pool-1-thread-1:136797 ] - [ ERROR ]  订单接单ID2ffbd11f-8377-4b30-8592-992601db958c
2017-11-05 09:32:37  [ pool-1-thread-1:136962 ] - [ ERROR ]  订单接单IDddfcfa88-de16-4704-8d46-47d505aca1bc
2017-11-05 09:32:37  [ pool-1-thread-1:137142 ] - [ ERROR ]  订单接单ID57ce00e9-8926-46d3-b9d5-c3832a864b90
2017-11-05 09:32:37  [ pool-1-thread-1:137330 ] - [ ERROR ]  订单接单IDe2d9a52c-bc8f-44c3-b52d-1160121e592b
2017-11-05 09:32:37  [ pool-1-thread-1:137377 ] - [ ERROR ]  不存在的订单！ORDER_ACCEPTb6819d02-f776-48ae-a842-ecc349810817
2017-11-05 09:32:37  [ pool-1-thread-1:137569 ] - [ ERROR ]  订单接单ID5fc66e0f-ff72-4c55-86b8-ca690bd439bd
2017-11-05 09:32:38  [ pool-1-thread-1:137742 ] - [ ERROR ]  订单接单IDaa779c7a-4a84-4655-bbaf-1c7ade0ca8d8
2017-11-05 09:32:38  [ pool-1-thread-1:137924 ] - [ ERROR ]  订单接单IDc381da01-975f-448c-8854-629405f2fc99
2017-11-05 09:32:38  [ pool-1-thread-1:138115 ] - [ ERROR ]  订单接单ID841e3e6a-2a00-4d39-a55d-ac237825fa78
2017-11-05 09:32:38  [ pool-1-thread-1:138300 ] - [ ERROR ]  订单接单ID14f5ec6e-37b5-4045-9306-f074f5462d44
2017-11-05 09:32:38  [ pool-1-thread-1:138496 ] - [ ERROR ]  订单接单ID8ac729cd-79f4-4091-805a-338957e2b09c
2017-11-05 09:32:38  [ pool-1-thread-1:138676 ] - [ ERROR ]  订单接单IDcb61f97e-8b2b-45aa-a9e9-32bda9ad2364
2017-11-05 09:32:39  [ pool-1-thread-1:138886 ] - [ ERROR ]  订单接单IDb82d8a55-f234-45d3-9076-77c2d4298a1d
2017-11-05 09:32:39  [ pool-1-thread-1:138886 ] - [ ERROR ]  订单接单完成！228
