2017-09-12 16:27:19  [ 4528249@qtp-31092037-3:110670 ] - [ ERROR ]  LoginInterceptor:[null]/index
2017-09-12 16:27:19  [ 4528249@qtp-31092037-3:110675 ] - [ ERROR ]  LoginInterceptor1:/indexnull
2017-09-12 16:27:19  [ 4528249@qtp-31092037-3:110675 ] - [ ERROR ]  LoginInterceptor00:null
2017-09-12 16:27:19  [ 4528249@qtp-31092037-3:110675 ] - [ ERROR ]  LoginInterceptor88true|null
2017-09-12 16:27:19  [ 4528249@qtp-31092037-3:110675 ] - [ ERROR ]  LoginInterceptor2:http://localhost:8080/xinyu-web/login
2017-09-12 16:27:20  [ 4528249@qtp-31092037-3:111566 ] - [ ERROR ]  LoginInterceptor:[null]/login
2017-09-12 16:27:26  [ 8441598@qtp-31092037-4:117739 ] - [ ERROR ]  LoginInterceptor:[XMLHttpRequest]/login/submitLogin
2017-09-12 16:27:26  [ 8441598@qtp-31092037-4:117801 ] - [ ERROR ]  account dao impl logger!
2017-09-12 16:27:26  [ 8441598@qtp-31092037-4:117916 ] - [ ERROR ]  LoginInterceptor:[null]/index
2017-09-12 16:27:26  [ 8441598@qtp-31092037-4:117917 ] - [ ERROR ]  LoginInterceptor1:/indexcom.xinyu.model.system.Account@13f4e65
2017-09-12 16:27:26  [ 8441598@qtp-31092037-4:117917 ] - [ ERROR ]  LoginInterceptor88false|com.xinyu.model.system.Account@13f4e65
2017-09-12 16:27:37  [ 8441598@qtp-31092037-4:128996 ] - [ ERROR ]  LoginInterceptor:[null]/memcached/refreshOrder
2017-09-12 16:27:37  [ 8441598@qtp-31092037-4:128996 ] - [ ERROR ]  LoginInterceptor1:/memcached/refreshOrdercom.xinyu.model.system.Account@13f4e65
2017-09-12 16:27:37  [ 8441598@qtp-31092037-4:128996 ] - [ ERROR ]  LoginInterceptor88false|com.xinyu.model.system.Account@13f4e65
2017-09-12 16:28:15  [ 8441598@qtp-31092037-4:167067 ] - [ ERROR ]  ¶©µ¥Ë¢ÐÂ²¹Â¼:3932520632118||{orderInfo=d293cc6f-355a-4a05-8ccc-660b5f713d16||11900.0||idzc16473350942, null=1679d0e1-08e1-4407-a086-896a03c5e4e3-1-null, zpIndex=0, zcIndex=0}
2017-09-12 16:32:11  [ 10189988@qtp-4150754-0:31609 ] - [ ERROR ]  LoginInterceptor:[null]/index
2017-09-12 16:32:11  [ 10189988@qtp-4150754-0:31613 ] - [ ERROR ]  LoginInterceptor1:/indexnull
2017-09-12 16:32:11  [ 10189988@qtp-4150754-0:31613 ] - [ ERROR ]  LoginInterceptor00:null
2017-09-12 16:32:11  [ 10189988@qtp-4150754-0:31613 ] - [ ERROR ]  LoginInterceptor88true|null
2017-09-12 16:32:11  [ 10189988@qtp-4150754-0:31614 ] - [ ERROR ]  LoginInterceptor2:http://localhost:8080/xinyu-web/login
2017-09-12 16:32:11  [ 18836254@qtp-4150754-5:32527 ] - [ ERROR ]  LoginInterceptor:[null]/login
2017-09-12 16:32:18  [ 18836254@qtp-4150754-5:38714 ] - [ ERROR ]  LoginInterceptor:[XMLHttpRequest]/login/submitLogin
2017-09-12 16:32:18  [ 18836254@qtp-4150754-5:38774 ] - [ ERROR ]  account dao impl logger!
2017-09-12 16:32:18  [ 18836254@qtp-4150754-5:38881 ] - [ ERROR ]  LoginInterceptor:[null]/index
2017-09-12 16:32:18  [ 18836254@qtp-4150754-5:38882 ] - [ ERROR ]  LoginInterceptor1:/indexcom.xinyu.model.system.Account@1c89a54
2017-09-12 16:32:18  [ 18836254@qtp-4150754-5:38883 ] - [ ERROR ]  LoginInterceptor88false|com.xinyu.model.system.Account@1c89a54
2017-09-12 16:32:23  [ 31340541@qtp-4150754-3:43686 ] - [ ERROR ]  LoginInterceptor:[null]/memcached/refreshOrder
2017-09-12 16:32:23  [ 31340541@qtp-4150754-3:43687 ] - [ ERROR ]  LoginInterceptor1:/memcached/refreshOrdernull
2017-09-12 16:32:23  [ 31340541@qtp-4150754-3:43687 ] - [ ERROR ]  LoginInterceptor0:7d6f6f97-a988-45a2-a3de-zc8888centro
2017-09-12 16:32:23  [ 31340541@qtp-4150754-3:43687 ] - [ ERROR ]  LoginInterceptor00:com.xinyu.model.system.Account@1c89a54
2017-09-12 16:32:23  [ 31340541@qtp-4150754-3:43687 ] - [ ERROR ]  LoginInterceptor88false|com.xinyu.model.system.Account@1c89a54
2017-09-12 16:32:57  [ 31340541@qtp-4150754-3:77907 ] - [ ERROR ]  ¶©µ¥Ë¢ÐÂ²¹Â¼:3932520632118||{orderInfo=d293cc6f-355a-4a05-8ccc-660b5f713d16||11900.0||idzc16473350942, zpIndex=0, zcIndex=1, 6933859121210=1679d0e1-08e1-4407-a086-896a03c5e4e3-1-ZC}
2017-09-12 16:33:10  [ 9814635@qtp-4150754-4:91248 ] - [ ERROR ]  LoginInterceptor:[null]/memcached/refreshOrder
2017-09-12 16:33:10  [ 9814635@qtp-4150754-4:91248 ] - [ ERROR ]  LoginInterceptor1:/memcached/refreshOrdernull
2017-09-12 16:33:10  [ 9814635@qtp-4150754-4:91248 ] - [ ERROR ]  LoginInterceptor0:7d6f6f97-a988-45a2-a3de-zc8888centro
2017-09-12 16:33:10  [ 9814635@qtp-4150754-4:91248 ] - [ ERROR ]  LoginInterceptor00:com.xinyu.model.system.Account@1c89a54
2017-09-12 16:33:10  [ 9814635@qtp-4150754-4:91249 ] - [ ERROR ]  LoginInterceptor88false|com.xinyu.model.system.Account@1c89a54
2017-09-12 16:33:27  [ 9814635@qtp-4150754-4:107617 ] - [ ERROR ]  ¶©µ¥Ë¢ÐÂ²¹Â¼:9727126545742||{orderInfo=b10f1fab-f3a3-4bbc-90c1-421568ebeab8||10900.0||idzc16473350942, zpIndex=0, zcIndex=1, 6933859150791=3355b02f-93ed-41d7-817a-4a250b05445f-1-ZC}
