2017-09-25 00:00:00  [ pool-1-thread-1:105650335 ] - [ ERROR ]  订单接单
2017-09-25 00:00:00  [ pool-1-thread-1:105650410 ] - [ ERROR ]  订单接单完成！
2017-09-25 00:05:00  [ pool-1-thread-1:105950334 ] - [ ERROR ]  订单接单
2017-09-25 00:05:00  [ pool-1-thread-1:105950395 ] - [ ERROR ]  订单接单完成！
2017-09-25 00:10:00  [ pool-1-thread-1:106250335 ] - [ ERROR ]  订单接单
2017-09-25 00:10:00  [ pool-1-thread-1:106250405 ] - [ ERROR ]  订单接单完成！
2017-09-25 00:15:00  [ pool-1-thread-1:106550334 ] - [ ERROR ]  订单接单
2017-09-25 00:15:00  [ pool-1-thread-1:106550407 ] - [ ERROR ]  订单接单完成！
2017-09-25 00:20:00  [ pool-1-thread-1:106850334 ] - [ ERROR ]  订单接单
2017-09-25 00:20:00  [ pool-1-thread-1:106850400 ] - [ ERROR ]  订单接单完成！
2017-09-25 00:25:00  [ pool-1-thread-1:107150334 ] - [ ERROR ]  订单接单
2017-09-25 00:25:00  [ pool-1-thread-1:107150413 ] - [ ERROR ]  订单接单完成！
2017-09-25 00:30:00  [ pool-1-thread-1:107450335 ] - [ ERROR ]  订单接单
2017-09-25 00:30:00  [ pool-1-thread-1:107450407 ] - [ ERROR ]  订单接单完成！
2017-09-25 00:35:00  [ pool-1-thread-1:107750335 ] - [ ERROR ]  订单接单
2017-09-25 00:35:00  [ pool-1-thread-1:107750422 ] - [ ERROR ]  订单接单完成！
2017-09-25 00:40:00  [ pool-1-thread-1:108050334 ] - [ ERROR ]  订单接单
2017-09-25 00:40:00  [ pool-1-thread-1:108050396 ] - [ ERROR ]  订单接单完成！
2017-09-25 00:45:00  [ pool-1-thread-1:108350335 ] - [ ERROR ]  订单接单
2017-09-25 00:45:00  [ pool-1-thread-1:108350404 ] - [ ERROR ]  订单接单完成！
2017-09-25 00:50:00  [ pool-1-thread-1:108650334 ] - [ ERROR ]  订单接单
2017-09-25 00:50:00  [ pool-1-thread-1:108650396 ] - [ ERROR ]  订单接单完成！
2017-09-25 00:55:00  [ pool-1-thread-1:108950334 ] - [ ERROR ]  订单接单
2017-09-25 00:55:00  [ pool-1-thread-1:108950406 ] - [ ERROR ]  订单接单完成！
2017-09-25 01:00:00  [ pool-1-thread-1:109250336 ] - [ ERROR ]  订单接单
2017-09-25 01:00:00  [ pool-1-thread-1:109250398 ] - [ ERROR ]  订单接单完成！
2017-09-25 01:05:00  [ pool-1-thread-1:109550335 ] - [ ERROR ]  订单接单
2017-09-25 01:05:00  [ pool-1-thread-1:109550408 ] - [ ERROR ]  订单接单完成！
2017-09-25 01:10:00  [ pool-1-thread-1:109850334 ] - [ ERROR ]  订单接单
2017-09-25 01:10:00  [ pool-1-thread-1:109850407 ] - [ ERROR ]  订单接单完成！
2017-09-25 01:15:00  [ pool-1-thread-1:110150334 ] - [ ERROR ]  订单接单
2017-09-25 01:15:00  [ pool-1-thread-1:110150399 ] - [ ERROR ]  订单接单完成！
2017-09-25 01:20:00  [ pool-1-thread-1:110450334 ] - [ ERROR ]  订单接单
2017-09-25 01:20:00  [ pool-1-thread-1:110450409 ] - [ ERROR ]  订单接单完成！
2017-09-25 01:25:00  [ pool-1-thread-1:110750334 ] - [ ERROR ]  订单接单
2017-09-25 01:25:00  [ pool-1-thread-1:110750403 ] - [ ERROR ]  订单接单完成！
2017-09-25 01:30:00  [ pool-1-thread-1:111050334 ] - [ ERROR ]  订单接单
2017-09-25 01:30:00  [ pool-1-thread-1:111050414 ] - [ ERROR ]  订单接单完成！
2017-09-25 01:35:00  [ pool-1-thread-1:111350336 ] - [ ERROR ]  订单接单
2017-09-25 01:35:00  [ pool-1-thread-1:111350400 ] - [ ERROR ]  订单接单完成！
2017-09-25 01:40:00  [ pool-1-thread-1:111650334 ] - [ ERROR ]  订单接单
2017-09-25 01:40:00  [ pool-1-thread-1:111650398 ] - [ ERROR ]  订单接单完成！
2017-09-25 01:45:00  [ pool-1-thread-1:111950335 ] - [ ERROR ]  订单接单
2017-09-25 01:45:00  [ pool-1-thread-1:111950397 ] - [ ERROR ]  订单接单完成！
2017-09-25 01:50:00  [ pool-1-thread-1:112250334 ] - [ ERROR ]  订单接单
2017-09-25 01:50:00  [ pool-1-thread-1:112250398 ] - [ ERROR ]  订单接单完成！
2017-09-25 01:55:00  [ pool-1-thread-1:112550334 ] - [ ERROR ]  订单接单
2017-09-25 01:55:00  [ pool-1-thread-1:112550394 ] - [ ERROR ]  订单接单完成！
2017-09-25 02:00:00  [ pool-1-thread-1:112850335 ] - [ ERROR ]  订单接单
2017-09-25 02:00:00  [ pool-1-thread-1:112850408 ] - [ ERROR ]  订单接单完成！
2017-09-25 02:05:00  [ pool-1-thread-1:113150335 ] - [ ERROR ]  订单接单
2017-09-25 02:05:00  [ pool-1-thread-1:113150404 ] - [ ERROR ]  订单接单完成！
2017-09-25 02:10:00  [ pool-1-thread-1:113450335 ] - [ ERROR ]  订单接单
2017-09-25 02:10:00  [ pool-1-thread-1:113450413 ] - [ ERROR ]  订单接单完成！
2017-09-25 02:15:00  [ pool-1-thread-1:113750335 ] - [ ERROR ]  订单接单
2017-09-25 02:15:00  [ pool-1-thread-1:113750416 ] - [ ERROR ]  订单接单完成！
2017-09-25 02:20:00  [ pool-1-thread-1:114050335 ] - [ ERROR ]  订单接单
2017-09-25 02:20:00  [ pool-1-thread-1:114050401 ] - [ ERROR ]  订单接单完成！
2017-09-25 02:25:00  [ pool-1-thread-1:114350334 ] - [ ERROR ]  订单接单
2017-09-25 02:25:00  [ pool-1-thread-1:114350407 ] - [ ERROR ]  订单接单完成！
2017-09-25 02:30:00  [ pool-1-thread-1:114650334 ] - [ ERROR ]  订单接单
2017-09-25 02:30:00  [ pool-1-thread-1:114650400 ] - [ ERROR ]  订单接单完成！
2017-09-25 02:35:00  [ pool-1-thread-1:114950335 ] - [ ERROR ]  订单接单
2017-09-25 02:35:00  [ pool-1-thread-1:114950397 ] - [ ERROR ]  订单接单完成！
2017-09-25 02:40:00  [ pool-1-thread-1:115250334 ] - [ ERROR ]  订单接单
2017-09-25 02:40:00  [ pool-1-thread-1:115250409 ] - [ ERROR ]  订单接单完成！
2017-09-25 02:45:00  [ pool-1-thread-1:115550334 ] - [ ERROR ]  订单接单
2017-09-25 02:45:00  [ pool-1-thread-1:115550405 ] - [ ERROR ]  订单接单完成！
2017-09-25 02:50:00  [ pool-1-thread-1:115850334 ] - [ ERROR ]  订单接单
2017-09-25 02:50:00  [ pool-1-thread-1:115850406 ] - [ ERROR ]  订单接单完成！
2017-09-25 02:55:00  [ pool-1-thread-1:116150334 ] - [ ERROR ]  订单接单
2017-09-25 02:55:00  [ pool-1-thread-1:116150401 ] - [ ERROR ]  订单接单完成！
2017-09-25 03:00:00  [ pool-1-thread-1:116450335 ] - [ ERROR ]  订单接单
2017-09-25 03:00:00  [ pool-1-thread-1:116450395 ] - [ ERROR ]  订单接单完成！
2017-09-25 03:05:00  [ pool-1-thread-1:116750334 ] - [ ERROR ]  订单接单
2017-09-25 03:05:00  [ pool-1-thread-1:116750407 ] - [ ERROR ]  订单接单完成！
2017-09-25 03:10:00  [ pool-1-thread-1:117050336 ] - [ ERROR ]  订单接单
2017-09-25 03:10:00  [ pool-1-thread-1:117050403 ] - [ ERROR ]  订单接单完成！
2017-09-25 03:15:00  [ pool-1-thread-1:117350334 ] - [ ERROR ]  订单接单
2017-09-25 03:15:00  [ pool-1-thread-1:117350395 ] - [ ERROR ]  订单接单完成！
2017-09-25 03:20:00  [ pool-1-thread-1:117650334 ] - [ ERROR ]  订单接单
2017-09-25 03:20:00  [ pool-1-thread-1:117650405 ] - [ ERROR ]  订单接单完成！
2017-09-25 03:25:00  [ pool-1-thread-1:117950335 ] - [ ERROR ]  订单接单
2017-09-25 03:25:00  [ pool-1-thread-1:117950394 ] - [ ERROR ]  订单接单完成！
2017-09-25 03:30:00  [ pool-1-thread-1:118250334 ] - [ ERROR ]  订单接单
2017-09-25 03:30:00  [ pool-1-thread-1:118250409 ] - [ ERROR ]  订单接单完成！
2017-09-25 03:35:00  [ pool-1-thread-1:118550334 ] - [ ERROR ]  订单接单
2017-09-25 03:35:00  [ pool-1-thread-1:118550399 ] - [ ERROR ]  订单接单完成！
2017-09-25 03:40:00  [ pool-1-thread-1:118850336 ] - [ ERROR ]  订单接单
2017-09-25 03:40:00  [ pool-1-thread-1:118850396 ] - [ ERROR ]  订单接单完成！
2017-09-25 03:45:00  [ pool-1-thread-1:119150334 ] - [ ERROR ]  订单接单
2017-09-25 03:45:00  [ pool-1-thread-1:119150414 ] - [ ERROR ]  订单接单完成！
2017-09-25 03:50:00  [ pool-1-thread-1:119450334 ] - [ ERROR ]  订单接单
2017-09-25 03:50:00  [ pool-1-thread-1:119450395 ] - [ ERROR ]  订单接单完成！
2017-09-25 03:55:00  [ pool-1-thread-1:119750335 ] - [ ERROR ]  订单接单
2017-09-25 03:55:00  [ pool-1-thread-1:119750394 ] - [ ERROR ]  订单接单完成！
2017-09-25 04:00:00  [ pool-1-thread-1:120050334 ] - [ ERROR ]  订单接单
2017-09-25 04:00:00  [ pool-1-thread-1:120050399 ] - [ ERROR ]  订单接单完成！
2017-09-25 04:05:00  [ pool-1-thread-1:120350334 ] - [ ERROR ]  订单接单
2017-09-25 04:05:00  [ pool-1-thread-1:120350402 ] - [ ERROR ]  订单接单完成！
2017-09-25 04:10:00  [ pool-1-thread-1:120650335 ] - [ ERROR ]  订单接单
2017-09-25 04:10:00  [ pool-1-thread-1:120650406 ] - [ ERROR ]  订单接单完成！
2017-09-25 04:15:00  [ pool-1-thread-1:120950334 ] - [ ERROR ]  订单接单
2017-09-25 04:15:00  [ pool-1-thread-1:120950402 ] - [ ERROR ]  订单接单完成！
2017-09-25 04:20:00  [ pool-1-thread-1:121250335 ] - [ ERROR ]  订单接单
2017-09-25 04:20:00  [ pool-1-thread-1:121250418 ] - [ ERROR ]  订单接单完成！
2017-09-25 04:25:00  [ pool-1-thread-1:121550335 ] - [ ERROR ]  订单接单
2017-09-25 04:25:00  [ pool-1-thread-1:121550400 ] - [ ERROR ]  订单接单完成！
2017-09-25 04:30:00  [ pool-1-thread-1:121850334 ] - [ ERROR ]  订单接单
2017-09-25 04:30:00  [ pool-1-thread-1:121850405 ] - [ ERROR ]  订单接单完成！
2017-09-25 04:35:00  [ pool-1-thread-1:122150334 ] - [ ERROR ]  订单接单
2017-09-25 04:35:00  [ pool-1-thread-1:122150402 ] - [ ERROR ]  订单接单完成！
2017-09-25 04:40:00  [ pool-1-thread-1:122450336 ] - [ ERROR ]  订单接单
2017-09-25 04:40:00  [ pool-1-thread-1:122450411 ] - [ ERROR ]  订单接单完成！
2017-09-25 04:45:00  [ pool-1-thread-1:122750335 ] - [ ERROR ]  订单接单
2017-09-25 04:45:00  [ pool-1-thread-1:122750393 ] - [ ERROR ]  订单接单完成！
2017-09-25 04:50:00  [ pool-1-thread-1:123050334 ] - [ ERROR ]  订单接单
2017-09-25 04:50:00  [ pool-1-thread-1:123050412 ] - [ ERROR ]  订单接单完成！
2017-09-25 04:55:00  [ pool-1-thread-1:123350334 ] - [ ERROR ]  订单接单
2017-09-25 04:55:00  [ pool-1-thread-1:123350404 ] - [ ERROR ]  订单接单完成！
2017-09-25 05:00:00  [ pool-1-thread-1:123650334 ] - [ ERROR ]  订单接单
2017-09-25 05:00:00  [ pool-1-thread-1:123650400 ] - [ ERROR ]  订单接单完成！
2017-09-25 05:05:00  [ pool-1-thread-1:123950334 ] - [ ERROR ]  订单接单
2017-09-25 05:05:00  [ pool-1-thread-1:123950409 ] - [ ERROR ]  订单接单完成！
2017-09-25 05:10:00  [ pool-1-thread-1:124250334 ] - [ ERROR ]  订单接单
2017-09-25 05:10:00  [ pool-1-thread-1:124250410 ] - [ ERROR ]  订单接单完成！
2017-09-25 05:15:00  [ pool-1-thread-1:124550336 ] - [ ERROR ]  订单接单
2017-09-25 05:15:00  [ pool-1-thread-1:124550405 ] - [ ERROR ]  订单接单完成！
2017-09-25 05:20:00  [ pool-1-thread-1:124850334 ] - [ ERROR ]  订单接单
2017-09-25 05:20:00  [ pool-1-thread-1:124850409 ] - [ ERROR ]  订单接单完成！
2017-09-25 05:25:00  [ pool-1-thread-1:125150333 ] - [ ERROR ]  订单接单
2017-09-25 05:25:00  [ pool-1-thread-1:125150412 ] - [ ERROR ]  订单接单完成！
2017-09-25 05:30:00  [ pool-1-thread-1:125450334 ] - [ ERROR ]  订单接单
2017-09-25 05:30:00  [ pool-1-thread-1:125450400 ] - [ ERROR ]  订单接单完成！
2017-09-25 05:35:00  [ pool-1-thread-1:125750335 ] - [ ERROR ]  订单接单
2017-09-25 05:35:00  [ pool-1-thread-1:125750402 ] - [ ERROR ]  订单接单完成！
2017-09-25 05:40:00  [ pool-1-thread-1:126050335 ] - [ ERROR ]  订单接单
2017-09-25 05:40:00  [ pool-1-thread-1:126050407 ] - [ ERROR ]  订单接单完成！
2017-09-25 05:45:00  [ pool-1-thread-1:126350336 ] - [ ERROR ]  订单接单
2017-09-25 05:45:00  [ pool-1-thread-1:126350407 ] - [ ERROR ]  订单接单完成！
2017-09-25 05:50:00  [ pool-1-thread-1:126650334 ] - [ ERROR ]  订单接单
2017-09-25 05:50:00  [ pool-1-thread-1:126650401 ] - [ ERROR ]  订单接单完成！
2017-09-25 05:55:00  [ pool-1-thread-1:126950335 ] - [ ERROR ]  订单接单
2017-09-25 05:55:00  [ pool-1-thread-1:126950401 ] - [ ERROR ]  订单接单完成！
2017-09-25 06:00:00  [ pool-1-thread-1:127250335 ] - [ ERROR ]  订单接单
2017-09-25 06:00:00  [ pool-1-thread-1:127250401 ] - [ ERROR ]  订单接单完成！
2017-09-25 06:05:00  [ pool-1-thread-1:127550334 ] - [ ERROR ]  订单接单
2017-09-25 06:05:00  [ pool-1-thread-1:127550406 ] - [ ERROR ]  订单接单完成！
2017-09-25 06:10:00  [ pool-1-thread-1:127850334 ] - [ ERROR ]  订单接单
2017-09-25 06:10:00  [ pool-1-thread-1:127850405 ] - [ ERROR ]  订单接单完成！
2017-09-25 06:15:00  [ pool-1-thread-1:128150336 ] - [ ERROR ]  订单接单
2017-09-25 06:15:00  [ pool-1-thread-1:128150403 ] - [ ERROR ]  订单接单完成！
2017-09-25 06:20:00  [ pool-1-thread-1:128450336 ] - [ ERROR ]  订单接单
2017-09-25 06:20:00  [ pool-1-thread-1:128450395 ] - [ ERROR ]  订单接单完成！
2017-09-25 06:25:00  [ pool-1-thread-1:128750334 ] - [ ERROR ]  订单接单
2017-09-25 06:25:00  [ pool-1-thread-1:128750403 ] - [ ERROR ]  订单接单完成！
2017-09-25 06:30:00  [ pool-1-thread-1:129050334 ] - [ ERROR ]  订单接单
2017-09-25 06:30:00  [ pool-1-thread-1:129050410 ] - [ ERROR ]  订单接单完成！
2017-09-25 06:35:00  [ pool-1-thread-1:129350335 ] - [ ERROR ]  订单接单
2017-09-25 06:35:00  [ pool-1-thread-1:129350414 ] - [ ERROR ]  订单接单完成！
2017-09-25 06:40:00  [ pool-1-thread-1:129650334 ] - [ ERROR ]  订单接单
2017-09-25 06:40:00  [ pool-1-thread-1:129650397 ] - [ ERROR ]  订单接单完成！
2017-09-25 06:45:00  [ pool-1-thread-1:129950334 ] - [ ERROR ]  订单接单
2017-09-25 06:45:00  [ pool-1-thread-1:129950397 ] - [ ERROR ]  订单接单完成！
2017-09-25 06:50:00  [ pool-1-thread-1:130250335 ] - [ ERROR ]  订单接单
2017-09-25 06:50:00  [ pool-1-thread-1:130250398 ] - [ ERROR ]  订单接单完成！
2017-09-25 06:55:00  [ pool-1-thread-1:130550335 ] - [ ERROR ]  订单接单
2017-09-25 06:55:00  [ pool-1-thread-1:130550399 ] - [ ERROR ]  订单接单完成！
2017-09-25 07:00:00  [ pool-1-thread-1:130850334 ] - [ ERROR ]  订单接单
2017-09-25 07:00:00  [ pool-1-thread-1:130850404 ] - [ ERROR ]  订单接单完成！
2017-09-25 07:05:00  [ pool-1-thread-1:131150334 ] - [ ERROR ]  订单接单
2017-09-25 07:05:00  [ pool-1-thread-1:131150401 ] - [ ERROR ]  订单接单完成！
2017-09-25 07:10:00  [ pool-1-thread-1:131450334 ] - [ ERROR ]  订单接单
2017-09-25 07:10:00  [ pool-1-thread-1:131450403 ] - [ ERROR ]  订单接单完成！
2017-09-25 07:15:00  [ pool-1-thread-1:131750334 ] - [ ERROR ]  订单接单
2017-09-25 07:15:00  [ pool-1-thread-1:131750414 ] - [ ERROR ]  订单接单完成！
2017-09-25 07:20:00  [ pool-1-thread-1:132050335 ] - [ ERROR ]  订单接单
2017-09-25 07:20:00  [ pool-1-thread-1:132050412 ] - [ ERROR ]  订单接单完成！
2017-09-25 07:25:00  [ pool-1-thread-1:132350334 ] - [ ERROR ]  订单接单
2017-09-25 07:25:00  [ pool-1-thread-1:132350405 ] - [ ERROR ]  订单接单完成！
2017-09-25 07:30:00  [ pool-1-thread-1:132650335 ] - [ ERROR ]  订单接单
2017-09-25 07:30:00  [ pool-1-thread-1:132650405 ] - [ ERROR ]  订单接单完成！
2017-09-25 07:35:00  [ pool-1-thread-1:132950334 ] - [ ERROR ]  订单接单
2017-09-25 07:35:00  [ pool-1-thread-1:132950412 ] - [ ERROR ]  订单接单完成！
2017-09-25 07:40:00  [ pool-1-thread-1:133250334 ] - [ ERROR ]  订单接单
2017-09-25 07:40:00  [ pool-1-thread-1:133250408 ] - [ ERROR ]  订单接单完成！
2017-09-25 07:45:00  [ pool-1-thread-1:133550335 ] - [ ERROR ]  订单接单
2017-09-25 07:45:00  [ pool-1-thread-1:133550406 ] - [ ERROR ]  订单接单完成！
2017-09-25 07:50:00  [ pool-1-thread-1:133850335 ] - [ ERROR ]  订单接单
2017-09-25 07:50:00  [ pool-1-thread-1:133850410 ] - [ ERROR ]  订单接单完成！
2017-09-25 07:55:00  [ pool-1-thread-1:134150335 ] - [ ERROR ]  订单接单
2017-09-25 07:55:00  [ pool-1-thread-1:134150409 ] - [ ERROR ]  订单接单完成！
2017-09-25 08:00:00  [ pool-1-thread-1:134450334 ] - [ ERROR ]  订单接单
2017-09-25 08:00:00  [ pool-1-thread-1:134450411 ] - [ ERROR ]  订单接单完成！
2017-09-25 08:05:00  [ pool-1-thread-1:134750334 ] - [ ERROR ]  订单接单
2017-09-25 08:05:00  [ pool-1-thread-1:134750398 ] - [ ERROR ]  订单接单完成！
2017-09-25 08:10:00  [ pool-1-thread-1:135050334 ] - [ ERROR ]  订单接单
2017-09-25 08:10:00  [ pool-1-thread-1:135050408 ] - [ ERROR ]  订单接单完成！
2017-09-25 08:15:00  [ pool-1-thread-1:135350334 ] - [ ERROR ]  订单接单
2017-09-25 08:15:00  [ pool-1-thread-1:135350396 ] - [ ERROR ]  订单接单完成！
2017-09-25 08:20:00  [ pool-1-thread-1:135650336 ] - [ ERROR ]  订单接单
2017-09-25 08:20:00  [ pool-1-thread-1:135650398 ] - [ ERROR ]  订单接单完成！
2017-09-25 08:25:00  [ pool-1-thread-1:135950334 ] - [ ERROR ]  订单接单
2017-09-25 08:25:00  [ pool-1-thread-1:135950416 ] - [ ERROR ]  订单接单完成！
2017-09-25 08:30:00  [ pool-1-thread-1:136250334 ] - [ ERROR ]  订单接单
2017-09-25 08:30:00  [ pool-1-thread-1:136250399 ] - [ ERROR ]  订单接单完成！
2017-09-25 08:35:00  [ pool-1-thread-1:136550334 ] - [ ERROR ]  订单接单
2017-09-25 08:35:00  [ pool-1-thread-1:136550405 ] - [ ERROR ]  订单接单完成！
2017-09-25 08:40:00  [ pool-1-thread-1:136850334 ] - [ ERROR ]  订单接单
2017-09-25 08:40:00  [ pool-1-thread-1:136850398 ] - [ ERROR ]  订单接单完成！
2017-09-25 08:45:00  [ pool-1-thread-1:137150334 ] - [ ERROR ]  订单接单
2017-09-25 08:45:00  [ pool-1-thread-1:137150401 ] - [ ERROR ]  订单接单完成！
2017-09-25 08:50:00  [ pool-1-thread-1:137450334 ] - [ ERROR ]  订单接单
2017-09-25 08:50:00  [ pool-1-thread-1:137450406 ] - [ ERROR ]  订单接单完成！
2017-09-25 08:55:00  [ pool-1-thread-1:137750335 ] - [ ERROR ]  订单接单
2017-09-25 08:55:00  [ pool-1-thread-1:137750775 ] - [ ERROR ]  订单ID1895e681-16c5-4739-88dc-7cb36d77ef5b
2017-09-25 08:55:00  [ pool-1-thread-1:137751005 ] - [ ERROR ]  订单ID701eff92-0021-4c92-8a15-c305ed8ffb32
2017-09-25 08:55:00  [ pool-1-thread-1:137751324 ] - [ ERROR ]  订单ID1dd75267-fb1c-4ae4-af77-96570cc5b78d
2017-09-25 08:55:01  [ pool-1-thread-1:137751547 ] - [ ERROR ]  订单ID48860294-0da3-4a08-b9a5-d8960a83510d
2017-09-25 08:55:01  [ pool-1-thread-1:137751781 ] - [ ERROR ]  订单ID5a68eb81-fc1c-4c4a-b82e-1756bd4b4f99
2017-09-25 08:55:01  [ pool-1-thread-1:137752041 ] - [ ERROR ]  订单IDcea9a56b-e94d-4fd9-b16e-a4dd5e3bd56b
2017-09-25 08:55:01  [ pool-1-thread-1:137752276 ] - [ ERROR ]  订单ID5477281d-3d1d-4f67-af6a-98469574a557
2017-09-25 08:55:02  [ pool-1-thread-1:137752512 ] - [ ERROR ]  订单IDe8f7c359-5c67-4d54-9d1f-fb03b4a0fca1
2017-09-25 08:55:02  [ pool-1-thread-1:137752757 ] - [ ERROR ]  订单ID2c77a989-69dc-43e1-a259-6694c92b1b06
2017-09-25 08:55:02  [ pool-1-thread-1:137752986 ] - [ ERROR ]  订单ID604d0e13-135b-468e-b891-62ae30616056
2017-09-25 08:55:02  [ pool-1-thread-1:137753220 ] - [ ERROR ]  订单IDfaa1da61-38d2-4612-8f98-040b61bbd66f
2017-09-25 08:55:03  [ pool-1-thread-1:137753452 ] - [ ERROR ]  订单ID251e4d03-e7cf-4980-8d3a-8968a2146f40
2017-09-25 08:55:03  [ pool-1-thread-1:137753943 ] - [ ERROR ]  订单ID9e4f16be-71e1-4d8e-87d9-68bee484a0d3
2017-09-25 08:55:03  [ pool-1-thread-1:137754167 ] - [ ERROR ]  订单IDff063131-dda1-48cb-afad-1f48f22367c6
2017-09-25 08:55:04  [ pool-1-thread-1:137754404 ] - [ ERROR ]  订单ID88f81ba5-88d2-488a-8d00-0640dbb67703
2017-09-25 08:55:04  [ pool-1-thread-1:137754656 ] - [ ERROR ]  订单ID5c1f7b2e-80dd-4c6e-bcf0-68587f0d3031
2017-09-25 08:55:04  [ pool-1-thread-1:137754889 ] - [ ERROR ]  订单ID11b53514-fc83-41c3-8395-035c64fffeef
2017-09-25 08:55:04  [ pool-1-thread-1:137755125 ] - [ ERROR ]  订单ID51d16e9e-6823-4e85-bee8-f90bae852fd4
2017-09-25 08:55:05  [ pool-1-thread-1:137755357 ] - [ ERROR ]  订单IDf3fe83ec-0dc9-4d6e-93ce-462e35ae4942
2017-09-25 08:55:05  [ pool-1-thread-1:137755608 ] - [ ERROR ]  订单IDed7a4d41-28cc-4595-81a0-8a3dea7297b0
2017-09-25 08:55:05  [ pool-1-thread-1:137755856 ] - [ ERROR ]  订单ID9d4059a2-ac4f-464d-9f84-912f5dc09856
2017-09-25 08:55:05  [ pool-1-thread-1:137756063 ] - [ ERROR ]  订单ID32419926-d8ca-4ba4-8917-a747fb1efe7a
2017-09-25 08:55:05  [ pool-1-thread-1:137756272 ] - [ ERROR ]  订单ID0a6d191c-72f7-450a-92f3-156c9492c1b8
2017-09-25 08:55:06  [ pool-1-thread-1:137756481 ] - [ ERROR ]  订单ID5754c09d-75d3-49f9-82c3-11ede93d8059
2017-09-25 08:55:06  [ pool-1-thread-1:137756709 ] - [ ERROR ]  订单IDad9d02c6-111a-4221-a38c-911d50e51a5f
2017-09-25 08:55:06  [ pool-1-thread-1:137756770 ] - [ ERROR ]  不存在的订单！ORDER_ACCEPT51beb49c-99af-47b1-b3b1-62b076ef61e9
2017-09-25 08:55:06  [ pool-1-thread-1:137757018 ] - [ ERROR ]  订单IDa14f0c61-c08c-4605-96e4-bbef84c68b26
2017-09-25 08:55:06  [ pool-1-thread-1:137757018 ] - [ ERROR ]  订单接单完成！
2017-09-25 09:00:00  [ pool-1-thread-1:138050335 ] - [ ERROR ]  订单接单
2017-09-25 09:00:00  [ pool-1-thread-1:138050704 ] - [ ERROR ]  订单ID5ef2ed51-0caa-490a-a487-d775ba8be1cd
2017-09-25 09:00:00  [ pool-1-thread-1:138050908 ] - [ ERROR ]  订单ID14c4a85d-3b5e-4f81-b98e-6c967137b8dc
2017-09-25 09:00:00  [ pool-1-thread-1:138051168 ] - [ ERROR ]  订单IDdd2aacb5-4f02-4d1e-bf6c-49bbf7784b1f
2017-09-25 09:00:01  [ pool-1-thread-1:138051388 ] - [ ERROR ]  订单IDe20ec7ea-77ec-4015-b54d-1b433099fd10
2017-09-25 09:00:01  [ pool-1-thread-1:138051672 ] - [ ERROR ]  订单IDf98d4ee7-2bd4-41b9-8764-1569496ff504
2017-09-25 09:00:01  [ pool-1-thread-1:138051944 ] - [ ERROR ]  订单IDfb1f1966-9142-4aef-8191-66c900017527
2017-09-25 09:00:01  [ pool-1-thread-1:138052134 ] - [ ERROR ]  订单IDdad36230-c04d-4407-899b-8170203130b7
2017-09-25 09:00:01  [ pool-1-thread-1:138052134 ] - [ ERROR ]  订单接单完成！
2017-09-25 09:05:00  [ pool-1-thread-1:138350334 ] - [ ERROR ]  订单接单
2017-09-25 09:05:00  [ pool-1-thread-1:138350718 ] - [ ERROR ]  订单ID71052a22-0f99-4640-a963-f6eba26e735a
2017-09-25 09:05:00  [ pool-1-thread-1:138350718 ] - [ ERROR ]  订单接单完成！
2017-09-25 09:10:00  [ pool-1-thread-1:138650335 ] - [ ERROR ]  订单接单
2017-09-25 09:10:00  [ pool-1-thread-1:138650699 ] - [ ERROR ]  订单IDdffa906a-4355-45b9-a237-71e2eb584499
2017-09-25 09:10:00  [ pool-1-thread-1:138650909 ] - [ ERROR ]  订单IDdfcdad6e-5c13-4948-beda-7168e8ddc634
2017-09-25 09:10:00  [ pool-1-thread-1:138651178 ] - [ ERROR ]  订单ID3bf4c540-23ac-4f18-8dee-f7eaaba5a7ca
2017-09-25 09:10:00  [ pool-1-thread-1:138651178 ] - [ ERROR ]  订单接单完成！
