2017-09-30 11:35:00  [ pool-1-thread-1:9913 ] - [ ERROR ]  订单接单
2017-09-30 11:35:04  [ pool-1-thread-1:14097 ] - [ ERROR ]  订单IDc49b0770-b6c8-4151-aca2-bcfaf1dae817
2017-09-30 11:35:04  [ pool-1-thread-1:14302 ] - [ ERROR ]  订单IDa8462ed2-7703-46f0-9164-c2c3181530fc
2017-09-30 11:35:04  [ pool-1-thread-1:14511 ] - [ ERROR ]  订单IDe75dcfc0-f326-4193-a6b5-e337956ce1e3
2017-09-30 11:35:04  [ pool-1-thread-1:14731 ] - [ ERROR ]  订单ID8272adb1-e331-4636-ac43-f24dc422eb39
2017-09-30 11:35:05  [ pool-1-thread-1:14960 ] - [ ERROR ]  订单ID8376620f-4708-4026-a89a-b210ca8dc7c0
2017-09-30 11:35:05  [ pool-1-thread-1:15195 ] - [ ERROR ]  订单ID6af339f5-bb50-4699-8d4f-20854e2464b6
2017-09-30 11:35:05  [ pool-1-thread-1:15425 ] - [ ERROR ]  订单IDaadfa505-c4c3-478f-929a-8ce56106b727
2017-09-30 11:35:05  [ pool-1-thread-1:15636 ] - [ ERROR ]  订单IDb843e3a1-18c8-437e-b3b4-702a6a1d7739
2017-09-30 11:35:05  [ pool-1-thread-1:15840 ] - [ ERROR ]  订单ID77a0b838-2118-4f63-a4a1-6364837f1b71
2017-09-30 11:35:06  [ pool-1-thread-1:16062 ] - [ ERROR ]  订单IDe473d765-7903-4788-b9d1-a9b38d669b5d
2017-09-30 11:35:06  [ pool-1-thread-1:16263 ] - [ ERROR ]  订单ID3b249d5d-3cfe-4c11-81ed-7db7d5802e9f
2017-09-30 11:35:06  [ pool-1-thread-1:16564 ] - [ ERROR ]  订单ID7fd91ba7-caf4-492f-b1fb-70932ac9f3b7
2017-09-30 11:35:06  [ pool-1-thread-1:16807 ] - [ ERROR ]  订单IDe33d614d-b6fe-4db2-87d0-4eb3a85e972d
2017-09-30 11:35:07  [ pool-1-thread-1:17016 ] - [ ERROR ]  订单IDb133a133-908b-416c-a338-9419f4963d0e
2017-09-30 11:35:07  [ pool-1-thread-1:17240 ] - [ ERROR ]  订单ID313688df-febf-4bbb-963c-07a6cf877943
2017-09-30 11:35:07  [ pool-1-thread-1:17456 ] - [ ERROR ]  订单ID5f1a5089-6ae7-427e-b442-73663174ac03
2017-09-30 11:35:07  [ pool-1-thread-1:17508 ] - [ ERROR ]  不存在的订单！ORDER_ACCEPTaea01bbb-0cd4-4b63-bf04-5c624f6e9062
2017-09-30 11:35:07  [ pool-1-thread-1:17565 ] - [ ERROR ]  不存在的订单！ORDER_ACCEPT97757bd1-a632-461f-86b3-86a2a6ad53b1
2017-09-30 11:35:07  [ pool-1-thread-1:17620 ] - [ ERROR ]  不存在的订单！ORDER_ACCEPT4f12e7fd-4343-4279-8d78-2b8eacbf5b5b
2017-09-30 11:35:07  [ pool-1-thread-1:17678 ] - [ ERROR ]  不存在的订单！ORDER_ACCEPTb94121c2-7c9e-4b10-a8f6-05d199094349
2017-09-30 11:35:07  [ pool-1-thread-1:17685 ] - [ ERROR ]  订单接单完成！
2017-09-30 11:35:07  [ pool-1-thread-1:17686 ] - [ ERROR ]  拒单操作开始!
2017-09-30 11:35:07  [ pool-1-thread-1:17775 ] - [ ERROR ]  拒单操作结束!
2017-09-30 11:35:17  [ 29931245@qtp-9104649-2:27556 ] - [ ERROR ]  LoginInterceptor:[null]/index
2017-09-30 11:35:17  [ 29931245@qtp-9104649-2:27561 ] - [ ERROR ]  LoginInterceptor1:/indexnull
2017-09-30 11:35:17  [ 29931245@qtp-9104649-2:27561 ] - [ ERROR ]  LoginInterceptor00:null
2017-09-30 11:35:17  [ 29931245@qtp-9104649-2:27574 ] - [ ERROR ]  LoginInterceptor:[null]/login
2017-09-30 11:35:22  [ 29931245@qtp-9104649-2:32262 ] - [ ERROR ]  LoginInterceptor:[XMLHttpRequest]/login/submitLogin
2017-09-30 11:35:22  [ 29931245@qtp-9104649-2:32311 ] - [ ERROR ]  account dao impl logger!
2017-09-30 11:35:22  [ 29931245@qtp-9104649-2:32387 ] - [ ERROR ]  SELECT T.*
		FROM t_xinyu_account T where 1=1
2017-09-30 11:35:22  [ 29931245@qtp-9104649-2:32444 ] - [ ERROR ]  LoginInterceptor:[null]/index
2017-09-30 11:35:22  [ 29931245@qtp-9104649-2:32444 ] - [ ERROR ]  LoginInterceptor1:/indexcom.xinyu.model.system.Account@124971e
2017-09-30 11:35:26  [ 14355489@qtp-9104649-4:36340 ] - [ ERROR ]  LoginInterceptor:[null]/redis/checkOutDb
2017-09-30 11:40:00  [ pool-1-thread-1:309919 ] - [ ERROR ]  拒单操作开始!
2017-09-30 11:40:00  [ pool-1-thread-1:310017 ] - [ ERROR ]  拒单操作结束!
2017-09-30 11:40:00  [ pool-1-thread-1:310018 ] - [ ERROR ]  订单接单
2017-09-30 11:40:00  [ pool-1-thread-1:310624 ] - [ ERROR ]  订单ID12fcc5ce-5cef-4053-af47-c7c6969ffd12
2017-09-30 11:40:00  [ pool-1-thread-1:310849 ] - [ ERROR ]  订单IDb7d2e470-7aa4-4e0c-8342-b63627b4acf4
2017-09-30 11:40:01  [ pool-1-thread-1:311236 ] - [ ERROR ]  订单IDd7f15b48-36f1-441e-918e-24f89e335fe9
2017-09-30 11:40:01  [ pool-1-thread-1:311459 ] - [ ERROR ]  订单IDb144c53e-417f-4971-b800-a9572e283cd0
2017-09-30 11:40:01  [ pool-1-thread-1:311682 ] - [ ERROR ]  订单ID2b6f1ce5-e860-4f43-8a46-e7aad748407d
2017-09-30 11:40:02  [ pool-1-thread-1:311911 ] - [ ERROR ]  订单IDdb02569c-ee4b-4671-890d-1cca0e98338a
2017-09-30 11:40:02  [ pool-1-thread-1:312187 ] - [ ERROR ]  订单IDbb03b7d7-4548-4a5d-8f73-ce402f83d95a
2017-09-30 11:40:02  [ pool-1-thread-1:312448 ] - [ ERROR ]  订单ID08e9f675-05d5-4aa4-a8f0-4943fee8bd11
2017-09-30 11:40:02  [ pool-1-thread-1:312679 ] - [ ERROR ]  订单ID11388db6-ee36-4e4f-83d2-7ff89c3f59d5
2017-09-30 11:40:03  [ pool-1-thread-1:313010 ] - [ ERROR ]  订单IDe1425db6-1d20-4bde-af5d-e320ab4cb5bb
2017-09-30 11:40:03  [ pool-1-thread-1:313224 ] - [ ERROR ]  订单IDd314c068-5041-4d6c-b16e-c8621e9f5c17
2017-09-30 11:40:03  [ pool-1-thread-1:313441 ] - [ ERROR ]  订单ID43f72f7d-d867-4c5d-ab1e-c5d161824c1f
2017-09-30 11:40:03  [ pool-1-thread-1:313684 ] - [ ERROR ]  订单IDba438e08-05d3-4aa3-8035-7f6273eac02e
2017-09-30 11:40:04  [ pool-1-thread-1:313911 ] - [ ERROR ]  订单IDd07fd582-7f80-4cc2-a30e-a26dc9bf783d
2017-09-30 11:40:04  [ pool-1-thread-1:314143 ] - [ ERROR ]  订单ID994ae68e-4b0f-43af-9bbe-20b62a1d1964
2017-09-30 11:40:04  [ pool-1-thread-1:314351 ] - [ ERROR ]  订单ID48a44e28-5b38-4632-ae98-142b5a007662
2017-09-30 11:40:05  [ pool-1-thread-1:314939 ] - [ ERROR ]  订单ID956e35ff-15a8-42d9-8b38-fcde7eb8d5c9
2017-09-30 11:40:06  [ pool-1-thread-1:316039 ] - [ ERROR ]  订单ID572004a0-a1ed-49e1-99c4-b3a3929e9860
2017-09-30 11:40:06  [ pool-1-thread-1:316263 ] - [ ERROR ]  订单IDe2c1d713-0608-41a9-b1e1-8eae1a50f02f
2017-09-30 11:40:06  [ pool-1-thread-1:316509 ] - [ ERROR ]  订单ID59ffc079-9766-4550-9b47-3b8f54033607
2017-09-30 11:40:06  [ pool-1-thread-1:316779 ] - [ ERROR ]  订单IDdbc78dff-d707-4b39-b5f1-d200b80aaee4
2017-09-30 11:40:07  [ pool-1-thread-1:317117 ] - [ ERROR ]  订单ID498971a2-836d-4323-9ce8-7f592be0f958
2017-09-30 11:40:07  [ pool-1-thread-1:317374 ] - [ ERROR ]  订单ID2a995e2c-aa97-4ac9-abe0-a5cb8af3fba5
2017-09-30 11:40:07  [ pool-1-thread-1:317577 ] - [ ERROR ]  订单ID0ce6582a-dcd7-4517-92ac-5d98dcf05844
2017-09-30 11:40:07  [ pool-1-thread-1:317640 ] - [ ERROR ]  不存在的订单！ORDER_ACCEPT7a3a9bc8-f1e9-4454-b602-b2153f15682e
2017-09-30 11:40:07  [ pool-1-thread-1:317873 ] - [ ERROR ]  订单IDeda418db-6cc5-415d-aac2-043bdf70a13e
2017-09-30 11:40:08  [ pool-1-thread-1:317935 ] - [ ERROR ]  不存在的订单！ORDER_ACCEPT08420517-3851-4d39-8787-18a96e4153b7
2017-09-30 11:40:08  [ pool-1-thread-1:318153 ] - [ ERROR ]  订单IDc9c93b9c-1a2e-43bb-820d-65f34eb58193
2017-09-30 11:40:08  [ pool-1-thread-1:318374 ] - [ ERROR ]  订单IDa8e27e06-503f-4533-824d-872b39c82c52
2017-09-30 11:40:08  [ pool-1-thread-1:318431 ] - [ ERROR ]  不存在的订单！ORDER_ACCEPTe4ad287b-8ed1-404e-be66-5349503d30e6
2017-09-30 11:40:08  [ pool-1-thread-1:318707 ] - [ ERROR ]  订单ID0b3b5c4e-d6d1-43b5-a6b4-10bf5c164115
2017-09-30 11:40:09  [ pool-1-thread-1:318914 ] - [ ERROR ]  订单IDc7233775-d553-4dd4-8b7a-203fafe5cf68
2017-09-30 11:40:09  [ pool-1-thread-1:318971 ] - [ ERROR ]  不存在的订单！ORDER_ACCEPT4ebb85ec-8b87-4cb4-9cd2-5dbc49218657
2017-09-30 11:40:09  [ pool-1-thread-1:319188 ] - [ ERROR ]  订单IDa689fe69-33ce-4631-b2f6-4f5912b1fa7c
2017-09-30 11:40:09  [ pool-1-thread-1:319188 ] - [ ERROR ]  订单接单完成！
