2017-11-26 13:20:50  [ 12814221@qtp-30628481-0:24967 ] - [ ERROR ]  account is null
2017-11-26 13:20:50  [ 8725117@qtp-30628481-3:24967 ] - [ ERROR ]  account is null
2017-11-26 13:20:59  [ 12814221@qtp-30628481-0:33947 ] - [ ERROR ]  account dao impl logger!
2017-11-26 13:21:00  [ 12814221@qtp-30628481-0:34180 ] - [ ERROR ]  SELECT T.*
		FROM t_xinyu_account T where 1=1
2017-11-26 13:24:00  [ pool-1-thread-1:214155 ] - [ ERROR ]  订单接单
2017-11-26 13:24:04  [ pool-1-thread-1:218376 ] - [ ERROR ]  订单接单ID05fadaa7-ed36-4bbb-8813-e78d409d40f4
2017-11-26 13:24:04  [ pool-1-thread-1:218453 ] - [ ERROR ]  不存在的订单！ORDER_ACCEPT06e1b24d-c912-4eb6-a84d-1b15cc1cdb4c
2017-11-26 13:24:04  [ pool-1-thread-1:218540 ] - [ ERROR ]  不存在的订单！ORDER_ACCEPT88dcffe3-4b60-4ee7-8a68-cd26928c4978
2017-11-26 13:24:04  [ pool-1-thread-1:218606 ] - [ ERROR ]  不存在的订单！ORDER_ACCEPT2c476b8f-0f90-47d6-b5a6-6f9e8419fd47
2017-11-26 13:24:04  [ pool-1-thread-1:218672 ] - [ ERROR ]  不存在的订单！ORDER_ACCEPT3a03957d-5760-482d-96b8-a76202d40abf
2017-11-26 13:24:04  [ pool-1-thread-1:218736 ] - [ ERROR ]  不存在的订单！ORDER_ACCEPT27487dd6-a59b-4bcf-92e1-7dae95020299
2017-11-26 13:24:04  [ pool-1-thread-1:218803 ] - [ ERROR ]  不存在的订单！ORDER_ACCEPTc15cdf5e-d73e-46a5-a862-61640ffa474c
2017-11-26 13:24:04  [ pool-1-thread-1:218868 ] - [ ERROR ]  不存在的订单！ORDER_ACCEPT5be6a5b5-0af0-4dc0-bbf0-ddf682f96901
2017-11-26 13:24:04  [ pool-1-thread-1:218935 ] - [ ERROR ]  不存在的订单！ORDER_ACCEPT2e5d5460-57bc-4643-8dc9-67e7f6d7cfea
2017-11-26 13:24:04  [ pool-1-thread-1:219005 ] - [ ERROR ]  不存在的订单！ORDER_ACCEPTcf32f6ae-2637-4ce6-92d7-6e3b71b74595
2017-11-26 13:24:04  [ pool-1-thread-1:219070 ] - [ ERROR ]  不存在的订单！ORDER_ACCEPTd70848e0-b961-429e-ba4e-81fe1a602c68
2017-11-26 13:24:04  [ pool-1-thread-1:219140 ] - [ ERROR ]  不存在的订单！ORDER_ACCEPT50d0ac88-8b1e-4477-aaf7-bbafbb6c1261
2017-11-26 13:24:05  [ pool-1-thread-1:219208 ] - [ ERROR ]  不存在的订单！ORDER_ACCEPTb397ac01-79d7-42cf-89a4-126cee9e8413
2017-11-26 13:24:05  [ pool-1-thread-1:219274 ] - [ ERROR ]  不存在的订单！ORDER_ACCEPT9a279a5a-b337-4ec6-96d8-ddd09d1f3afc
2017-11-26 13:24:05  [ pool-1-thread-1:219337 ] - [ ERROR ]  不存在的订单！ORDER_ACCEPTc7286a19-e467-4aee-950d-db68591fda2a
2017-11-26 13:24:05  [ pool-1-thread-1:219402 ] - [ ERROR ]  不存在的订单！ORDER_ACCEPTe99f68ae-b265-4d69-b113-2ccaa0f035d4
2017-11-26 13:24:05  [ pool-1-thread-1:219466 ] - [ ERROR ]  不存在的订单！ORDER_ACCEPT08f3949c-4e89-45d6-95fd-d52585c97e97
2017-11-26 13:24:05  [ pool-1-thread-1:219532 ] - [ ERROR ]  不存在的订单！ORDER_ACCEPT57b2622e-eebf-41d7-b520-91c7dbdb2050
2017-11-26 13:24:05  [ pool-1-thread-1:219595 ] - [ ERROR ]  不存在的订单！ORDER_ACCEPT0b686abc-ce8f-4695-b89a-efb5d1f56c23
2017-11-26 13:24:05  [ pool-1-thread-1:219659 ] - [ ERROR ]  不存在的订单！ORDER_ACCEPT8111cd36-8936-4fe4-bbbc-8317d700827f
2017-11-26 13:24:05  [ pool-1-thread-1:219725 ] - [ ERROR ]  不存在的订单！ORDER_ACCEPTe573224c-94b9-4b66-8e38-1b4d4d69643f
2017-11-26 13:24:05  [ pool-1-thread-1:219788 ] - [ ERROR ]  不存在的订单！ORDER_ACCEPT27e6d215-da2f-4f8a-93ca-aceb47f0de55
2017-11-26 13:24:05  [ pool-1-thread-1:219854 ] - [ ERROR ]  不存在的订单！ORDER_ACCEPT3379aad4-f7b2-45c1-b46c-566295812b3c
2017-11-26 13:24:05  [ pool-1-thread-1:219919 ] - [ ERROR ]  不存在的订单！ORDER_ACCEPTd33fb6ad-aea9-4d14-b09b-f0890f007103
2017-11-26 13:24:05  [ pool-1-thread-1:219986 ] - [ ERROR ]  不存在的订单！ORDER_ACCEPT3e61f767-638d-4377-bdfc-9dc2f3303a34
2017-11-26 13:24:05  [ pool-1-thread-1:220053 ] - [ ERROR ]  不存在的订单！ORDER_ACCEPT65839200-1de8-457e-ab51-cf956f3a252f
2017-11-26 13:24:06  [ pool-1-thread-1:220272 ] - [ ERROR ]  订单接单ID8cf82658-0263-4927-b568-64d407a15487
2017-11-26 13:24:06  [ pool-1-thread-1:220480 ] - [ ERROR ]  订单接单ID60558e56-f306-4cac-aa93-01d252a54fe3
2017-11-26 13:24:06  [ pool-1-thread-1:220539 ] - [ ERROR ]  不存在的订单！ORDER_ACCEPT94eb92b6-8cd6-4274-86e5-a60190d8984b
2017-11-26 13:24:07  [ pool-1-thread-1:221546 ] - [ ERROR ]  不存在的订单！ORDER_ACCEPT4813ad78-960b-4137-9c7e-5d1c20fdbf2f
2017-11-26 13:24:07  [ pool-1-thread-1:221619 ] - [ ERROR ]  不存在的订单！ORDER_ACCEPT1d696066-3daf-4ab1-b76e-5d7a5507ef5c
2017-11-26 13:24:07  [ pool-1-thread-1:221628 ] - [ ERROR ]  订单接单完成！31
2017-11-26 13:29:27  [ 13357280@qtp-14351713-4:28618 ] - [ ERROR ]  account is null
2017-11-26 13:29:28  [ 27903529@qtp-14351713-6:29170 ] - [ ERROR ]  account is null
2017-11-26 13:29:47  [ 17119000@qtp-14351713-2:48272 ] - [ ERROR ]  account dao impl logger!
2017-11-26 13:29:47  [ 17119000@qtp-14351713-2:48329 ] - [ ERROR ]  SELECT T.*
		FROM t_xinyu_account T where 1=1
2017-11-26 13:30:01  [ pool-1-thread-1:62123 ] - [ ERROR ]  checkOut处理1{itemName=nan, accountId=13, weight=0, orderCode=3956721016872, status=FAIL_TRADE, cpCode=YUNDA, date=2017-11-26 13:21:01, itemId=, msg=人工验货:重复扫描！【3956721016872】, stock=1, source=2, barCode=6970137031168, personId=13, orderId=}
2017-11-26 13:30:01  [ pool-1-thread-1:62490 ] - [ ERROR ]  checkOut处理2{itemName=志高C883加湿器蓝色, accountId=12, orderCode=887434169391765961, status=SUCCESS_TRADE, orderDate=2017-11-26, state=, cpCode=YTO, date=2017-11-26 13:26:50, itemId=00b8661e-edb3-4414-bcca-70bf2e9214c4, msg=人工验货:订单校验成功！, stock=1, source=2, totalWeight=1170.0, barCode=6931526723651, personId=12, user=idzc16473350946, orderId=d0eb8998-497d-4623-8585-9a95d050825a}
2017-11-26 13:30:01  [ pool-1-thread-1:62832 ] - [ ERROR ]  checkOut处理3{itemName=志高C883加湿器蓝色, accountId=12, orderCode=887434177045896274, status=SUCCESS_TRADE, orderDate=2017-11-26, state=, cpCode=YTO, date=2017-11-26 13:26:09, itemId=00b8661e-edb3-4414-bcca-70bf2e9214c4, msg=人工验货:订单校验成功！, stock=1, source=2, totalWeight=1170.0, barCode=6931526723651, personId=12, user=idzc16473350946, orderId=84fa70ff-6a38-4cec-b0bb-8376b28976e8}
2017-11-26 13:30:02  [ pool-1-thread-1:63184 ] - [ ERROR ]  checkOut处理4{itemName=nan, accountId=12, weight=0, orderCode=3956721016366, status=FAIL_TRADE, cpCode=YUNDA, date=2017-11-26 13:14:25, itemId=, msg=人工验货:验货失败！商品与订单信息不匹配！, stock=1, source=2, barCode=6931526723651, personId=12, orderId=}
2017-11-26 13:30:02  [ pool-1-thread-1:63516 ] - [ ERROR ]  checkOut处理5{itemName=, accountId=40, orderCode=3345865274705, status=SUCCESS_TRADE, orderDate=2017-11-26, state=, cpCode=STO, date=2017-11-26 13:18:15, itemId=39953894-414f-423c-80b3-5c3fa7b5a250, msg=人工验货:订单校验成功！, stock=1, source=2, totalWeight=1640.0, barCode=TM17111500002, personId=40, user=idzc16473350940, orderId=8d237fff-4dcc-45fd-988d-8b8d6537926e}
2017-11-26 13:30:02  [ pool-1-thread-1:63856 ] - [ ERROR ]  checkOut处理6{itemName=, accountId=13, orderCode=3345865883452, status=SUCCESS_TRADE, orderDate=2017-11-26, state=, cpCode=STO, date=2017-11-26 13:18:54, itemId=39953894-414f-423c-80b3-5c3fa7b5a250, msg=人工验货:订单校验成功！, stock=1, source=2, totalWeight=1640.0, barCode=TM17111500002, personId=13, user=idzc16473350940, orderId=e3896b58-3eea-4a88-be50-e681038eba38}
2017-11-26 13:30:03  [ pool-1-thread-1:64198 ] - [ ERROR ]  checkOut处理7{itemName=nan, accountId=13, weight=0, orderCode=6940971209757, status=FAIL_TRADE, cpCode=, date=2017-11-26 13:15:16, itemId=, msg=机器验货:单号对应的订单不存在！【6940971209757】, stock=1, source=1, barCode=TM17111500002, personId=13, orderId=}
2017-11-26 13:30:03  [ pool-1-thread-1:64552 ] - [ ERROR ]  checkOut处理8{itemName=, accountId=12, orderCode=9742336393152, status=SUCCESS_TRADE, orderDate=2017-11-26, state=, cpCode=EYB, date=2017-11-26 13:28:10, itemId=265b2bdd-6074-4b52-87ce-42cad053ed7f, msg=人工验货:订单校验成功！, stock=1, source=2, totalWeight=1280.0, barCode=6927001203930, personId=12, user=idzc16473350940, orderId=2dd85711-87e2-426b-b774-75302681aa20}
2017-11-26 13:30:04  [ pool-1-thread-1:65539 ] - [ ERROR ]  checkOut处理9{itemName=JSQ-A50U1【加湿器】, accountId=13, orderCode=9742466499052, status=SUCCESS_TRADE, orderDate=2017-11-26, state=新疆维吾尔自治区, cpCode=EYB, date=2017-11-26 13:25:53, itemId=21149, msg=机器验货:订单校验成功！, stock=1, source=1, totalWeight=1.87, barCode=6940971210388, personId=13, user=51, orderId=1496517}
2017-11-26 13:30:05  [ pool-1-thread-1:66575 ] - [ ERROR ]  checkOut处理10{itemName=, accountId=13, orderCode=3345865593673, status=SUCCESS_TRADE, orderDate=2017-11-26, state=, cpCode=STO, date=2017-11-26 13:18:40, itemId=39953894-414f-423c-80b3-5c3fa7b5a250, msg=人工验货:订单校验成功！, stock=1, source=2, totalWeight=1640.0, barCode=TM17111500002, personId=13, user=idzc16473350940, orderId=a8e36899-b5ba-4d12-a4e5-1f11464ec045}
2017-11-26 13:30:06  [ pool-1-thread-1:67964 ] - [ ERROR ]  checkOut处理11{itemName=, accountId=12, orderCode=9891641714555, status=SUCCESS_TRADE, orderDate=2017-11-26, state=, cpCode=POSTB, date=2017-11-26 13:28:32, itemId=265b2bdd-6074-4b52-87ce-42cad053ed7f, msg=人工验货:订单校验成功！, stock=1, source=2, totalWeight=1280.0, barCode=6927001203930, personId=12, user=idzc16473350940, orderId=7cdf9c1b-3395-437b-8e6d-5d9b14bc52bf}
2017-11-26 13:30:07  [ pool-1-thread-1:68951 ] - [ ERROR ]  checkOut处理12{itemName=, accountId=13, orderCode=3345866012248, status=SUCCESS_TRADE, orderDate=2017-11-26, state=, cpCode=STO, date=2017-11-26 13:14:35, itemId=39953894-414f-423c-80b3-5c3fa7b5a250, msg=人工验货:订单校验成功！, stock=1, source=2, totalWeight=1640.0, barCode=TM17111500002, personId=13, user=idzc16473350940, orderId=afcf7125-7f25-4070-8848-858be3303ee4}
2017-11-26 13:30:08  [ pool-1-thread-1:69323 ] - [ ERROR ]  checkOut处理13{itemName=, accountId=13, orderCode=3345865718476, status=SUCCESS_TRADE, orderDate=2017-11-26, state=, cpCode=STO, date=2017-11-26 13:19:26, itemId=39953894-414f-423c-80b3-5c3fa7b5a250, msg=人工验货:订单校验成功！, stock=1, source=2, totalWeight=1640.0, barCode=TM17111500002, personId=13, user=idzc16473350940, orderId=dc631a2b-eddc-447a-888f-e327ec4a4c04}
2017-11-26 13:30:08  [ pool-1-thread-1:69659 ] - [ ERROR ]  checkOut处理14{itemName=QSJ-A03D2【切碎机】升级版, accountId=13, orderCode=887433141695927587, status=SUCCESS_TRADE, orderDate=2017-11-26, state=河南省, cpCode=YTO, date=2017-11-26 13:21:21, itemId=10571, msg=机器验货:订单校验成功！, stock=1, source=1, totalWeight=2.67, barCode=6940971209757, personId=13, user=51, orderId=1495462}
2017-11-26 13:30:09  [ pool-1-thread-1:70002 ] - [ ERROR ]  checkOut处理15{itemName=天际电饭煲FD20PW, accountId=13, orderCode=887432789828058890, status=SUCCESS_TRADE, orderDate=2017-11-26, state=, cpCode=YTO, date=2017-11-26 13:17:30, itemId=e1b06627-5ea1-4b64-bf1d-19383371dff9, msg=机器验货:订单校验成功！, stock=1, source=1, totalWeight=2500.0, barCode=6921969806622, personId=13, user=idzc16473350950, orderId=9b63d376-a82d-4a46-ae4a-0f9523d33657}
2017-11-26 13:30:09  [ pool-1-thread-1:70345 ] - [ ERROR ]  checkOut处理16{itemName=, accountId=13, orderCode=3345865805401, status=SUCCESS_TRADE, orderDate=2017-11-26, state=, cpCode=STO, date=2017-11-26 13:18:02, itemId=39953894-414f-423c-80b3-5c3fa7b5a250, msg=人工验货:订单校验成功！, stock=1, source=2, totalWeight=1640.0, barCode=TM17111500002, personId=13, user=idzc16473350940, orderId=f0898832-fc5c-4560-a288-5ed6795f7724}
2017-11-26 13:30:09  [ pool-1-thread-1:70684 ] - [ ERROR ]  checkOut处理17{itemName=志高取暖器ZG-NG9浅色, accountId=40, orderCode=3956721015557, status=SUCCESS_TRADE, orderDate=2017-11-25, state=, cpCode=YUNDA, date=2017-11-26 13:14:11, itemId=348ce4a4-b182-41b4-b06f-98d5a21ee78f, msg=人工验货:订单校验成功！, stock=1, source=2, totalWeight=6050.0, barCode=6931526724177, personId=40, user=idzc16473350940, orderId=5d935662-5400-40ca-8de7-2c9322503d67}
2017-11-26 13:30:10  [ pool-1-thread-1:71346 ] - [ ERROR ]  checkOut处理18{itemName=, accountId=12, orderCode=9891639212558, status=SUCCESS_TRADE, orderDate=2017-11-25, state=, cpCode=POSTB, date=2017-11-26 13:27:52, itemId=265b2bdd-6074-4b52-87ce-42cad053ed7f, msg=人工验货:订单校验成功！, stock=1, source=2, totalWeight=1280.0, barCode=6927001203930, personId=12, user=idzc16473350940, orderId=ec3c0724-a92c-4c65-9c19-7904d9f46a6a}
2017-11-26 13:30:10  [ pool-1-thread-1:71706 ] - [ ERROR ]  checkOut处理19{itemName=, accountId=13, orderCode=3345866158705, status=SUCCESS_TRADE, orderDate=2017-11-26, state=, cpCode=STO, date=2017-11-26 13:18:06, itemId=39953894-414f-423c-80b3-5c3fa7b5a250, msg=人工验货:订单校验成功！, stock=1, source=2, totalWeight=1640.0, barCode=TM17111500002, personId=13, user=idzc16473350940, orderId=258ba8bd-9793-4395-8bdb-d6eda543665b}
2017-11-26 13:30:11  [ pool-1-thread-1:72048 ] - [ ERROR ]  checkOut处理20{itemName=nan, accountId=13, weight=0, orderCode=3345866080315, status=FAIL_TRADE, cpCode=STO, date=2017-11-26 13:14:41, itemId=, msg=机器验货:验货失败！商品与订单信息不匹配！, stock=1, source=1, barCode=6940971209757, personId=13, orderId=}
2017-11-26 13:30:11  [ pool-1-thread-1:72387 ] - [ ERROR ]  checkOut处理21{itemName=志高C883加湿器蓝色, accountId=12, orderCode=9891642335376, status=SUCCESS_TRADE, orderDate=2017-11-26, state=, cpCode=POSTB, date=2017-11-26 13:15:19, itemId=00b8661e-edb3-4414-bcca-70bf2e9214c4, msg=人工验货:订单校验成功！, stock=1, source=2, totalWeight=1170.0, barCode=6931526723651, personId=12, user=idzc16473350946, orderId=90277d3a-4dd8-4f00-b785-48335914ca94}
2017-11-26 13:30:11  [ pool-1-thread-1:72743 ] - [ ERROR ]  checkOut处理22{itemName=, accountId=12, orderCode=3956721016414, status=SUCCESS_TRADE, orderDate=2017-11-25, state=, cpCode=YUNDA, date=2017-11-26 13:15:00, itemId=74bcf67e-f66f-46ca-9a80-7f89faee4927, msg=人工验货:订单校验成功！, stock=1, source=2, totalWeight=3600.0, barCode=6931526707248, personId=12, user=idzc16473350940, orderId=fdf69757-b8e6-40a6-9138-3e52f3dd970e}
2017-11-26 13:30:12  [ pool-1-thread-1:73426 ] - [ ERROR ]  checkOut处理23{itemName=, accountId=13, orderCode=3345866008468, status=SUCCESS_TRADE, orderDate=2017-11-26, state=, cpCode=STO, date=2017-11-26 13:19:23, itemId=39953894-414f-423c-80b3-5c3fa7b5a250, msg=人工验货:订单校验成功！, stock=1, source=2, totalWeight=1640.0, barCode=TM17111500002, personId=13, user=idzc16473350940, orderId=b7681b57-2042-4e99-83d9-fc21e9912f86}
2017-11-26 13:30:12  [ pool-1-thread-1:73782 ] - [ ERROR ]  checkOut处理24{itemName=nan, accountId=40, weight=0, orderCode=887432738545361921, status=FAIL_TRADE, cpCode=YTO, date=2017-11-26 13:20:41, itemId=, msg=人工验货:重复扫描！【887432738545361921】, stock=1, source=2, barCode=6921969806622, personId=40, orderId=}
2017-11-26 13:30:13  [ pool-1-thread-1:74451 ] - [ ERROR ]  checkOut处理25{itemName=nan, accountId=13, weight=0, orderCode=3345865271434, status=FAIL_TRADE, cpCode=STO, date=2017-11-26 13:17:44, itemId=, msg=机器验货:验货失败！商品与订单信息不匹配！, stock=1, source=1, barCode=6940971209757, personId=13, orderId=}
2017-11-26 13:30:14  [ pool-1-thread-1:75107 ] - [ ERROR ]  checkOut处理26{itemName=志高 605 加湿器(智能版), accountId=13, orderCode=887396827237553840, status=SUCCESS_TRADE, orderDate=2017-11-23, state=, cpCode=YTO, date=2017-11-26 13:28:17, itemId=2df54f15-abd7-4cf5-967b-33a7df227a90, msg=机器验货:订单校验成功！, stock=1, source=1, totalWeight=1500.0, barCode=6931526737405, personId=13, user=idzc16473350946, orderId=23c29286-ed3d-4851-a003-16dd9745acd8}
2017-11-26 13:30:14  [ pool-1-thread-1:75483 ] - [ ERROR ]  checkOut处理27{itemName=, accountId=13, orderCode=3345865944412, status=SUCCESS_TRADE, orderDate=2017-11-26, state=, cpCode=STO, date=2017-11-26 13:17:47, itemId=39953894-414f-423c-80b3-5c3fa7b5a250, msg=人工验货:订单校验成功！, stock=1, source=2, totalWeight=1640.0, barCode=TM17111500002, personId=13, user=idzc16473350940, orderId=c3addab4-1ed5-4908-a5a9-ff0cae4dbdc6}
2017-11-26 13:30:15  [ pool-1-thread-1:76161 ] - [ ERROR ]  checkOut处理28{itemName=, accountId=12, orderCode=9891639218744, status=SUCCESS_TRADE, orderDate=2017-11-25, state=, cpCode=POSTB, date=2017-11-26 13:14:14, itemId=265b2bdd-6074-4b52-87ce-42cad053ed7f, msg=人工验货:订单校验成功！, stock=1, source=2, totalWeight=1280.0, barCode=6927001203930, personId=12, user=idzc16473350940, orderId=1ae4bde5-c801-4b19-a6c1-a741d44cc074}
2017-11-26 13:30:15  [ pool-1-thread-1:76502 ] - [ ERROR ]  checkOut处理29{itemName=nan, accountId=13, weight=0, orderCode=887432761547614456, status=FAIL_TRADE, cpCode=YTO, date=2017-11-26 13:15:04, itemId=, msg=人工验货:重复扫描！【887432761547614456】, stock=1, source=2, barCode=6921969806622, personId=13, orderId=}
2017-11-26 13:30:15  [ pool-1-thread-1:76854 ] - [ ERROR ]  checkOut处理30{itemName=志高C883加湿器蓝色, accountId=12, orderCode=3932520807140, status=SUCCESS_TRADE, orderDate=2017-11-26, state=, cpCode=YUNDA, date=2017-11-26 13:15:40, itemId=00b8661e-edb3-4414-bcca-70bf2e9214c4, msg=人工验货:订单校验成功！, stock=1, source=2, totalWeight=1170.0, barCode=6931526723651, personId=12, user=idzc16473350946, orderId=f4849ff0-dcf4-4276-a3ce-85220f944914}
2017-11-26 13:30:16  [ pool-1-thread-1:77524 ] - [ ERROR ]  checkOut处理31{itemName=nan, accountId=13, weight=0, orderCode=6940971209757, status=FAIL_TRADE, cpCode=, date=2017-11-26 13:14:32, itemId=, msg=机器验货:单号对应的订单不存在！【6940971209757】, stock=1, source=1, barCode=TM17111500002, personId=13, orderId=}
2017-11-26 13:30:17  [ pool-1-thread-1:78200 ] - [ ERROR ]  checkOut处理32{itemName=暖奶器 ODI-NNQ9 浅黄/卡其色（彩盒）, accountId=13, orderCode=3956721016871, status=SUCCESS_TRADE, orderDate=2017-11-26, state=重庆, cpCode=YUNDA, date=2017-11-26 13:23:47, itemId=20255, msg=机器验货:订单校验成功！, stock=1, source=1, totalWeight=0.98, barCode=6970137031168, personId=13, user=33, orderId=1495097}
2017-11-26 13:30:17  [ pool-1-thread-1:78556 ] - [ ERROR ]  checkOut处理33{itemName=, accountId=13, orderCode=3345866005925, status=SUCCESS_TRADE, orderDate=2017-11-26, state=, cpCode=STO, date=2017-11-26 13:17:56, itemId=39953894-414f-423c-80b3-5c3fa7b5a250, msg=人工验货:订单校验成功！, stock=1, source=2, totalWeight=1640.0, barCode=TM17111500002, personId=13, user=idzc16473350940, orderId=ff9234d4-48d9-4141-bc36-16a5c9bba9dc}
2017-11-26 13:30:17  [ pool-1-thread-1:78888 ] - [ ERROR ]  checkOut处理34{itemName=QSJ-A03D2【切碎机】升级版, accountId=13, orderCode=887431829621280113, status=SUCCESS_TRADE, orderDate=2017-11-26, state=吉林省, cpCode=YTO, date=2017-11-26 13:14:12, itemId=10571, msg=机器验货:订单校验成功！, stock=1, source=1, totalWeight=2.67, barCode=6940971209757, personId=13, user=51, orderId=1496534}
2017-11-26 13:30:18  [ pool-1-thread-1:79231 ] - [ ERROR ]  checkOut处理35{itemName=志高 605 加湿器(智能版), accountId=13, orderCode=887413266326816476, status=SUCCESS_TRADE, orderDate=2017-11-24, state=, cpCode=YTO, date=2017-11-26 13:27:50, itemId=2df54f15-abd7-4cf5-967b-33a7df227a90, msg=机器验货:订单校验成功！, stock=1, source=1, totalWeight=1500.0, barCode=6931526737405, personId=13, user=idzc16473350946, orderId=a090c1c0-98bb-477b-87ac-d6338b5f72db}
2017-11-26 13:30:18  [ pool-1-thread-1:79570 ] - [ ERROR ]  checkOut处理36{itemName=, accountId=12, orderCode=3956721014045, status=SUCCESS_TRADE, orderDate=2017-11-25, state=, cpCode=YUNDA, date=2017-11-26 13:26:14, itemId=8c4332b5-4e67-4d34-86fe-ffe19360137d, msg=人工验货:订单校验成功！, stock=1, source=2, totalWeight=3900.0, barCode=6931526727192, personId=12, user=idzc16473350940, orderId=2a20aac5-2dd4-4143-8937-c509daff8734}
2017-11-26 13:30:18  [ pool-1-thread-1:79912 ] - [ ERROR ]  checkOut处理37{itemName=QSJ-A03D2【切碎机】升级版, accountId=13, orderCode=3932520806416, status=SUCCESS_TRADE, orderDate=2017-11-26, state=甘肃省, cpCode=YUNDA, date=2017-11-26 13:14:33, itemId=10571, msg=机器验货:订单校验成功！, stock=1, source=1, totalWeight=2.67, barCode=6940971209757, personId=13, user=51, orderId=1495907}
2017-11-26 13:30:19  [ pool-1-thread-1:80254 ] - [ ERROR ]  checkOut处理38{itemName=nan, accountId=40, weight=0, orderCode=3956721018943, status=FAIL_TRADE, cpCode=YUNDA, date=2017-11-26 13:27:49, itemId=, msg=人工验货:重复扫描！【3956721018943】, stock=1, source=2, barCode=6970137031168, personId=40, orderId=}
2017-11-26 13:30:19  [ pool-1-thread-1:80597 ] - [ ERROR ]  checkOut处理39{itemName=, accountId=13, orderCode=3345865875080, status=SUCCESS_TRADE, orderDate=2017-11-26, state=, cpCode=STO, date=2017-11-26 13:14:16, itemId=39953894-414f-423c-80b3-5c3fa7b5a250, msg=人工验货:订单校验成功！, stock=1, source=2, totalWeight=1640.0, barCode=TM17111500002, personId=13, user=idzc16473350940, orderId=19f10230-57ce-4eef-9c77-7edfe16264a2}
2017-11-26 13:30:20  [ pool-1-thread-1:81278 ] - [ ERROR ]  checkOut处理40{itemName=暖奶器 ODI-NNQ9 浅黄/卡其色（彩盒）, accountId=13, orderCode=3956721020569, status=SUCCESS_TRADE, orderDate=2017-11-26, state=江苏, cpCode=YUNDA, date=2017-11-26 13:23:29, itemId=20255, msg=机器验货:订单校验成功！, stock=1, source=1, totalWeight=0.98, barCode=6970137031168, personId=13, user=33, orderId=1497254}
2017-11-26 13:30:20  [ pool-1-thread-1:81620 ] - [ ERROR ]  checkOut处理41{itemName=Tonze/天际 DDG-20N 电炖锅电炖盅BB煲绿豆炖汤炖盅 白瓷正品2L, accountId=13, orderCode=3956721017824, status=SUCCESS_TRADE, orderDate=2017-11-26, state=, cpCode=YUNDA, date=2017-11-26 13:21:54, itemId=bc1491dc-4bdf-43da-b953-30ba0f98fb3c, msg=机器验货:订单校验成功！, stock=1, source=1, totalWeight=3400.0, barCode=6921969801658, personId=13, user=idzc16473350950, orderId=dd456e4a-8549-4705-968f-4d6832ccd793}
2017-11-26 13:30:21  [ pool-1-thread-1:81973 ] - [ ERROR ]  checkOut处理42{itemName=志高C883加湿器蓝色, accountId=12, orderCode=9891642320149, status=SUCCESS_TRADE, orderDate=2017-11-26, state=, cpCode=POSTB, date=2017-11-26 13:25:54, itemId=00b8661e-edb3-4414-bcca-70bf2e9214c4, msg=人工验货:订单校验成功！, stock=1, source=2, totalWeight=1170.0, barCode=6931526723651, personId=12, user=idzc16473350946, orderId=c4de91ed-2c77-49a6-bad3-2800e71334f2}
2017-11-26 13:30:21  [ pool-1-thread-1:82645 ] - [ ERROR ]  checkOut处理43{itemName=nan, accountId=40, weight=0, orderCode=887432789911048799, status=FAIL_TRADE, cpCode=YTO, date=2017-11-26 13:17:49, itemId=, msg=人工验货:重复扫描！【887432789911048799】, stock=1, source=2, barCode=6921969806622, personId=40, orderId=}
2017-11-26 13:30:22  [ pool-1-thread-1:82986 ] - [ ERROR ]  checkOut处理44{itemName=志高C883加湿器蓝色, accountId=12, orderCode=9891642327401, status=SUCCESS_TRADE, orderDate=2017-11-26, state=, cpCode=POSTB, date=2017-11-26 13:27:36, itemId=00b8661e-edb3-4414-bcca-70bf2e9214c4, msg=人工验货:订单校验成功！, stock=1, source=2, totalWeight=1170.0, barCode=6931526723651, personId=12, user=idzc16473350946, orderId=999fdfd6-0b61-4572-8d4c-ec73875ec9e3}
2017-11-26 13:30:22  [ pool-1-thread-1:83329 ] - [ ERROR ]  checkOut处理45{itemName=, accountId=12, orderCode=3932520806629, status=SUCCESS_TRADE, orderDate=2017-11-25, state=, cpCode=YUNDA, date=2017-11-26 13:14:27, itemId=265b2bdd-6074-4b52-87ce-42cad053ed7f, msg=人工验货:订单校验成功！, stock=1, source=2, totalWeight=1280.0, barCode=6927001203930, personId=12, user=idzc16473350940, orderId=3f713d41-2f28-4efe-b8ba-b94e616108e8}
2017-11-26 13:30:22  [ pool-1-thread-1:83678 ] - [ ERROR ]  checkOut处理46{itemName=nan, accountId=40, weight=0, orderCode=887432859812058890, status=FAIL_TRADE, cpCode=YTO, date=2017-11-26 13:23:30, itemId=, msg=人工验货:重复扫描！【887432859812058890】, stock=1, source=2, barCode=6970137031168, personId=40, orderId=}
2017-11-26 13:30:23  [ pool-1-thread-1:84674 ] - [ ERROR ]  checkOut处理47{itemName=, accountId=12, orderCode=3956721016366, status=SUCCESS_TRADE, orderDate=2017-11-25, state=, cpCode=YUNDA, date=2017-11-26 13:14:26, itemId=265b2bdd-6074-4b52-87ce-42cad053ed7f, msg=人工验货:订单校验成功！, stock=1, source=2, totalWeight=1280.0, barCode=6927001203930, personId=12, user=idzc16473350940, orderId=e2cdf1de-de2d-492b-9acb-4661e794410e}
2017-11-26 13:30:24  [ pool-1-thread-1:85057 ] - [ ERROR ]  checkOut处理48{itemName=, accountId=13, orderCode=3345866165691, status=SUCCESS_TRADE, orderDate=2017-11-26, state=, cpCode=STO, date=2017-11-26 13:18:35, itemId=39953894-414f-423c-80b3-5c3fa7b5a250, msg=人工验货:订单校验成功！, stock=1, source=2, totalWeight=1640.0, barCode=TM17111500002, personId=13, user=idzc16473350940, orderId=15df2bfa-b84b-4dfe-a928-1b6521334e8a}
2017-11-26 13:30:25  [ pool-1-thread-1:86381 ] - [ ERROR ]  checkOut处理49{itemName=nan, accountId=40, weight=0, orderCode=9742467895452, status=FAIL_TRADE, cpCode=EYB, date=2017-11-26 13:17:41, itemId=, msg=人工验货:重复扫描！【9742467895452】, stock=1, source=2, barCode=6940971209757, personId=40, orderId=}
2017-11-26 13:30:25  [ pool-1-thread-1:86744 ] - [ ERROR ]  checkOut处理50{itemName=, accountId=12, orderCode=3956721014838, status=SUCCESS_TRADE, orderDate=2017-11-25, state=, cpCode=YUNDA, date=2017-11-26 13:27:28, itemId=265b2bdd-6074-4b52-87ce-42cad053ed7f, msg=人工验货:订单校验成功！, stock=1, source=2, totalWeight=1280.0, barCode=6927001203930, personId=12, user=idzc16473350940, orderId=410325fb-a070-4733-8079-7df832829c37}
2017-11-26 13:30:26  [ pool-1-thread-1:87084 ] - [ ERROR ]  checkOut处理51{itemName=, accountId=13, orderCode=3345865874656, status=SUCCESS_TRADE, orderDate=2017-11-26, state=, cpCode=STO, date=2017-11-26 13:18:57, itemId=39953894-414f-423c-80b3-5c3fa7b5a250, msg=人工验货:订单校验成功！, stock=1, source=2, totalWeight=1640.0, barCode=TM17111500002, personId=13, user=idzc16473350940, orderId=ef8b1cea-38bc-4ee3-81df-b2789865a7ef}
2017-11-26 13:30:26  [ pool-1-thread-1:87423 ] - [ ERROR ]  checkOut处理52{itemName=暖奶器 ODI-NNQ9 浅黄/卡其色（彩盒）, accountId=13, orderCode=3956721017225, status=SUCCESS_TRADE, orderDate=2017-11-26, state=河南, cpCode=YUNDA, date=2017-11-26 13:24:32, itemId=20255, msg=机器验货:订单校验成功！, stock=1, source=1, totalWeight=0.98, barCode=6970137031168, personId=13, user=33, orderId=1496406}
2017-11-26 13:30:26  [ pool-1-thread-1:87766 ] - [ ERROR ]  checkOut处理53{itemName=暖奶器 ODI-NNQ9 浅黄/卡其色（彩盒）, accountId=13, orderCode=3956721018573, status=SUCCESS_TRADE, orderDate=2017-11-26, state=福建, cpCode=YUNDA, date=2017-11-26 13:23:39, itemId=20255, msg=机器验货:订单校验成功！, stock=1, source=1, totalWeight=0.98, barCode=6970137031168, personId=13, user=33, orderId=1495087}
2017-11-26 13:30:27  [ pool-1-thread-1:88106 ] - [ ERROR ]  checkOut处理54{itemName=JSQ-A50U1【加湿器】, accountId=13, orderCode=887431815071735668, status=SUCCESS_TRADE, orderDate=2017-11-26, state=河北省, cpCode=YTO, date=2017-11-26 13:28:25, itemId=21149, msg=人工验货:订单校验成功！, stock=1, source=2, totalWeight=1.87, barCode=6940971210388, personId=13, user=51, orderId=1495814}
2017-11-26 13:30:27  [ pool-1-thread-1:88450 ] - [ ERROR ]  checkOut处理55{itemName=, accountId=12, orderCode=3956721015991, status=SUCCESS_TRADE, orderDate=2017-11-25, state=, cpCode=YUNDA, date=2017-11-26 13:27:39, itemId=265b2bdd-6074-4b52-87ce-42cad053ed7f, msg=人工验货:订单校验成功！, stock=1, source=2, totalWeight=1280.0, barCode=6927001203930, personId=12, user=idzc16473350940, orderId=4c3470a5-99a8-4db9-a549-ac623b90145c}
2017-11-26 13:30:27  [ pool-1-thread-1:88790 ] - [ ERROR ]  checkOut处理56{itemName=天际电饭煲FD20PW, accountId=13, orderCode=887432783213381123, status=SUCCESS_TRADE, orderDate=2017-11-26, state=, cpCode=YTO, date=2017-11-26 13:20:44, itemId=e1b06627-5ea1-4b64-bf1d-19383371dff9, msg=机器验货:订单校验成功！, stock=1, source=1, totalWeight=2500.0, barCode=6921969806622, personId=13, user=idzc16473350950, orderId=977eccb5-64d6-43f1-8347-177479aa07da}
2017-11-26 13:30:28  [ pool-1-thread-1:89130 ] - [ ERROR ]  checkOut处理57{itemName=, accountId=13, orderCode=3345865356171, status=SUCCESS_TRADE, orderDate=2017-11-26, state=, cpCode=STO, date=2017-11-26 13:19:24, itemId=39953894-414f-423c-80b3-5c3fa7b5a250, msg=人工验货:订单校验成功！, stock=1, source=2, totalWeight=1640.0, barCode=TM17111500002, personId=13, user=idzc16473350940, orderId=47d1576e-e19f-41f9-a584-5c96cb7e19bc}
2017-11-26 13:30:28  [ pool-1-thread-1:89472 ] - [ ERROR ]  checkOut处理58{itemName=JSQ-A50U1【加湿器】, accountId=13, orderCode=3956721017905, status=SUCCESS_TRADE, orderDate=2017-11-26, state=上海, cpCode=YUNDA, date=2017-11-26 13:26:16, itemId=21149, msg=机器验货:订单校验成功！, stock=1, source=1, totalWeight=1.87, barCode=6940971210388, personId=13, user=51, orderId=1496592}
2017-11-26 13:30:29  [ pool-1-thread-1:90135 ] - [ ERROR ]  checkOut处理59{itemName=志高 605 加湿器(智能版), accountId=40, orderCode=887407913230412436, status=SUCCESS_TRADE, orderDate=2017-11-24, state=, cpCode=YTO, date=2017-11-26 13:19:23, itemId=2df54f15-abd7-4cf5-967b-33a7df227a90, msg=人工验货:订单校验成功！, stock=1, source=2, totalWeight=1500.0, barCode=6931526737405, personId=40, user=idzc16473350946, orderId=1b90921d-4d7e-4b2d-b9ce-811be4de4266}
2017-11-26 13:30:29  [ pool-1-thread-1:90498 ] - [ ERROR ]  checkOut处理60{itemName=nan, accountId=13, weight=0, orderCode=3345868305128, status=FAIL_TRADE, cpCode=STO, date=2017-11-26 13:14:23, itemId=, msg=机器验货:验货失败！商品与订单信息不匹配！, stock=1, source=1, barCode=6931526723958, personId=13, orderId=}
2017-11-26 13:30:29  [ pool-1-thread-1:90594 ] - [ ERROR ]  checkOut处理61{itemName=暖奶器 ODI-NNQ9 浅黄/卡其色（彩盒）, accountId=13, orderCode=3956721018940, status=SUCCESS_TRADE, orderDate=2017-11-26, state=广西, cpCode=YUNDA, date=2017-11-26 13:28:52, itemId=20255, msg=机器验货:订单校验成功！, stock=1, source=1, totalWeight=0.98, barCode=6970137031168, personId=13, user=33, orderId=1496344}
2017-11-26 13:30:29  [ pool-1-thread-1:90689 ] - [ ERROR ]  checkOut处理62{itemName=暖奶器 ODI-NNQ9 浅黄/卡其色（彩盒）, accountId=13, orderCode=3956721020101, status=SUCCESS_TRADE, orderDate=2017-11-26, state=河南, cpCode=YUNDA, date=2017-11-26 13:28:12, itemId=20255, msg=人工验货:订单校验成功！, stock=1, source=2, totalWeight=0.98, barCode=6970137031168, personId=13, user=33, orderId=1496604}
2017-11-26 13:30:29  [ pool-1-thread-1:90795 ] - [ ERROR ]  checkOut处理63{itemName=, accountId=13, orderCode=3345865593480, status=SUCCESS_TRADE, orderDate=2017-11-26, state=, cpCode=STO, date=2017-11-26 13:17:58, itemId=39953894-414f-423c-80b3-5c3fa7b5a250, msg=人工验货:订单校验成功！, stock=1, source=2, totalWeight=1640.0, barCode=TM17111500002, personId=13, user=idzc16473350940, orderId=59092652-37ae-4e3e-ba8b-3cb39edeff59}
2017-11-26 13:30:30  [ pool-1-thread-1:91158 ] - [ ERROR ]  checkOut处理64{itemName=志高干衣机ZG09D-JT01(DM), accountId=12, orderCode=3956721014463, status=SUCCESS_TRADE, orderDate=2017-11-25, state=, cpCode=YUNDA, date=2017-11-26 13:26:20, itemId=44f9ce55-bc25-4fe1-986b-36d159bec567, msg=人工验货:订单校验成功！, stock=1, source=2, totalWeight=3040.0, barCode=6931526727093, personId=12, user=idzc16473350940, orderId=68e840e3-21d8-4fdf-8ab3-d1491908b556}
2017-11-26 13:30:30  [ pool-1-thread-1:91820 ] - [ ERROR ]  checkOut处理65{itemName=暖奶器 ODI-NNQ9 浅黄/卡其色（彩盒）, accountId=13, orderCode=3956721018174, status=SUCCESS_TRADE, orderDate=2017-11-26, state=重庆, cpCode=YUNDA, date=2017-11-26 13:20:52, itemId=20255, msg=机器验货:订单校验成功！, stock=1, source=1, totalWeight=0.98, barCode=6970137031168, personId=13, user=33, orderId=1496638}
2017-11-26 13:30:31  [ pool-1-thread-1:92500 ] - [ ERROR ]  checkOut处理66{itemName=志高C883加湿器蓝色, accountId=12, orderCode=9891642335364, status=SUCCESS_TRADE, orderDate=2017-11-26, state=, cpCode=POSTB, date=2017-11-26 13:25:56, itemId=00b8661e-edb3-4414-bcca-70bf2e9214c4, msg=人工验货:订单校验成功！, stock=1, source=2, totalWeight=1170.0, barCode=6931526723651, personId=12, user=idzc16473350946, orderId=eac5267e-52c1-4ab7-b08e-024e31ee06d2}
2017-11-26 13:30:32  [ pool-1-thread-1:93182 ] - [ ERROR ]  checkOut处理67{itemName=暖奶器 ODI-NNQ9 浅黄/卡其色（彩盒）, accountId=40, orderCode=3956721019325, status=SUCCESS_TRADE, orderDate=2017-11-26, state=福建, cpCode=YUNDA, date=2017-11-26 13:23:19, itemId=20255, msg=人工验货:订单校验成功！, stock=1, source=2, totalWeight=0.98, barCode=6970137031168, personId=40, user=33, orderId=1496673}
2017-11-26 13:30:32  [ pool-1-thread-1:93569 ] - [ ERROR ]  checkOut处理68{itemName=暖奶器 ODI-NNQ9 浅黄/卡其色（彩盒）, accountId=13, orderCode=3956721019715, status=SUCCESS_TRADE, orderDate=2017-11-26, state=福建, cpCode=YUNDA, date=2017-11-26 13:23:38, itemId=20255, msg=机器验货:订单校验成功！, stock=1, source=1, totalWeight=0.98, barCode=6970137031168, personId=13, user=33, orderId=1495058}
2017-11-26 13:30:33  [ pool-1-thread-1:94231 ] - [ ERROR ]  checkOut处理69{itemName=志高 605 加湿器(智能版), accountId=13, orderCode=887394251059957880, status=SUCCESS_TRADE, orderDate=2017-11-23, state=, cpCode=YTO, date=2017-11-26 13:22:28, itemId=2df54f15-abd7-4cf5-967b-33a7df227a90, msg=机器验货:订单校验成功！, stock=1, source=1, totalWeight=1500.0, barCode=6931526737405, personId=13, user=idzc16473350946, orderId=61aadb28-98b0-4556-8d31-bc7b5216e00b}
2017-11-26 13:30:33  [ pool-1-thread-1:94573 ] - [ ERROR ]  checkOut处理70{itemName=nan, accountId=12, weight=0, orderCode=3956721017170, status=FAIL_TRADE, cpCode=YUNDA, date=2017-11-26 13:26:27, itemId=, msg=人工验货:验货失败！商品与订单信息不匹配！, stock=1, source=2, barCode=6931526727093, personId=12, orderId=}
2017-11-26 13:30:33  [ pool-1-thread-1:94914 ] - [ ERROR ]  checkOut处理71{itemName=志高 605 加湿器(智能版), accountId=13, orderCode=887394273382068991, status=SUCCESS_TRADE, orderDate=2017-11-23, state=, cpCode=YTO, date=2017-11-26 13:22:27, itemId=2df54f15-abd7-4cf5-967b-33a7df227a90, msg=机器验货:订单校验成功！, stock=1, source=1, totalWeight=1500.0, barCode=6931526737405, personId=13, user=idzc16473350946, orderId=809d1abd-8920-4f5e-821d-8ff4437323cb}
2017-11-26 13:30:34  [ pool-1-thread-1:95253 ] - [ ERROR ]  checkOut处理72{itemName=nan, accountId=13, weight=0, orderCode=887433106751614456, status=FAIL_TRADE, cpCode=YTO, date=2017-11-26 13:21:08, itemId=, msg=人工验货:重复扫描！【887433106751614456】, stock=1, source=2, barCode=6940971209757, personId=13, orderId=}
2017-11-26 13:30:34  [ pool-1-thread-1:95596 ] - [ ERROR ]  checkOut处理73{itemName=志高 605 加湿器(智能版), accountId=13, orderCode=887394302465927587, status=SUCCESS_TRADE, orderDate=2017-11-23, state=, cpCode=YTO, date=2017-11-26 13:27:56, itemId=2df54f15-abd7-4cf5-967b-33a7df227a90, msg=机器验货:订单校验成功！, stock=1, source=1, totalWeight=1500.0, barCode=6931526737405, personId=13, user=idzc16473350946, orderId=a24ad7c1-31ee-4b47-bd51-f65286e9bcd7}
2017-11-26 13:30:34  [ pool-1-thread-1:95936 ] - [ ERROR ]  checkOut处理74{itemName=, accountId=12, orderCode=9891639240909, status=SUCCESS_TRADE, orderDate=2017-11-25, state=, cpCode=POSTB, date=2017-11-26 13:25:34, itemId=265b2bdd-6074-4b52-87ce-42cad053ed7f, msg=人工验货:订单校验成功！, stock=1, source=2, totalWeight=1280.0, barCode=6927001203930, personId=12, user=idzc16473350940, orderId=84a6bbd3-5f3b-47e8-a837-a92796ab5c7c}
2017-11-26 13:30:35  [ pool-1-thread-1:96282 ] - [ ERROR ]  checkOut处理75{itemName=志高C883加湿器蓝色, accountId=12, orderCode=9891638672094, status=SUCCESS_TRADE, orderDate=2017-11-25, state=, cpCode=POSTB, date=2017-11-26 13:27:24, itemId=00b8661e-edb3-4414-bcca-70bf2e9214c4, msg=人工验货:订单校验成功！, stock=1, source=2, totalWeight=1170.0, barCode=6931526723651, personId=12, user=idzc16473350946, orderId=c927d43c-cbee-4ae8-902f-2e2964874127}
2017-11-26 13:30:35  [ pool-1-thread-1:96621 ] - [ ERROR ]  checkOut处理76{itemName=志高C883加湿器蓝色, accountId=12, orderCode=9891638668447, status=SUCCESS_TRADE, orderDate=2017-11-25, state=, cpCode=POSTB, date=2017-11-26 13:28:42, itemId=00b8661e-edb3-4414-bcca-70bf2e9214c4, msg=人工验货:订单校验成功！, stock=1, source=2, totalWeight=1170.0, barCode=6931526723651, personId=12, user=idzc16473350946, orderId=554e8fcf-6aba-45b8-afae-275edaff61d7}
2017-11-26 13:30:35  [ pool-1-thread-1:96961 ] - [ ERROR ]  checkOut处理77{itemName=志高 605 加湿器(智能版), accountId=40, orderCode=9891631947449, status=SUCCESS_TRADE, orderDate=2017-11-24, state=, cpCode=POSTB, date=2017-11-26 13:22:40, itemId=2df54f15-abd7-4cf5-967b-33a7df227a90, msg=人工验货:订单校验成功！, stock=1, source=2, totalWeight=1500.0, barCode=6931526737405, personId=40, user=idzc16473350946, orderId=7f405401-61dd-4141-a732-695c5cd945c0}
2017-11-26 13:30:36  [ pool-1-thread-1:97306 ] - [ ERROR ]  checkOut处理78{itemName=天际电饭煲FD20PW, accountId=13, orderCode=887432768490856870, status=SUCCESS_TRADE, orderDate=2017-11-26, state=, cpCode=YTO, date=2017-11-26 13:24:28, itemId=e1b06627-5ea1-4b64-bf1d-19383371dff9, msg=机器验货:订单校验成功！, stock=1, source=1, totalWeight=2500.0, barCode=6921969806622, personId=13, user=idzc16473350950, orderId=d487cf77-7894-48dd-b26b-5e85ae70a383}
2017-11-26 13:30:36  [ pool-1-thread-1:97643 ] - [ ERROR ]  checkOut处理79{itemName=暖奶器 ODI-NNQ9 浅黄/卡其色（彩盒）, accountId=40, orderCode=9891641828559, status=SUCCESS_TRADE, orderDate=2017-11-26, state=河南, cpCode=POSTB, date=2017-11-26 13:23:23, itemId=20255, msg=人工验货:订单校验成功！, stock=1, source=2, totalWeight=0.98, barCode=6970137031168, personId=40, user=33, orderId=1496464}
2017-11-26 13:30:37  [ pool-1-thread-1:97997 ] - [ ERROR ]  checkOut处理80{itemName=DDZ-A08D1, accountId=13, orderCode=887432532209220517, status=SUCCESS_TRADE, orderDate=2017-11-26, state=广东省, cpCode=YTO, date=2017-11-26 13:20:47, itemId=8257, msg=机器验货:订单校验成功！, stock=1, source=1, totalWeight=1.85, barCode=6940971210920, personId=13, user=24, orderId=1496037}
2017-11-26 13:30:38  [ pool-1-thread-1:99019 ] - [ ERROR ]  checkOut处理81{itemName=nan, accountId=13, weight=0, orderCode=887431836684452830, status=FAIL_TRADE, cpCode=YTO, date=2017-11-26 13:28:11, itemId=, msg=人工验货:重复扫描！【887431836684452830】, stock=1, source=2, barCode=6940971210388, personId=13, orderId=}
2017-11-26 13:30:38  [ pool-1-thread-1:99350 ] - [ ERROR ]  checkOut处理82{itemName=暖奶器 ODI-NNQ9 浅黄/卡其色（彩盒）, accountId=13, orderCode=3956721019710, status=SUCCESS_TRADE, orderDate=2017-11-26, state=河南, cpCode=YUNDA, date=2017-11-26 13:24:33, itemId=20255, msg=机器验货:订单校验成功！, stock=1, source=1, totalWeight=0.98, barCode=6970137031168, personId=13, user=33, orderId=1496331}
2017-11-26 13:30:38  [ pool-1-thread-1:99708 ] - [ ERROR ]  checkOut处理83{itemName=, accountId=13, orderCode=3345865866714, status=SUCCESS_TRADE, orderDate=2017-11-26, state=, cpCode=STO, date=2017-11-26 13:14:39, itemId=39953894-414f-423c-80b3-5c3fa7b5a250, msg=人工验货:订单校验成功！, stock=1, source=2, totalWeight=1640.0, barCode=TM17111500002, personId=13, user=idzc16473350940, orderId=7cb546a8-d94e-4fb5-b840-cb71135e8997}
2017-11-26 13:30:39  [ pool-1-thread-1:100372 ] - [ ERROR ]  checkOut处理84{itemName=JSQ-A50U1【加湿器】, accountId=13, orderCode=887431836684452830, status=SUCCESS_TRADE, orderDate=2017-11-26, state=山东省, cpCode=YTO, date=2017-11-26 13:27:52, itemId=21149, msg=机器验货:订单校验成功！, stock=1, source=1, totalWeight=1.87, barCode=6940971210388, personId=13, user=51, orderId=1495585}
2017-11-26 13:30:39  [ pool-1-thread-1:100713 ] - [ ERROR ]  checkOut处理85{itemName=, accountId=13, orderCode=3345865435240, status=SUCCESS_TRADE, orderDate=2017-11-26, state=, cpCode=STO, date=2017-11-26 13:18:58, itemId=39953894-414f-423c-80b3-5c3fa7b5a250, msg=人工验货:订单校验成功！, stock=1, source=2, totalWeight=1640.0, barCode=TM17111500002, personId=13, user=idzc16473350940, orderId=dda6d197-a8fb-4867-8cdc-a5e549ec72c8}
2017-11-26 13:30:40  [ pool-1-thread-1:101051 ] - [ ERROR ]  checkOut处理86{itemName=志高 605 加湿器(智能版), accountId=13, orderCode=887413272754604355, status=SUCCESS_TRADE, orderDate=2017-11-24, state=, cpCode=YTO, date=2017-11-26 13:22:10, itemId=2df54f15-abd7-4cf5-967b-33a7df227a90, msg=机器验货:订单校验成功！, stock=1, source=1, totalWeight=1500.0, barCode=6931526737405, personId=13, user=idzc16473350946, orderId=cb56f2fc-9802-41e9-abd7-9551fcddb99d}
2017-11-26 13:30:40  [ pool-1-thread-1:101398 ] - [ ERROR ]  checkOut处理87{itemName=JSQ-A50U1【加湿器】, accountId=13, orderCode=887431843936755860, status=SUCCESS_TRADE, orderDate=2017-11-26, state=山东省, cpCode=YTO, date=2017-11-26 13:26:50, itemId=21149, msg=机器验货:订单校验成功！, stock=1, source=1, totalWeight=1.87, barCode=6940971210388, personId=13, user=51, orderId=1495491}
2017-11-26 13:30:40  [ pool-1-thread-1:101739 ] - [ ERROR ]  checkOut处理88{itemName=DRG-C1021, accountId=13, orderCode=887432539385412436, status=SUCCESS_TRADE, orderDate=2017-11-26, state=山西省, cpCode=YTO, date=2017-11-26 13:20:20, itemId=17138, msg=机器验货:订单校验成功！, stock=1, source=1, totalWeight=1.5, barCode=6940971212313, personId=13, user=24, orderId=1496064}
2017-11-26 13:30:41  [ pool-1-thread-1:102075 ] - [ ERROR ]  checkOut处理89{itemName=, accountId=13, orderCode=3345865502634, status=SUCCESS_TRADE, orderDate=2017-11-26, state=, cpCode=STO, date=2017-11-26 13:17:43, itemId=39953894-414f-423c-80b3-5c3fa7b5a250, msg=人工验货:订单校验成功！, stock=1, source=2, totalWeight=1640.0, barCode=TM17111500002, personId=13, user=idzc16473350940, orderId=a5d049d6-9894-4697-80c7-de2b28748cff}
2017-11-26 13:30:41  [ pool-1-thread-1:102417 ] - [ ERROR ]  checkOut处理90{itemName=志高C883加湿器蓝色, accountId=12, orderCode=9891642342383, status=SUCCESS_TRADE, orderDate=2017-11-26, state=, cpCode=POSTB, date=2017-11-26 13:26:45, itemId=00b8661e-edb3-4414-bcca-70bf2e9214c4, msg=人工验货:订单校验成功！, stock=1, source=2, totalWeight=1170.0, barCode=6931526723651, personId=12, user=idzc16473350946, orderId=52f1d74b-d66b-4ddc-818b-0b9e386d1a4f}
2017-11-26 13:30:41  [ pool-1-thread-1:102757 ] - [ ERROR ]  checkOut处理91{itemName=志高 605 加湿器(智能版), accountId=13, orderCode=887394316749987183, status=SUCCESS_TRADE, orderDate=2017-11-23, state=, cpCode=YTO, date=2017-11-26 13:28:46, itemId=2df54f15-abd7-4cf5-967b-33a7df227a90, msg=机器验货:订单校验成功！, stock=1, source=1, totalWeight=1500.0, barCode=6931526737405, personId=13, user=idzc16473350946, orderId=079004e2-23c5-4ce8-aa37-07740c1ad7a5}
2017-11-26 13:30:42  [ pool-1-thread-1:103101 ] - [ ERROR ]  checkOut处理92{itemName=, accountId=40, orderCode=3345865723389, status=SUCCESS_TRADE, orderDate=2017-11-26, state=, cpCode=STO, date=2017-11-26 13:17:55, itemId=39953894-414f-423c-80b3-5c3fa7b5a250, msg=人工验货:订单校验成功！, stock=1, source=2, totalWeight=1640.0, barCode=TM17111500002, personId=40, user=idzc16473350940, orderId=8ad08a02-432c-4988-b579-48ad10e3c6c2}
2017-11-26 13:30:42  [ pool-1-thread-1:103441 ] - [ ERROR ]  checkOut处理93{itemName=nan, accountId=40, weight=0, orderCode=3932520807221, status=FAIL_TRADE, cpCode=YUNDA, date=2017-11-26 13:14:39, itemId=, msg=人工验货:重复扫描！【3932520807221】, stock=1, source=2, barCode=6940971209757, personId=40, orderId=}
2017-11-26 13:30:42  [ pool-1-thread-1:103785 ] - [ ERROR ]  checkOut处理94{itemName=暖奶器 ODI-NNQ9 浅黄/卡其色（彩盒）, accountId=13, orderCode=3956721016859, status=SUCCESS_TRADE, orderDate=2017-11-26, state=山东, cpCode=YUNDA, date=2017-11-26 13:28:50, itemId=20255, msg=机器验货:订单校验成功！, stock=1, source=1, totalWeight=0.98, barCode=6970137031168, personId=13, user=33, orderId=1496336}
2017-11-26 13:30:43  [ pool-1-thread-1:104122 ] - [ ERROR ]  checkOut处理95{itemName=, accountId=13, orderCode=3345865428885, status=SUCCESS_TRADE, orderDate=2017-11-26, state=, cpCode=STO, date=2017-11-26 13:19:36, itemId=39953894-414f-423c-80b3-5c3fa7b5a250, msg=人工验货:订单校验成功！, stock=1, source=2, totalWeight=1640.0, barCode=TM17111500002, personId=13, user=idzc16473350940, orderId=cc4b8f9b-e02a-4a25-a7c0-fd7376bfa616}
2017-11-26 13:30:43  [ pool-1-thread-1:104467 ] - [ ERROR ]  checkOut处理96{itemName=QSJ-A03D2【切碎机】升级版, accountId=13, orderCode=3956721019406, status=SUCCESS_TRADE, orderDate=2017-11-26, state=上海, cpCode=YUNDA, date=2017-11-26 13:14:35, itemId=10571, msg=机器验货:订单校验成功！, stock=1, source=1, totalWeight=2.67, barCode=6940971209757, personId=13, user=51, orderId=1496247}
2017-11-26 13:30:44  [ pool-1-thread-1:105126 ] - [ ERROR ]  checkOut处理97{itemName=志高 605 加湿器(智能版), accountId=13, orderCode=887407935469846779, status=SUCCESS_TRADE, orderDate=2017-11-24, state=, cpCode=YTO, date=2017-11-26 13:19:45, itemId=2df54f15-abd7-4cf5-967b-33a7df227a90, msg=机器验货:订单校验成功！, stock=1, source=1, totalWeight=1500.0, barCode=6931526737405, personId=13, user=idzc16473350946, orderId=de01cff4-babc-4c4e-9728-b9bdb62190b5}
2017-11-26 13:30:44  [ pool-1-thread-1:105805 ] - [ ERROR ]  checkOut处理98{itemName=志高电磁炉 G500, accountId=13, orderCode=426564315976, status=SUCCESS_TRADE, orderDate=2017-11-25, state=, cpCode=ZTO, date=2017-11-26 13:15:07, itemId=88c061f1-358e-425d-b085-78a61bf46fee, msg=机器验货:订单校验成功！, stock=1, source=1, totalWeight=5360.0, barCode=6931526731472, personId=13, user=idzc16473350946, orderId=a6ac7dea-14b7-45cd-8030-66cf3723129e}
2017-11-26 13:30:45  [ pool-1-thread-1:106507 ] - [ ERROR ]  checkOut处理99{itemName=, accountId=13, orderCode=3345865939766, status=SUCCESS_TRADE, orderDate=2017-11-26, state=, cpCode=STO, date=2017-11-26 13:15:27, itemId=39953894-414f-423c-80b3-5c3fa7b5a250, msg=人工验货:订单校验成功！, stock=1, source=2, totalWeight=1640.0, barCode=TM17111500002, personId=13, user=idzc16473350940, orderId=8f80f748-2121-4028-b1d5-e5a164de9f00}
2017-11-26 13:30:46  [ pool-1-thread-1:107521 ] - [ ERROR ]  checkOut处理100{itemName=Tonze/天际 DDG-20N 电炖锅电炖盅BB煲绿豆炖汤炖盅 白瓷正品2L, accountId=13, orderCode=3956721017237, status=SUCCESS_TRADE, orderDate=2017-11-26, state=, cpCode=YUNDA, date=2017-11-26 13:21:49, itemId=bc1491dc-4bdf-43da-b953-30ba0f98fb3c, msg=机器验货:订单校验成功！, stock=1, source=1, totalWeight=3400.0, barCode=6921969801658, personId=13, user=idzc16473350950, orderId=962afc6c-33b1-4c90-b728-3a9d667b94b0}
2017-11-26 13:30:46  [ pool-1-thread-1:107886 ] - [ ERROR ]  checkOut处理101{itemName=志高 605 加湿器(智能版), accountId=13, orderCode=3956721012707, status=SUCCESS_TRADE, orderDate=2017-11-24, state=, cpCode=YUNDA, date=2017-11-26 13:22:16, itemId=2df54f15-abd7-4cf5-967b-33a7df227a90, msg=机器验货:订单校验成功！, stock=1, source=1, totalWeight=1500.0, barCode=6931526737405, personId=13, user=idzc16473350946, orderId=8626f373-1ff4-4310-8b7a-a803f24f9ff9}
2017-11-26 13:30:47  [ pool-1-thread-1:108221 ] - [ ERROR ]  checkOut处理102{itemName=志高C883加湿器蓝色, accountId=12, orderCode=3932520806565, status=SUCCESS_TRADE, orderDate=2017-11-25, state=, cpCode=YUNDA, date=2017-11-26 13:28:47, itemId=00b8661e-edb3-4414-bcca-70bf2e9214c4, msg=人工验货:订单校验成功！, stock=1, source=2, totalWeight=1170.0, barCode=6931526723651, personId=12, user=idzc16473350946, orderId=4066f41e-1bb2-4cd3-8ac7-2bd20c36f67f}
2017-11-26 13:30:47  [ pool-1-thread-1:108567 ] - [ ERROR ]  checkOut处理103{itemName=, accountId=40, orderCode=3345865594976, status=SUCCESS_TRADE, orderDate=2017-11-26, state=, cpCode=STO, date=2017-11-26 13:18:37, itemId=39953894-414f-423c-80b3-5c3fa7b5a250, msg=人工验货:订单校验成功！, stock=1, source=2, totalWeight=1640.0, barCode=TM17111500002, personId=40, user=idzc16473350940, orderId=f852e47a-e8f7-4629-b6d8-a6b9aed0baba}
2017-11-26 13:30:47  [ pool-1-thread-1:108910 ] - [ ERROR ]  checkOut处理104{itemName=, accountId=13, orderCode=3345865954857, status=SUCCESS_TRADE, orderDate=2017-11-26, state=, cpCode=STO, date=2017-11-26 13:17:29, itemId=39953894-414f-423c-80b3-5c3fa7b5a250, msg=人工验货:订单校验成功！, stock=1, source=2, totalWeight=1640.0, barCode=TM17111500002, personId=13, user=idzc16473350940, orderId=b686d2d1-ac03-407d-bd8a-0b9a3e1edfb0}
2017-11-26 13:30:48  [ pool-1-thread-1:109248 ] - [ ERROR ]  checkOut处理105{itemName=, accountId=40, orderCode=3345866159437, status=SUCCESS_TRADE, orderDate=2017-11-26, state=, cpCode=STO, date=2017-11-26 13:19:36, itemId=39953894-414f-423c-80b3-5c3fa7b5a250, msg=人工验货:订单校验成功！, stock=1, source=2, totalWeight=1640.0, barCode=TM17111500002, personId=40, user=idzc16473350940, orderId=ab7ecce0-f48f-4b66-b36c-675d003cd9f3}
2017-11-26 13:30:48  [ pool-1-thread-1:109588 ] - [ ERROR ]  checkOut处理106{itemName=, accountId=40, orderCode=3345865508497, status=SUCCESS_TRADE, orderDate=2017-11-26, state=, cpCode=STO, date=2017-11-26 13:18:16, itemId=39953894-414f-423c-80b3-5c3fa7b5a250, msg=人工验货:订单校验成功！, stock=1, source=2, totalWeight=1640.0, barCode=TM17111500002, personId=40, user=idzc16473350940, orderId=2f3b7b0b-4bfc-4a7c-8371-cb66b86579bf}
2017-11-26 13:30:48  [ pool-1-thread-1:109929 ] - [ ERROR ]  checkOut处理107{itemName=, accountId=12, orderCode=9742338211952, status=SUCCESS_TRADE, orderDate=2017-11-26, state=, cpCode=EYB, date=2017-11-26 13:28:09, itemId=265b2bdd-6074-4b52-87ce-42cad053ed7f, msg=人工验货:订单校验成功！, stock=1, source=2, totalWeight=1280.0, barCode=6927001203930, personId=12, user=idzc16473350940, orderId=e41eccce-daf0-46fe-99cb-f3172f3498e5}
2017-11-26 13:30:49  [ pool-1-thread-1:110304 ] - [ ERROR ]  checkOut处理108{itemName=志高 605 加湿器(智能版), accountId=13, orderCode=887394302477775062, status=SUCCESS_TRADE, orderDate=2017-11-23, state=, cpCode=YTO, date=2017-11-26 13:28:35, itemId=2df54f15-abd7-4cf5-967b-33a7df227a90, msg=机器验货:订单校验成功！, stock=1, source=1, totalWeight=1500.0, barCode=6931526737405, personId=13, user=idzc16473350946, orderId=407e3b37-cffc-439f-a285-3ecbc5f95569}
2017-11-26 13:30:49  [ pool-1-thread-1:110662 ] - [ ERROR ]  checkOut处理109{itemName=, accountId=13, orderCode=3345865792432, status=SUCCESS_TRADE, orderDate=2017-11-26, state=, cpCode=STO, date=2017-11-26 13:18:09, itemId=39953894-414f-423c-80b3-5c3fa7b5a250, msg=人工验货:订单校验成功！, stock=1, source=2, totalWeight=1640.0, barCode=TM17111500002, personId=13, user=idzc16473350940, orderId=e491198e-c7d5-46cc-bf3c-3243d63fd10a}
2017-11-26 13:30:50  [ pool-1-thread-1:111022 ] - [ ERROR ]  checkOut处理110{itemName=志高C883加湿器蓝色, accountId=12, orderCode=3932520805878, status=SUCCESS_TRADE, orderDate=2017-11-25, state=, cpCode=YUNDA, date=2017-11-26 13:28:32, itemId=00b8661e-edb3-4414-bcca-70bf2e9214c4, msg=人工验货:订单校验成功！, stock=1, source=2, totalWeight=1170.0, barCode=6931526723651, personId=12, user=idzc16473350946, orderId=5f9f01b9-a9ee-4673-91f0-f3c02eceab3d}
2017-11-26 13:30:50  [ pool-1-thread-1:111383 ] - [ ERROR ]  checkOut处理111{itemName=JSQ-A50U1【加湿器】, accountId=13, orderCode=887431807673038698, status=SUCCESS_TRADE, orderDate=2017-11-26, state=河南省, cpCode=YTO, date=2017-11-26 13:28:10, itemId=21149, msg=人工验货:订单校验成功！, stock=1, source=2, totalWeight=1.87, barCode=6940971210388, personId=13, user=51, orderId=1495642}
2017-11-26 13:30:50  [ pool-1-thread-1:111745 ] - [ ERROR ]  checkOut处理112{itemName=Tonze/天际 DDG-20N 电炖锅电炖盅BB煲绿豆炖汤炖盅 白瓷正品2L, accountId=13, orderCode=3956721019328, status=SUCCESS_TRADE, orderDate=2017-11-26, state=, cpCode=YUNDA, date=2017-11-26 13:21:33, itemId=bc1491dc-4bdf-43da-b953-30ba0f98fb3c, msg=机器验货:订单校验成功！, stock=1, source=1, totalWeight=3400.0, barCode=6921969801658, personId=13, user=idzc16473350950, orderId=33f147f8-1918-4152-8137-40c71c9ea88e}
2017-11-26 13:30:51  [ pool-1-thread-1:112440 ] - [ ERROR ]  checkOut处理113{itemName=志高C883加湿器蓝色, accountId=12, orderCode=3956721019033, status=SUCCESS_TRADE, orderDate=2017-11-26, state=, cpCode=YUNDA, date=2017-11-26 13:25:31, itemId=00b8661e-edb3-4414-bcca-70bf2e9214c4, msg=人工验货:订单校验成功！, stock=1, source=2, totalWeight=1170.0, barCode=6931526723651, personId=12, user=idzc16473350946, orderId=bfc03ef8-4665-43c4-9340-3c957aeed428}
2017-11-26 13:30:52  [ pool-1-thread-1:113170 ] - [ ERROR ]  checkOut处理114{itemName=, accountId=13, orderCode=3345865580200, status=SUCCESS_TRADE, orderDate=2017-11-26, state=, cpCode=STO, date=2017-11-26 13:14:04, itemId=39953894-414f-423c-80b3-5c3fa7b5a250, msg=人工验货:订单校验成功！, stock=1, source=2, totalWeight=1640.0, barCode=TM17111500002, personId=13, user=idzc16473350940, orderId=b5aad839-5481-4f60-afc5-8bca715f085e}
2017-11-26 13:30:52  [ pool-1-thread-1:113888 ] - [ ERROR ]  checkOut处理115{itemName=, accountId=13, orderCode=3345865427813, status=SUCCESS_TRADE, orderDate=2017-11-26, state=, cpCode=STO, date=2017-11-26 13:14:38, itemId=39953894-414f-423c-80b3-5c3fa7b5a250, msg=人工验货:订单校验成功！, stock=1, source=2, totalWeight=1640.0, barCode=TM17111500002, personId=13, user=idzc16473350940, orderId=3a060530-ca0b-4975-a7b5-82418f9483de}
2017-11-26 13:30:53  [ pool-1-thread-1:114281 ] - [ ERROR ]  checkOut处理116{itemName=Tonze/天际 DDG-20N 电炖锅电炖盅BB煲绿豆炖汤炖盅 白瓷正品2L, accountId=13, orderCode=3956721018956, status=SUCCESS_TRADE, orderDate=2017-11-26, state=, cpCode=YUNDA, date=2017-11-26 13:21:34, itemId=bc1491dc-4bdf-43da-b953-30ba0f98fb3c, msg=机器验货:订单校验成功！, stock=1, source=1, totalWeight=3400.0, barCode=6921969801658, personId=13, user=idzc16473350950, orderId=223352b5-6127-48d1-8f52-1d906223e177}
2017-11-26 13:30:53  [ pool-1-thread-1:114638 ] - [ ERROR ]  checkOut处理117{itemName=QSJ-A03D2【切碎机】升级版, accountId=13, orderCode=887431829633038698, status=SUCCESS_TRADE, orderDate=2017-11-26, state=重庆, cpCode=YTO, date=2017-11-26 13:14:19, itemId=10571, msg=人工验货:订单校验成功！, stock=1, source=2, totalWeight=2.67, barCode=6940971209757, personId=13, user=51, orderId=1495672}
2017-11-26 13:30:54  [ pool-1-thread-1:115004 ] - [ ERROR ]  checkOut处理118{itemName=志高 605 加湿器(智能版), accountId=40, orderCode=887407979589088193, status=SUCCESS_TRADE, orderDate=2017-11-24, state=, cpCode=YTO, date=2017-11-26 13:19:12, itemId=2df54f15-abd7-4cf5-967b-33a7df227a90, msg=人工验货:订单校验成功！, stock=1, source=2, totalWeight=1500.0, barCode=6931526737405, personId=40, user=idzc16473350946, orderId=a6a5920f-2984-48cb-a832-86074fb7b833}
2017-11-26 13:30:54  [ pool-1-thread-1:115364 ] - [ ERROR ]  checkOut处理119{itemName=, accountId=12, orderCode=9891639233304, status=SUCCESS_TRADE, orderDate=2017-11-25, state=, cpCode=POSTB, date=2017-11-26 13:28:29, itemId=265b2bdd-6074-4b52-87ce-42cad053ed7f, msg=人工验货:订单校验成功！, stock=1, source=2, totalWeight=1280.0, barCode=6927001203930, personId=12, user=idzc16473350940, orderId=1ee63f6a-5907-49b2-8bf0-bbb633ae44fb}
2017-11-26 13:30:54  [ pool-1-thread-1:115735 ] - [ ERROR ]  checkOut处理120{itemName=, accountId=40, orderCode=3345866084873, status=SUCCESS_TRADE, orderDate=2017-11-26, state=, cpCode=STO, date=2017-11-26 13:18:26, itemId=39953894-414f-423c-80b3-5c3fa7b5a250, msg=人工验货:订单校验成功！, stock=1, source=2, totalWeight=1640.0, barCode=TM17111500002, personId=40, user=idzc16473350940, orderId=fa4cf63c-b0f3-44dc-9750-20c401a67716}
2017-11-26 13:30:55  [ pool-1-thread-1:116459 ] - [ ERROR ]  checkOut处理121{itemName=暖奶器 ODI-NNQ9 浅黄/卡其色（彩盒）, accountId=13, orderCode=3956721018939, status=SUCCESS_TRADE, orderDate=2017-11-26, state=安徽, cpCode=YUNDA, date=2017-11-26 13:28:46, itemId=20255, msg=机器验货:订单校验成功！, stock=1, source=1, totalWeight=0.98, barCode=6970137031168, personId=13, user=33, orderId=1496405}
2017-11-26 13:30:55  [ pool-1-thread-1:116809 ] - [ ERROR ]  checkOut处理122{itemName=志高干衣机ZG09D-JT01(DM), accountId=12, orderCode=3932520806186, status=SUCCESS_TRADE, orderDate=2017-11-25, state=, cpCode=YUNDA, date=2017-11-26 13:27:27, itemId=44f9ce55-bc25-4fe1-986b-36d159bec567, msg=人工验货:订单校验成功！, stock=1, source=2, totalWeight=3040.0, barCode=6931526727093, personId=12, user=idzc16473350940, orderId=76a8a761-b5d0-4a44-bed4-b20384d3873c}
2017-11-26 13:30:56  [ pool-1-thread-1:117534 ] - [ ERROR ]  checkOut处理123{itemName=QSJ-A03D2【切碎机】升级版, accountId=40, orderCode=887433606679765961, status=SUCCESS_TRADE, orderDate=2017-11-26, state=四川省, cpCode=YTO, date=2017-11-26 13:18:08, itemId=10571, msg=人工验货:订单校验成功！, stock=1, source=2, totalWeight=2.67, barCode=6940971209757, personId=40, user=51, orderId=1497034}
2017-11-26 13:30:57  [ pool-1-thread-1:118239 ] - [ ERROR ]  checkOut处理124{itemName=暖奶器 ODI-NNQ9 浅黄/卡其色（彩盒）, accountId=13, orderCode=3956721017811, status=SUCCESS_TRADE, orderDate=2017-11-26, state=江苏, cpCode=YUNDA, date=2017-11-26 13:27:31, itemId=20255, msg=机器验货:订单校验成功！, stock=1, source=1, totalWeight=0.98, barCode=6970137031168, personId=13, user=33, orderId=1496330}
2017-11-26 13:30:57  [ pool-1-thread-1:118961 ] - [ ERROR ]  checkOut处理125{itemName=JSQ-A50U1【加湿器】, accountId=13, orderCode=887431843820725567, status=SUCCESS_TRADE, orderDate=2017-11-26, state=辽宁省, cpCode=YTO, date=2017-11-26 13:28:30, itemId=21149, msg=机器验货:订单校验成功！, stock=1, source=1, totalWeight=1.87, barCode=6940971210388, personId=13, user=51, orderId=1495832}
2017-11-26 13:30:58  [ pool-1-thread-1:119347 ] - [ ERROR ]  checkOut处理126{itemName=nan, accountId=40, weight=0, orderCode=887431808342119406, status=FAIL_TRADE, cpCode=YTO, date=2017-11-26 13:14:51, itemId=, msg=人工验货:重复扫描！【887431808342119406】, stock=1, source=2, barCode=6940971209757, personId=40, orderId=}
2017-11-26 13:30:58  [ pool-1-thread-1:119709 ] - [ ERROR ]  checkOut处理127{itemName=志高干衣机ZG09D-JT01(DM), accountId=12, orderCode=3932520806095, status=SUCCESS_TRADE, orderDate=2017-11-25, state=, cpCode=YUNDA, date=2017-11-26 13:27:56, itemId=44f9ce55-bc25-4fe1-986b-36d159bec567, msg=人工验货:订单校验成功！, stock=1, source=2, totalWeight=3040.0, barCode=6931526727093, personId=12, user=idzc16473350940, orderId=9ca8c048-a8e1-48f5-982d-19ec9351e57f}
2017-11-26 13:30:59  [ pool-1-thread-1:120069 ] - [ ERROR ]  checkOut处理128{itemName=, accountId=40, orderCode=3345865428302, status=SUCCESS_TRADE, orderDate=2017-11-26, state=, cpCode=STO, date=2017-11-26 13:18:24, itemId=39953894-414f-423c-80b3-5c3fa7b5a250, msg=人工验货:订单校验成功！, stock=1, source=2, totalWeight=1640.0, barCode=TM17111500002, personId=40, user=idzc16473350940, orderId=4c9e486b-2351-4ae4-aa45-462c63e713d3}
2017-11-26 13:30:59  [ pool-1-thread-1:120771 ] - [ ERROR ]  checkOut处理129{itemName=暖奶器 ODI-NNQ9 浅黄/卡其色（彩盒）, accountId=13, orderCode=3956721018577, status=SUCCESS_TRADE, orderDate=2017-11-26, state=福建, cpCode=YUNDA, date=2017-11-26 13:23:46, itemId=20255, msg=机器验货:订单校验成功！, stock=1, source=1, totalWeight=0.98, barCode=6970137031168, personId=13, user=33, orderId=1495061}
2017-11-26 13:31:00  [ pool-1-thread-1:121158 ] - [ ERROR ]  checkOut处理130{itemName=, accountId=13, orderCode=3345865351362, status=SUCCESS_TRADE, orderDate=2017-11-26, state=, cpCode=STO, date=2017-11-26 13:18:07, itemId=39953894-414f-423c-80b3-5c3fa7b5a250, msg=人工验货:订单校验成功！, stock=1, source=2, totalWeight=1640.0, barCode=TM17111500002, personId=13, user=idzc16473350940, orderId=62489b36-b898-48fa-ad5b-3f9682a281bb}
2017-11-26 13:31:00  [ pool-1-thread-1:121517 ] - [ ERROR ]  checkOut处理131{itemName=, accountId=13, orderCode=3345865952100, status=SUCCESS_TRADE, orderDate=2017-11-26, state=, cpCode=STO, date=2017-11-26 13:15:05, itemId=39953894-414f-423c-80b3-5c3fa7b5a250, msg=人工验货:订单校验成功！, stock=1, source=2, totalWeight=1640.0, barCode=TM17111500002, personId=13, user=idzc16473350940, orderId=20b23920-66e7-41b4-8223-8c2b44599c2a}
2017-11-26 13:31:00  [ pool-1-thread-1:121880 ] - [ ERROR ]  checkOut处理132{itemName=, accountId=40, orderCode=3345865653068, status=SUCCESS_TRADE, orderDate=2017-11-26, state=, cpCode=STO, date=2017-11-26 13:15:32, itemId=39953894-414f-423c-80b3-5c3fa7b5a250, msg=人工验货:订单校验成功！, stock=1, source=2, totalWeight=1640.0, barCode=TM17111500002, personId=40, user=idzc16473350940, orderId=4110c2d0-a07f-4305-924e-549875707193}
2017-11-26 13:31:01  [ pool-1-thread-1:122579 ] - [ ERROR ]  checkOut处理133{itemName=QSJ-A03D2【切碎机】升级版, accountId=13, orderCode=3932520807222, status=SUCCESS_TRADE, orderDate=2017-11-26, state=甘肃省, cpCode=YUNDA, date=2017-11-26 13:14:34, itemId=10571, msg=机器验货:订单校验成功！, stock=1, source=1, totalWeight=2.67, barCode=6940971209757, personId=13, user=51, orderId=1495674}
2017-11-26 13:31:01  [ pool-1-thread-1:122965 ] - [ ERROR ]  checkOut处理134{itemName=Tonze/天际 DDG-20N 电炖锅电炖盅BB煲绿豆炖汤炖盅 白瓷正品2L, accountId=13, orderCode=3956721018957, status=SUCCESS_TRADE, orderDate=2017-11-26, state=, cpCode=YUNDA, date=2017-11-26 13:21:31, itemId=bc1491dc-4bdf-43da-b953-30ba0f98fb3c, msg=机器验货:订单校验成功！, stock=1, source=1, totalWeight=3400.0, barCode=6921969801658, personId=13, user=idzc16473350950, orderId=f839cda5-d35b-4d0b-85a4-5f44b481fe3c}
2017-11-26 13:31:02  [ pool-1-thread-1:123323 ] - [ ERROR ]  checkOut处理135{itemName=志高 605 加湿器(智能版), accountId=13, orderCode=3932520799069, status=SUCCESS_TRADE, orderDate=2017-11-21, state=, cpCode=YUNDA, date=2017-11-26 13:22:59, itemId=2df54f15-abd7-4cf5-967b-33a7df227a90, msg=机器验货:订单校验成功！, stock=1, source=1, totalWeight=1500.0, barCode=6931526737405, personId=13, user=idzc16473350946, orderId=4a2ebf05-1dad-472c-9147-8dd0c46bc8e4}
2017-11-26 13:31:03  [ pool-1-thread-1:124050 ] - [ ERROR ]  checkOut处理136{itemName=, accountId=40, orderCode=3345865669279, status=SUCCESS_TRADE, orderDate=2017-11-26, state=, cpCode=STO, date=2017-11-26 13:18:05, itemId=39953894-414f-423c-80b3-5c3fa7b5a250, msg=人工验货:订单校验成功！, stock=1, source=2, totalWeight=1640.0, barCode=TM17111500002, personId=40, user=idzc16473350940, orderId=8b0b92d3-3322-4774-8235-95dd571374d8}
2017-11-26 13:31:03  [ pool-1-thread-1:124413 ] - [ ERROR ]  checkOut处理137{itemName=志高 605 加湿器(智能版), accountId=13, orderCode=887369940886098294, status=SUCCESS_TRADE, orderDate=2017-11-21, state=, cpCode=YTO, date=2017-11-26 13:23:14, itemId=2df54f15-abd7-4cf5-967b-33a7df227a90, msg=机器验货:订单校验成功！, stock=1, source=1, totalWeight=1500.0, barCode=6931526737405, personId=13, user=idzc16473350946, orderId=ca60d532-4dae-40cb-937f-c8c8e53396f3}
2017-11-26 13:31:03  [ pool-1-thread-1:124772 ] - [ ERROR ]  checkOut处理138{itemName=, accountId=13, orderCode=3345865427151, status=SUCCESS_TRADE, orderDate=2017-11-26, state=, cpCode=STO, date=2017-11-26 13:14:12, itemId=39953894-414f-423c-80b3-5c3fa7b5a250, msg=人工验货:订单校验成功！, stock=1, source=2, totalWeight=1640.0, barCode=TM17111500002, personId=13, user=idzc16473350940, orderId=640fab7e-778a-4c72-a224-16a6e03bfb7d}
2017-11-26 13:31:04  [ pool-1-thread-1:125128 ] - [ ERROR ]  checkOut处理139{itemName=nan, accountId=40, weight=0, orderCode=887431829633038698, status=FAIL_TRADE, cpCode=YTO, date=2017-11-26 13:14:21, itemId=, msg=人工验货:重复扫描！【887431829633038698】, stock=1, source=2, barCode=6940971209757, personId=40, orderId=}
2017-11-26 13:31:04  [ pool-1-thread-1:125469 ] - [ ERROR ]  checkOut处理140{itemName=, accountId=13, orderCode=3345865518092, status=SUCCESS_TRADE, orderDate=2017-11-26, state=, cpCode=STO, date=2017-11-26 13:17:32, itemId=39953894-414f-423c-80b3-5c3fa7b5a250, msg=人工验货:订单校验成功！, stock=1, source=2, totalWeight=1640.0, barCode=TM17111500002, personId=13, user=idzc16473350940, orderId=9f02654e-f265-4805-97d7-5e9d103489e5}
2017-11-26 13:31:04  [ pool-1-thread-1:125827 ] - [ ERROR ]  checkOut处理141{itemName=天际电饭煲FD20PW, accountId=13, orderCode=887432738519513446, status=SUCCESS_TRADE, orderDate=2017-11-26, state=, cpCode=YTO, date=2017-11-26 13:21:02, itemId=e1b06627-5ea1-4b64-bf1d-19383371dff9, msg=人工验货:订单校验成功！, stock=1, source=2, totalWeight=2500.0, barCode=6921969806622, personId=13, user=idzc16473350950, orderId=ba9b7a81-cc13-4bb1-891c-0a6732a13855}
2017-11-26 13:31:05  [ pool-1-thread-1:126808 ] - [ ERROR ]  checkOut处理142{itemName=QSJ-A03D2【切碎机】升级版, accountId=13, orderCode=887433613598139608, status=SUCCESS_TRADE, orderDate=2017-11-26, state=浙江省, cpCode=YTO, date=2017-11-26 13:18:09, itemId=10571, msg=机器验货:订单校验成功！, stock=1, source=1, totalWeight=2.67, barCode=6940971209757, personId=13, user=51, orderId=1497039}
2017-11-26 13:31:06  [ pool-1-thread-1:127516 ] - [ ERROR ]  checkOut处理143{itemName=, accountId=12, orderCode=3956721015291, status=SUCCESS_TRADE, orderDate=2017-11-26, state=, cpCode=YUNDA, date=2017-11-26 13:14:50, itemId=265b2bdd-6074-4b52-87ce-42cad053ed7f, msg=人工验货:订单校验成功！, stock=1, source=2, totalWeight=1280.0, barCode=6927001203930, personId=12, user=idzc16473350940, orderId=d64a01db-0167-4f1e-8d6c-7252ee28d7e4}
2017-11-26 13:31:06  [ pool-1-thread-1:127858 ] - [ ERROR ]  checkOut处理144{itemName=暖奶器 ODI-NNQ9 浅黄/卡其色（彩盒）, accountId=13, orderCode=3956721019320, status=SUCCESS_TRADE, orderDate=2017-11-26, state=江西, cpCode=YUNDA, date=2017-11-26 13:27:47, itemId=20255, msg=机器验货:订单校验成功！, stock=1, source=1, totalWeight=0.98, barCode=6970137031168, personId=13, user=33, orderId=1496413}
2017-11-26 13:31:07  [ pool-1-thread-1:128197 ] - [ ERROR ]  checkOut处理145{itemName=QSJ-A03D2【切碎机】升级版, accountId=13, orderCode=887433141654341729, status=SUCCESS_TRADE, orderDate=2017-11-26, state=福建省, cpCode=YTO, date=2017-11-26 13:21:17, itemId=10571, msg=机器验货:订单校验成功！, stock=1, source=1, totalWeight=2.67, barCode=6940971209757, personId=13, user=51, orderId=1496584}
2017-11-26 13:31:07  [ pool-1-thread-1:128541 ] - [ ERROR ]  checkOut处理146{itemName=, accountId=12, orderCode=3956721014095, status=SUCCESS_TRADE, orderDate=2017-11-25, state=, cpCode=YUNDA, date=2017-11-26 13:28:19, itemId=265b2bdd-6074-4b52-87ce-42cad053ed7f, msg=人工验货:订单校验成功！, stock=1, source=2, totalWeight=1280.0, barCode=6927001203930, personId=12, user=idzc16473350940, orderId=146352ea-5e9a-48ca-9b1b-5a5008d479c9}
2017-11-26 13:31:07  [ pool-1-thread-1:128882 ] - [ ERROR ]  checkOut处理147{itemName=志高C883加湿器蓝色, accountId=12, orderCode=3932520806870, status=SUCCESS_TRADE, orderDate=2017-11-26, state=, cpCode=YUNDA, date=2017-11-26 13:15:25, itemId=00b8661e-edb3-4414-bcca-70bf2e9214c4, msg=人工验货:订单校验成功！, stock=1, source=2, totalWeight=1170.0, barCode=6931526723651, personId=12, user=idzc16473350946, orderId=36003064-e55b-4ef2-8faa-bf98793b2d77}
2017-11-26 13:31:08  [ pool-1-thread-1:129223 ] - [ ERROR ]  checkOut处理148{itemName=志高 605 加湿器(智能版), accountId=40, orderCode=887414648223533648, status=SUCCESS_TRADE, orderDate=2017-11-24, state=, cpCode=YTO, date=2017-11-26 13:28:22, itemId=2df54f15-abd7-4cf5-967b-33a7df227a90, msg=人工验货:订单校验成功！, stock=1, source=2, totalWeight=1500.0, barCode=6931526737405, personId=40, user=idzc16473350946, orderId=83441283-689b-4b8b-8291-4393b3139a06}
2017-11-26 13:31:08  [ pool-1-thread-1:129882 ] - [ ERROR ]  checkOut处理149{itemName=天际电饭煲FD20PW, accountId=13, orderCode=887432775662078092, status=SUCCESS_TRADE, orderDate=2017-11-26, state=, cpCode=YTO, date=2017-11-26 13:21:03, itemId=e1b06627-5ea1-4b64-bf1d-19383371dff9, msg=机器验货:订单校验成功！, stock=1, source=1, totalWeight=2500.0, barCode=6921969806622, personId=13, user=idzc16473350950, orderId=bf8f75d8-e66b-4490-a498-0c177bbc92b1}
2017-11-26 13:31:09  [ pool-1-thread-1:130932 ] - [ ERROR ]  checkOut处理150{itemName=暖奶器 ODI-NNQ9 浅黄/卡其色（彩盒）, accountId=13, orderCode=3956721019422, status=SUCCESS_TRADE, orderDate=2017-11-26, state=江苏, cpCode=YUNDA, date=2017-11-26 13:23:22, itemId=20255, msg=机器验货:订单校验成功！, stock=1, source=1, totalWeight=0.98, barCode=6970137031168, personId=13, user=33, orderId=1497261}
2017-11-26 13:31:10  [ pool-1-thread-1:131611 ] - [ ERROR ]  checkOut处理151{itemName=, accountId=13, orderCode=3345865578790, status=SUCCESS_TRADE, orderDate=2017-11-26, state=, cpCode=STO, date=2017-11-26 13:15:25, itemId=39953894-414f-423c-80b3-5c3fa7b5a250, msg=人工验货:订单校验成功！, stock=1, source=2, totalWeight=1640.0, barCode=TM17111500002, personId=13, user=idzc16473350940, orderId=452ad41f-5662-485d-9905-4a7397744031}
2017-11-26 13:31:10  [ pool-1-thread-1:131950 ] - [ ERROR ]  checkOut处理152{itemName=志高C883加湿器蓝色, accountId=12, orderCode=9891642346756, status=SUCCESS_TRADE, orderDate=2017-11-26, state=, cpCode=POSTB, date=2017-11-26 13:27:32, itemId=00b8661e-edb3-4414-bcca-70bf2e9214c4, msg=人工验货:订单校验成功！, stock=1, source=2, totalWeight=1170.0, barCode=6931526723651, personId=12, user=idzc16473350946, orderId=dfc94400-7748-4c4a-b88f-db2633263adc}
2017-11-26 13:31:11  [ pool-1-thread-1:132292 ] - [ ERROR ]  checkOut处理153{itemName=志高 605 加湿器(智能版), accountId=13, orderCode=887371177408634658, status=SUCCESS_TRADE, orderDate=2017-11-21, state=, cpCode=YTO, date=2017-11-26 13:23:10, itemId=2df54f15-abd7-4cf5-967b-33a7df227a90, msg=机器验货:订单校验成功！, stock=1, source=1, totalWeight=1500.0, barCode=6931526737405, personId=13, user=idzc16473350946, orderId=99bd52f0-e0fa-4c06-8a2b-8d4f93c2880c}
2017-11-26 13:31:11  [ pool-1-thread-1:132634 ] - [ ERROR ]  checkOut处理154{itemName=, accountId=12, orderCode=9891641710548, status=SUCCESS_TRADE, orderDate=2017-11-26, state=, cpCode=POSTB, date=2017-11-26 13:28:06, itemId=265b2bdd-6074-4b52-87ce-42cad053ed7f, msg=人工验货:订单校验成功！, stock=1, source=2, totalWeight=1280.0, barCode=6927001203930, personId=12, user=idzc16473350940, orderId=9f348dd2-49c8-4ea4-91fb-29c5b2091057}
2017-11-26 13:31:12  [ pool-1-thread-1:132974 ] - [ ERROR ]  checkOut处理155{itemName=志高 605 加湿器(智能版), accountId=13, orderCode=9891625170387, status=SUCCESS_TRADE, orderDate=2017-11-23, state=, cpCode=POSTB, date=2017-11-26 13:28:01, itemId=2df54f15-abd7-4cf5-967b-33a7df227a90, msg=机器验货:订单校验成功！, stock=1, source=1, totalWeight=1500.0, barCode=6931526737405, personId=13, user=idzc16473350946, orderId=6c20b82c-03cc-4ca6-b939-af1fc36bb437}
2017-11-26 13:31:12  [ pool-1-thread-1:133316 ] - [ ERROR ]  checkOut处理156{itemName=, accountId=13, orderCode=3345866240992, status=SUCCESS_TRADE, orderDate=2017-11-26, state=, cpCode=STO, date=2017-11-26 13:17:38, itemId=39953894-414f-423c-80b3-5c3fa7b5a250, msg=人工验货:订单校验成功！, stock=1, source=2, totalWeight=1640.0, barCode=TM17111500002, personId=13, user=idzc16473350940, orderId=11f01a9b-d783-4d0e-b0d2-2dedc4ca64f2}
2017-11-26 13:31:12  [ pool-1-thread-1:133659 ] - [ ERROR ]  checkOut处理157{itemName=DRG-C1021, accountId=13, orderCode=887432488892745769, status=SUCCESS_TRADE, orderDate=2017-11-26, state=浙江省, cpCode=YTO, date=2017-11-26 13:20:18, itemId=17138, msg=机器验货:订单校验成功！, stock=1, source=1, totalWeight=1.5, barCode=6940971212313, personId=13, user=24, orderId=1495942}
2017-11-26 13:31:13  [ pool-1-thread-1:133999 ] - [ ERROR ]  checkOut处理158{itemName=暖奶器 ODI-NNQ9 浅黄/卡其色（彩盒）, accountId=13, orderCode=9891641839814, status=SUCCESS_TRADE, orderDate=2017-11-26, state=浙江, cpCode=POSTB, date=2017-11-26 13:23:21, itemId=20255, msg=机器验货:订单校验成功！, stock=1, source=1, totalWeight=0.98, barCode=6970137031168, personId=13, user=33, orderId=1496449}
2017-11-26 13:31:13  [ pool-1-thread-1:134359 ] - [ ERROR ]  checkOut处理159{itemName=志高 605 加湿器(智能版), accountId=40, orderCode=887414107232260911, status=SUCCESS_TRADE, orderDate=2017-11-24, state=, cpCode=YTO, date=2017-11-26 13:27:52, itemId=2df54f15-abd7-4cf5-967b-33a7df227a90, msg=人工验货:订单校验成功！, stock=1, source=2, totalWeight=1500.0, barCode=6931526737405, personId=40, user=idzc16473350946, orderId=ba2fbb37-8ad8-4280-8515-e68e03dbe551}
2017-11-26 13:31:14  [ pool-1-thread-1:135030 ] - [ ERROR ]  checkOut处理160{itemName=志高C883加湿器蓝色, accountId=12, orderCode=3956721017897, status=SUCCESS_TRADE, orderDate=2017-11-26, state=, cpCode=YUNDA, date=2017-11-26 13:15:32, itemId=00b8661e-edb3-4414-bcca-70bf2e9214c4, msg=人工验货:订单校验成功！, stock=1, source=2, totalWeight=1170.0, barCode=6931526723651, personId=12, user=idzc16473350946, orderId=4eed4939-2350-46c0-bef6-4ba1cf4d3127}
2017-11-26 13:31:14  [ pool-1-thread-1:135370 ] - [ ERROR ]  checkOut处理161{itemName=nan, accountId=13, weight=0, orderCode=887432494895280113, status=FAIL_TRADE, cpCode=YTO, date=2017-11-26 13:21:06, itemId=, msg=人工验货:重复扫描！【887432494895280113】, stock=1, source=2, barCode=6940971210920, personId=13, orderId=}
2017-11-26 13:31:15  [ pool-1-thread-1:136361 ] - [ ERROR ]  checkOut处理162{itemName=志高 605 加湿器(智能版), accountId=13, orderCode=887394251070674052, status=SUCCESS_TRADE, orderDate=2017-11-23, state=, cpCode=YTO, date=2017-11-26 13:23:01, itemId=2df54f15-abd7-4cf5-967b-33a7df227a90, msg=机器验货:订单校验成功！, stock=1, source=1, totalWeight=1500.0, barCode=6931526737405, personId=13, user=idzc16473350946, orderId=6e7c9ec0-9018-4c77-95f9-9ebb16217a02}
2017-11-26 13:35:16  [ 15563907@qtp-29169892-0:120659 ] - [ ERROR ]  account is null
2017-11-26 13:35:22  [ 15563907@qtp-29169892-0:126375 ] - [ ERROR ]  account dao impl logger!
2017-11-26 13:35:22  [ 15563907@qtp-29169892-0:126435 ] - [ ERROR ]  SELECT T.*
		FROM t_xinyu_account T where 1=1
2017-11-26 13:35:26  [ 20199228@qtp-29169892-5:130481 ] - [ ERROR ]  account is not null;
2017-11-26 13:35:26  [ 20199228@qtp-29169892-5:130482 ] - [ ERROR ]  account is null
2017-11-26 13:36:00  [ pool-1-thread-1:163794 ] - [ ERROR ]  订单接单
2017-11-26 13:36:00  [ pool-1-thread-1:164251 ] - [ ERROR ]  不存在的订单！ORDER_ACCEPT334d2d89-0960-4919-83e4-43c0f059eedf
2017-11-26 13:36:04  [ pool-1-thread-1:168494 ] - [ ERROR ]  订单接单IDb462c094-3b45-48b8-a643-49de0b513332
2017-11-26 13:36:04  [ pool-1-thread-1:168549 ] - [ ERROR ]  不存在的订单！ORDER_ACCEPT1f26c81d-3954-4350-ac96-063e346d5488
2017-11-26 13:36:04  [ pool-1-thread-1:168615 ] - [ ERROR ]  不存在的订单！ORDER_ACCEPTccf4a553-e86b-4884-b5c5-0c1d7f8c2a19
2017-11-26 13:36:04  [ pool-1-thread-1:168679 ] - [ ERROR ]  不存在的订单！ORDER_ACCEPT61ca9a54-6b88-4d4b-a2ac-42cd1bbfb1d7
2017-11-26 13:36:04  [ pool-1-thread-1:168750 ] - [ ERROR ]  不存在的订单！ORDER_ACCEPT734a7f64-90b3-4fba-8884-aa1bf665d338
2017-11-26 13:36:05  [ pool-1-thread-1:168813 ] - [ ERROR ]  不存在的订单！ORDER_ACCEPTc26fc327-3a5e-40a9-8a9c-1b47f0ba0599
2017-11-26 13:36:05  [ pool-1-thread-1:168877 ] - [ ERROR ]  不存在的订单！ORDER_ACCEPTeaa0bad6-022c-49f7-9d77-c45045cec1c9
2017-11-26 13:36:05  [ pool-1-thread-1:168941 ] - [ ERROR ]  不存在的订单！ORDER_ACCEPT837235d8-72fb-43c9-ae4d-35ba5211e4ef
2017-11-26 13:36:05  [ pool-1-thread-1:169004 ] - [ ERROR ]  不存在的订单！ORDER_ACCEPTade059b6-3c3f-4a19-929d-83b1704486e6
2017-11-26 13:36:05  [ pool-1-thread-1:169077 ] - [ ERROR ]  不存在的订单！ORDER_ACCEPTf17448b8-462e-4c5a-92f4-5a183cc452b1
2017-11-26 13:36:05  [ pool-1-thread-1:169143 ] - [ ERROR ]  不存在的订单！ORDER_ACCEPT330d1929-71e6-44b8-8540-044b99300eec
2017-11-26 13:36:05  [ pool-1-thread-1:169218 ] - [ ERROR ]  不存在的订单！ORDER_ACCEPT0c56a2d1-c602-4684-aa2e-1b10071a2fd8
2017-11-26 13:36:05  [ pool-1-thread-1:169450 ] - [ ERROR ]  订单接单ID3572b904-9747-41b2-aead-be2ffd3230f3
2017-11-26 13:36:05  [ pool-1-thread-1:169547 ] - [ ERROR ]  不存在的订单！ORDER_ACCEPT68605ac0-5e40-44ed-9075-e01019cfc6c3
2017-11-26 13:36:06  [ pool-1-thread-1:169793 ] - [ ERROR ]  不存在的订单！ORDER_ACCEPT9a8c18f1-45a5-414f-a454-f2c1cf5448ff
2017-11-26 13:36:06  [ pool-1-thread-1:169859 ] - [ ERROR ]  不存在的订单！ORDER_ACCEPT4ec7c394-6e8e-461c-a583-c96efd557af0
2017-11-26 13:36:06  [ pool-1-thread-1:169930 ] - [ ERROR ]  不存在的订单！ORDER_ACCEPT6710b267-a419-4e00-b555-8c52edce5862
2017-11-26 13:36:06  [ pool-1-thread-1:169995 ] - [ ERROR ]  不存在的订单！ORDER_ACCEPTa933bd68-d1c7-42fa-aa34-5ff349955a22
2017-11-26 13:36:06  [ pool-1-thread-1:170061 ] - [ ERROR ]  不存在的订单！ORDER_ACCEPT4274d043-7c5f-48e1-b03f-72ebc12a9866
2017-11-26 13:36:06  [ pool-1-thread-1:170125 ] - [ ERROR ]  不存在的订单！ORDER_ACCEPT78de31c5-5047-465d-b305-8545a2d850ac
2017-11-26 13:36:06  [ pool-1-thread-1:170193 ] - [ ERROR ]  不存在的订单！ORDER_ACCEPTc45946a1-dee3-4c72-b568-a3dfb62e2a3d
2017-11-26 13:36:06  [ pool-1-thread-1:170261 ] - [ ERROR ]  不存在的订单！ORDER_ACCEPT3b4a2496-68d8-4298-ae32-cb6bbe0c4882
2017-11-26 13:36:06  [ pool-1-thread-1:170324 ] - [ ERROR ]  不存在的订单！ORDER_ACCEPTa3c5d070-8122-470f-8eb4-cdfaa4b23c00
2017-11-26 13:36:06  [ pool-1-thread-1:170388 ] - [ ERROR ]  不存在的订单！ORDER_ACCEPT98739011-69b0-48f8-9b1f-f94755342964
2017-11-26 13:36:06  [ pool-1-thread-1:170451 ] - [ ERROR ]  不存在的订单！ORDER_ACCEPT9c473648-894d-44a7-abe7-613af80e7844
2017-11-26 13:36:06  [ pool-1-thread-1:170516 ] - [ ERROR ]  不存在的订单！ORDER_ACCEPTaa028497-aabd-41b0-8b8b-550a827161ae
2017-11-26 13:36:06  [ pool-1-thread-1:170579 ] - [ ERROR ]  不存在的订单！ORDER_ACCEPT1d324ddd-cbce-4d4a-92c8-20daaa15ea5d
2017-11-26 13:36:06  [ pool-1-thread-1:170656 ] - [ ERROR ]  不存在的订单！ORDER_ACCEPT5f9cb05f-3941-42fa-b57b-4d3ae5d3b759
2017-11-26 13:36:06  [ pool-1-thread-1:170725 ] - [ ERROR ]  不存在的订单！ORDER_ACCEPT5b483896-3b66-41aa-839b-7998349866aa
2017-11-26 13:36:06  [ pool-1-thread-1:170789 ] - [ ERROR ]  不存在的订单！ORDER_ACCEPT4146b57b-be3a-409b-8949-c53702abf21b
2017-11-26 13:36:07  [ pool-1-thread-1:170853 ] - [ ERROR ]  不存在的订单！ORDER_ACCEPT61926061-1c85-4c51-b14f-d1371361b08f
2017-11-26 13:36:07  [ pool-1-thread-1:170916 ] - [ ERROR ]  不存在的订单！ORDER_ACCEPTb805d269-551f-4132-9591-20c9aee5fc01
2017-11-26 13:36:07  [ pool-1-thread-1:170983 ] - [ ERROR ]  不存在的订单！ORDER_ACCEPT5fbe2032-d06f-44e8-8f49-ea57878528b6
2017-11-26 13:36:07  [ pool-1-thread-1:171046 ] - [ ERROR ]  不存在的订单！ORDER_ACCEPT194a3996-36c0-4a68-ae4a-9efbb6786c9e
2017-11-26 13:36:07  [ pool-1-thread-1:171110 ] - [ ERROR ]  不存在的订单！ORDER_ACCEPT5adff121-0875-4e7c-8ae1-092d2fae9ee7
2017-11-26 13:36:07  [ pool-1-thread-1:171229 ] - [ ERROR ]  不存在的订单！ORDER_ACCEPTe87dddd4-4e70-4c03-a3ce-95e8bfc6aca2
2017-11-26 13:36:07  [ pool-1-thread-1:171316 ] - [ ERROR ]  不存在的订单！ORDER_ACCEPT2434921c-e96c-4c62-bcdd-ad4bdf49f3a1
2017-11-26 13:36:07  [ pool-1-thread-1:171431 ] - [ ERROR ]  不存在的订单！ORDER_ACCEPT2aa925f5-83d0-44c9-86d6-695837e5ceaf
2017-11-26 13:36:07  [ pool-1-thread-1:171580 ] - [ ERROR ]  不存在的订单！ORDER_ACCEPTf11c9211-19c4-4b17-b0c8-81e3c5bdd610
2017-11-26 13:36:07  [ pool-1-thread-1:171690 ] - [ ERROR ]  不存在的订单！ORDER_ACCEPT4f21cb6b-c469-4e06-919c-6fc965291bfb
2017-11-26 13:36:08  [ pool-1-thread-1:171809 ] - [ ERROR ]  不存在的订单！ORDER_ACCEPT0f545150-acbd-45a2-af1a-696024c69a99
2017-11-26 13:36:08  [ pool-1-thread-1:171910 ] - [ ERROR ]  不存在的订单！ORDER_ACCEPTf5aba952-da84-4361-a84c-ea053db03616
2017-11-26 13:36:08  [ pool-1-thread-1:171980 ] - [ ERROR ]  不存在的订单！ORDER_ACCEPTdb8d982c-0b89-4623-bfd9-bb5637830400
2017-11-26 13:36:08  [ pool-1-thread-1:172060 ] - [ ERROR ]  不存在的订单！ORDER_ACCEPT7b48ecc3-8d01-4ff2-85d5-c6f58ddedef8
2017-11-26 13:36:08  [ pool-1-thread-1:172130 ] - [ ERROR ]  不存在的订单！ORDER_ACCEPT46a056e8-9327-4cd8-bbe8-310c6a9f5af2
2017-11-26 13:36:08  [ pool-1-thread-1:172200 ] - [ ERROR ]  不存在的订单！ORDER_ACCEPTd6402995-ee44-4783-b171-9d3582ea9c43
2017-11-26 13:36:08  [ pool-1-thread-1:172286 ] - [ ERROR ]  不存在的订单！ORDER_ACCEPTf8707c44-7808-4ec8-8452-5fd48bc74f56
2017-11-26 13:36:08  [ pool-1-thread-1:172522 ] - [ ERROR ]  订单接单IDe17d8cfc-c65e-42d6-80f4-defc7eacf496
2017-11-26 13:36:08  [ pool-1-thread-1:172574 ] - [ ERROR ]  不存在的订单！ORDER_ACCEPT3644572a-556e-4519-8030-51148354e03f
2017-11-26 13:36:09  [ pool-1-thread-1:172838 ] - [ ERROR ]  订单接单ID15038c90-1577-4c58-9c8b-599758b6a4c4
2017-11-26 13:36:09  [ pool-1-thread-1:172951 ] - [ ERROR ]  不存在的订单！ORDER_ACCEPT68749dff-1e0c-45a4-b2c8-5f17570a2b75
2017-11-26 13:36:09  [ pool-1-thread-1:173017 ] - [ ERROR ]  不存在的订单！ORDER_ACCEPT6e45fc67-9b63-4b56-9e47-551c8e2ddffc
2017-11-26 13:36:09  [ pool-1-thread-1:173233 ] - [ ERROR ]  订单接单IDbf530335-1025-4844-ab04-6faea4f9cdf2
2017-11-26 13:36:09  [ pool-1-thread-1:173286 ] - [ ERROR ]  不存在的订单！ORDER_ACCEPT15e6d67b-e23a-47b9-bf8f-a8ed0dabef4c
2017-11-26 13:36:09  [ pool-1-thread-1:173502 ] - [ ERROR ]  订单接单ID5d4c9bcc-a314-4065-ac39-a6ff830a07a8
2017-11-26 13:36:09  [ pool-1-thread-1:173709 ] - [ ERROR ]  订单接单ID85599ca7-35d0-43f1-9de0-ff54877b27bf
2017-11-26 13:36:09  [ pool-1-thread-1:173763 ] - [ ERROR ]  不存在的订单！ORDER_ACCEPTc03b5892-c5d2-46cc-8114-bc8aeaf00266
2017-11-26 13:36:10  [ pool-1-thread-1:174039 ] - [ ERROR ]  订单接单IDe19dd9f7-3fb6-4ace-9dfb-cd4ad1036b68
2017-11-26 13:36:10  [ pool-1-thread-1:174095 ] - [ ERROR ]  不存在的订单！ORDER_ACCEPT97ea1697-1064-4ee4-804e-44115c1a600f
2017-11-26 13:36:10  [ pool-1-thread-1:174317 ] - [ ERROR ]  订单接单IDd960c7b2-9119-48f1-8261-4bc87ec3fdee
2017-11-26 13:36:10  [ pool-1-thread-1:174375 ] - [ ERROR ]  不存在的订单！ORDER_ACCEPT23493a5f-fa4e-4705-a35f-98e7170c37f5
2017-11-26 13:36:10  [ pool-1-thread-1:174595 ] - [ ERROR ]  订单接单IDfdffcee7-e77f-482c-a918-881bf746e349
2017-11-26 13:36:11  [ pool-1-thread-1:174812 ] - [ ERROR ]  订单接单IDeb7f9a5f-9e91-49bc-872f-3ff9b6d66657
2017-11-26 13:36:11  [ pool-1-thread-1:174872 ] - [ ERROR ]  不存在的订单！ORDER_ACCEPT9c2176a7-6cb3-4a50-8bb9-8f30f19e7ae8
2017-11-26 13:36:11  [ pool-1-thread-1:175118 ] - [ ERROR ]  订单接单ID18c95e15-1673-46c8-94a9-57f80a379313
2017-11-26 13:36:11  [ pool-1-thread-1:175176 ] - [ ERROR ]  不存在的订单！ORDER_ACCEPTdb31f128-92af-446a-af6c-7d85e2ebc2e6
2017-11-26 13:36:11  [ pool-1-thread-1:175246 ] - [ ERROR ]  不存在的订单！ORDER_ACCEPTfbcb05b9-c670-4f48-9302-9c7becc0501c
2017-11-26 13:36:11  [ pool-1-thread-1:175505 ] - [ ERROR ]  订单接单ID78001dbe-3cd0-443a-8b3e-6a1bae650b85
2017-11-26 13:36:11  [ pool-1-thread-1:175623 ] - [ ERROR ]  不存在的订单！ORDER_ACCEPT651864de-a8bd-4e54-aa6a-52f2934a1499
2017-11-26 13:36:11  [ pool-1-thread-1:175729 ] - [ ERROR ]  不存在的订单！ORDER_ACCEPTbd7e9df0-b1ed-4b73-9b14-bd2420f6a899
2017-11-26 13:36:12  [ pool-1-thread-1:176251 ] - [ ERROR ]  订单接单IDec294915-b2d0-4597-b3d0-ebd37799f822
2017-11-26 13:36:12  [ pool-1-thread-1:176313 ] - [ ERROR ]  不存在的订单！ORDER_ACCEPT07f6ab04-146c-446c-a8e8-61ef07ca835e
2017-11-26 13:36:12  [ pool-1-thread-1:176380 ] - [ ERROR ]  不存在的订单！ORDER_ACCEPT256029b5-3b5b-4098-9a3d-ae1b1e789593
2017-11-26 13:36:12  [ pool-1-thread-1:176458 ] - [ ERROR ]  不存在的订单！ORDER_ACCEPT79475738-053e-4854-8588-2d10b3c60fdc
2017-11-26 13:36:12  [ pool-1-thread-1:176527 ] - [ ERROR ]  不存在的订单！ORDER_ACCEPTa1d22cd6-b9f1-43aa-bd7d-19936b4272d9
2017-11-26 13:36:12  [ pool-1-thread-1:176753 ] - [ ERROR ]  订单接单ID65eda1f5-c1ca-4118-a3cd-2e8f0e6d6cda
2017-11-26 13:36:13  [ pool-1-thread-1:176810 ] - [ ERROR ]  不存在的订单！ORDER_ACCEPTa31fe3db-60e0-4777-bff0-23e559bf6629
2017-11-26 13:36:13  [ pool-1-thread-1:177050 ] - [ ERROR ]  订单接单ID6c2cf4dc-c12b-42a7-8a5b-80e4fa6d81f5
2017-11-26 13:36:13  [ pool-1-thread-1:177131 ] - [ ERROR ]  不存在的订单！ORDER_ACCEPTbba5ed79-dd01-41e4-b224-1cd8c961aacd
2017-11-26 13:36:13  [ pool-1-thread-1:177283 ] - [ ERROR ]  不存在的订单！ORDER_ACCEPT8f18e97d-aac6-4f9b-a71d-561132d59a81
2017-11-26 13:36:13  [ pool-1-thread-1:177507 ] - [ ERROR ]  订单接单IDb7a81f5c-0342-4d10-96b1-97f9439928f1
2017-11-26 13:36:13  [ pool-1-thread-1:177566 ] - [ ERROR ]  不存在的订单！ORDER_ACCEPT2c712ba0-ef09-4d92-ae3b-1f829bac8583
2017-11-26 13:36:14  [ pool-1-thread-1:177794 ] - [ ERROR ]  订单接单ID76195a3c-5b8c-4410-8d71-94f96940dfca
2017-11-26 13:36:14  [ pool-1-thread-1:177852 ] - [ ERROR ]  不存在的订单！ORDER_ACCEPT92635b05-4735-477e-9ad3-6f9cd1bd0b4a
2017-11-26 13:36:14  [ pool-1-thread-1:178087 ] - [ ERROR ]  订单接单ID8a5927f2-fae5-442b-a8b2-4bdff7e560d0
2017-11-26 13:36:14  [ pool-1-thread-1:178146 ] - [ ERROR ]  不存在的订单！ORDER_ACCEPT7a87a520-1ac0-49d7-9987-dd0b6a5a61c8
2017-11-26 13:36:14  [ pool-1-thread-1:178360 ] - [ ERROR ]  订单接单IDb33dd00f-f8d7-4bed-aea8-3a663fc897d9
2017-11-26 13:36:14  [ pool-1-thread-1:178560 ] - [ ERROR ]  订单接单ID3e5b0579-4d66-412d-9597-c4e7e5bcfbd4
2017-11-26 13:36:14  [ pool-1-thread-1:178645 ] - [ ERROR ]  不存在的订单！ORDER_ACCEPT704bb926-6e68-40a5-8faf-b84b2a4c818a
2017-11-26 13:36:15  [ pool-1-thread-1:179146 ] - [ ERROR ]  不存在的订单！ORDER_ACCEPT47500f1d-cb5c-4741-804d-a06de5c6897f
2017-11-26 13:36:15  [ pool-1-thread-1:179244 ] - [ ERROR ]  不存在的订单！ORDER_ACCEPTf6da806d-9381-4440-a02e-00684818e582
2017-11-26 13:36:15  [ pool-1-thread-1:179339 ] - [ ERROR ]  不存在的订单！ORDER_ACCEPT87e1a18c-0332-4a5f-903a-ca5347a20eda
2017-11-26 13:36:15  [ pool-1-thread-1:179432 ] - [ ERROR ]  不存在的订单！ORDER_ACCEPT5986aa67-1800-41ea-a403-31e794d24b37
2017-11-26 13:36:15  [ pool-1-thread-1:179510 ] - [ ERROR ]  不存在的订单！ORDER_ACCEPTa4fc82dc-c852-469e-9ba2-fda0a13e5373
2017-11-26 13:36:15  [ pool-1-thread-1:179597 ] - [ ERROR ]  不存在的订单！ORDER_ACCEPT65ec627f-731e-4472-8b15-7a3ca573022a
2017-11-26 13:36:16  [ pool-1-thread-1:179920 ] - [ ERROR ]  订单接单ID58a3b562-91de-48fc-ba14-de01fefd8dc8
2017-11-26 13:36:16  [ pool-1-thread-1:179984 ] - [ ERROR ]  不存在的订单！ORDER_ACCEPTff0d87bc-0387-4d3f-af33-240c71a62a9e
2017-11-26 13:36:16  [ pool-1-thread-1:180221 ] - [ ERROR ]  订单接单ID6f335faf-f8dd-4ae9-81ee-7996a94fb381
2017-11-26 13:36:16  [ pool-1-thread-1:180431 ] - [ ERROR ]  订单接单ID7530cef3-c84b-4c15-b3b6-6d3b3c6c2b78
2017-11-26 13:36:16  [ pool-1-thread-1:180520 ] - [ ERROR ]  不存在的订单！ORDER_ACCEPT8ff8ef19-b95c-41a3-8b92-b80040238db5
2017-11-26 13:36:16  [ pool-1-thread-1:180737 ] - [ ERROR ]  订单接单ID742dc432-c56d-440a-af47-d583c3833299
2017-11-26 13:36:17  [ pool-1-thread-1:180795 ] - [ ERROR ]  不存在的订单！ORDER_ACCEPTc16a7441-da08-4fe8-a251-b37b8f36f5f4
2017-11-26 13:36:17  [ pool-1-thread-1:181015 ] - [ ERROR ]  订单接单ID14fee830-e75c-4764-b2dd-ac30a70fbf6b
2017-11-26 13:36:17  [ pool-1-thread-1:181235 ] - [ ERROR ]  订单接单ID5d61287f-b98a-4c39-9a6c-ea2dd8ffe8fd
2017-11-26 13:36:17  [ pool-1-thread-1:181296 ] - [ ERROR ]  不存在的订单！ORDER_ACCEPT816904b3-706d-479d-8cea-6e6448944e49
2017-11-26 13:36:17  [ pool-1-thread-1:181584 ] - [ ERROR ]  订单接单ID5280a490-2bd2-4f75-a5da-7bf4226a9eae
2017-11-26 13:36:17  [ pool-1-thread-1:181641 ] - [ ERROR ]  不存在的订单！ORDER_ACCEPT9285da43-5ef7-4ac1-8945-91d4e18581e2
2017-11-26 13:36:18  [ pool-1-thread-1:181858 ] - [ ERROR ]  订单接单IDae4e58f6-0360-43f9-8268-d91682242d55
2017-11-26 13:36:18  [ pool-1-thread-1:181919 ] - [ ERROR ]  不存在的订单！ORDER_ACCEPT2ca1f38b-80d7-4ec6-bf38-ec2d5b03c4e6
2017-11-26 13:36:18  [ pool-1-thread-1:182137 ] - [ ERROR ]  订单接单IDe5071a3a-42d0-4672-ad6a-93a43b5d1a81
2017-11-26 13:36:18  [ pool-1-thread-1:182193 ] - [ ERROR ]  不存在的订单！ORDER_ACCEPT70ce26a9-e7e4-4549-8eea-d897c5bf6a85
2017-11-26 13:36:18  [ pool-1-thread-1:182404 ] - [ ERROR ]  订单接单IDf888fdba-4f4e-4405-a4dd-a68a35c98bc0
2017-11-26 13:36:18  [ pool-1-thread-1:182612 ] - [ ERROR ]  订单接单IDaf1fcb19-e556-49d8-b760-1c631bcbd3c4
2017-11-26 13:36:18  [ pool-1-thread-1:182670 ] - [ ERROR ]  不存在的订单！ORDER_ACCEPTb49d5a45-e65c-4ebd-95bb-d6ac8a407521
2017-11-26 13:36:19  [ pool-1-thread-1:182890 ] - [ ERROR ]  订单接单ID925e1f05-ec85-47b9-932e-89374854d96f
2017-11-26 13:36:19  [ pool-1-thread-1:182948 ] - [ ERROR ]  不存在的订单！ORDER_ACCEPTf22ec282-05a3-4bec-a857-4742c321e7b9
2017-11-26 13:36:19  [ pool-1-thread-1:183167 ] - [ ERROR ]  订单接单ID5d1eef1b-fc80-4aa9-bf0a-77f92814e770
2017-11-26 13:36:19  [ pool-1-thread-1:183385 ] - [ ERROR ]  订单接单ID93f5f474-b9e0-40fb-8f83-8ed44fce15d8
2017-11-26 13:36:19  [ pool-1-thread-1:183441 ] - [ ERROR ]  不存在的订单！ORDER_ACCEPT10ed0aa2-4d2f-46d9-a0d4-54bd8c9adc1a
2017-11-26 13:36:19  [ pool-1-thread-1:183675 ] - [ ERROR ]  订单接单IDf1c15abd-bf41-44c7-ace9-f7a3814daea0
2017-11-26 13:36:20  [ pool-1-thread-1:183890 ] - [ ERROR ]  订单接单IDbc8859e1-3a57-4f10-8330-ba3267dadfe8
2017-11-26 13:36:20  [ pool-1-thread-1:183948 ] - [ ERROR ]  不存在的订单！ORDER_ACCEPTed379d25-efa6-4f23-8f8e-edfd06bd8818
2017-11-26 13:36:20  [ pool-1-thread-1:184163 ] - [ ERROR ]  订单接单ID2cc3c8c2-0da1-4ff4-8047-ac98790fc8c9
2017-11-26 13:36:20  [ pool-1-thread-1:184220 ] - [ ERROR ]  不存在的订单！ORDER_ACCEPT758f659d-ad9f-4254-a845-c691033a587f
2017-11-26 13:36:20  [ pool-1-thread-1:184448 ] - [ ERROR ]  订单接单ID6f2821cc-4b54-48b0-8734-b7762ae77b3c
2017-11-26 13:36:20  [ pool-1-thread-1:184523 ] - [ ERROR ]  不存在的订单！ORDER_ACCEPTb9a1bdc2-a8e6-4de6-a974-d49cf09874e5
2017-11-26 13:36:20  [ pool-1-thread-1:184745 ] - [ ERROR ]  订单接单ID079ed001-e6f6-4a12-a0bd-374a194dafc8
2017-11-26 13:36:21  [ pool-1-thread-1:184952 ] - [ ERROR ]  订单接单ID2f52c40a-99b7-4107-93ee-5f936eaee2e4
2017-11-26 13:36:21  [ pool-1-thread-1:185011 ] - [ ERROR ]  不存在的订单！ORDER_ACCEPT0e06919f-38c8-40ac-946f-1634cba00195
2017-11-26 13:36:21  [ pool-1-thread-1:185231 ] - [ ERROR ]  订单接单IDe7900811-ccbe-42fb-87cf-80d0bd105796
2017-11-26 13:36:21  [ pool-1-thread-1:185292 ] - [ ERROR ]  不存在的订单！ORDER_ACCEPTbe376caa-3b9f-4d1b-a17e-aaff129e52b5
2017-11-26 13:36:21  [ pool-1-thread-1:185515 ] - [ ERROR ]  订单接单ID5e1f81ca-9a3e-45fa-994b-a30b4b05bc42
2017-11-26 13:36:21  [ pool-1-thread-1:185607 ] - [ ERROR ]  不存在的订单！ORDER_ACCEPT953bd216-ec84-48f3-9a94-11440efaf088
2017-11-26 13:36:22  [ pool-1-thread-1:185796 ] - [ ERROR ]  不存在的订单！ORDER_ACCEPTd28f8d5d-73b5-483f-a838-74fce460b6f7
2017-11-26 13:36:22  [ pool-1-thread-1:186068 ] - [ ERROR ]  订单接单ID4f4191e0-62b3-47ba-876c-c8a384582a83
2017-11-26 13:36:22  [ pool-1-thread-1:186123 ] - [ ERROR ]  不存在的订单！ORDER_ACCEPTcafaeabc-0acf-4453-803c-4d7011852eb1
2017-11-26 13:36:22  [ pool-1-thread-1:186433 ] - [ ERROR ]  订单接单ID3f039b70-2ff6-4a22-9b89-21369dfd346a
2017-11-26 13:36:22  [ pool-1-thread-1:186530 ] - [ ERROR ]  不存在的订单！ORDER_ACCEPT7e7225b5-3527-4ad4-9f55-f58cce4f5472
2017-11-26 13:36:22  [ pool-1-thread-1:186702 ] - [ ERROR ]  不存在的订单！ORDER_ACCEPTc4afe404-524e-47a2-b61d-e6c65234da00
2017-11-26 13:36:23  [ pool-1-thread-1:186792 ] - [ ERROR ]  不存在的订单！ORDER_ACCEPTeb64d845-abda-4ec2-afb4-764d3c4d4f73
2017-11-26 13:36:23  [ pool-1-thread-1:186892 ] - [ ERROR ]  不存在的订单！ORDER_ACCEPTf415afe7-2b26-498e-a66c-2f72f6cb5511
2017-11-26 13:36:23  [ pool-1-thread-1:187097 ] - [ ERROR ]  订单接单IDd2f39829-50de-4eae-acb7-2a5aa4d0888a
2017-11-26 13:36:23  [ pool-1-thread-1:187294 ] - [ ERROR ]  订单接单ID6171e04f-c415-47a3-bc45-5c37d244a036
2017-11-26 13:36:23  [ pool-1-thread-1:187352 ] - [ ERROR ]  不存在的订单！ORDER_ACCEPTd7b545f8-3fc2-48e0-aca0-c7642b1fa7ff
2017-11-26 13:36:23  [ pool-1-thread-1:187568 ] - [ ERROR ]  订单接单ID3cc512a4-9a66-47f1-b73b-c854d80cec32
2017-11-26 13:36:24  [ pool-1-thread-1:187801 ] - [ ERROR ]  订单接单ID206899a8-818f-489c-b228-63f5c1e5225d
2017-11-26 13:36:24  [ pool-1-thread-1:187853 ] - [ ERROR ]  不存在的订单！ORDER_ACCEPTee856ae6-99a9-4401-b886-077f80b67099
2017-11-26 13:36:24  [ pool-1-thread-1:188060 ] - [ ERROR ]  订单接单IDc27a8695-7b14-4fbd-8bcd-bceb7941aa29
2017-11-26 13:36:24  [ pool-1-thread-1:188115 ] - [ ERROR ]  不存在的订单！ORDER_ACCEPT830b494e-5a04-4b87-bf04-ba7acd40b3b0
2017-11-26 13:36:24  [ pool-1-thread-1:188319 ] - [ ERROR ]  订单接单ID793a1232-9dd9-4ee9-a706-91e9686656bc
2017-11-26 13:36:24  [ pool-1-thread-1:188374 ] - [ ERROR ]  不存在的订单！ORDER_ACCEPT6ae61607-df60-470e-a17e-75eb6df2a3a8
2017-11-26 13:36:24  [ pool-1-thread-1:188574 ] - [ ERROR ]  订单接单ID4cc14908-103f-4b88-8d09-56641abdf87f
2017-11-26 13:36:24  [ pool-1-thread-1:188770 ] - [ ERROR ]  订单接单ID1b2d17b7-dae4-418c-881d-f93f7e4d257f
2017-11-26 13:36:25  [ pool-1-thread-1:188979 ] - [ ERROR ]  订单接单ID184551d8-db7e-470d-bfd7-388e915599f1
2017-11-26 13:36:25  [ pool-1-thread-1:189032 ] - [ ERROR ]  不存在的订单！ORDER_ACCEPT192c4e6b-5e58-476f-b134-a675d0a16307
2017-11-26 13:36:25  [ pool-1-thread-1:189273 ] - [ ERROR ]  订单接单ID87548aa6-d18e-4328-ad01-16458051f352
2017-11-26 13:36:25  [ pool-1-thread-1:189326 ] - [ ERROR ]  不存在的订单！ORDER_ACCEPT25b7ab11-f223-4e15-98af-e81e58d1c9f3
2017-11-26 13:36:25  [ pool-1-thread-1:189539 ] - [ ERROR ]  订单接单IDdac07075-d4ae-4134-a421-695cf32ca776
2017-11-26 13:36:25  [ pool-1-thread-1:189594 ] - [ ERROR ]  不存在的订单！ORDER_ACCEPT53e16ac3-57d6-4c78-9540-85b3fba0ed51
2017-11-26 13:36:26  [ pool-1-thread-1:189802 ] - [ ERROR ]  订单接单IDaca614d3-8b4d-42db-a365-a8c29ee939ac
2017-11-26 13:36:26  [ pool-1-thread-1:190013 ] - [ ERROR ]  订单接单ID82adc1f0-2490-47e2-af75-c082bdd45163
2017-11-26 13:36:26  [ pool-1-thread-1:190066 ] - [ ERROR ]  不存在的订单！ORDER_ACCEPT2487c333-e587-4ad8-930a-a36257d1db93
2017-11-26 13:36:26  [ pool-1-thread-1:190276 ] - [ ERROR ]  订单接单ID8b2f128a-ebea-48fc-83a5-0500960a4594
2017-11-26 13:36:26  [ pool-1-thread-1:190495 ] - [ ERROR ]  订单接单ID94317d8a-3f2c-4b80-a790-26a713e9b88d
2017-11-26 13:36:26  [ pool-1-thread-1:190550 ] - [ ERROR ]  不存在的订单！ORDER_ACCEPT5849f378-7863-4c57-976f-8d64a2d32974
2017-11-26 13:36:26  [ pool-1-thread-1:190777 ] - [ ERROR ]  订单接单IDf88e1400-e20b-4f9d-9090-623a5115f94f
2017-11-26 13:36:27  [ pool-1-thread-1:191116 ] - [ ERROR ]  订单接单IDff07d590-58ea-4c71-aa9a-f3dc13f077f2
2017-11-26 13:47:05  [ 30727992@qtp-21837703-0:6281 ] - [ ERROR ]  account is null
2017-11-26 13:47:06  [ 11836445@qtp-21837703-2:6916 ] - [ ERROR ]  account is null
2017-11-26 13:47:11  [ 30727992@qtp-21837703-0:12668 ] - [ ERROR ]  account dao impl logger!
2017-11-26 13:47:12  [ 30727992@qtp-21837703-0:12723 ] - [ ERROR ]  SELECT T.*
		FROM t_xinyu_account T where 1=1
2017-11-26 13:47:16  [ 11836445@qtp-21837703-2:17115 ] - [ ERROR ]  account is not null;
2017-11-26 13:47:16  [ 11836445@qtp-21837703-2:17116 ] - [ ERROR ]  account is null
2017-11-26 13:48:00  [ pool-1-thread-1:60727 ] - [ ERROR ]  订单接单
2017-11-26 13:48:00  [ pool-1-thread-1:61067 ] - [ ERROR ]  订单接单完成！0
2017-11-26 13:51:50  [ 1955863@qtp-20620710-0:39295 ] - [ ERROR ]  account is null
2017-11-26 13:51:57  [ 1955863@qtp-20620710-0:47161 ] - [ ERROR ]  account dao impl logger!
2017-11-26 13:51:57  [ 1955863@qtp-20620710-0:47229 ] - [ ERROR ]  SELECT T.*
		FROM t_xinyu_account T where 1=1
2017-11-26 13:52:00  [ pool-1-thread-1:49232 ] - [ ERROR ]  订单接单
2017-11-26 13:52:00  [ pool-1-thread-1:49602 ] - [ ERROR ]  订单接单完成！0
2017-11-26 13:52:01  [ 11536844@qtp-20620710-5:51133 ] - [ ERROR ]  account is not null;
2017-11-26 13:52:01  [ 11536844@qtp-20620710-5:51134 ] - [ ERROR ]  account is null
