2017-12-05 15:39:39  [ 13945260@qtp-29472630-1:20492 ] - [ ERROR ]  account is null
2017-12-05 15:40:00  [ pool-1-thread-1:41305 ] - [ ERROR ]  拒单操作开始!
2017-12-05 15:40:50  [ 14095900@qtp-29472630-6:91359 ] - [ ERROR ]  account dao impl logger!
2017-12-05 15:40:50  [ 14095900@qtp-29472630-6:91407 ] - [ ERROR ]  SELECT T.*
		FROM t_xinyu_account T where 1=1
2017-12-05 15:41:07  [ 13945260@qtp-29472630-1:108847 ] - [ ERROR ]  account is not null;
2017-12-05 15:41:07  [ 13945260@qtp-29472630-1:108847 ] - [ ERROR ]  account is null
2017-12-05 15:41:28  [ pool-1-thread-1:130052 ] - [ ERROR ]  拒单操作结束!
2017-12-05 15:41:28  [ pool-1-thread-1:130053 ] - [ ERROR ]  订单接单
2017-12-05 15:41:32  [ pool-1-thread-1:133336 ] - [ ERROR ]  订单接单IDcc91dcd8-f310-411d-9ce4-0e2872bed316
2017-12-05 15:41:32  [ pool-1-thread-1:133551 ] - [ ERROR ]  订单接单ID1e1ebe6c-0d3b-4291-a3b2-25d905af5028
2017-12-05 15:41:32  [ pool-1-thread-1:133754 ] - [ ERROR ]  订单接单ID6cf2187a-a05f-476a-8bc6-9d7f6cb3bffa
2017-12-05 15:41:32  [ pool-1-thread-1:133980 ] - [ ERROR ]  订单接单IDef868bff-5651-4944-98c8-5b5c6579519b
2017-12-05 15:41:32  [ pool-1-thread-1:134205 ] - [ ERROR ]  订单接单IDb50c796a-d65f-451a-a44a-c2e8e49bee5a
2017-12-05 15:41:33  [ pool-1-thread-1:134418 ] - [ ERROR ]  订单接单ID3864c521-ea9a-40ad-8434-f937f8890ad4
2017-12-05 15:41:33  [ pool-1-thread-1:134635 ] - [ ERROR ]  订单接单IDced8af41-d80a-4db1-ba84-12ef6174d009
2017-12-05 15:41:33  [ pool-1-thread-1:134891 ] - [ ERROR ]  订单接单ID1825c2b4-a0ab-4555-baae-8b40bec3fb59
2017-12-05 15:41:33  [ pool-1-thread-1:135102 ] - [ ERROR ]  订单接单ID70f1aedf-a3c6-436f-a61e-99be0bb19e77
2017-12-05 15:41:34  [ pool-1-thread-1:135326 ] - [ ERROR ]  订单接单ID223b731b-3b1e-402a-97b3-8c15573bbf62
2017-12-05 15:41:34  [ pool-1-thread-1:135530 ] - [ ERROR ]  订单接单ID752551df-2c17-4b1e-a772-084a81f266d2
2017-12-05 15:41:34  [ pool-1-thread-1:135741 ] - [ ERROR ]  订单接单ID31db14f2-4d63-4f97-a706-07b4a62387f0
2017-12-05 15:41:34  [ pool-1-thread-1:135956 ] - [ ERROR ]  订单接单IDbf2b7456-6de6-41ab-80c3-8a71b76aa339
2017-12-05 15:41:34  [ pool-1-thread-1:136174 ] - [ ERROR ]  订单接单ID50d78f2f-cb44-4b4e-a694-8bb45eb0cef4
2017-12-05 15:41:35  [ pool-1-thread-1:136384 ] - [ ERROR ]  订单接单ID63c783f5-6b08-4142-a0e7-28fc74cc0a4a
2017-12-05 15:41:35  [ pool-1-thread-1:136598 ] - [ ERROR ]  订单接单ID0f1c9e2d-dc2f-4f85-86e0-d57dddecfb92
2017-12-05 15:41:35  [ pool-1-thread-1:136802 ] - [ ERROR ]  订单接单IDc372ee6b-4a54-4d48-98e7-0bb3c2290b37
2017-12-05 15:41:35  [ pool-1-thread-1:137013 ] - [ ERROR ]  订单接单ID2445894f-c428-43c1-a5f5-385d851c9ae6
2017-12-05 15:41:36  [ pool-1-thread-1:137520 ] - [ ERROR ]  订单接单IDe60f3570-567e-4d3f-9a89-bdac54e57b3d
2017-12-05 15:41:36  [ pool-1-thread-1:137724 ] - [ ERROR ]  订单接单IDa50c9799-26eb-481b-8c94-faa73545bba7
2017-12-05 15:41:36  [ pool-1-thread-1:137943 ] - [ ERROR ]  订单接单IDbae46c7d-d6c0-4996-8ccd-e0479bdbb1dc
2017-12-05 15:41:36  [ pool-1-thread-1:138161 ] - [ ERROR ]  订单接单IDad755788-b58c-4fb9-827d-fe62ef9a6fc6
2017-12-05 15:41:37  [ pool-1-thread-1:138376 ] - [ ERROR ]  订单接单ID70e463ab-7ae5-428a-a761-930397e08e4b
2017-12-05 15:41:37  [ pool-1-thread-1:138601 ] - [ ERROR ]  订单接单ID481c0f74-1667-4c00-b31e-3df4b0ff16e9
2017-12-05 15:41:37  [ pool-1-thread-1:138812 ] - [ ERROR ]  订单接单ID88e83bbc-9ca5-4460-8cf4-30d2882f73e8
2017-12-05 15:41:37  [ pool-1-thread-1:139050 ] - [ ERROR ]  订单接单IDb399df76-0999-4d16-ba4b-0d6916df4ffc
2017-12-05 15:41:38  [ pool-1-thread-1:139353 ] - [ ERROR ]  订单接单IDe9e8c8d0-e08d-43f8-9436-41a0d06d0f9b
2017-12-05 15:41:38  [ pool-1-thread-1:139586 ] - [ ERROR ]  订单接单IDdded6233-79e0-470d-930f-b9344871d54b
2017-12-05 15:41:38  [ pool-1-thread-1:139794 ] - [ ERROR ]  订单接单IDcd72a5d5-158f-467e-a9c2-0f089660c91c
2017-12-05 15:41:38  [ pool-1-thread-1:140015 ] - [ ERROR ]  订单接单ID75ad19bd-531b-49a1-a98b-288abac29e13
2017-12-05 15:41:38  [ pool-1-thread-1:140229 ] - [ ERROR ]  订单接单IDeae8061f-03c3-43f8-94f0-33a9b7d1ecac
2017-12-05 15:41:39  [ pool-1-thread-1:140441 ] - [ ERROR ]  订单接单IDf3eec87e-ee2a-4fc4-a680-57932ffdf8b6
2017-12-05 15:41:39  [ pool-1-thread-1:140656 ] - [ ERROR ]  订单接单ID5cd2a678-7615-4240-8ce7-54796e83f0f2
2017-12-05 15:41:39  [ pool-1-thread-1:140875 ] - [ ERROR ]  订单接单ID8e2bd1f2-120f-4df8-81d0-2d5e57637d1c
2017-12-05 15:41:39  [ pool-1-thread-1:141084 ] - [ ERROR ]  订单接单ID46ef8062-df0c-42b1-a4ae-61c16e5c4a5d
2017-12-05 15:41:39  [ pool-1-thread-1:141292 ] - [ ERROR ]  订单接单ID82ad56c7-be39-4c4e-b6c2-4bfad1efa822
2017-12-05 15:41:40  [ pool-1-thread-1:141508 ] - [ ERROR ]  订单接单IDf25bbef6-8411-4f38-8e5e-e70baa4ba2be
2017-12-05 15:41:40  [ pool-1-thread-1:141727 ] - [ ERROR ]  订单接单IDdf100f30-687f-4b60-a905-8425ad506275
2017-12-05 15:41:40  [ pool-1-thread-1:141952 ] - [ ERROR ]  订单接单ID060bf5e2-6d98-476b-8108-fab23303256e
2017-12-05 15:41:40  [ pool-1-thread-1:142259 ] - [ ERROR ]  订单接单ID2924a431-680a-4520-94b2-8a4a4082bcc3
2017-12-05 15:41:41  [ pool-1-thread-1:142552 ] - [ ERROR ]  订单接单IDf8ff6c60-64a2-40cb-b7d8-6d123765a6c9
2017-12-05 15:41:41  [ pool-1-thread-1:142853 ] - [ ERROR ]  订单接单IDd78978dc-a28c-4fed-b392-d0469d2a3308
2017-12-05 15:41:41  [ pool-1-thread-1:143152 ] - [ ERROR ]  订单接单ID17bdd23f-0e78-466f-8784-c910a3420895
2017-12-05 15:41:42  [ pool-1-thread-1:143453 ] - [ ERROR ]  订单接单ID894425c5-f0df-4bba-b2bf-36ca8f2bc0c4
2017-12-05 15:41:42  [ pool-1-thread-1:143665 ] - [ ERROR ]  订单接单IDd058e2c7-0f7a-4d6c-b690-47281365c49e
2017-12-05 15:41:42  [ pool-1-thread-1:143885 ] - [ ERROR ]  订单接单ID88800857-f111-4201-95a2-4db854c2f54f
2017-12-05 15:41:42  [ pool-1-thread-1:144112 ] - [ ERROR ]  订单接单ID3dac6b29-31f5-4720-8564-cf7217a02a8a
2017-12-05 15:41:43  [ pool-1-thread-1:144328 ] - [ ERROR ]  订单接单ID4408db51-8d2a-4d1f-b64a-c14e95bb80dd
2017-12-05 15:41:43  [ pool-1-thread-1:144559 ] - [ ERROR ]  订单接单IDa3dad69d-7e95-4769-84e3-a390f38ebd9f
2017-12-05 15:41:43  [ pool-1-thread-1:144778 ] - [ ERROR ]  订单接单ID77882a93-30d9-41f9-bbba-2f78553c5c00
2017-12-05 15:41:43  [ pool-1-thread-1:144998 ] - [ ERROR ]  订单接单IDe628b6bd-2a36-4fbb-907b-7f5023975a37
2017-12-05 15:41:43  [ pool-1-thread-1:145215 ] - [ ERROR ]  订单接单ID3dcd7aa6-cd80-4cd2-be19-cebb66c7b7b0
2017-12-05 15:41:44  [ pool-1-thread-1:145438 ] - [ ERROR ]  订单接单ID0eb34361-bf62-4aa6-9609-6170032b021d
2017-12-05 15:41:44  [ pool-1-thread-1:145645 ] - [ ERROR ]  订单接单IDa0d37397-14f8-47a8-a5a0-38778d747f90
2017-12-05 15:41:44  [ pool-1-thread-1:145875 ] - [ ERROR ]  订单接单ID5704fb9f-c3f8-4933-820a-87bc07036ab1
2017-12-05 15:41:44  [ 13945260@qtp-29472630-1:145996 ] - [ ERROR ]  查询表表时长:37140
2017-12-05 15:41:44  [ pool-1-thread-1:146080 ] - [ ERROR ]  订单接单ID038891eb-238e-429a-8528-7745c6da3407
2017-12-05 15:41:44  [ pool-1-thread-1:146302 ] - [ ERROR ]  订单接单ID0a9f1a55-0940-468a-b5b5-604b771178b8
2017-12-05 15:41:45  [ pool-1-thread-1:146520 ] - [ ERROR ]  订单接单ID21a5d75c-1489-4ff6-967b-4c3f1555d410
2017-12-05 15:41:45  [ pool-1-thread-1:146741 ] - [ ERROR ]  订单接单ID311322ac-4f67-4b5f-95ca-1f8df52d8b3f
2017-12-05 15:41:45  [ pool-1-thread-1:146965 ] - [ ERROR ]  订单接单IDfa9562a1-adba-4395-9178-084e7fa6564a
2017-12-05 15:41:45  [ pool-1-thread-1:147168 ] - [ ERROR ]  订单接单IDedfa4bfb-9883-403c-af08-32e1252a4b50
2017-12-05 15:41:46  [ pool-1-thread-1:147379 ] - [ ERROR ]  订单接单ID59d3a7c5-d97b-4d06-a439-a6e237acc59e
2017-12-05 15:41:46  [ pool-1-thread-1:147604 ] - [ ERROR ]  订单接单ID36991d8d-7d72-4664-808f-378b77512be0
2017-12-05 15:41:46  [ pool-1-thread-1:147816 ] - [ ERROR ]  订单接单ID18080db1-a75e-4c7e-a6e6-33ddec2a01ca
2017-12-05 15:41:46  [ pool-1-thread-1:148023 ] - [ ERROR ]  订单接单IDcde149a9-4e9a-43ea-8b6b-8599f29bd43d
2017-12-05 15:41:46  [ pool-1-thread-1:148248 ] - [ ERROR ]  订单接单ID19564647-8eaa-47e1-bb62-072ddc6f96c2
2017-12-05 15:41:47  [ pool-1-thread-1:148457 ] - [ ERROR ]  订单接单ID34ac3b5f-c672-47ac-a0e6-d3d59cbe617d
2017-12-05 15:41:47  [ pool-1-thread-1:148682 ] - [ ERROR ]  订单接单IDb76709ce-61a6-4ac2-aa3a-5de3733992d0
2017-12-05 15:41:47  [ pool-1-thread-1:148901 ] - [ ERROR ]  订单接单IDe012822d-7dd6-4e72-a5a7-8d02c92c42f3
2017-12-05 15:41:47  [ pool-1-thread-1:149106 ] - [ ERROR ]  订单接单IDa9e4f2d6-03ba-4944-8889-295a8b4e0ecb
2017-12-05 15:41:48  [ pool-1-thread-1:149312 ] - [ ERROR ]  订单接单IDc8ec1bdd-29e8-44b4-a6e2-33986b5cbed9
2017-12-05 15:41:48  [ pool-1-thread-1:149539 ] - [ ERROR ]  订单接单IDd7ff548f-4b5c-4c64-8762-669d51c8cf42
2017-12-05 15:41:48  [ pool-1-thread-1:149760 ] - [ ERROR ]  订单接单IDa2a74f72-63db-47ba-96b1-b9ed344a00aa
2017-12-05 15:41:48  [ pool-1-thread-1:149978 ] - [ ERROR ]  订单接单ID8ed8797a-5870-41df-8205-a055ff102bd4
2017-12-05 15:41:48  [ pool-1-thread-1:150190 ] - [ ERROR ]  订单接单IDac65ed14-6652-4675-99db-005ffec56377
2017-12-05 15:41:49  [ pool-1-thread-1:150404 ] - [ ERROR ]  订单接单ID8cbe8e50-0573-480e-ad07-c43b45816a5a
2017-12-05 15:41:49  [ 13945260@qtp-29472630-1:150445 ] - [ ERROR ]  统计总数时长:4444
2017-12-05 15:41:49  [ pool-1-thread-1:150619 ] - [ ERROR ]  订单接单ID8d7a9d7b-62d8-4af5-9b26-a8a13fdb9084
2017-12-05 15:41:49  [ pool-1-thread-1:150837 ] - [ ERROR ]  订单接单IDe240eb21-2c69-4091-af22-bc21bcecc66f
2017-12-05 15:41:49  [ pool-1-thread-1:151045 ] - [ ERROR ]  订单接单ID9aad5a7e-b1d1-4447-bbc9-93263f6c4452
2017-12-05 15:41:49  [ pool-1-thread-1:151266 ] - [ ERROR ]  订单接单ID71a57ae1-3433-40ed-884f-f6b81c5b2f4e
2017-12-05 15:41:50  [ pool-1-thread-1:151491 ] - [ ERROR ]  订单接单IDca3927b3-1976-4dd0-b410-f369e5a8fbfa
2017-12-05 15:41:50  [ pool-1-thread-1:151723 ] - [ ERROR ]  订单接单ID7dd9294f-c9e4-42b7-adf4-251972a4f062
2017-12-05 15:41:50  [ pool-1-thread-1:151945 ] - [ ERROR ]  订单接单IDcd15e9bf-cff9-4899-9c65-396edc3fa8ca
2017-12-05 15:41:50  [ pool-1-thread-1:152159 ] - [ ERROR ]  订单接单ID52f3b1dd-d16f-46f5-961f-e9cb8fc2db7a
2017-12-05 15:41:51  [ pool-1-thread-1:152367 ] - [ ERROR ]  订单接单ID4be957bc-0d10-4c93-bd94-336ecdbc2f18
2017-12-05 15:41:51  [ pool-1-thread-1:152595 ] - [ ERROR ]  订单接单ID4ff24d62-6eb6-4f20-95a9-8450d9997662
2017-12-05 15:41:51  [ pool-1-thread-1:152798 ] - [ ERROR ]  订单接单IDb7e389c3-65d2-460a-9c85-a056bb3ac645
2017-12-05 15:41:51  [ pool-1-thread-1:153004 ] - [ ERROR ]  订单接单ID0c28c4ec-5130-47e8-8284-17f5ce2bd18c
2017-12-05 15:41:51  [ pool-1-thread-1:153227 ] - [ ERROR ]  订单接单ID8bc45c39-c5a9-4a2e-96de-a8cff639530b
2017-12-05 15:41:52  [ pool-1-thread-1:153447 ] - [ ERROR ]  订单接单IDfa3f6586-5c1b-46a8-b1a6-02a7f4555502
2017-12-05 15:41:52  [ pool-1-thread-1:153673 ] - [ ERROR ]  订单接单ID9a62c1e1-37b8-4fda-941f-c524ef2571d2
2017-12-05 15:41:52  [ pool-1-thread-1:153881 ] - [ ERROR ]  订单接单ID3cf78500-bdfd-4af2-a019-02bbca5689d7
2017-12-05 15:41:52  [ pool-1-thread-1:154099 ] - [ ERROR ]  订单接单ID04616c58-6ceb-44a7-ad25-65b50b4a774e
2017-12-05 15:41:53  [ pool-1-thread-1:154327 ] - [ ERROR ]  订单接单ID9411e82b-e83f-4c4a-a3e9-a90ae440231c
2017-12-05 15:41:53  [ pool-1-thread-1:154550 ] - [ ERROR ]  订单接单IDe3465f19-8648-4164-95e0-cbbcb058fc3e
2017-12-05 15:41:53  [ pool-1-thread-1:154769 ] - [ ERROR ]  订单接单IDa1e66a58-6b44-4e62-872a-b3a9dfcccdf9
2017-12-05 15:41:53  [ pool-1-thread-1:155069 ] - [ ERROR ]  订单接单ID87c922c1-91fa-4dad-baab-e08b8994ee5a
2017-12-05 15:41:54  [ pool-1-thread-1:155370 ] - [ ERROR ]  订单接单ID853b7f10-f8ac-4e12-8e54-ce631353d7b4
2017-12-05 15:41:54  [ pool-1-thread-1:155670 ] - [ ERROR ]  订单接单IDa61eb88c-72d8-4b9b-b68a-a96a977afa2a
2017-12-05 15:41:54  [ pool-1-thread-1:155970 ] - [ ERROR ]  订单接单ID5ac464e6-6974-4c4d-8f04-321ea7102424
2017-12-05 15:41:54  [ pool-1-thread-1:156270 ] - [ ERROR ]  订单接单ID8fe86154-1519-45dc-8099-a04214c003c1
2017-12-05 15:41:55  [ pool-1-thread-1:156568 ] - [ ERROR ]  订单接单IDb22d09f2-3c4f-4ffc-9007-8c0181fcbbc0
2017-12-05 15:41:55  [ pool-1-thread-1:156795 ] - [ ERROR ]  订单接单ID106a7c0d-d8c7-4ecf-a578-7d328d60b747
2017-12-05 15:41:55  [ pool-1-thread-1:157035 ] - [ ERROR ]  订单接单IDf3e74ace-d035-4c54-bbab-18fff03116e2
2017-12-05 15:41:55  [ pool-1-thread-1:157245 ] - [ ERROR ]  订单接单IDc3d099e9-721c-4547-84f9-53f0b585cd71
2017-12-05 15:41:56  [ pool-1-thread-1:157476 ] - [ ERROR ]  订单接单IDa1614a4a-2fc3-443d-875f-7de612f861ce
2017-12-05 15:41:56  [ pool-1-thread-1:157699 ] - [ ERROR ]  订单接单IDe1791b6a-5157-47d0-ad63-e01e9181282c
2017-12-05 15:41:56  [ pool-1-thread-1:157909 ] - [ ERROR ]  订单接单ID0c320de7-6e56-46e1-a871-6879174b78bd
2017-12-05 15:41:56  [ pool-1-thread-1:158124 ] - [ ERROR ]  订单接单ID548e8e1e-5ccf-4510-815c-f62a2b36e7ea
2017-12-05 15:41:57  [ pool-1-thread-1:158336 ] - [ ERROR ]  订单接单IDd3c554f1-5169-4c45-bd1d-734f180451b0
2017-12-05 15:41:57  [ pool-1-thread-1:158559 ] - [ ERROR ]  订单接单IDc304e843-07c4-4884-bc9c-dbbab91434fb
2017-12-05 15:41:57  [ pool-1-thread-1:158788 ] - [ ERROR ]  订单接单IDba0acf2c-f10c-4c40-af6a-d22b9524bc74
2017-12-05 15:41:57  [ pool-1-thread-1:159001 ] - [ ERROR ]  订单接单ID137f7fde-0760-40f4-9b18-51d238202523
2017-12-05 15:41:57  [ pool-1-thread-1:159213 ] - [ ERROR ]  订单接单ID581c801a-803b-47ad-ab24-6b7f55022f9a
2017-12-05 15:41:58  [ pool-1-thread-1:159419 ] - [ ERROR ]  订单接单IDc1fd99d7-8522-4bc6-9a35-c4a653ec9cad
2017-12-05 15:41:58  [ pool-1-thread-1:159644 ] - [ ERROR ]  订单接单ID24295107-bc71-407f-a79a-52c0480f38a8
2017-12-05 15:41:58  [ pool-1-thread-1:159853 ] - [ ERROR ]  订单接单IDf6476658-1ffd-47ff-9c0b-6168cf33642c
2017-12-05 15:41:58  [ pool-1-thread-1:160063 ] - [ ERROR ]  订单接单ID30c56214-1917-43e7-86f1-3043630a0df7
2017-12-05 15:41:58  [ pool-1-thread-1:160288 ] - [ ERROR ]  订单接单ID374fae78-eaa4-4b77-92e0-b73b9b5b581d
2017-12-05 15:41:59  [ pool-1-thread-1:160518 ] - [ ERROR ]  订单接单ID19dbcd35-0766-4d69-8889-1639fecfda6c
2017-12-05 15:41:59  [ pool-1-thread-1:160743 ] - [ ERROR ]  订单接单IDcbfd546e-1b60-4938-9eb1-b9580cc49834
2017-12-05 15:41:59  [ pool-1-thread-1:160966 ] - [ ERROR ]  订单接单ID5ce79bfe-89db-4243-8d69-df5a7f15fa4c
2017-12-05 15:41:59  [ pool-1-thread-1:161176 ] - [ ERROR ]  订单接单IDd31284f5-9bb4-47a8-afb2-217f0fa3dc85
2017-12-05 15:42:00  [ pool-1-thread-1:161392 ] - [ ERROR ]  订单接单IDf9c08316-270d-496d-8e5d-97ad87de2fbb
2017-12-05 15:42:00  [ pool-1-thread-1:161599 ] - [ ERROR ]  订单接单IDd9fd2e75-5e66-4be5-9925-1055004fe512
2017-12-05 15:42:00  [ pool-1-thread-1:161813 ] - [ ERROR ]  订单接单ID5ccdbe4a-bbe3-4c07-b70f-c79424593a7a
2017-12-05 15:42:00  [ pool-1-thread-1:162036 ] - [ ERROR ]  订单接单IDecc47a33-e211-42fd-a37b-97908dbcefb1
2017-12-05 15:42:00  [ pool-1-thread-1:162274 ] - [ ERROR ]  订单接单IDc803dbe6-f747-4b90-b73b-547ae981bf52
2017-12-05 15:42:01  [ pool-1-thread-1:162497 ] - [ ERROR ]  订单接单ID661c4242-6213-45f8-80cc-fa0ac59b4dd3
2017-12-05 15:42:01  [ pool-1-thread-1:162709 ] - [ ERROR ]  订单接单ID840406a3-e94e-47f7-87e0-6923822b4455
2017-12-05 15:42:01  [ pool-1-thread-1:162925 ] - [ ERROR ]  订单接单ID25974bfd-8052-46f9-a434-bfd32e905898
2017-12-05 15:42:01  [ pool-1-thread-1:163135 ] - [ ERROR ]  订单接单ID76e3e5a4-d1b0-4e84-88e3-3f5e550f1224
2017-12-05 15:42:02  [ pool-1-thread-1:163402 ] - [ ERROR ]  订单接单ID9fbd4983-29db-4879-b156-1f339879e8f5
2017-12-05 15:42:02  [ pool-1-thread-1:163635 ] - [ ERROR ]  订单接单IDc3084764-a82a-4d0b-a042-6c68f339754d
2017-12-05 15:42:02  [ pool-1-thread-1:163852 ] - [ ERROR ]  订单接单ID91450ade-27c6-414d-86f8-cbca1b622706
2017-12-05 15:42:02  [ pool-1-thread-1:164073 ] - [ ERROR ]  订单接单ID2462a31f-3f20-4bc0-bc1f-bc887873eceb
2017-12-05 15:42:02  [ pool-1-thread-1:164298 ] - [ ERROR ]  订单接单ID69cbe311-1e19-4c70-90d9-2bce718d9028
2017-12-05 15:42:03  [ pool-1-thread-1:164520 ] - [ ERROR ]  订单接单ID9ca2f780-cdef-4925-95aa-d4cf67f04f0b
2017-12-05 15:42:03  [ pool-1-thread-1:164750 ] - [ ERROR ]  订单接单IDed904aea-b108-4203-84e4-1b56298ec1df
2017-12-05 15:42:03  [ pool-1-thread-1:164971 ] - [ ERROR ]  订单接单ID6d2d0290-78dc-4728-92d8-5c4440fc451e
2017-12-05 15:42:03  [ pool-1-thread-1:165182 ] - [ ERROR ]  订单接单ID595bd45d-7088-4795-94d5-959200a9fe57
2017-12-05 15:42:04  [ pool-1-thread-1:165403 ] - [ ERROR ]  订单接单IDf980baf8-40f9-4d36-946b-aea08ba18203
2017-12-05 15:42:04  [ pool-1-thread-1:165620 ] - [ ERROR ]  订单接单ID99e09e09-3b86-4ad3-9b6a-dc266f64cf8a
2017-12-05 15:42:04  [ pool-1-thread-1:165830 ] - [ ERROR ]  订单接单ID6a4319a5-98ff-4f93-a54b-e8e82608e5fa
2017-12-05 15:42:04  [ pool-1-thread-1:166053 ] - [ ERROR ]  订单接单ID30ce8918-56b4-4496-bca2-db9a341eafd4
2017-12-05 15:42:04  [ pool-1-thread-1:166264 ] - [ ERROR ]  订单接单ID08f2fdef-d644-4b96-a83e-bd958c3118de
2017-12-05 15:42:05  [ pool-1-thread-1:166486 ] - [ ERROR ]  订单接单ID06737938-581f-4c19-b7ed-d2dcda6f8954
2017-12-05 15:42:05  [ pool-1-thread-1:166709 ] - [ ERROR ]  订单接单ID34a343ef-735a-48bc-b635-a675310252d7
2017-12-05 15:42:05  [ pool-1-thread-1:166925 ] - [ ERROR ]  订单接单IDf3b170e3-50ff-4815-b8d6-5be29e74e430
2017-12-05 15:42:05  [ pool-1-thread-1:167166 ] - [ ERROR ]  订单接单IDcf0ab505-2349-4ab4-a169-b438554a1a9b
2017-12-05 15:42:06  [ pool-1-thread-1:167389 ] - [ ERROR ]  订单接单ID53234970-f470-45b8-9446-2bb3fb7b53be
2017-12-05 15:42:06  [ pool-1-thread-1:167607 ] - [ ERROR ]  订单接单IDc700637b-d3cd-4a29-a661-d2a17671f056
2017-12-05 15:42:06  [ pool-1-thread-1:167907 ] - [ ERROR ]  订单接单ID0e8dbed3-2fc5-4138-b93c-149cd4c0e8bd
2017-12-05 15:42:06  [ pool-1-thread-1:168206 ] - [ ERROR ]  订单接单ID6b1309ce-fc44-41c1-ab9a-1cd4dd73d904
2017-12-05 15:42:07  [ pool-1-thread-1:168506 ] - [ ERROR ]  订单接单IDbc3e1511-9139-4776-a69b-2a74c5c75a57
2017-12-05 15:42:07  [ pool-1-thread-1:168808 ] - [ ERROR ]  订单接单IDe86ed5f9-5ffb-45e5-9655-6d850abbd9c1
2017-12-05 15:42:07  [ pool-1-thread-1:169108 ] - [ ERROR ]  订单接单IDcae3ca45-c942-4656-9061-a211c8817457
2017-12-05 15:42:08  [ pool-1-thread-1:169407 ] - [ ERROR ]  订单接单ID57c0b3b7-bd48-4d78-857a-ec89b41d0a61
2017-12-05 15:42:08  [ pool-1-thread-1:169707 ] - [ ERROR ]  订单接单ID91666c7d-b20a-42be-b2e7-7c8059f2e442
2017-12-05 15:42:08  [ pool-1-thread-1:169940 ] - [ ERROR ]  订单接单ID53501fe3-dc83-4aca-8c10-3e15b8b477ea
2017-12-05 15:42:08  [ pool-1-thread-1:170165 ] - [ ERROR ]  订单接单IDf87eb6a0-053e-4b92-bf76-86e9a89c4ef5
2017-12-05 15:42:09  [ pool-1-thread-1:170383 ] - [ ERROR ]  订单接单ID778488fb-2883-4ee4-86c7-4a4c78d73b2d
2017-12-05 15:42:09  [ pool-1-thread-1:170630 ] - [ ERROR ]  订单接单IDc52399e1-4d38-4641-9981-38d7f44f88d6
2017-12-05 15:42:09  [ pool-1-thread-1:171152 ] - [ ERROR ]  订单接单ID58e3f73c-48d2-44fd-a234-a1f6fc1f7823
2017-12-05 15:42:10  [ pool-1-thread-1:171371 ] - [ ERROR ]  订单接单ID1920341c-f8ee-444d-ab8f-44d90e53542f
2017-12-05 15:42:10  [ pool-1-thread-1:171590 ] - [ ERROR ]  订单接单IDfcb73175-9a6a-4908-9f42-d42f9dad1efb
2017-12-05 15:42:10  [ pool-1-thread-1:171809 ] - [ ERROR ]  订单接单ID35d69ba2-54a4-428d-ad6f-238892ef2a6e
2017-12-05 15:42:10  [ pool-1-thread-1:172029 ] - [ ERROR ]  订单接单IDf0969137-07d4-44fd-bbf6-4f511c76e389
2017-12-05 15:42:10  [ pool-1-thread-1:172251 ] - [ ERROR ]  订单接单ID9a888d17-4dad-4a8c-90a1-de752e259f31
2017-12-05 15:42:11  [ pool-1-thread-1:172473 ] - [ ERROR ]  订单接单ID1f0cfdfa-0d93-4121-97d2-fd9abf73a1da
2017-12-05 15:42:11  [ pool-1-thread-1:172693 ] - [ ERROR ]  订单接单ID73b52d74-ba55-4554-b5fb-d13fcb356cc7
2017-12-05 15:42:11  [ pool-1-thread-1:172905 ] - [ ERROR ]  订单接单ID3b2cc96c-99e9-4d36-9e4a-f4c64fa0eb29
2017-12-05 15:42:11  [ 13945260@qtp-29472630-1:172950 ] - [ ERROR ]  构建列表时长:22504
2017-12-05 15:42:11  [ pool-1-thread-1:173116 ] - [ ERROR ]  订单接单IDe5da12d9-d410-4ba2-af91-f756b22b19cc
2017-12-05 15:42:12  [ pool-1-thread-1:173334 ] - [ ERROR ]  订单接单ID73f0a42b-be49-4b61-903d-7a52b9920772
2017-12-05 15:42:12  [ pool-1-thread-1:173575 ] - [ ERROR ]  订单接单ID3d30b77e-a97f-447d-8326-5ddf46f48288
2017-12-05 15:42:12  [ pool-1-thread-1:173777 ] - [ ERROR ]  订单接单IDcb5d92f2-1f1a-49cf-adab-14f482a62252
2017-12-05 15:42:12  [ pool-1-thread-1:174006 ] - [ ERROR ]  订单接单IDe71e1750-d4de-412e-947c-e1dce2bb8680
2017-12-05 15:42:12  [ pool-1-thread-1:174210 ] - [ ERROR ]  订单接单ID7f0f1419-eac7-4686-93e0-bbbf634176c5
2017-12-05 15:42:13  [ pool-1-thread-1:174431 ] - [ ERROR ]  订单接单IDcb5342a0-9387-4abe-aa72-04f94d7b6c67
2017-12-05 15:42:13  [ pool-1-thread-1:174660 ] - [ ERROR ]  订单接单IDaf9b7d97-84a6-466e-b22b-43acdcb718ae
2017-12-05 15:42:13  [ pool-1-thread-1:174873 ] - [ ERROR ]  订单接单IDa970c10d-d938-4f27-b858-e02ffe278e58
2017-12-05 15:42:13  [ pool-1-thread-1:175097 ] - [ ERROR ]  订单接单ID8ac500e6-a926-4669-9666-fd3098703bb4
2017-12-05 15:42:14  [ pool-1-thread-1:175331 ] - [ ERROR ]  订单接单ID1550a924-755e-4bc7-bc6a-4e2a0e1836dd
2017-12-05 15:42:14  [ pool-1-thread-1:175538 ] - [ ERROR ]  订单接单ID28dfc97f-fb97-4cce-b73f-2da4d01ff37a
2017-12-05 15:42:14  [ pool-1-thread-1:175756 ] - [ ERROR ]  订单接单IDd7baa2d7-d8c3-4bdc-a7dd-ecbcb7bcc4e5
2017-12-05 15:42:14  [ pool-1-thread-1:175965 ] - [ ERROR ]  订单接单ID7871ee66-5807-49de-a855-76771b0aeb83
2017-12-05 15:42:14  [ pool-1-thread-1:176189 ] - [ ERROR ]  订单接单IDdd40d348-6b6f-41c3-b2a7-c79d5e078c6b
2017-12-05 15:42:15  [ pool-1-thread-1:176408 ] - [ ERROR ]  订单接单ID9066a8e0-66de-4831-89fd-e99ed3754212
2017-12-05 15:42:15  [ pool-1-thread-1:176635 ] - [ ERROR ]  订单接单ID337add7d-07a0-453f-a843-d21d4057c580
2017-12-05 15:42:15  [ pool-1-thread-1:176892 ] - [ ERROR ]  订单接单IDbe293e41-1d76-43c5-bfc4-c216ac57fad6
2017-12-05 15:42:15  [ pool-1-thread-1:177113 ] - [ ERROR ]  订单接单IDa9f1c34c-48b1-44aa-97fe-acca3f58f984
2017-12-05 15:42:16  [ pool-1-thread-1:177323 ] - [ ERROR ]  订单接单IDfa7239ce-6261-4d1d-9e21-e816b024bf2a
2017-12-05 15:42:16  [ pool-1-thread-1:177549 ] - [ ERROR ]  订单接单ID7e2408fd-f9a4-4976-bd71-da9e4b8cf320
2017-12-05 15:42:16  [ pool-1-thread-1:177765 ] - [ ERROR ]  订单接单IDb1b70a28-fcfb-4313-8a79-ad1a7fa29e10
2017-12-05 15:42:16  [ pool-1-thread-1:177976 ] - [ ERROR ]  订单接单ID996b6adb-3348-4a51-8965-4486dca5db31
2017-12-05 15:42:16  [ pool-1-thread-1:178196 ] - [ ERROR ]  订单接单ID8a6258a2-74a3-4c81-bf0c-c5d2f03e19e2
2017-12-05 15:42:17  [ pool-1-thread-1:178413 ] - [ ERROR ]  订单接单IDb092026f-a798-4806-a46f-2d637b9c37b9
2017-12-05 15:42:17  [ pool-1-thread-1:178631 ] - [ ERROR ]  订单接单ID62f10896-e4ea-4296-b20f-52e61d014c21
2017-12-05 15:42:17  [ pool-1-thread-1:178843 ] - [ ERROR ]  订单接单ID26fe3d78-be61-4676-b0f3-eaf9edbc9ff8
2017-12-05 15:42:17  [ pool-1-thread-1:179061 ] - [ ERROR ]  订单接单ID20f7dd29-5bb3-4bf2-b3af-f42fc2d9c5d8
2017-12-05 15:42:17  [ pool-1-thread-1:179282 ] - [ ERROR ]  订单接单ID1c4887d4-d086-4a22-9537-92843248da74
2017-12-05 15:42:18  [ pool-1-thread-1:179519 ] - [ ERROR ]  订单接单ID9c55668a-6703-4338-a3fb-afc625c7832e
2017-12-05 15:42:18  [ pool-1-thread-1:179754 ] - [ ERROR ]  订单接单IDe696449c-b634-49f1-bc25-9a5c98e1ec33
2017-12-05 15:42:18  [ pool-1-thread-1:179966 ] - [ ERROR ]  订单接单ID23536fc8-36b2-423e-b5dc-3eddb0497767
2017-12-05 15:42:18  [ pool-1-thread-1:180182 ] - [ ERROR ]  订单接单IDadac462b-3462-4350-ae6b-6acfca0276be
2017-12-05 15:42:19  [ pool-1-thread-1:180478 ] - [ ERROR ]  订单接单ID3927b751-698d-4478-afaa-61d52b0f5079
2017-12-05 15:42:19  [ pool-1-thread-1:180690 ] - [ ERROR ]  订单接单IDbd485ae5-d555-44c3-9114-3112f53ae013
2017-12-05 15:42:19  [ pool-1-thread-1:180987 ] - [ ERROR ]  订单接单ID254d1e5d-d88a-417d-b5e2-903d565d2b00
2017-12-05 15:42:19  [ pool-1-thread-1:181287 ] - [ ERROR ]  订单接单IDff69c127-7340-4a29-b819-c03c39bdc0e0
2017-12-05 15:42:20  [ pool-1-thread-1:181587 ] - [ ERROR ]  订单接单ID0106c69f-ef9f-4e42-a8c6-0724a0a80b77
2017-12-05 15:42:20  [ pool-1-thread-1:181889 ] - [ ERROR ]  订单接单IDa57030a5-bd54-443a-8e52-efb18344958a
2017-12-05 15:42:20  [ pool-1-thread-1:182187 ] - [ ERROR ]  订单接单IDe558eefc-e536-4116-bcd9-713c4d0ede02
2017-12-05 15:42:21  [ pool-1-thread-1:182487 ] - [ ERROR ]  订单接单IDfde62fde-47b6-4b4f-b6ca-dba3ca698fa9
2017-12-05 15:42:21  [ pool-1-thread-1:182718 ] - [ ERROR ]  订单接单ID2463d3df-160b-4554-aa88-78d1a0acc56e
2017-12-05 15:42:21  [ pool-1-thread-1:182945 ] - [ ERROR ]  订单接单ID50be93e3-70ad-44ee-b193-b51443bce4e3
2017-12-05 15:42:21  [ pool-1-thread-1:183161 ] - [ ERROR ]  订单接单IDebca117a-02de-4424-ae16-40f336f4e70d
2017-12-05 15:42:22  [ pool-1-thread-1:183382 ] - [ ERROR ]  订单接单ID9a1cdc81-17be-4790-9428-d322d6ada524
2017-12-05 15:42:22  [ pool-1-thread-1:183597 ] - [ ERROR ]  订单接单IDa4d8a7ef-4a2e-4219-99ec-2def68de3a9e
2017-12-05 15:42:22  [ pool-1-thread-1:183803 ] - [ ERROR ]  订单接单ID45674527-d5f7-40ef-bc22-d526f7735ba7
2017-12-05 15:42:22  [ pool-1-thread-1:184023 ] - [ ERROR ]  订单接单ID3b34384f-d09b-4775-bb0a-021a2905b538
2017-12-05 15:42:22  [ pool-1-thread-1:184253 ] - [ ERROR ]  订单接单ID28626f43-a47a-458a-9376-bd7ad97ee71b
2017-12-05 15:42:23  [ pool-1-thread-1:184479 ] - [ ERROR ]  订单接单ID2009d047-935b-47c2-83d3-18485479becb
2017-12-05 15:42:23  [ pool-1-thread-1:184707 ] - [ ERROR ]  订单接单ID24efc95a-a737-4221-acc0-402e54f783ca
2017-12-05 15:42:23  [ pool-1-thread-1:184914 ] - [ ERROR ]  订单接单ID89dd9c74-ff3a-40cc-837b-9e1cf6a07936
2017-12-05 15:42:23  [ pool-1-thread-1:185140 ] - [ ERROR ]  订单接单ID238c37d3-72b9-4ef8-95ec-5a796d1c1cf8
2017-12-05 15:42:24  [ pool-1-thread-1:185365 ] - [ ERROR ]  订单接单ID6d81119d-eef6-45aa-9bda-953065ce1df9
2017-12-05 15:42:24  [ pool-1-thread-1:185592 ] - [ ERROR ]  订单接单IDe03ca199-49a7-4357-a118-f1ab02951295
2017-12-05 15:42:24  [ pool-1-thread-1:185821 ] - [ ERROR ]  订单接单ID1e3989be-94a1-48da-81f1-f6c8d75d47be
2017-12-05 15:42:24  [ pool-1-thread-1:186039 ] - [ ERROR ]  订单接单IDef9691f6-73d4-4dab-93eb-7eaf38b2c729
2017-12-05 15:42:24  [ pool-1-thread-1:186263 ] - [ ERROR ]  订单接单ID0bd5bf13-de13-4348-85ae-47fe5d2a87a5
2017-12-05 15:42:25  [ pool-1-thread-1:186481 ] - [ ERROR ]  订单接单ID2894e13a-37a6-428c-9713-6a13e8831aac
2017-12-05 15:42:25  [ pool-1-thread-1:186705 ] - [ ERROR ]  订单接单IDa45a88e8-6969-4457-98b6-791b4758d8d4
2017-12-05 15:42:25  [ pool-1-thread-1:186918 ] - [ ERROR ]  订单接单IDc2382e6c-b222-4b7a-a003-b46e0448b38c
2017-12-05 15:42:25  [ pool-1-thread-1:187128 ] - [ ERROR ]  订单接单ID0b9b5377-cb50-43f5-9e29-552cac2a7877
2017-12-05 15:42:26  [ pool-1-thread-1:187339 ] - [ ERROR ]  订单接单IDe3353e0b-1420-436d-8016-e433e0e37e54
2017-12-05 15:42:26  [ pool-1-thread-1:187573 ] - [ ERROR ]  订单接单ID49401102-a927-46dd-993b-c6edf88e6fc1
2017-12-05 15:42:26  [ pool-1-thread-1:187782 ] - [ ERROR ]  订单接单ID3d2b4eb0-8b05-4753-8a92-8b9a1cd4c48c
2017-12-05 15:42:26  [ pool-1-thread-1:187999 ] - [ ERROR ]  订单接单IDf58078b1-fa59-47ab-9baa-4200cef921ed
2017-12-05 15:42:26  [ pool-1-thread-1:188236 ] - [ ERROR ]  订单接单IDefc1143c-5e81-47bc-9d84-0e50bc46bfb1
2017-12-05 15:42:27  [ pool-1-thread-1:188463 ] - [ ERROR ]  订单接单IDcbc88403-3a0e-4df7-ad68-c3c4e4120409
2017-12-05 15:42:27  [ pool-1-thread-1:188682 ] - [ ERROR ]  订单接单ID30e26ecc-512a-4043-aea4-e7f88dad72fd
2017-12-05 15:42:27  [ pool-1-thread-1:188922 ] - [ ERROR ]  订单接单IDcdc910c6-bdf4-4153-aaca-b74fa2c5274a
2017-12-05 15:42:27  [ pool-1-thread-1:189140 ] - [ ERROR ]  订单接单ID75e67e23-8c00-42c6-b3b2-d59e600e95ed
2017-12-05 15:42:28  [ pool-1-thread-1:189363 ] - [ ERROR ]  订单接单ID4e04250d-687c-435b-9168-eae0bdf46865
2017-12-05 15:42:28  [ pool-1-thread-1:189587 ] - [ ERROR ]  订单接单ID9aca0f1b-af3a-44aa-879c-5bb7c158cf1f
2017-12-05 15:42:28  [ pool-1-thread-1:189811 ] - [ ERROR ]  订单接单ID8df531ca-8a79-4563-a18d-f641578ec756
2017-12-05 15:42:28  [ pool-1-thread-1:190030 ] - [ ERROR ]  订单接单IDfc29a0b0-3a27-46da-9772-3603bda72307
2017-12-05 15:42:28  [ pool-1-thread-1:190257 ] - [ ERROR ]  订单接单IDf2ecfc69-bea7-4a26-b32f-103d3732f571
2017-12-05 15:42:29  [ pool-1-thread-1:190476 ] - [ ERROR ]  订单接单IDdf755c9c-41cb-4b9b-b739-3177284b2ec8
2017-12-05 15:42:29  [ pool-1-thread-1:190694 ] - [ ERROR ]  订单接单IDd29ed175-9b95-402e-9ec7-e9f3e42aa27f
2017-12-05 15:42:29  [ pool-1-thread-1:190994 ] - [ ERROR ]  订单接单ID684a73c7-0826-4216-befa-8000f7466677
2017-12-05 15:42:29  [ pool-1-thread-1:191211 ] - [ ERROR ]  订单接单ID55ba2ada-6d3c-4a60-bc09-0746b7bac98f
2017-12-05 15:42:30  [ pool-1-thread-1:191496 ] - [ ERROR ]  订单接单ID83fa0fd8-157f-4a1b-948b-1fb1e6c18f9c
2017-12-05 15:42:30  [ pool-1-thread-1:191794 ] - [ ERROR ]  订单接单ID87568726-4288-4854-ae74-0eb56048cb8f
2017-12-05 15:42:30  [ pool-1-thread-1:192095 ] - [ ERROR ]  订单接单ID63452397-e067-4cf2-9562-e4d66f8cac23
2017-12-05 15:42:31  [ pool-1-thread-1:192309 ] - [ ERROR ]  订单接单ID65110e37-0f5f-459a-bac6-31a9a1170baa
2017-12-05 15:42:31  [ pool-1-thread-1:192529 ] - [ ERROR ]  订单接单IDa23f0804-7f04-4de8-9643-3f34ee807462
2017-12-05 15:42:31  [ pool-1-thread-1:192750 ] - [ ERROR ]  订单接单ID72bebe88-6e17-440d-bb3b-e29b2e4c0170
2017-12-05 15:42:31  [ pool-1-thread-1:192953 ] - [ ERROR ]  订单接单ID9e0cebe5-05c0-4523-bec4-668c25cc4534
2017-12-05 15:42:31  [ pool-1-thread-1:193184 ] - [ ERROR ]  订单接单ID04806833-2298-4bdf-bf16-6fa95fe3b528
2017-12-05 15:42:32  [ pool-1-thread-1:193397 ] - [ ERROR ]  订单接单ID7aa8ec18-daa3-4cbe-a2d4-4c67d5107a7f
2017-12-05 15:42:32  [ pool-1-thread-1:193698 ] - [ ERROR ]  订单接单ID84715d07-2101-450d-8f33-c45597fe6148
2017-12-05 15:42:32  [ pool-1-thread-1:193998 ] - [ ERROR ]  订单接单IDa3a9a9b7-a1a3-429f-994d-5499d642cbb8
2017-12-05 15:42:33  [ pool-1-thread-1:194306 ] - [ ERROR ]  订单接单ID4028e2f1-d0f0-451e-b207-2985deefe880
2017-12-05 15:42:33  [ pool-1-thread-1:194522 ] - [ ERROR ]  订单接单ID7ce673c7-024e-446d-840a-686c652904dd
2017-12-05 15:42:33  [ pool-1-thread-1:194748 ] - [ ERROR ]  订单接单IDf6de4635-8ce8-4b41-9bcd-c898ce38f5a7
2017-12-05 15:42:33  [ pool-1-thread-1:194988 ] - [ ERROR ]  订单接单ID7813b7d4-d044-4441-99ac-39446ffc5538
2017-12-05 15:42:33  [ pool-1-thread-1:195193 ] - [ ERROR ]  订单接单ID1aff79e3-b158-42ce-a673-84180cbe39fa
2017-12-05 15:42:34  [ pool-1-thread-1:195428 ] - [ ERROR ]  订单接单ID7246767e-0b11-423d-a9eb-3dbcd337426e
2017-12-05 15:42:34  [ pool-1-thread-1:195648 ] - [ ERROR ]  订单接单ID8b42dcc3-9de3-4c72-aa85-87b86f830ab5
2017-12-05 15:42:34  [ pool-1-thread-1:195875 ] - [ ERROR ]  订单接单IDb2526c43-c47a-4d53-8d26-a93173b789c0
2017-12-05 15:42:34  [ pool-1-thread-1:196101 ] - [ ERROR ]  订单接单ID7a528a17-1cb5-4af1-a97d-eb276a6b8b8c
2017-12-05 15:42:35  [ pool-1-thread-1:196307 ] - [ ERROR ]  订单接单ID8954a918-0531-4c43-914a-9b06cc3c892e
2017-12-05 15:42:35  [ pool-1-thread-1:196538 ] - [ ERROR ]  订单接单ID17e239c5-d7aa-4ebd-b845-9d1ed27e91f8
2017-12-05 15:42:35  [ pool-1-thread-1:196763 ] - [ ERROR ]  订单接单ID1286d7cb-554a-4776-804f-37e43004b6b8
2017-12-05 15:42:35  [ pool-1-thread-1:196975 ] - [ ERROR ]  订单接单IDd752ed6f-5cba-4fc6-8c13-1560961c1d40
2017-12-05 15:42:35  [ pool-1-thread-1:197187 ] - [ ERROR ]  订单接单IDc693c478-6f81-42e3-bd92-cb4e947dee01
2017-12-05 15:42:36  [ pool-1-thread-1:197411 ] - [ ERROR ]  订单接单IDf66db31a-e228-494b-ac16-afa4401314cc
2017-12-05 15:42:36  [ pool-1-thread-1:197632 ] - [ ERROR ]  订单接单ID631603dd-f0ec-46fd-ad64-c20f67906220
2017-12-05 15:42:36  [ pool-1-thread-1:197846 ] - [ ERROR ]  订单接单ID064e031d-fa55-492a-86fd-f0497342d45f
2017-12-05 15:42:36  [ pool-1-thread-1:198067 ] - [ ERROR ]  订单接单ID865f2cce-5101-45e8-977d-04414f03f1c4
2017-12-05 15:42:37  [ pool-1-thread-1:198307 ] - [ ERROR ]  订单接单IDae9d2544-50e8-456f-938f-35bb01e10bd1
2017-12-05 15:42:37  [ pool-1-thread-1:198528 ] - [ ERROR ]  订单接单ID71726891-0635-403b-b828-b4474c13b907
2017-12-05 15:42:37  [ pool-1-thread-1:198757 ] - [ ERROR ]  订单接单IDa30a4570-d66e-436c-8ad9-62d1483b0ce4
2017-12-05 15:42:37  [ pool-1-thread-1:198979 ] - [ ERROR ]  订单接单IDa4f23dfb-74f1-401a-90ff-22c47a2f9d0c
2017-12-05 15:42:37  [ pool-1-thread-1:199194 ] - [ ERROR ]  订单接单IDbe9e45e2-a0ca-4a11-b1f6-07a7863e4a26
2017-12-05 15:42:38  [ pool-1-thread-1:199429 ] - [ ERROR ]  订单接单ID07af52e4-9613-4af5-b9e0-6c95993cddb6
2017-12-05 15:42:38  [ pool-1-thread-1:199648 ] - [ ERROR ]  订单接单IDcc626028-4ac2-4f85-9694-7666978a18c6
2017-12-05 15:42:38  [ pool-1-thread-1:199855 ] - [ ERROR ]  订单接单IDbeb359d4-897b-44e8-b11c-4a3e0e0caa30
2017-12-05 15:42:38  [ pool-1-thread-1:200086 ] - [ ERROR ]  订单接单ID0fd38f7e-733d-459a-9f15-e385d0db8560
2017-12-05 15:42:39  [ pool-1-thread-1:200307 ] - [ ERROR ]  订单接单ID9e9a66fe-4d19-4b6b-868d-160163d3412e
2017-12-05 15:42:39  [ pool-1-thread-1:200529 ] - [ ERROR ]  订单接单ID84fc5507-fe70-4310-984b-3266332eca26
2017-12-05 15:42:39  [ pool-1-thread-1:200761 ] - [ ERROR ]  订单接单ID10b842db-cbbf-4a6b-b67b-460caf3b9e94
2017-12-05 15:42:39  [ pool-1-thread-1:200974 ] - [ ERROR ]  订单接单ID3956f325-737e-4b1e-b216-9203872f1215
2017-12-05 15:42:39  [ pool-1-thread-1:201177 ] - [ ERROR ]  订单接单ID6054d54e-f652-47c5-80fd-0a692a638b12
2017-12-05 15:42:40  [ pool-1-thread-1:201394 ] - [ ERROR ]  订单接单IDf5f2f1de-48f2-44ef-96ee-0464a1c98e7e
2017-12-05 15:42:40  [ pool-1-thread-1:201603 ] - [ ERROR ]  订单接单ID355f0648-e6b5-4120-aa50-0437a1b46063
2017-12-05 15:42:40  [ pool-1-thread-1:201826 ] - [ ERROR ]  订单接单IDdb652552-2de6-4fca-8c58-802b79185e8c
2017-12-05 15:42:40  [ pool-1-thread-1:202056 ] - [ ERROR ]  订单接单IDd315b2d6-eeb5-4e30-a897-da7a421cd4c5
2017-12-05 15:42:40  [ pool-1-thread-1:202285 ] - [ ERROR ]  订单接单ID4759ffb6-6ab8-44d0-a482-9f46a75fecba
2017-12-05 15:42:41  [ pool-1-thread-1:202503 ] - [ ERROR ]  订单接单ID2022ff5d-4110-4a35-9969-df9b933863e8
2017-12-05 15:42:41  [ pool-1-thread-1:202733 ] - [ ERROR ]  订单接单IDec2d753d-d900-46ed-bfd3-cca6a2f040a3
2017-12-05 15:42:41  [ pool-1-thread-1:202953 ] - [ ERROR ]  订单接单ID966bf25c-f83d-4450-9c80-27c5075ca86f
2017-12-05 15:42:41  [ pool-1-thread-1:203174 ] - [ ERROR ]  订单接单ID0c741a7b-5496-43a9-8698-6ec1803fd699
2017-12-05 15:42:42  [ pool-1-thread-1:203409 ] - [ ERROR ]  订单接单ID6fd88f50-c742-4016-8ac7-513e1fa581c1
2017-12-05 15:42:42  [ pool-1-thread-1:203629 ] - [ ERROR ]  订单接单ID6c40af5a-bf18-4984-a323-c4d54f243721
2017-12-05 15:42:42  [ pool-1-thread-1:203863 ] - [ ERROR ]  订单接单ID2df044af-a155-4b6c-b5d4-cc475f4762dc
2017-12-05 15:42:42  [ pool-1-thread-1:204070 ] - [ ERROR ]  订单接单IDf140db64-7c24-41e5-be1d-281ca0122fb0
2017-12-05 15:42:42  [ pool-1-thread-1:204295 ] - [ ERROR ]  订单接单IDe0f9fc13-0864-4438-98e3-75e2a52d07f5
2017-12-05 15:42:43  [ pool-1-thread-1:204523 ] - [ ERROR ]  订单接单IDe268c95d-2c0a-48bf-b538-d4d130cbfa7a
2017-12-05 15:42:43  [ pool-1-thread-1:204742 ] - [ ERROR ]  订单接单IDe7b79f78-21b2-4f6d-b0e7-88059611e720
2017-12-05 15:42:43  [ pool-1-thread-1:204956 ] - [ ERROR ]  订单接单ID970be6b4-61d0-4692-a14a-3fcd5d278903
2017-12-05 15:42:43  [ pool-1-thread-1:205168 ] - [ ERROR ]  订单接单IDdb111cd5-f6fb-4382-a20f-06cc7d7bb92c
2017-12-05 15:42:44  [ pool-1-thread-1:205399 ] - [ ERROR ]  订单接单ID35f4bd08-8b83-410a-b279-86b05eae51b6
2017-12-05 15:42:44  [ pool-1-thread-1:205629 ] - [ ERROR ]  订单接单ID508c036d-36d2-495f-af68-8c644c6d3052
2017-12-05 15:42:44  [ pool-1-thread-1:205840 ] - [ ERROR ]  订单接单IDff783fc0-25ae-4c42-9594-aed4959dfce9
2017-12-05 15:42:44  [ pool-1-thread-1:206069 ] - [ ERROR ]  订单接单ID0f8638f7-c7e7-4eb4-84ed-e4a5953185d2
2017-12-05 15:42:44  [ pool-1-thread-1:206272 ] - [ ERROR ]  订单接单ID5c8eafe3-0cc5-47b8-a8e8-a594504f5f73
2017-12-05 15:42:45  [ pool-1-thread-1:206479 ] - [ ERROR ]  订单接单ID731419fd-c27a-4211-b6c4-2cbdc107274a
2017-12-05 15:42:45  [ pool-1-thread-1:206694 ] - [ ERROR ]  订单接单ID4bbd59c2-503b-450f-9b1c-fb40d27200f0
2017-12-05 15:42:45  [ pool-1-thread-1:206915 ] - [ ERROR ]  订单接单ID8ffc7019-7b68-472f-aaf2-254391a1204a
2017-12-05 15:42:45  [ pool-1-thread-1:207138 ] - [ ERROR ]  订单接单ID863b77ad-8d8c-45f5-938d-fcd708690bf4
2017-12-05 15:42:46  [ pool-1-thread-1:207351 ] - [ ERROR ]  订单接单IDa007857f-bbaa-4f20-bec5-399b76aacc8b
2017-12-05 15:42:46  [ pool-1-thread-1:207617 ] - [ ERROR ]  订单接单IDe747c1e0-aa9c-4a23-8b94-b900a075f774
2017-12-05 15:42:46  [ pool-1-thread-1:207830 ] - [ ERROR ]  订单接单ID4204f5ba-7f3b-4358-961b-8090493cf54c
2017-12-05 15:42:46  [ pool-1-thread-1:208050 ] - [ ERROR ]  订单接单ID01bc28e1-44ed-4e56-a388-30a4385cb8f4
2017-12-05 15:42:46  [ pool-1-thread-1:208257 ] - [ ERROR ]  订单接单ID1fe0390f-5d26-4391-90b9-bac9aee60dbd
2017-12-05 15:42:47  [ pool-1-thread-1:208497 ] - [ ERROR ]  订单接单IDe5a45b0b-b4ad-4d18-af2e-dedd1606b7ee
2017-12-05 15:42:47  [ pool-1-thread-1:208732 ] - [ ERROR ]  订单接单ID346a3eb2-33ea-4828-ac43-fa3d4f5bca00
2017-12-05 15:42:47  [ pool-1-thread-1:208942 ] - [ ERROR ]  订单接单IDba5d143f-6e6e-4115-b8f1-67aa12450929
2017-12-05 15:42:47  [ pool-1-thread-1:209178 ] - [ ERROR ]  订单接单ID78b044fd-51a0-4f3a-a273-456058f2d4cc
2017-12-05 15:42:48  [ pool-1-thread-1:209415 ] - [ ERROR ]  订单接单ID8cbfff22-0438-47ed-a70f-8bcbeea82486
2017-12-05 15:42:48  [ pool-1-thread-1:209624 ] - [ ERROR ]  订单接单IDbd438276-a5e7-41ae-a2e3-f7f412a782cf
2017-12-05 15:42:48  [ pool-1-thread-1:209840 ] - [ ERROR ]  订单接单ID1223dbd4-a35d-42dd-8c3f-387efc2e6b36
2017-12-05 15:42:48  [ pool-1-thread-1:210097 ] - [ ERROR ]  订单接单IDcf8246b8-50dc-4fc2-9d1c-91004054c648
2017-12-05 15:42:49  [ pool-1-thread-1:210321 ] - [ ERROR ]  订单接单ID413a1554-c689-4ca0-9740-821d2818b536
2017-12-05 15:42:49  [ pool-1-thread-1:210533 ] - [ ERROR ]  订单接单ID222a0611-49c0-4bb4-8e8a-45b51c3a68cf
2017-12-05 15:42:49  [ pool-1-thread-1:210758 ] - [ ERROR ]  订单接单ID466fe2e4-f067-4b78-afae-5dca8a1e3fb1
2017-12-05 15:42:49  [ pool-1-thread-1:210971 ] - [ ERROR ]  订单接单IDaea74113-5d72-40ae-8da0-9f2a2752b01e
2017-12-05 15:42:49  [ pool-1-thread-1:211191 ] - [ ERROR ]  订单接单ID73b05004-ec02-4741-b3c3-6be3b9e4b38e
2017-12-05 15:42:50  [ pool-1-thread-1:211492 ] - [ ERROR ]  订单接单ID850125df-9b9e-4fde-b270-97234e074bd1
2017-12-05 15:42:50  [ pool-1-thread-1:211719 ] - [ ERROR ]  订单接单ID717de9b1-ee46-4d84-b295-5f10824b2849
2017-12-05 15:42:50  [ pool-1-thread-1:211993 ] - [ ERROR ]  订单接单IDf1f4212d-c020-4ca2-a46a-489d08ce33c4
2017-12-05 15:42:50  [ pool-1-thread-1:212200 ] - [ ERROR ]  订单接单ID8826a50b-89d5-41af-89d1-bd982fef418b
2017-12-05 15:42:51  [ pool-1-thread-1:212420 ] - [ ERROR ]  订单接单ID0f4445f6-ca26-476a-8698-f89ff8f788cf
2017-12-05 15:42:51  [ pool-1-thread-1:212692 ] - [ ERROR ]  订单接单ID87a73f83-d049-4cac-9dbb-38e9e68c6228
2017-12-05 15:42:51  [ pool-1-thread-1:212898 ] - [ ERROR ]  订单接单ID744e19ec-9efa-4171-86f4-399964bf457d
2017-12-05 15:42:51  [ pool-1-thread-1:213192 ] - [ ERROR ]  订单接单ID9086857d-0d74-4974-b437-e182324adc75
2017-12-05 15:42:52  [ pool-1-thread-1:213419 ] - [ ERROR ]  订单接单IDcc1c210a-6630-4b32-b15d-88eb529ff9e1
2017-12-05 15:42:52  [ pool-1-thread-1:213694 ] - [ ERROR ]  订单接单ID23d6ca49-e00f-47cd-a102-793d454c7451
2017-12-05 15:42:52  [ pool-1-thread-1:213908 ] - [ ERROR ]  订单接单ID8de11468-c5c1-48a3-83a2-1839e931f111
2017-12-05 15:42:52  [ pool-1-thread-1:214192 ] - [ ERROR ]  订单接单IDb38b1f3f-dea5-4725-b08d-bfe0de4f233e
2017-12-05 15:42:53  [ pool-1-thread-1:214414 ] - [ ERROR ]  订单接单ID36bf5a3e-010e-42af-83e6-ea1b097b659f
2017-12-05 15:42:53  [ pool-1-thread-1:214619 ] - [ ERROR ]  订单接单ID7e861960-15d9-4c74-a83b-93476f7e39c1
2017-12-05 15:42:53  [ pool-1-thread-1:214892 ] - [ ERROR ]  订单接单ID87d48f61-337c-4e94-b4fe-2aab87837542
2017-12-05 15:42:53  [ pool-1-thread-1:215106 ] - [ ERROR ]  订单接单ID4d3d79b0-1159-4732-beff-dcd3d70f259e
2017-12-05 15:42:54  [ pool-1-thread-1:215392 ] - [ ERROR ]  订单接单ID43597d3c-145f-4cc0-9a18-c662dfdb35bd
2017-12-05 15:42:54  [ pool-1-thread-1:215613 ] - [ ERROR ]  订单接单ID55f8f580-0eee-4110-af4c-272eb8e53a79
2017-12-05 15:42:54  [ pool-1-thread-1:215893 ] - [ ERROR ]  订单接单ID7019d7b1-424c-427e-a09e-9ddcde4e07c3
2017-12-05 15:42:54  [ pool-1-thread-1:216117 ] - [ ERROR ]  订单接单IDd45813b1-97cb-430b-99a9-bb96acc87d20
2017-12-05 15:42:55  [ pool-1-thread-1:216393 ] - [ ERROR ]  订单接单IDf51b7108-9980-46f8-a017-a97df27fe5e7
2017-12-05 15:42:55  [ pool-1-thread-1:216620 ] - [ ERROR ]  订单接单ID4fa0a305-8a80-420f-afd3-242c042ee97b
2017-12-05 15:42:55  [ pool-1-thread-1:216852 ] - [ ERROR ]  订单接单IDa3365c86-e833-4f76-8a8e-7a3f1c9bfb9e
2017-12-05 15:42:55  [ pool-1-thread-1:217088 ] - [ ERROR ]  订单接单IDb9a6c1ee-d58e-4e5f-a92e-df97adaf98fb
2017-12-05 15:42:55  [ pool-1-thread-1:217301 ] - [ ERROR ]  订单接单ID37b750f9-3a47-49e2-88e3-f9dad7935e46
2017-12-05 15:42:56  [ pool-1-thread-1:217531 ] - [ ERROR ]  订单接单ID801b3f03-6d48-4e01-81f8-65f04b70f00e
2017-12-05 15:42:56  [ pool-1-thread-1:217751 ] - [ ERROR ]  订单接单IDcc35b2ca-95da-48f2-b943-080c88bc4c08
2017-12-05 15:42:56  [ pool-1-thread-1:217983 ] - [ ERROR ]  订单接单IDb6324c01-be5a-486c-b9f4-a3120a8a373e
2017-12-05 15:42:56  [ pool-1-thread-1:218204 ] - [ ERROR ]  订单接单IDcba14d89-8d9e-49b1-af15-28d0dcf8faa9
2017-12-05 15:42:57  [ pool-1-thread-1:218423 ] - [ ERROR ]  订单接单ID5695bcdd-731f-4fcb-9793-40ea361bf351
2017-12-05 15:42:57  [ pool-1-thread-1:218656 ] - [ ERROR ]  订单接单IDc540e01e-d766-4542-80ec-a0b6ce720e68
2017-12-05 15:42:57  [ pool-1-thread-1:218880 ] - [ ERROR ]  订单接单ID15f7f65c-2b02-474e-ba81-a87ddf6995ef
2017-12-05 15:42:57  [ pool-1-thread-1:219110 ] - [ ERROR ]  订单接单ID27980cd3-18fd-4229-bbb8-9db7b64e1c9c
2017-12-05 15:42:58  [ pool-1-thread-1:219336 ] - [ ERROR ]  订单接单IDc63c296b-b5e9-4cb8-b0a6-1634cbb99e4d
2017-12-05 15:42:58  [ pool-1-thread-1:219562 ] - [ ERROR ]  订单接单ID7e45f621-f9b3-4ccd-adf1-1f58c090040e
2017-12-05 15:42:58  [ pool-1-thread-1:219770 ] - [ ERROR ]  订单接单IDb90e2d40-0ecd-4497-9a68-ba7e4e5593b2
2017-12-05 15:42:58  [ pool-1-thread-1:220014 ] - [ ERROR ]  订单接单ID8a2834de-583e-4848-877c-e072f7bf0036
2017-12-05 15:42:58  [ pool-1-thread-1:220237 ] - [ ERROR ]  订单接单ID87f079d8-a930-477b-a683-8e8afd85fd0c
2017-12-05 15:42:59  [ pool-1-thread-1:220466 ] - [ ERROR ]  订单接单ID3940b31c-84ef-46fd-a157-3eb1ca694237
2017-12-05 15:42:59  [ pool-1-thread-1:220679 ] - [ ERROR ]  订单接单ID53e2b588-0a23-4b1f-8eeb-01f0e1c4fc63
2017-12-05 15:42:59  [ pool-1-thread-1:220919 ] - [ ERROR ]  订单接单ID4b8f15e6-a082-4445-a214-d35e0e5ee722
2017-12-05 15:42:59  [ pool-1-thread-1:221132 ] - [ ERROR ]  订单接单ID364d255c-7a09-4e7b-9f57-e3168d7a1121
2017-12-05 15:43:00  [ pool-1-thread-1:221333 ] - [ ERROR ]  订单接单IDfa8b7e13-1caa-4dad-9e49-4d2c7a86843b
2017-12-05 15:43:00  [ pool-1-thread-1:221542 ] - [ ERROR ]  订单接单ID8dcc530f-cad3-40ad-b7e5-e7b92ae06ef3
2017-12-05 15:43:00  [ pool-1-thread-1:221778 ] - [ ERROR ]  订单接单ID0c558b07-f74f-4092-a9af-a6f9ced8f06f
2017-12-05 15:43:00  [ pool-1-thread-1:222011 ] - [ ERROR ]  订单接单ID17c251ac-ed62-4355-b715-4fb2c69d5392
2017-12-05 15:43:00  [ pool-1-thread-1:222225 ] - [ ERROR ]  订单接单IDc1dab9b8-1198-4e8e-adcb-34ee4ae07c62
2017-12-05 15:43:01  [ pool-1-thread-1:222454 ] - [ ERROR ]  订单接单IDf3474ad4-1f84-4b59-91b9-fc08db179ff7
2017-12-05 15:43:01  [ pool-1-thread-1:222679 ] - [ ERROR ]  订单接单ID76ecaf87-3330-45b1-a730-4ca24d2c794f
2017-12-05 15:43:01  [ pool-1-thread-1:222920 ] - [ ERROR ]  订单接单ID1e05f567-dea3-4cd0-bb34-4cfd49631349
2017-12-05 15:43:01  [ pool-1-thread-1:223138 ] - [ ERROR ]  订单接单ID2adc1d28-f5c0-4c88-a9e0-ae2f2270b6cd
2017-12-05 15:43:02  [ pool-1-thread-1:223351 ] - [ ERROR ]  订单接单ID349f67a6-67a0-4579-a981-2da16656ce8c
2017-12-05 15:43:02  [ pool-1-thread-1:223574 ] - [ ERROR ]  订单接单ID6cff61d8-d692-42dd-b456-d0c895d9efd1
2017-12-05 15:43:02  [ pool-1-thread-1:223797 ] - [ ERROR ]  订单接单ID66dcbd95-d320-407a-952d-893a3232ef5a
2017-12-05 15:43:02  [ pool-1-thread-1:224025 ] - [ ERROR ]  订单接单ID65555062-a704-4004-bd97-8e7e6cd72134
2017-12-05 15:43:02  [ pool-1-thread-1:224247 ] - [ ERROR ]  订单接单ID513b91be-086e-471d-8801-6074179dcd10
2017-12-05 15:43:03  [ pool-1-thread-1:224725 ] - [ ERROR ]  订单接单ID7afbbfeb-7ed4-4f5f-b261-8d244ad5daa7
2017-12-05 15:43:03  [ pool-1-thread-1:224960 ] - [ ERROR ]  订单接单ID47e8d18b-8cc9-4474-9f11-152f3b072709
2017-12-05 15:43:03  [ pool-1-thread-1:225190 ] - [ ERROR ]  订单接单IDa24254b7-8ba0-4125-9ee8-8457c9366594
2017-12-05 15:43:04  [ pool-1-thread-1:225415 ] - [ ERROR ]  订单接单ID6bb923b2-1cdf-4895-8d93-20c059b09f9e
2017-12-05 15:43:04  [ pool-1-thread-1:225692 ] - [ ERROR ]  订单接单ID5f9f88e5-36da-4d0a-956f-ab2851507ceb
2017-12-05 15:43:04  [ pool-1-thread-1:225912 ] - [ ERROR ]  订单接单ID564b0c21-2fcc-4f08-bf5d-f588a8cf46d7
2017-12-05 15:43:04  [ pool-1-thread-1:226130 ] - [ ERROR ]  订单接单IDe2dae97e-400b-453a-9208-2c4717fc5208
2017-12-05 15:43:05  [ pool-1-thread-1:226347 ] - [ ERROR ]  订单接单ID78fc03a2-6c30-49eb-ae31-83163db05798
2017-12-05 15:43:05  [ pool-1-thread-1:226562 ] - [ ERROR ]  订单接单ID75690ac8-0459-408d-ba38-a3a1c81c7f7a
2017-12-05 15:43:05  [ pool-1-thread-1:226785 ] - [ ERROR ]  订单接单ID0ebfea9c-8668-4e24-b8c7-a9a2b434e182
2017-12-05 15:43:05  [ pool-1-thread-1:227016 ] - [ ERROR ]  订单接单ID116a5c37-d907-4a64-a639-bd625e9d14ee
2017-12-05 15:43:05  [ pool-1-thread-1:227264 ] - [ ERROR ]  订单接单IDdffeabf6-b158-4187-bf15-5fefe4ebcbdc
2017-12-05 15:43:06  [ pool-1-thread-1:227504 ] - [ ERROR ]  订单接单ID5dbca794-08f1-4aca-b658-b3bd0cec4b7a
2017-12-05 15:43:06  [ pool-1-thread-1:227804 ] - [ ERROR ]  订单接单ID3fe152df-caba-4dbb-9e18-424b7d6a8be5
2017-12-05 15:43:06  [ pool-1-thread-1:228106 ] - [ ERROR ]  订单接单IDe06c0324-7287-4de0-9f3a-7a64538b7e36
2017-12-05 15:43:07  [ pool-1-thread-1:228409 ] - [ ERROR ]  订单接单ID7f8b2992-7af4-4f2f-a3ca-4395e70b2f7f
2017-12-05 15:43:07  [ pool-1-thread-1:228706 ] - [ ERROR ]  订单接单IDe514a262-0a49-4986-a3bb-7c6e8e12f8cf
2017-12-05 15:43:07  [ pool-1-thread-1:229004 ] - [ ERROR ]  订单接单IDa3e6da12-3409-4e5d-8200-2ebc4a947970
2017-12-05 15:43:08  [ pool-1-thread-1:229306 ] - [ ERROR ]  订单接单ID3eee02f1-7d7f-4829-b2fc-3d5e2999b07e
2017-12-05 15:43:08  [ pool-1-thread-1:229604 ] - [ ERROR ]  订单接单IDac6892d8-5c7d-4256-827c-3bd3b666d684
2017-12-05 15:43:08  [ pool-1-thread-1:229912 ] - [ ERROR ]  订单接单ID7c260101-f14b-44ad-90f1-e7b9fe3ffda4
2017-12-05 15:43:08  [ pool-1-thread-1:230133 ] - [ ERROR ]  订单接单ID52304c85-7e8d-45e1-bae3-57bfdb38feca
2017-12-05 15:43:09  [ pool-1-thread-1:230356 ] - [ ERROR ]  订单接单ID68a1c7f8-aad4-4057-a005-63bbf497e34a
2017-12-05 15:43:09  [ pool-1-thread-1:230578 ] - [ ERROR ]  订单接单IDfe9f5254-4dc0-440b-b2f4-bb213bc050a7
2017-12-05 15:43:09  [ pool-1-thread-1:230838 ] - [ ERROR ]  订单接单IDf4aed25a-b26f-4a8f-a35e-4965d853868a
2017-12-05 15:43:09  [ pool-1-thread-1:231068 ] - [ ERROR ]  订单接单IDc2279786-f430-4cdb-87de-94ed4135743b
2017-12-05 15:43:10  [ pool-1-thread-1:231308 ] - [ ERROR ]  订单接单ID5860a863-3f20-402a-9e0e-cd02e806ac00
2017-12-05 15:43:10  [ pool-1-thread-1:231524 ] - [ ERROR ]  订单接单ID93006fd7-df73-434d-8376-968d8e47c7f0
2017-12-05 15:43:10  [ pool-1-thread-1:231765 ] - [ ERROR ]  订单接单ID8b304a94-fbcb-46bc-be05-b25ed0004b26
2017-12-05 15:43:10  [ pool-1-thread-1:231988 ] - [ ERROR ]  订单接单ID21017669-0b5a-49ef-b3e8-d72cb55a90d1
2017-12-05 15:43:10  [ pool-1-thread-1:232201 ] - [ ERROR ]  订单接单IDee41d658-cd9e-4f1b-a224-34d5d1b86aee
2017-12-05 15:43:11  [ pool-1-thread-1:232443 ] - [ ERROR ]  订单接单IDa3493dba-400f-4f23-96e0-051c937023eb
2017-12-05 15:43:11  [ pool-1-thread-1:232702 ] - [ ERROR ]  订单接单IDae799f28-c535-4acd-a8ad-6425655dcc0c
2017-12-05 15:43:11  [ pool-1-thread-1:233002 ] - [ ERROR ]  订单接单IDbff205bb-d30b-4d1a-a5cb-ce56bed68cb5
2017-12-05 15:43:11  [ pool-1-thread-1:233228 ] - [ ERROR ]  订单接单ID396cf1eb-d655-45b4-a0f1-aab37ca2e0c3
2017-12-05 15:43:12  [ pool-1-thread-1:233459 ] - [ ERROR ]  订单接单ID9747d02e-f078-42cb-ab80-a4f685fef88a
2017-12-05 15:43:12  [ pool-1-thread-1:233728 ] - [ ERROR ]  订单接单ID0a8657b5-d902-44fb-b66c-004fe6fefe0a
2017-12-05 15:43:12  [ pool-1-thread-1:233946 ] - [ ERROR ]  订单接单ID0712aefd-f1fd-4fcf-8df6-a31cde400925
2017-12-05 15:43:12  [ pool-1-thread-1:234159 ] - [ ERROR ]  订单接单ID4ebb84da-8174-4b35-9309-2801616ceb39
2017-12-05 15:43:13  [ pool-1-thread-1:234397 ] - [ ERROR ]  订单接单ID6fcfe4b9-be75-4938-ad7d-b5fcd0fc5ce7
2017-12-05 15:43:13  [ pool-1-thread-1:234634 ] - [ ERROR ]  订单接单ID1a5d8226-c0e0-465b-a0f6-10c17304b267
2017-12-05 15:43:13  [ pool-1-thread-1:234853 ] - [ ERROR ]  订单接单IDbb3d0dca-728a-4994-96d6-6e10d7b209a6
2017-12-05 15:43:13  [ pool-1-thread-1:235077 ] - [ ERROR ]  订单接单ID7a43b68b-8e93-4e17-baa1-ef62a4fa1e0f
2017-12-05 15:43:13  [ pool-1-thread-1:235298 ] - [ ERROR ]  订单接单ID7ef81566-2216-4adc-8e0e-18fe1ee869e4
2017-12-05 15:43:14  [ pool-1-thread-1:235518 ] - [ ERROR ]  订单接单ID8416736c-c2a4-4ea1-b9f3-037801a0b66e
2017-12-05 15:43:14  [ pool-1-thread-1:235727 ] - [ ERROR ]  订单接单IDf64c0d49-9874-490d-a006-24c690a99c1c
2017-12-05 15:43:14  [ pool-1-thread-1:235962 ] - [ ERROR ]  订单接单ID91752d58-cc4d-4b49-bfd0-c7695231ab57
2017-12-05 15:43:14  [ pool-1-thread-1:236191 ] - [ ERROR ]  订单接单IDd4b3ca70-0ef2-46f2-8de8-9ae4caf68844
2017-12-05 15:43:15  [ pool-1-thread-1:236411 ] - [ ERROR ]  订单接单ID3ac83030-87e7-41f9-92ae-692e04cf7b51
2017-12-05 15:43:15  [ pool-1-thread-1:236646 ] - [ ERROR ]  订单接单IDc68adfa5-5f5d-4b21-89b4-ecb9a3e1372d
2017-12-05 15:43:15  [ pool-1-thread-1:236858 ] - [ ERROR ]  订单接单IDa88a4edf-55c0-416a-a435-802705ee108a
2017-12-05 15:43:15  [ pool-1-thread-1:237073 ] - [ ERROR ]  订单接单ID3ddd46e4-cc03-46c4-a0bf-0f5a7f2c2607
2017-12-05 15:43:16  [ pool-1-thread-1:237306 ] - [ ERROR ]  订单接单IDb9158016-2a76-4006-8909-8487b2e66533
2017-12-05 15:43:16  [ pool-1-thread-1:237523 ] - [ ERROR ]  订单接单ID9f922230-311a-46bd-a3a8-28dfde525df9
2017-12-05 15:43:16  [ pool-1-thread-1:237808 ] - [ ERROR ]  订单接单ID3e66d03a-e7f1-4be3-b3db-b53946d1789b
2017-12-05 15:43:16  [ pool-1-thread-1:238032 ] - [ ERROR ]  订单接单ID5071ec82-f02d-40f4-9821-dca9deb35f40
2017-12-05 15:43:16  [ pool-1-thread-1:238256 ] - [ ERROR ]  订单接单IDf7dc7f76-9aa3-4e76-8d1a-bff73b18a217
2017-12-05 15:43:17  [ pool-1-thread-1:238481 ] - [ ERROR ]  订单接单ID376e1e22-839f-49a8-8f16-27e49622cf40
2017-12-05 15:43:17  [ pool-1-thread-1:238707 ] - [ ERROR ]  订单接单IDe553ec16-8205-4ab3-a30c-6370c57e386e
2017-12-05 15:43:17  [ pool-1-thread-1:238940 ] - [ ERROR ]  订单接单ID9001767e-18c7-49e4-be4b-4db7046e3a3c
2017-12-05 15:43:17  [ pool-1-thread-1:239184 ] - [ ERROR ]  订单接单ID9ac6f24e-ddd7-43db-b2a1-71ccb348a0d2
2017-12-05 15:43:18  [ pool-1-thread-1:239402 ] - [ ERROR ]  订单接单ID422a73bf-0731-49eb-90de-c570452c37bd
2017-12-05 15:43:18  [ pool-1-thread-1:239652 ] - [ ERROR ]  订单接单ID93e02c42-5a93-4de3-bd80-8c1489c853e8
2017-12-05 15:43:18  [ pool-1-thread-1:239956 ] - [ ERROR ]  订单接单IDa672ed65-529d-449d-848c-ee0655b3abd1
2017-12-05 15:43:18  [ pool-1-thread-1:240164 ] - [ ERROR ]  订单接单IDee7dc2b4-ba5c-4a77-bdc4-154cba553414
2017-12-05 15:43:19  [ pool-1-thread-1:240387 ] - [ ERROR ]  订单接单IDf0b8bb17-d84f-4bcd-8c9a-1f01487fcff2
2017-12-05 15:43:19  [ pool-1-thread-1:240599 ] - [ ERROR ]  订单接单ID4b562bbc-28b6-4e85-b1f2-2bc15b41b730
2017-12-05 15:43:19  [ pool-1-thread-1:240840 ] - [ ERROR ]  订单接单ID26b525c9-181d-454e-aebf-ab762d657ae4
2017-12-05 15:43:19  [ pool-1-thread-1:241064 ] - [ ERROR ]  订单接单IDad6e3551-ec32-4d77-b6bb-9a5f2ced67b8
2017-12-05 15:43:19  [ pool-1-thread-1:241289 ] - [ ERROR ]  订单接单ID55fc2f63-6c3a-47f8-b61c-dcc682ca1c0e
2017-12-05 15:43:20  [ pool-1-thread-1:241502 ] - [ ERROR ]  订单接单IDb6693e0e-07e2-4c3a-906c-c24e4a84ebc2
2017-12-05 15:43:20  [ pool-1-thread-1:241715 ] - [ ERROR ]  订单接单ID161da145-2563-4ec3-96dc-113210794125
2017-12-05 15:43:20  [ pool-1-thread-1:241936 ] - [ ERROR ]  订单接单IDab5acf85-3e50-4c9e-9838-ded2c3304f59
2017-12-05 15:43:20  [ pool-1-thread-1:242167 ] - [ ERROR ]  订单接单IDeb3f7dcf-53c9-4ea3-9344-e4f74bd2fe7e
2017-12-05 15:43:21  [ pool-1-thread-1:242405 ] - [ ERROR ]  订单接单IDd3a77a8d-18be-4f8d-82cd-5e43a14c8127
2017-12-05 15:43:21  [ pool-1-thread-1:242629 ] - [ ERROR ]  订单接单ID78d28d59-4977-45c3-82fc-ea74b27f81f0
2017-12-05 15:43:21  [ pool-1-thread-1:242836 ] - [ ERROR ]  订单接单ID56fce1fd-3d3a-4c18-87be-18d2719c3eb3
2017-12-05 15:43:21  [ pool-1-thread-1:243064 ] - [ ERROR ]  订单接单IDab241133-24dd-4f9a-b6b4-6ae79dad30ac
2017-12-05 15:43:21  [ pool-1-thread-1:243290 ] - [ ERROR ]  订单接单ID5fb12ce2-3d1f-4a32-ba51-3f7f66363b99
2017-12-05 15:43:22  [ pool-1-thread-1:243503 ] - [ ERROR ]  订单接单ID0d38ca6a-bb4f-4b15-a48a-929587d05ec9
2017-12-05 15:43:22  [ pool-1-thread-1:243738 ] - [ ERROR ]  订单接单IDbb4d9354-0a23-4fb4-a1e2-3cf2cfcef26e
2017-12-05 15:43:22  [ pool-1-thread-1:243969 ] - [ ERROR ]  订单接单ID4a324277-e712-4117-9c50-b558a97b4a03
2017-12-05 15:43:22  [ pool-1-thread-1:244226 ] - [ ERROR ]  订单接单ID684a10f2-9d55-49f6-bf6e-a350856ede54
2017-12-05 15:43:23  [ pool-1-thread-1:244459 ] - [ ERROR ]  订单接单IDf3bf0e5f-df7b-4b8c-8b34-5ec400d4011a
2017-12-05 15:43:23  [ pool-1-thread-1:244673 ] - [ ERROR ]  订单接单ID03f0bee5-73ce-4e27-8e12-74964c553ace
2017-12-05 15:43:23  [ pool-1-thread-1:244912 ] - [ ERROR ]  订单接单IDe80ae471-4f74-4a66-8d0f-df9b4a69647c
2017-12-05 15:43:23  [ pool-1-thread-1:245125 ] - [ ERROR ]  订单接单ID494ba3dd-0993-4f43-af16-2ed57955ae2b
2017-12-05 15:43:24  [ pool-1-thread-1:245335 ] - [ ERROR ]  订单接单IDa79ecf09-c5a2-48da-bc13-ebca581d211f
2017-12-05 15:43:24  [ pool-1-thread-1:245550 ] - [ ERROR ]  订单接单IDfc9fb1d8-7947-4bc7-bcf4-88b963c5a724
2017-12-05 15:43:24  [ pool-1-thread-1:245774 ] - [ ERROR ]  订单接单ID75c9f388-cc29-4ab5-b0f2-b131da23e13f
2017-12-05 15:43:24  [ pool-1-thread-1:246002 ] - [ ERROR ]  订单接单IDe547e42a-4bfa-4bcc-aec8-b5594441bf95
2017-12-05 15:43:24  [ pool-1-thread-1:246207 ] - [ ERROR ]  订单接单IDb17321f1-dc1d-4dff-9bb1-4f01f97dd363
2017-12-05 15:43:25  [ pool-1-thread-1:246417 ] - [ ERROR ]  订单接单ID5b74ad86-b837-43c4-ba67-f123363fa93b
2017-12-05 15:43:25  [ pool-1-thread-1:246649 ] - [ ERROR ]  订单接单ID003793d3-9e78-4797-809b-2f34efabb324
2017-12-05 15:43:25  [ pool-1-thread-1:246866 ] - [ ERROR ]  订单接单ID38e4850a-38d9-4d53-9b04-70dbf528b2c6
2017-12-05 15:43:25  [ pool-1-thread-1:247076 ] - [ ERROR ]  订单接单ID4fa0449e-35b2-47e7-8723-05a1cfd9eb43
2017-12-05 15:43:25  [ pool-1-thread-1:247293 ] - [ ERROR ]  订单接单IDe4f7c506-f8fe-4c89-a56c-68a69213c8b8
2017-12-05 15:43:26  [ pool-1-thread-1:247504 ] - [ ERROR ]  订单接单ID12d40b49-b918-4828-9196-1b5c6c2bc36e
2017-12-05 15:43:26  [ pool-1-thread-1:247717 ] - [ ERROR ]  订单接单IDc1509d86-18e9-4537-bc9b-49f0e8dd9998
2017-12-05 15:43:26  [ pool-1-thread-1:247913 ] - [ ERROR ]  订单接单IDf7681989-da65-47d7-a5a0-ea0cecfd9846
2017-12-05 15:43:26  [ pool-1-thread-1:247914 ] - [ ERROR ]  订单接单完成！496
2017-12-05 15:45:45  [ 9104649@qtp-7910931-0:35600 ] - [ ERROR ]  account is null
2017-12-05 15:45:50  [ 9104649@qtp-7910931-0:40935 ] - [ ERROR ]  account dao impl logger!
2017-12-05 15:45:50  [ 9104649@qtp-7910931-0:40992 ] - [ ERROR ]  SELECT T.*
		FROM t_xinyu_account T where 1=1
2017-12-05 15:45:57  [ 13868651@qtp-7910931-7:47040 ] - [ ERROR ]  account is not null;
2017-12-05 15:45:57  [ 13868651@qtp-7910931-7:47041 ] - [ ERROR ]  account is null
2017-12-05 15:46:39  [ 13868651@qtp-7910931-7:89330 ] - [ ERROR ]  查询表表时长:41832
2017-12-05 15:47:33  [ 13868651@qtp-7910931-7:143628 ] - [ ERROR ]  统计总数时长:54297
2017-12-05 15:47:56  [ 13868651@qtp-7910931-7:166547 ] - [ ERROR ]  构建列表时长:22919
2017-12-05 15:53:49  [ 13868651@qtp-7910931-7:519172 ] - [ ERROR ]  菜鸟订单缓存数据:3346729605179||{orderInfo=7798a37f-2700-45ee-9b30-cab074e664ed||4820.0||idzc83817342, zpIndex=0, zcIndex=0, orderDate=2017-12-05, totalWeight=4820.0, state=, user=idzc83817342}
2017-12-05 15:53:49  [ 13868651@qtp-7910931-7:519243 ] - [ ERROR ]  菜鸟缓存写入:3346729605179|{orderInfo=7798a37f-2700-45ee-9b30-cab074e664ed||4820.0||idzc83817342, zpIndex=0, zcIndex=0, orderDate=2017-12-05, totalWeight=4820.0, state=, user=idzc83817342}
2017-12-05 16:03:04  [ 13945260@qtp-14351713-0:7885 ] - [ ERROR ]  account is null
2017-12-05 16:03:13  [ 13945260@qtp-14351713-0:16409 ] - [ ERROR ]  account dao impl logger!
2017-12-05 16:03:13  [ 13945260@qtp-14351713-0:16471 ] - [ ERROR ]  SELECT T.*
		FROM t_xinyu_account T where 1=1
2017-12-05 16:03:16  [ 27522687@qtp-14351713-5:19748 ] - [ ERROR ]  account is not null;
2017-12-05 16:03:16  [ 27522687@qtp-14351713-5:19750 ] - [ ERROR ]  account is null
2017-12-05 16:03:43  [ 27522687@qtp-14351713-5:47052 ] - [ ERROR ]  查询表表时长:26909
2017-12-05 16:03:48  [ 27522687@qtp-14351713-5:51626 ] - [ ERROR ]  统计总数时长:4574
2017-12-05 16:04:47  [ 30230072@qtp-14196628-0:11413 ] - [ ERROR ]  account is null
2017-12-05 16:04:52  [ 30230072@qtp-14196628-0:16476 ] - [ ERROR ]  account dao impl logger!
2017-12-05 16:04:52  [ 30230072@qtp-14196628-0:16623 ] - [ ERROR ]  SELECT T.*
		FROM t_xinyu_account T where 1=1
2017-12-05 16:05:35  [ 30230072@qtp-14196628-0:59728 ] - [ ERROR ]  查询表表时长:38935
2017-12-05 16:06:54  [ 30230072@qtp-14196628-0:139116 ] - [ ERROR ]  统计总数时长:79387
2017-12-05 16:07:18  [ 30230072@qtp-14196628-0:162860 ] - [ ERROR ]  构建列表时长:23743
2017-12-05 16:16:40  [ 25796296@qtp-28139308-0:7802 ] - [ ERROR ]  account is null
2017-12-05 16:16:53  [ 4173780@qtp-28139308-2:21168 ] - [ ERROR ]  account dao impl logger!
2017-12-05 16:16:53  [ 4173780@qtp-28139308-2:21262 ] - [ ERROR ]  SELECT T.*
		FROM t_xinyu_account T where 1=1
2017-12-05 16:18:02  [ 4173780@qtp-28139308-2:90085 ] - [ ERROR ]  查询表表时长:62670
2017-12-05 16:18:05  [ 4173780@qtp-28139308-2:93621 ] - [ ERROR ]  统计总数时长:3535
2017-12-05 16:25:27  [ 25066877@qtp-17003285-0:7749 ] - [ ERROR ]  account is null
2017-12-05 16:25:32  [ 25066877@qtp-17003285-0:13381 ] - [ ERROR ]  account dao impl logger!
2017-12-05 16:25:32  [ 25066877@qtp-17003285-0:13436 ] - [ ERROR ]  SELECT T.*
		FROM t_xinyu_account T where 1=1
2017-12-05 16:26:18  [ 25066877@qtp-17003285-0:58841 ] - [ ERROR ]  查询表表时长:36361
2017-12-05 16:26:48  [ 25066877@qtp-17003285-0:88606 ] - [ ERROR ]  统计总数时长:29764
2017-12-05 16:33:17  [ 14351713@qtp-23116578-0:18287 ] - [ ERROR ]  account is null
2017-12-05 16:33:24  [ 14351713@qtp-23116578-0:25092 ] - [ ERROR ]  account dao impl logger!
2017-12-05 16:33:24  [ 14351713@qtp-23116578-0:25147 ] - [ ERROR ]  SELECT T.*
		FROM t_xinyu_account T where 1=1
2017-12-05 16:33:51  [ 14351713@qtp-23116578-0:52270 ] - [ ERROR ]  查询表表时长:20311
2017-12-05 16:33:54  [ 14351713@qtp-23116578-0:55332 ] - [ ERROR ]  统计总数时长:3062
2017-12-05 16:36:12  [ 18104861@qtp-13945260-0:5723 ] - [ ERROR ]  account is null
2017-12-05 16:36:18  [ 18104861@qtp-13945260-0:11322 ] - [ ERROR ]  account dao impl logger!
2017-12-05 16:36:18  [ 18104861@qtp-13945260-0:11368 ] - [ ERROR ]  SELECT T.*
		FROM t_xinyu_account T where 1=1
2017-12-05 16:41:42  [ 19317333@qtp-25796296-0:25606 ] - [ ERROR ]  account is null
2017-12-05 16:41:47  [ 19317333@qtp-25796296-0:30826 ] - [ ERROR ]  account dao impl logger!
2017-12-05 16:41:47  [ 19317333@qtp-25796296-0:30884 ] - [ ERROR ]  SELECT T.*
		FROM t_xinyu_account T where 1=1
2017-12-05 16:44:13  [ 21837703@qtp-878197-0:60551 ] - [ ERROR ]  account is null
2017-12-05 16:44:18  [ 21837703@qtp-878197-0:65518 ] - [ ERROR ]  account dao impl logger!
2017-12-05 16:44:18  [ 21837703@qtp-878197-0:65574 ] - [ ERROR ]  SELECT T.*
		FROM t_xinyu_account T where 1=1
2017-12-05 16:44:37  [ 21837703@qtp-878197-0:84644 ] - [ ERROR ]  查询表表时长:13908
2017-12-05 16:44:41  [ 21837703@qtp-878197-0:88984 ] - [ ERROR ]  统计总数时长:4340
2017-12-05 16:44:50  [ 21837703@qtp-878197-0:97492 ] - [ ERROR ]  构建列表时长:8508
2017-12-05 16:49:10  [ 25066468@qtp-26309521-0:203560 ] - [ ERROR ]  account is null
2017-12-05 16:49:15  [ 25066468@qtp-26309521-0:208897 ] - [ ERROR ]  account dao impl logger!
2017-12-05 16:49:15  [ 25066468@qtp-26309521-0:208961 ] - [ ERROR ]  SELECT T.*
		FROM t_xinyu_account T where 1=1
2017-12-05 16:49:36  [ 25066468@qtp-26309521-0:229418 ] - [ ERROR ]  查询表表时长:16236
2017-12-05 16:49:40  [ 25066468@qtp-26309521-0:234200 ] - [ ERROR ]  统计总数时长:4782
2017-12-05 16:50:04  [ 25066468@qtp-26309521-0:258038 ] - [ ERROR ]  构建列表时长:23837
2017-12-05 17:00:35  [ 30727992@qtp-21837703-0:162185 ] - [ ERROR ]  account is null
2017-12-05 17:00:42  [ 30727992@qtp-21837703-0:169039 ] - [ ERROR ]  account dao impl logger!
2017-12-05 17:00:42  [ 30727992@qtp-21837703-0:169091 ] - [ ERROR ]  SELECT T.*
		FROM t_xinyu_account T where 1=1
2017-12-05 19:27:29  [ 22943050@qtp-16271810-0:11741 ] - [ ERROR ]  account is null
2017-12-05 19:27:35  [ 22943050@qtp-16271810-0:17103 ] - [ ERROR ]  account dao impl logger!
2017-12-05 19:27:35  [ 22943050@qtp-16271810-0:17163 ] - [ ERROR ]  SELECT T.*
		FROM t_xinyu_account T where 1=1
2017-12-05 19:28:00  [ pool-1-thread-1:42010 ] - [ ERROR ]  订单接单
2017-12-05 19:28:00  [ pool-1-thread-1:42407 ] - [ ERROR ]  订单接单完成！0
2017-12-05 19:28:05  [ 22943050@qtp-16271810-0:47664 ] - [ ERROR ]  查询表表时长:26669
2017-12-05 19:28:10  [ 22943050@qtp-16271810-0:52122 ] - [ ERROR ]  统计总数时长:4458
2017-12-05 19:28:10  [ 22943050@qtp-16271810-0:52264 ] - [ ERROR ]  构建列表时长:141
2017-12-05 19:29:24  [ 22415497@qtp-22109677-0:10926 ] - [ ERROR ]  account is null
2017-12-05 19:29:30  [ 22014714@qtp-22109677-2:16567 ] - [ ERROR ]  account dao impl logger!
2017-12-05 19:29:30  [ 22014714@qtp-22109677-2:16622 ] - [ ERROR ]  SELECT T.*
		FROM t_xinyu_account T where 1=1
2017-12-05 19:29:39  [ 22014714@qtp-22109677-2:25903 ] - [ ERROR ]  查询表表时长:6839
2017-12-05 19:29:44  [ 22014714@qtp-22109677-2:30383 ] - [ ERROR ]  统计总数时长:4480
2017-12-05 19:29:44  [ 22014714@qtp-22109677-2:30530 ] - [ ERROR ]  构建列表时长:146
2017-12-05 19:30:00  [ pool-1-thread-1:46554 ] - [ ERROR ]  拒单操作开始!
2017-12-05 19:31:28  [ 13945260@qtp-14351713-0:7810 ] - [ ERROR ]  account is null
2017-12-05 19:31:33  [ 1098533@qtp-14351713-2:13222 ] - [ ERROR ]  account dao impl logger!
2017-12-05 19:31:33  [ 1098533@qtp-14351713-2:13280 ] - [ ERROR ]  SELECT T.*
		FROM t_xinyu_account T where 1=1
2017-12-05 19:31:43  [ 1098533@qtp-14351713-2:22583 ] - [ ERROR ]  查询表表时长:6774
2017-12-05 19:31:47  [ 1098533@qtp-14351713-2:26910 ] - [ ERROR ]  统计总数时长:4327
2017-12-05 19:31:47  [ 1098533@qtp-14351713-2:27053 ] - [ ERROR ]  构建列表时长:142
