2017-11-01 13:34:17  [ 7910931@qtp-29472630-0:45229 ] - [ ERROR ]  account dao impl logger!
2017-11-01 13:34:17  [ 7910931@qtp-29472630-0:45308 ] - [ ERROR ]  SELECT T.*
		FROM t_xinyu_account T where 1=1
2017-11-01 13:36:00  [ pool-1-thread-1:148044 ] - [ ERROR ]  订单接单
2017-11-01 13:36:02  [ pool-1-thread-1:151017 ] - [ ERROR ]  订单接单ID0bae2cd5-6ef3-4b42-b266-92a4dfd62baf
2017-11-01 13:36:03  [ pool-1-thread-1:151063 ] - [ ERROR ]  不存在的订单！ORDER_ACCEPTe7c2455c-5f81-48e1-a4d8-075f7a382ead
2017-11-01 13:36:03  [ pool-1-thread-1:151113 ] - [ ERROR ]  不存在的订单！ORDER_ACCEPTbaf7fc72-db7c-4f49-8207-f887153eeb41
2017-11-01 13:36:03  [ pool-1-thread-1:151164 ] - [ ERROR ]  不存在的订单！ORDER_ACCEPT834e251d-22ce-4c13-bcbc-d81d1600faf5
2017-11-01 13:36:03  [ pool-1-thread-1:151216 ] - [ ERROR ]  不存在的订单！ORDER_ACCEPT8c93b33f-a949-436f-bece-12ebf18e2bdc
2017-11-01 13:36:03  [ pool-1-thread-1:151267 ] - [ ERROR ]  不存在的订单！ORDER_ACCEPT9bde017b-d531-4cce-a4b7-31cdb5448896
2017-11-01 13:36:03  [ pool-1-thread-1:151448 ] - [ ERROR ]  订单接单ID757688a8-50b4-456e-aead-a76117c0f87e
2017-11-01 13:36:03  [ pool-1-thread-1:151630 ] - [ ERROR ]  订单接单IDf0a3db7e-ff85-4322-873c-66d5e18d4248
2017-11-01 13:36:03  [ pool-1-thread-1:151674 ] - [ ERROR ]  不存在的订单！ORDER_ACCEPT64cc01cf-c55b-4e36-b661-131f3908433c
2017-11-01 13:36:03  [ pool-1-thread-1:151894 ] - [ ERROR ]  订单接单ID1c287ed0-0d39-471a-8db2-16ea55b80f4a
2017-11-01 13:36:04  [ pool-1-thread-1:152079 ] - [ ERROR ]  订单接单ID2c249205-481f-4d82-8685-ae49e540a0c4
2017-11-01 13:36:04  [ pool-1-thread-1:152271 ] - [ ERROR ]  订单接单ID891aab3b-155f-4975-9c41-3833ed6fcb93
2017-11-01 13:36:04  [ pool-1-thread-1:152441 ] - [ ERROR ]  订单接单IDb37abbcf-6588-4081-a793-add63355fd8b
2017-11-01 13:36:04  [ pool-1-thread-1:152621 ] - [ ERROR ]  订单接单IDecc6b784-ea21-402a-8121-65a092fa92d2
2017-11-01 13:36:04  [ pool-1-thread-1:152821 ] - [ ERROR ]  订单接单IDbaa26b9a-40e5-4f7b-b6aa-a4bec63d655b
2017-11-01 13:36:04  [ pool-1-thread-1:152866 ] - [ ERROR ]  不存在的订单！ORDER_ACCEPTcf49c532-50d7-4d0c-9872-836ab80d46b3
2017-11-01 13:36:05  [ pool-1-thread-1:153057 ] - [ ERROR ]  订单接单ID59fe57f8-ae09-4ceb-8555-4c578a64e1e2
2017-11-01 13:36:05  [ pool-1-thread-1:153245 ] - [ ERROR ]  订单接单IDd49e23b4-66a6-49ed-a880-5cf5a53ed576
2017-11-01 13:36:05  [ pool-1-thread-1:153425 ] - [ ERROR ]  订单接单IDc11a480c-8b31-402f-8e0c-652c9c2831e2
2017-11-01 13:36:05  [ pool-1-thread-1:153603 ] - [ ERROR ]  订单接单ID270b61eb-9483-400f-a12d-49f5bfb8c80f
2017-11-01 13:36:05  [ pool-1-thread-1:153851 ] - [ ERROR ]  订单接单IDf9a541bd-1592-484d-b17c-efd8bae5b97c
2017-11-01 13:36:05  [ pool-1-thread-1:153896 ] - [ ERROR ]  不存在的订单！ORDER_ACCEPT2b9a6aea-ea39-4c8b-8b18-975758bd697d
2017-11-01 13:36:06  [ pool-1-thread-1:154080 ] - [ ERROR ]  订单接单IDab37fb99-8e20-4dbd-a861-2dbd455be48b
2017-11-01 13:36:06  [ pool-1-thread-1:154268 ] - [ ERROR ]  订单接单ID9847822b-bb9c-41b3-9110-22e47d9132e3
2017-11-01 13:36:06  [ pool-1-thread-1:154502 ] - [ ERROR ]  订单接单ID0d365723-b271-4e57-b9c0-1e7ee5b2c51a
2017-11-01 13:36:06  [ pool-1-thread-1:154547 ] - [ ERROR ]  不存在的订单！ORDER_ACCEPT6410857a-1c37-4b8d-8a03-cff4f74e7be5
2017-11-01 13:36:06  [ pool-1-thread-1:154725 ] - [ ERROR ]  订单接单IDa1606619-ba3d-4aa3-98b3-a3c7efa49079
2017-11-01 13:36:06  [ pool-1-thread-1:154911 ] - [ ERROR ]  订单接单ID957e1b9d-45d0-4628-9b4b-b0e16cc474b6
2017-11-01 13:36:07  [ pool-1-thread-1:155102 ] - [ ERROR ]  订单接单IDe074eefc-d5aa-4275-8a8f-33afa6ae261c
2017-11-01 13:36:07  [ pool-1-thread-1:155301 ] - [ ERROR ]  订单接单ID61d17532-c4d6-4b3c-8282-bfe2dd421dac
2017-11-01 13:36:07  [ pool-1-thread-1:155469 ] - [ ERROR ]  订单接单ID05f02737-12f8-44b3-befc-7e3f8f3f98a4
2017-11-01 13:36:07  [ pool-1-thread-1:155689 ] - [ ERROR ]  订单接单IDa2687b8c-e77a-4220-a4d9-da72e8555e3e
2017-11-01 13:36:07  [ pool-1-thread-1:155869 ] - [ ERROR ]  订单接单ID6ee4dd4e-f9f2-4e9f-a275-a8bb20c0c2e2
2017-11-01 13:36:08  [ pool-1-thread-1:156063 ] - [ ERROR ]  订单接单ID00001196-95a1-4bda-a159-454a69b7bda3
2017-11-01 13:36:08  [ pool-1-thread-1:156256 ] - [ ERROR ]  订单接单IDb1adacf7-38a7-45ef-8a62-f18b64a36e48
2017-11-01 13:36:08  [ pool-1-thread-1:156424 ] - [ ERROR ]  订单接单ID0ba9d0c3-359d-4b3d-bc93-7bc9e6ded398
2017-11-01 13:36:08  [ pool-1-thread-1:156606 ] - [ ERROR ]  订单接单ID56144175-cb16-4ec3-959a-a7a6f1df0be3
2017-11-01 13:36:08  [ pool-1-thread-1:156795 ] - [ ERROR ]  订单接单IDc3dd693e-0ae9-4544-afe3-ee1df548bd58
2017-11-01 13:36:08  [ pool-1-thread-1:156986 ] - [ ERROR ]  订单接单IDd3093271-ba55-491d-831f-d902c8a5e4c9
2017-11-01 13:36:08  [ pool-1-thread-1:157032 ] - [ ERROR ]  不存在的订单！ORDER_ACCEPT98177ff5-7a0e-4c24-b2e7-ac1eff140ea0
2017-11-01 13:36:09  [ pool-1-thread-1:157231 ] - [ ERROR ]  订单接单ID9ce0c65c-c489-472f-bd3f-7193b93599f6
2017-11-01 13:36:09  [ pool-1-thread-1:157423 ] - [ ERROR ]  订单接单ID1ec9fc39-447a-4cd6-ac12-ebe8e678058a
2017-11-01 13:36:09  [ pool-1-thread-1:157618 ] - [ ERROR ]  订单接单IDd1d49303-e671-458d-8ecf-47fe9d4c1886
2017-11-01 13:36:09  [ pool-1-thread-1:157821 ] - [ ERROR ]  订单接单ID1c2f971e-4577-4d81-82ce-03e77f9a78b5
2017-11-01 13:36:09  [ pool-1-thread-1:158009 ] - [ ERROR ]  订单接单ID7954671a-aa92-4f30-b35c-d67c9f138746
2017-11-01 13:36:10  [ pool-1-thread-1:158203 ] - [ ERROR ]  订单接单IDc9ea038f-23da-4389-9579-db6fc530c692
2017-11-01 13:36:10  [ pool-1-thread-1:158380 ] - [ ERROR ]  订单接单IDb75bb17c-b516-4f0e-8216-b68154100556
2017-11-01 13:36:10  [ pool-1-thread-1:158584 ] - [ ERROR ]  订单接单ID04c48e52-6368-4740-a62e-31e1ff7d1f0f
2017-11-01 13:36:10  [ pool-1-thread-1:158631 ] - [ ERROR ]  不存在的订单！ORDER_ACCEPTa0d24beb-4a23-415e-b02e-49dc062fd0b7
2017-11-01 13:36:10  [ pool-1-thread-1:158838 ] - [ ERROR ]  订单接单ID3e6c25e3-b29a-4d87-a8dc-51c39a899c93
2017-11-01 13:36:10  [ pool-1-thread-1:159030 ] - [ ERROR ]  订单接单ID083b032a-823d-487f-8d06-62176a3a2aca
2017-11-01 13:36:11  [ pool-1-thread-1:159212 ] - [ ERROR ]  订单接单IDd1db6667-d840-4ba5-a87a-49ecc027bb50
2017-11-01 13:36:11  [ pool-1-thread-1:159395 ] - [ ERROR ]  订单接单ID0f07d0ce-1be1-4a76-b1d6-bd986cbb6e3e
2017-11-01 13:36:11  [ pool-1-thread-1:159443 ] - [ ERROR ]  不存在的订单！ORDER_ACCEPT2d0cb067-bc53-4c5e-b591-57098f8999c3
2017-11-01 13:36:11  [ pool-1-thread-1:159663 ] - [ ERROR ]  订单接单IDa41a7f17-e6dc-45b9-ba2f-5b8308778052
2017-11-01 13:36:11  [ pool-1-thread-1:159842 ] - [ ERROR ]  订单接单ID1e30cd12-e1c5-4970-a989-7360b43e8953
2017-11-01 13:36:11  [ pool-1-thread-1:159886 ] - [ ERROR ]  不存在的订单！ORDER_ACCEPT505a3cb4-58e8-4463-9615-e325aefc04fc
2017-11-01 13:36:12  [ pool-1-thread-1:160076 ] - [ ERROR ]  订单接单IDad78b53b-c358-4b1c-a17a-2f93c3884e7b
2017-11-01 13:36:12  [ pool-1-thread-1:160275 ] - [ ERROR ]  订单接单ID3d99abae-8b96-4e45-b75c-de99521b7652
2017-11-01 13:36:12  [ pool-1-thread-1:160466 ] - [ ERROR ]  订单接单IDef07e118-0240-4a2c-b31e-5ff524cc6604
2017-11-01 13:36:12  [ pool-1-thread-1:160651 ] - [ ERROR ]  订单接单ID5ab0b818-f657-460e-809b-859d4add07d6
2017-11-01 13:36:12  [ pool-1-thread-1:160697 ] - [ ERROR ]  不存在的订单！ORDER_ACCEPT8d9c3ce2-cad7-4036-bf34-86e48e4dd93f
2017-11-01 13:36:12  [ pool-1-thread-1:160906 ] - [ ERROR ]  订单接单ID43755782-d5e5-41a1-8b7a-5340c63d137f
2017-11-01 13:36:13  [ pool-1-thread-1:161112 ] - [ ERROR ]  订单接单IDf3409c19-b976-4f3f-8b4b-9261ee5e0e76
2017-11-01 13:36:13  [ pool-1-thread-1:161317 ] - [ ERROR ]  订单接单ID0b555c61-7bc3-4cd4-9911-1f6e24548fb6
2017-11-01 13:36:13  [ pool-1-thread-1:161504 ] - [ ERROR ]  订单接单IDd1381df8-0515-4712-b2e7-9d4047093601
2017-11-01 13:36:13  [ pool-1-thread-1:161718 ] - [ ERROR ]  订单接单IDc38261b9-d053-4822-a893-4e3d977f2067
2017-11-01 13:36:13  [ pool-1-thread-1:161764 ] - [ ERROR ]  不存在的订单！ORDER_ACCEPT9b1a7aa8-ce36-40e4-b548-4ca4a9eb721e
2017-11-01 13:36:13  [ pool-1-thread-1:161979 ] - [ ERROR ]  订单接单ID5ccb253c-4d25-4057-89ca-313208fa4704
2017-11-01 13:36:14  [ pool-1-thread-1:162152 ] - [ ERROR ]  订单接单ID9770f82b-721f-440f-9b2c-3b69df507fcf
2017-11-01 13:36:14  [ pool-1-thread-1:162329 ] - [ ERROR ]  订单接单IDabace487-d420-4b80-a4d3-d3f0a0bb590c
2017-11-01 13:36:14  [ pool-1-thread-1:162531 ] - [ ERROR ]  订单接单IDace3fd03-037c-451a-aa01-c6356422979a
2017-11-01 13:36:14  [ pool-1-thread-1:162732 ] - [ ERROR ]  订单接单IDf1d710c8-644c-4499-bbad-ae799c152d53
2017-11-01 13:36:14  [ pool-1-thread-1:162732 ] - [ ERROR ]  订单接单完成！73
2017-11-01 13:36:17  [ 6852475@qtp-29472630-3:165847 ] - [ ERROR ]  菜鸟订单缓存数据:3342656005245||{orderInfo=17d0261e-3d0a-4aa8-83e8-9ffa6c2fe8b7||1700.0||idzc16473350940, zpIndex=0, zcIndex=1, orderDate=2017-11-01, 6931526709792=112bb5a5-e39a-4b33-9dc2-5c60d3c23843||1||ZC, totalWeight=1700.0, state=, user=idzc16473350940}
2017-11-01 13:36:17  [ 6852475@qtp-29472630-3:165861 ] - [ ERROR ]  菜鸟缓存写入:3342656005245|{orderInfo=17d0261e-3d0a-4aa8-83e8-9ffa6c2fe8b7||1700.0||idzc16473350940, zpIndex=0, zcIndex=1, orderDate=2017-11-01, 6931526709792=112bb5a5-e39a-4b33-9dc2-5c60d3c23843||1||ZC, totalWeight=1700.0, state=, user=idzc16473350940}
