2017-10-10 20:02:00  [ pool-1-thread-1:19096 ] - [ ERROR ]  订单商品推送信息写缓存
2017-10-10 20:02:00  [ pool-1-thread-1:19963 ] - [ ERROR ]  GROUP1
2017-10-10 20:02:00  [ pool-1-thread-1:20026 ] - [ ERROR ]  GROUP2
2017-10-10 20:02:05  [ pool-1-thread-1:25042 ] - [ ERROR ]  httpPost URL [http://admin.wlpost.com/mobile/initOrderItemByGroup] error, 
java.lang.IllegalArgumentException: Source string may not be null
	at org.apache.http.util.Args.notNull(Args.java:54)
	at org.apache.http.entity.StringEntity.<init>(StringEntity.java:67)
	at org.apache.http.entity.StringEntity.<init>(StringEntity.java:118)
	at com.xinyu.service.util.HttpClientUtils.httpPost(HttpClientUtils.java:87)
	at com.xinyu.controller.task.RedisTask.initOrderItemInfo(RedisTask.java:242)
	at sun.reflect.NativeMethodAccessorImpl.invoke0(Native Method)
	at sun.reflect.NativeMethodAccessorImpl.invoke(NativeMethodAccessorImpl.java:57)
	at sun.reflect.DelegatingMethodAccessorImpl.invoke(DelegatingMethodAccessorImpl.java:43)
	at java.lang.reflect.Method.invoke(Method.java:601)
	at org.springframework.scheduling.support.ScheduledMethodRunnable.run(ScheduledMethodRunnable.java:64)
	at org.springframework.scheduling.support.DelegatingErrorHandlingRunnable.run(DelegatingErrorHandlingRunnable.java:53)
	at org.springframework.scheduling.concurrent.ReschedulingRunnable.run(ReschedulingRunnable.java:81)
	at java.util.concurrent.Executors$RunnableAdapter.call(Executors.java:471)
	at java.util.concurrent.FutureTask$Sync.innerRun(FutureTask.java:334)
	at java.util.concurrent.FutureTask.run(FutureTask.java:166)
	at java.util.concurrent.ScheduledThreadPoolExecutor$ScheduledFutureTask.access$201(ScheduledThreadPoolExecutor.java:178)
	at java.util.concurrent.ScheduledThreadPoolExecutor$ScheduledFutureTask.run(ScheduledThreadPoolExecutor.java:292)
	at java.util.concurrent.ThreadPoolExecutor.runWorker(ThreadPoolExecutor.java:1145)
	at java.util.concurrent.ThreadPoolExecutor$Worker.run(ThreadPoolExecutor.java:615)
	at java.lang.Thread.run(Thread.java:722)
2017-10-10 20:02:06  [ pool-1-thread-1:25378 ] - [ ERROR ]  订单商品推送信息写缓存结束
2017-10-10 20:03:00  [ pool-1-thread-1:79089 ] - [ ERROR ]  订单商品推送信息写缓存
2017-10-10 20:03:00  [ pool-1-thread-1:79135 ] - [ ERROR ]  GROUP1
2017-10-10 20:03:00  [ pool-1-thread-1:79186 ] - [ ERROR ]  GROUP2
2017-10-10 20:03:05  [ pool-1-thread-1:84091 ] - [ ERROR ]  httpPost URL [http://admin.wlpost.com/mobile/initOrderItemByGroup] error, 
java.lang.IllegalArgumentException: Source string may not be null
	at org.apache.http.util.Args.notNull(Args.java:54)
	at org.apache.http.entity.StringEntity.<init>(StringEntity.java:67)
	at org.apache.http.entity.StringEntity.<init>(StringEntity.java:118)
	at com.xinyu.service.util.HttpClientUtils.httpPost(HttpClientUtils.java:87)
	at com.xinyu.controller.task.RedisTask.initOrderItemInfo(RedisTask.java:242)
	at sun.reflect.NativeMethodAccessorImpl.invoke0(Native Method)
	at sun.reflect.NativeMethodAccessorImpl.invoke(NativeMethodAccessorImpl.java:57)
	at sun.reflect.DelegatingMethodAccessorImpl.invoke(DelegatingMethodAccessorImpl.java:43)
	at java.lang.reflect.Method.invoke(Method.java:601)
	at org.springframework.scheduling.support.ScheduledMethodRunnable.run(ScheduledMethodRunnable.java:64)
	at org.springframework.scheduling.support.DelegatingErrorHandlingRunnable.run(DelegatingErrorHandlingRunnable.java:53)
	at org.springframework.scheduling.concurrent.ReschedulingRunnable.run(ReschedulingRunnable.java:81)
	at java.util.concurrent.Executors$RunnableAdapter.call(Executors.java:471)
	at java.util.concurrent.FutureTask$Sync.innerRun(FutureTask.java:334)
	at java.util.concurrent.FutureTask.run(FutureTask.java:166)
	at java.util.concurrent.ScheduledThreadPoolExecutor$ScheduledFutureTask.access$201(ScheduledThreadPoolExecutor.java:178)
	at java.util.concurrent.ScheduledThreadPoolExecutor$ScheduledFutureTask.run(ScheduledThreadPoolExecutor.java:292)
	at java.util.concurrent.ThreadPoolExecutor.runWorker(ThreadPoolExecutor.java:1145)
	at java.util.concurrent.ThreadPoolExecutor$Worker.run(ThreadPoolExecutor.java:615)
	at java.lang.Thread.run(Thread.java:722)
2017-10-10 20:03:05  [ pool-1-thread-1:84105 ] - [ ERROR ]  订单商品推送信息写缓存结束
2017-10-10 20:04:00  [ pool-1-thread-1:139089 ] - [ ERROR ]  订单商品推送信息写缓存
2017-10-10 20:04:00  [ pool-1-thread-1:139137 ] - [ ERROR ]  GROUP1
2017-10-10 20:04:00  [ pool-1-thread-1:139186 ] - [ ERROR ]  GROUP2
2017-10-10 20:04:05  [ pool-1-thread-1:144169 ] - [ ERROR ]  httpPost URL [http://admin.wlpost.com/mobile/initOrderItemByGroup] error, 
java.lang.IllegalArgumentException: Source string may not be null
	at org.apache.http.util.Args.notNull(Args.java:54)
	at org.apache.http.entity.StringEntity.<init>(StringEntity.java:67)
	at org.apache.http.entity.StringEntity.<init>(StringEntity.java:118)
	at com.xinyu.service.util.HttpClientUtils.httpPost(HttpClientUtils.java:87)
	at com.xinyu.controller.task.RedisTask.initOrderItemInfo(RedisTask.java:242)
	at sun.reflect.NativeMethodAccessorImpl.invoke0(Native Method)
	at sun.reflect.NativeMethodAccessorImpl.invoke(NativeMethodAccessorImpl.java:57)
	at sun.reflect.DelegatingMethodAccessorImpl.invoke(DelegatingMethodAccessorImpl.java:43)
	at java.lang.reflect.Method.invoke(Method.java:601)
	at org.springframework.scheduling.support.ScheduledMethodRunnable.run(ScheduledMethodRunnable.java:64)
	at org.springframework.scheduling.support.DelegatingErrorHandlingRunnable.run(DelegatingErrorHandlingRunnable.java:53)
	at org.springframework.scheduling.concurrent.ReschedulingRunnable.run(ReschedulingRunnable.java:81)
	at java.util.concurrent.Executors$RunnableAdapter.call(Executors.java:471)
	at java.util.concurrent.FutureTask$Sync.innerRun(FutureTask.java:334)
	at java.util.concurrent.FutureTask.run(FutureTask.java:166)
	at java.util.concurrent.ScheduledThreadPoolExecutor$ScheduledFutureTask.access$201(ScheduledThreadPoolExecutor.java:178)
	at java.util.concurrent.ScheduledThreadPoolExecutor$ScheduledFutureTask.run(ScheduledThreadPoolExecutor.java:292)
	at java.util.concurrent.ThreadPoolExecutor.runWorker(ThreadPoolExecutor.java:1145)
	at java.util.concurrent.ThreadPoolExecutor$Worker.run(ThreadPoolExecutor.java:615)
	at java.lang.Thread.run(Thread.java:722)
2017-10-10 20:04:05  [ pool-1-thread-1:144175 ] - [ ERROR ]  订单商品推送信息写缓存结束
2017-10-10 20:05:00  [ pool-1-thread-1:33899 ] - [ ERROR ]  订单不存在自动补录!
2017-10-10 20:05:00  [ pool-1-thread-1:34118 ] - [ ERROR ]  订单接单
2017-10-10 20:05:00  [ pool-1-thread-1:34287 ] - [ ERROR ]  订单接单完成！
2017-10-10 20:05:00  [ pool-1-thread-1:34287 ] - [ ERROR ]  订单商品推送信息写缓存
2017-10-10 20:05:01  [ pool-1-thread-1:35100 ] - [ ERROR ]  GROUP1
2017-10-10 20:05:01  [ pool-1-thread-1:35162 ] - [ ERROR ]  GROUP2
2017-10-10 20:05:17  [ pool-1-thread-1:50987 ] - [ ERROR ]  订单商品推送信息写缓存结束
2017-10-10 20:05:17  [ pool-1-thread-1:50988 ] - [ ERROR ]  拒单操作开始!
2017-10-10 20:05:17  [ pool-1-thread-1:51153 ] - [ ERROR ]  拒单操作结束!
2017-10-10 20:06:00  [ pool-1-thread-1:93899 ] - [ ERROR ]  订单商品推送信息写缓存
2017-10-10 20:06:00  [ pool-1-thread-1:93953 ] - [ ERROR ]  GROUP1
2017-10-10 20:06:00  [ pool-1-thread-1:93997 ] - [ ERROR ]  GROUP2
2017-10-10 20:06:14  [ pool-1-thread-1:108357 ] - [ ERROR ]  订单商品推送信息写缓存结束
2017-10-10 20:07:00  [ pool-1-thread-1:153900 ] - [ ERROR ]  订单商品推送信息写缓存
2017-10-10 20:07:00  [ pool-1-thread-1:153941 ] - [ ERROR ]  GROUP1
2017-10-10 20:07:00  [ pool-1-thread-1:153983 ] - [ ERROR ]  GROUP2
2017-10-10 20:07:13  [ pool-1-thread-1:167633 ] - [ ERROR ]  订单商品推送信息写缓存结束
2017-10-10 20:08:00  [ pool-1-thread-1:213900 ] - [ ERROR ]  订单商品推送信息写缓存
2017-10-10 20:08:00  [ pool-1-thread-1:213945 ] - [ ERROR ]  GROUP1
2017-10-10 20:08:00  [ pool-1-thread-1:213989 ] - [ ERROR ]  GROUP2
2017-10-10 20:08:14  [ pool-1-thread-1:228268 ] - [ ERROR ]  订单商品推送信息写缓存结束
2017-10-10 20:09:00  [ pool-1-thread-1:273899 ] - [ ERROR ]  订单商品推送信息写缓存
2017-10-10 20:09:00  [ pool-1-thread-1:273950 ] - [ ERROR ]  GROUP1
2017-10-10 20:10:00  [ pool-1-thread-1:34575 ] - [ ERROR ]  订单不存在自动补录!
2017-10-10 20:10:00  [ pool-1-thread-1:34801 ] - [ ERROR ]  订单商品推送信息写缓存
2017-10-10 20:10:00  [ pool-1-thread-1:35557 ] - [ ERROR ]  GROUP1
2017-10-10 20:10:59  [ pool-1-thread-1:93829 ] - [ ERROR ]  GROUP2
2017-10-10 20:12:13  [ pool-1-thread-1:168342 ] - [ ERROR ]  订单商品推送信息写缓存结束
2017-10-10 20:12:13  [ pool-1-thread-1:168342 ] - [ ERROR ]  拒单操作开始!
2017-10-10 20:12:13  [ pool-1-thread-1:168505 ] - [ ERROR ]  拒单操作结束!
2017-10-10 20:12:13  [ pool-1-thread-1:168505 ] - [ ERROR ]  订单接单
2017-10-10 20:12:14  [ pool-1-thread-1:168668 ] - [ ERROR ]  订单接单完成！
