2018-01-18 17:51:33  [ 18104861@qtp-7910931-1:17490 ] - [ ERROR ]  account is null
2018-01-18 17:51:34  [ 24783539@qtp-7910931-2:19261 ] - [ ERROR ]  account is null
2018-01-18 17:51:39  [ 10705761@qtp-7910931-3:24103 ] - [ ERROR ]  account dao impl logger!
2018-01-18 17:51:39  [ 10705761@qtp-7910931-3:24164 ] - [ ERROR ]  SELECT T.*
		FROM t_xinyu_account T where 1=1
2018-01-18 17:52:00  [ pool-1-thread-1:44470 ] - [ ERROR ]  订单接单
2018-01-18 17:52:01  [ 18104861@qtp-7910931-1:45575 ] - [ ERROR ]  account is not null;
2018-01-18 17:52:01  [ 18104861@qtp-7910931-1:45575 ] - [ ERROR ]  account is null
2018-01-18 17:52:04  [ pool-1-thread-1:48484 ] - [ ERROR ]  订单接单ID020efe11-d973-404f-916a-66d13dcb4eb8
2018-01-18 17:52:04  [ pool-1-thread-1:48484 ] - [ ERROR ]  订单接单完成！1
2018-01-18 17:52:29  [ 10705761@qtp-7910931-3:73696 ] - [ ERROR ]  Template processing error: "Expression user is undefined on line 24, column 48 in WEB-INF/views/default/admin/print/ems.ftl."

Expression user is undefined on line 24, column 48 in WEB-INF/views/default/admin/print/ems.ftl.
The problematic instruction:
----------
==> ${user.subscriberName} [on line 24, column 46 in WEB-INF/views/default/admin/print/ems.ftl]
----------

Java backtrace for programmers:
----------
freemarker.core.InvalidReferenceException: Expression user is undefined on line 24, column 48 in WEB-INF/views/default/admin/print/ems.ftl.
	at freemarker.core.TemplateObject.assertNonNull(TemplateObject.java:125)
	at freemarker.core.TemplateObject.invalidTypeException(TemplateObject.java:135)
	at freemarker.core.Dot._getAsTemplateModel(Dot.java:78)
	at freemarker.core.Expression.getAsTemplateModel(Expression.java:89)
	at freemarker.core.Expression.getStringValue(Expression.java:93)
	at freemarker.core.DollarVariable.accept(DollarVariable.java:76)
	at freemarker.core.Environment.visit(Environment.java:221)
	at freemarker.core.MixedContent.accept(MixedContent.java:92)
	at freemarker.core.Environment.visit(Environment.java:221)
	at freemarker.core.Environment.process(Environment.java:199)
	at freemarker.template.Template.process(Template.java:237)
	at org.springframework.web.servlet.view.freemarker.FreeMarkerView.processTemplate(FreeMarkerView.java:366)
	at org.springframework.web.servlet.view.freemarker.FreeMarkerView.doRender(FreeMarkerView.java:283)
	at org.springframework.web.servlet.view.freemarker.FreeMarkerView.renderMergedTemplateModel(FreeMarkerView.java:233)
	at org.springframework.web.servlet.view.AbstractTemplateView.renderMergedOutputModel(AbstractTemplateView.java:167)
	at org.springframework.web.servlet.view.AbstractView.render(AbstractView.java:262)
	at org.springframework.web.servlet.DispatcherServlet.render(DispatcherServlet.java:1157)
	at org.springframework.web.servlet.DispatcherServlet.doDispatch(DispatcherServlet.java:927)
	at org.springframework.web.servlet.DispatcherServlet.doService(DispatcherServlet.java:827)
	at org.springframework.web.servlet.FrameworkServlet.processRequest(FrameworkServlet.java:882)
	at org.springframework.web.servlet.FrameworkServlet.doGet(FrameworkServlet.java:778)
	at javax.servlet.http.HttpServlet.service(HttpServlet.java:707)
	at javax.servlet.http.HttpServlet.service(HttpServlet.java:820)
	at org.mortbay.jetty.servlet.ServletHolder.handle(ServletHolder.java:511)
	at org.mortbay.jetty.servlet.ServletHandler$CachedChain.doFilter(ServletHandler.java:1221)
	at org.springframework.web.filter.CharacterEncodingFilter.doFilterInternal(CharacterEncodingFilter.java:88)
	at org.springframework.web.filter.OncePerRequestFilter.doFilter(OncePerRequestFilter.java:76)
	at org.mortbay.jetty.servlet.ServletHandler$CachedChain.doFilter(ServletHandler.java:1212)
	at org.mortbay.jetty.servlet.ServletHandler.handle(ServletHandler.java:399)
	at org.mortbay.jetty.security.SecurityHandler.handle(SecurityHandler.java:216)
	at org.mortbay.jetty.servlet.SessionHandler.handle(SessionHandler.java:182)
	at org.mortbay.jetty.handler.ContextHandler.handle(ContextHandler.java:766)
	at org.mortbay.jetty.webapp.WebAppContext.handle(WebAppContext.java:450)
	at org.mortbay.jetty.handler.ContextHandlerCollection.handle(ContextHandlerCollection.java:230)
	at org.mortbay.jetty.handler.HandlerCollection.handle(HandlerCollection.java:114)
	at org.mortbay.jetty.handler.HandlerWrapper.handle(HandlerWrapper.java:152)
	at org.mortbay.jetty.Server.handle(Server.java:326)
	at org.mortbay.jetty.HttpConnection.handleRequest(HttpConnection.java:542)
	at org.mortbay.jetty.HttpConnection$RequestHandler.headerComplete(HttpConnection.java:928)
	at org.mortbay.jetty.HttpParser.parseNext(HttpParser.java:549)
	at org.mortbay.jetty.HttpParser.parseAvailable(HttpParser.java:212)
	at org.mortbay.jetty.HttpConnection.handle(HttpConnection.java:404)
	at org.mortbay.io.nio.SelectChannelEndPoint.run(SelectChannelEndPoint.java:410)
	at org.mortbay.thread.QueuedThreadPool$PoolThread.run(QueuedThreadPool.java:582)
2018-01-18 17:53:35  [ 31274199@qtp-7910931-5:139595 ] - [ ERROR ]  account is not null;
2018-01-18 17:53:35  [ 31274199@qtp-7910931-5:139595 ] - [ ERROR ]  account is null
2018-01-18 17:54:41  [ 5608307@qtp-7910931-8:206010 ] - [ ERROR ]  account is null
2018-01-18 17:54:46  [ 31274199@qtp-7910931-5:211123 ] - [ ERROR ]  account dao impl logger!
2018-01-18 17:54:46  [ 31274199@qtp-7910931-5:211178 ] - [ ERROR ]  SELECT T.*
		FROM t_xinyu_account T where 1=1
2018-01-18 17:56:00  [ pool-1-thread-1:284473 ] - [ ERROR ]  订单接单
2018-01-18 17:56:00  [ pool-1-thread-1:285207 ] - [ ERROR ]  订单接单ID73ed3ea8-abad-42f0-8c24-576670d506a9
2018-01-18 17:56:01  [ pool-1-thread-1:285471 ] - [ ERROR ]  订单接单IDa91c3804-0824-4471-9d8e-3f1b441a0643
2018-01-18 17:56:01  [ pool-1-thread-1:285772 ] - [ ERROR ]  订单接单ID1cdb85c1-00b0-4a4d-8e17-19418eec7a2c
2018-01-18 17:56:01  [ pool-1-thread-1:286345 ] - [ ERROR ]  订单接单ID1365c2ca-03f6-4f62-a4bb-0462d5b142c8
2018-01-18 17:56:02  [ pool-1-thread-1:286584 ] - [ ERROR ]  订单接单IDbd3ed169-6681-45d9-b1e4-1371865a8af2
2018-01-18 17:56:02  [ pool-1-thread-1:286854 ] - [ ERROR ]  订单接单ID7d993738-19f9-49af-a68e-2f689b2a9651
2018-01-18 17:56:02  [ pool-1-thread-1:286854 ] - [ ERROR ]  订单接单完成！6
2018-01-18 17:56:39  [ 25625976@qtp-7910931-4:323757 ] - [ ERROR ]  account is not null;
2018-01-18 17:56:39  [ 25625976@qtp-7910931-4:323758 ] - [ ERROR ]  account is null
2018-01-18 17:57:15  [ 5608307@qtp-7910931-8:359870 ] - [ ERROR ]  account is not null;
2018-01-18 17:57:15  [ 5608307@qtp-7910931-8:359871 ] - [ ERROR ]  account is null
2018-01-18 17:58:15  [ 17571407@qtp-7910931-10:419636 ] - [ ERROR ]  account is not null;
2018-01-18 17:58:15  [ 17571407@qtp-7910931-10:419636 ] - [ ERROR ]  account is null
2018-01-18 17:58:44  [ 5959049@qtp-7910931-9:449052 ] - [ ERROR ]  account is not null;
2018-01-18 17:58:44  [ 5959049@qtp-7910931-9:449052 ] - [ ERROR ]  account is null
2018-01-18 18:00:00  [ pool-1-thread-1:524475 ] - [ ERROR ]  订单接单
2018-01-18 18:00:00  [ pool-1-thread-1:525190 ] - [ ERROR ]  订单接单ID29b7e177-44f0-471b-8ff2-0ea73d2a2df9
2018-01-18 18:00:00  [ pool-1-thread-1:525432 ] - [ ERROR ]  订单接单ID1af82d95-81e7-4ae6-9ef8-7d708321f952
2018-01-18 18:00:01  [ pool-1-thread-1:525673 ] - [ ERROR ]  订单接单ID8965e1fc-9d7b-440d-a8e1-fcc27745453f
2018-01-18 18:00:01  [ pool-1-thread-1:525940 ] - [ ERROR ]  订单接单ID82cd843e-5260-4011-9596-a66f257000a5
2018-01-18 18:00:02  [ pool-1-thread-1:526510 ] - [ ERROR ]  订单接单ID8a2576b7-7e2c-4f9e-a6c5-194dd31ea728
2018-01-18 18:00:02  [ pool-1-thread-1:526780 ] - [ ERROR ]  订单接单ID462ffe38-13b5-47a1-97a0-af355cc5f351
2018-01-18 18:00:02  [ pool-1-thread-1:526849 ] - [ ERROR ]  不存在的订单！ORDER_ACCEPTa8a3d194-2f33-43c2-a6b3-559eca74e040
2018-01-18 18:00:02  [ pool-1-thread-1:527144 ] - [ ERROR ]  订单接单ID0d5263a8-f27f-4070-abc9-692b32da9170
2018-01-18 18:00:02  [ pool-1-thread-1:527214 ] - [ ERROR ]  不存在的订单！ORDER_ACCEPT945d42b3-2b32-41b3-895a-d161772f491f
2018-01-18 18:00:02  [ pool-1-thread-1:527297 ] - [ ERROR ]  不存在的订单！ORDER_ACCEPTd7aa3e34-6e8f-48c3-b084-67276ff744dd
2018-01-18 18:00:02  [ pool-1-thread-1:527378 ] - [ ERROR ]  不存在的订单！ORDER_ACCEPTd70099c8-ca2b-43ad-a14c-3daac45b03ee
2018-01-18 18:00:02  [ pool-1-thread-1:527463 ] - [ ERROR ]  不存在的订单！ORDER_ACCEPTc7527222-6133-40fc-8d08-1381ba8c1190
2018-01-18 18:00:03  [ pool-1-thread-1:527787 ] - [ ERROR ]  订单接单ID1c4c0644-c93f-4480-9779-91e35a3325f3
2018-01-18 18:00:03  [ pool-1-thread-1:527857 ] - [ ERROR ]  不存在的订单！ORDER_ACCEPT70d6d6dd-d0dd-45c5-887a-7a614c1416e4
2018-01-18 18:00:03  [ pool-1-thread-1:527940 ] - [ ERROR ]  不存在的订单！ORDER_ACCEPT8bd09189-dc83-4ca7-83f3-96063684f519
2018-01-18 18:00:03  [ pool-1-thread-1:528022 ] - [ ERROR ]  不存在的订单！ORDER_ACCEPTb8181ef0-b7dd-4428-b4da-37bfa06acea7
2018-01-18 18:00:03  [ pool-1-thread-1:528105 ] - [ ERROR ]  不存在的订单！ORDER_ACCEPT9e355cbd-d3a3-4a56-95af-f6a13f1f263d
2018-01-18 18:00:04  [ pool-1-thread-1:528547 ] - [ ERROR ]  不存在的订单！ORDER_ACCEPT66623a8b-7f5e-4e2f-b119-7327f98ff7a6
2018-01-18 18:00:04  [ pool-1-thread-1:528893 ] - [ ERROR ]  订单接单完成！18
2018-01-18 18:00:04  [ pool-1-thread-1:528894 ] - [ ERROR ]  订单商品推送信息写缓存
2018-01-18 18:00:04  [ pool-1-thread-1:528948 ] - [ ERROR ]  GROUP1(赵峰)
2018-01-18 18:01:12  [ pool-1-thread-1:596943 ] - [ ERROR ]  GROUP2(周宇)
2018-01-18 18:02:01  [ pool-1-thread-1:645469 ] - [ ERROR ]  GROUP3(龙精锁)
2018-01-18 18:02:37  [ pool-1-thread-1:681826 ] - [ ERROR ]  GROUP4(吴双菊)
2018-01-18 18:02:39  [ pool-1-thread-1:683850 ] - [ ERROR ]  GROUP5(何柳威)
2018-01-18 18:02:46  [ pool-1-thread-1:690520 ] - [ ERROR ]  GROUP6(陈达)
2018-01-18 18:02:46  [ pool-1-thread-1:690717 ] - [ ERROR ]  拒单操作开始!
2018-01-18 18:09:04  [ pool-1-thread-1:1068863 ] - [ ERROR ]  拒单操作结束!
2018-01-18 18:09:05  [ pool-1-thread-1:1069631 ] - [ ERROR ]  checkOut处理0{itemName=, accountId=40, orderCode=3932520870962, status=SUCCESS_TRADE, orderDate=2018-01-17, state=, cpCode=YUNDA, date=2018-01-18 18:03:40, itemId=95090a19-2488-4dca-bf0f-4fa1390f37fb, msg=人工验货:订单校验成功！, stock=1, source=2, totalWeight=327250.0, barCode=6940971210388, personId=40, user=idzc16473350931, orderId=5a44f5aa-3b5c-4a46-a214-f5b929cfa46c}
2018-01-18 18:09:05  [ pool-1-thread-1:1070032 ] - [ ERROR ]  checkOut处理1{itemName=, accountId=12, orderCode=888106524094200315, status=SUCCESS_TRADE, orderDate=2018-01-16, state=, cpCode=YTO, date=2018-01-18 18:00:29, itemId=eb339755-48ee-4ec1-96ad-33531a4232c3, msg=机器验货:订单校验成功！, stock=1, source=1, totalWeight=1300.0, barCode=6940971208095, personId=12, user=idzc16473350931, orderId=2d542f57-10f2-4032-a898-040ac1f71042}
2018-01-18 18:09:05  [ pool-1-thread-1:1070451 ] - [ ERROR ]  checkOut处理2{itemName=, accountId=12, orderCode=3351152657589, status=SUCCESS_TRADE, orderDate=2018-01-18, state=福建省, cpCode=STO, date=2018-01-18 18:00:56, itemId=22438, msg=机器验货:订单校验成功！, stock=1, source=1, totalWeight=2.3, barCode=6955578027840, personId=12, user=71, orderId=1798089}
2018-01-18 18:09:06  [ pool-1-thread-1:1070886 ] - [ ERROR ]  checkOut处理3{itemName=, accountId=12, orderCode=3956721244661, status=SUCCESS_TRADE, orderDate=2018-01-18, state=, cpCode=YUNDA, date=2018-01-18 18:02:41, itemId=3d013bde-15b8-4236-95b1-2a03c71cdd07, msg=机器验货:订单校验成功！, stock=1, source=1, totalWeight=1400.0, barCode=6950063786004, personId=12, user=idzc16473350918, orderId=b8e07af7-c087-458b-a7ef-0e76b7692191}
2018-01-18 18:09:06  [ pool-1-thread-1:1071305 ] - [ ERROR ]  checkOut处理4{itemName=, accountId=12, orderCode=3956721242724, status=SUCCESS_TRADE, orderDate=2018-01-18, state=, cpCode=YUNDA, date=2018-01-18 18:00:52, itemId=3d013bde-15b8-4236-95b1-2a03c71cdd07, msg=机器验货:订单校验成功！, stock=1, source=1, totalWeight=1400.0, barCode=6950063786004, personId=12, user=idzc16473350918, orderId=ef272df1-bb1a-471e-bcb3-ae0c77a7d668}
2018-01-18 18:09:07  [ pool-1-thread-1:1071724 ] - [ ERROR ]  checkOut处理5{itemName=新韵XY365数码电子琴+工架+含琴罩礼包, accountId=12, orderCode=457062126544, status=SUCCESS_TRADE, orderDate=2018-01-18, state=, cpCode=SF, date=2018-01-18 18:03:51, itemId=7a07c50a-7a6f-41e0-b6a1-80ab49ab3545, msg=机器验货:订单校验成功！, stock=1, source=1, totalWeight=7880.0, barCode=6930656267363, personId=12, user=zc16473350938, orderId=15d79eac-250a-4c0c-871d-561f2d612807}
2018-01-18 18:09:07  [ pool-1-thread-1:1072142 ] - [ ERROR ]  checkOut处理6{itemName=, accountId=12, orderCode=888123784084917486, status=SUCCESS_TRADE, orderDate=2018-01-17, state=, cpCode=YTO, date=2018-01-18 18:02:09, itemId=eb339755-48ee-4ec1-96ad-33531a4232c3, msg=机器验货:订单校验成功！, stock=1, source=1, totalWeight=1300.0, barCode=6940971208095, personId=12, user=idzc16473350931, orderId=3ab07f92-c7f1-4ebe-90f4-a4fa243b2a2a}
2018-01-18 18:09:08  [ pool-1-thread-1:1072561 ] - [ ERROR ]  checkOut处理7{itemName=新韵XY229闪光键电子琴+Z架+礼包, accountId=12, orderCode=9702317705462, status=SUCCESS_TRADE, orderDate=2018-01-18, state=, cpCode=EYB, date=2018-01-18 18:03:45, itemId=bebf83ec-7371-4c02-a81f-d3b1258c0649, msg=机器验货:订单校验成功！, stock=1, source=1, totalWeight=8020.0, barCode=6930656267417, personId=12, user=zc16473350938, orderId=64303c3c-9800-46e9-a9a2-67654f1f8d42}
2018-01-18 18:09:08  [ pool-1-thread-1:1072980 ] - [ ERROR ]  checkOut处理8{itemName=, accountId=12, orderCode=3956721244660, status=SUCCESS_TRADE, orderDate=2018-01-18, state=, cpCode=YUNDA, date=2018-01-18 18:00:54, itemId=3d013bde-15b8-4236-95b1-2a03c71cdd07, msg=机器验货:订单校验成功！, stock=1, source=1, totalWeight=1400.0, barCode=6950063786004, personId=12, user=idzc16473350918, orderId=e35dd278-caf5-47e6-ac0b-3ac5bf17b77c}
2018-01-18 18:09:08  [ pool-1-thread-1:1073399 ] - [ ERROR ]  checkOut处理9{itemName=, accountId=12, orderCode=888142074512432638, status=SUCCESS_TRADE, orderDate=2018-01-18, state=, cpCode=YTO, date=2018-01-18 18:03:20, itemId=653930a1-2f8a-4125-aa62-7b1df383f50f, msg=机器验货:订单校验成功！, stock=1, source=1, totalWeight=1700.0, barCode=6940971212238, personId=12, user=idzc16473350931, orderId=43c34b75-d5c6-4a10-bf89-dc31915f14f4}
2018-01-18 18:09:09  [ pool-1-thread-1:1073818 ] - [ ERROR ]  checkOut处理10{itemName=, accountId=12, orderCode=888123753975573042, status=SUCCESS_TRADE, orderDate=2018-01-17, state=, cpCode=YTO, date=2018-01-18 18:01:10, itemId=eb339755-48ee-4ec1-96ad-33531a4232c3, msg=机器验货:订单校验成功！, stock=1, source=1, totalWeight=1300.0, barCode=6940971208095, personId=12, user=idzc16473350931, orderId=69c3fa57-b575-44ed-b07f-eec0cf2f3aa7}
2018-01-18 18:09:09  [ pool-1-thread-1:1074238 ] - [ ERROR ]  checkOut处理11{itemName=, accountId=12, orderCode=888142074231018496, status=FAIL_TRADE, orderDate=2018-01-18, state=, cpCode=YTO, date=2018-01-18 17:59:58, itemId=d7d847c9-86d7-4961-862c-660c310a2524, msg=机器验货:验货失败！商品与订单信息不匹配！, stock=1, source=1, totalWeight=1900.0, barCode=6940971202550, personId=12, user=idzc16473350931, orderId=0d3da4fd-513f-4dc2-ac92-2607d1407925}
2018-01-18 18:09:10  [ pool-1-thread-1:1074658 ] - [ ERROR ]  checkOut处理12{itemName=JSQ-A50U1【加湿器】, accountId=40, orderCode=3956721240201, status=SUCCESS_TRADE, orderDate=2018-01-17, state=江苏省, cpCode=YUNDA, date=2018-01-18 18:05:46, itemId=21149, msg=人工验货:订单校验成功！, stock=1, source=2, totalWeight=7.48, barCode=6940971210388, personId=40, user=51, orderId=1793834}
2018-01-18 18:09:10  [ pool-1-thread-1:1075076 ] - [ ERROR ]  checkOut处理13{itemName=新韵XY365数码电子琴+含琴罩礼包, accountId=12, orderCode=457062126535, status=SUCCESS_TRADE, orderDate=2018-01-18, state=, cpCode=SF, date=2018-01-18 18:03:48, itemId=44dc76ff-d781-494c-ba30-110518a92b0f, msg=机器验货:订单校验成功！, stock=1, source=1, totalWeight=5720.0, barCode=6930656267363, personId=12, user=zc16473350938, orderId=dc652554-57c8-40cb-af4b-e041249b751f}
2018-01-18 18:09:11  [ pool-1-thread-1:1075496 ] - [ ERROR ]  checkOut处理14{itemName=, accountId=12, orderCode=3956721242727, status=SUCCESS_TRADE, orderDate=2018-01-18, state=, cpCode=YUNDA, date=2018-01-18 18:02:39, itemId=3d013bde-15b8-4236-95b1-2a03c71cdd07, msg=机器验货:订单校验成功！, stock=1, source=1, totalWeight=1400.0, barCode=6950063786004, personId=12, user=idzc16473350918, orderId=b6695bab-fcba-49a8-be03-7046e38a6352}
2018-01-18 18:09:11  [ pool-1-thread-1:1075915 ] - [ ERROR ]  checkOut处理15{itemName=, accountId=12, orderCode=3956721243448, status=SUCCESS_TRADE, orderDate=2018-01-18, state=, cpCode=YUNDA, date=2018-01-18 18:01:21, itemId=3d013bde-15b8-4236-95b1-2a03c71cdd07, msg=机器验货:订单校验成功！, stock=1, source=1, totalWeight=1400.0, barCode=6950063786004, personId=12, user=idzc16473350918, orderId=3051c60f-4733-4c98-a8d6-06e42f2fb300}
2018-01-18 18:09:11  [ pool-1-thread-1:1076333 ] - [ ERROR ]  checkOut处理16{itemName=新韵XY229闪光键电子琴+礼包, accountId=12, orderCode=457062126517, status=SUCCESS_TRADE, orderDate=2018-01-18, state=, cpCode=SF, date=2018-01-18 18:03:55, itemId=d8f954f1-2d97-4862-9892-c18e0989e4b6, msg=机器验货:订单校验成功！, stock=1, source=1, totalWeight=5400.0, barCode=6930656267417, personId=12, user=zc16473350938, orderId=2f7db305-fa5b-4f8a-8921-5fff44683ae9}
2018-01-18 18:09:12  [ pool-1-thread-1:1076755 ] - [ ERROR ]  checkOut处理17{itemName=, accountId=12, orderCode=888106496331119406, status=SUCCESS_TRADE, orderDate=2018-01-16, state=, cpCode=YTO, date=2018-01-18 18:00:31, itemId=eb339755-48ee-4ec1-96ad-33531a4232c3, msg=机器验货:订单校验成功！, stock=1, source=1, totalWeight=1300.0, barCode=6940971208095, personId=12, user=idzc16473350931, orderId=a24332fe-cd53-4ccd-b51a-00da78bd6cc7}
2018-01-18 18:09:12  [ pool-1-thread-1:1077174 ] - [ ERROR ]  checkOut处理18{itemName=, accountId=12, orderCode=888123799688200315, status=SUCCESS_TRADE, orderDate=2018-01-17, state=, cpCode=YTO, date=2018-01-18 18:01:56, itemId=eb339755-48ee-4ec1-96ad-33531a4232c3, msg=机器验货:订单校验成功！, stock=1, source=1, totalWeight=1300.0, barCode=6940971208095, personId=12, user=idzc16473350931, orderId=bd4edea2-f61f-405a-a939-d45406597017}
2018-01-18 18:09:13  [ pool-1-thread-1:1077595 ] - [ ERROR ]  checkOut处理19{itemName=, accountId=12, orderCode=3956721232341, status=FAIL_TRADE, orderDate=2018-01-16, state=, cpCode=YUNDA, date=2018-01-18 18:04:01, itemId=eb339755-48ee-4ec1-96ad-33531a4232c3, msg=机器验货:验货失败！商品与订单信息不匹配！, stock=1, source=1, totalWeight=2600.0, barCode=6940971208095, personId=12, user=idzc16473350931, orderId=26518217-5ddf-4371-8679-84944d5d1314}
2018-01-18 18:09:13  [ pool-1-thread-1:1078023 ] - [ ERROR ]  checkOut处理20{itemName=, accountId=12, orderCode=888106544825896274, status=SUCCESS_TRADE, orderDate=2018-01-16, state=, cpCode=YTO, date=2018-01-18 18:00:18, itemId=eb339755-48ee-4ec1-96ad-33531a4232c3, msg=机器验货:订单校验成功！, stock=1, source=1, totalWeight=1300.0, barCode=6940971208095, personId=12, user=idzc16473350931, orderId=8e78f51b-1e6e-41fd-9fbb-6dfd5040d6a8}
2018-01-18 18:09:13  [ pool-1-thread-1:1078100 ] - [ ERROR ]  checkOut处理21{itemName=, accountId=40, orderCode=3932520871434, status=SUCCESS_TRADE, orderDate=2018-01-17, state=, cpCode=YUNDA, date=2018-01-18 18:00:07, itemId=95090a19-2488-4dca-bf0f-4fa1390f37fb, msg=人工验货:订单校验成功！, stock=1, source=2, totalWeight=327250.0, barCode=6940971210388, personId=40, user=idzc16473350931, orderId=5a44f5aa-3b5c-4a46-a214-f5b929cfa46c}
2018-01-18 18:09:13  [ pool-1-thread-1:1078177 ] - [ ERROR ]  checkOut处理22{itemName=, accountId=12, orderCode=3351152358395, status=SUCCESS_TRADE, orderDate=2018-01-18, state=安徽省, cpCode=STO, date=2018-01-18 18:01:58, itemId=22438, msg=机器验货:订单校验成功！, stock=1, source=1, totalWeight=2.3, barCode=6955578027840, personId=12, user=71, orderId=1798073}
2018-01-18 18:09:13  [ pool-1-thread-1:1078254 ] - [ ERROR ]  checkOut处理23{itemName=, accountId=12, orderCode=888123799391290214, status=SUCCESS_TRADE, orderDate=2018-01-17, state=, cpCode=YTO, date=2018-01-18 18:01:44, itemId=eb339755-48ee-4ec1-96ad-33531a4232c3, msg=机器验货:订单校验成功！, stock=1, source=1, totalWeight=1300.0, barCode=6940971208095, personId=12, user=idzc16473350931, orderId=bc54775d-1d39-467b-b8fd-01b358063b7d}
2018-01-18 18:09:13  [ pool-1-thread-1:1078332 ] - [ ERROR ]  checkOut处理24{itemName=, accountId=12, orderCode=3351152657322, status=SUCCESS_TRADE, orderDate=2018-01-18, state=江苏省, cpCode=STO, date=2018-01-18 18:00:57, itemId=22438, msg=机器验货:订单校验成功！, stock=1, source=1, totalWeight=2.3, barCode=6955578027840, personId=12, user=71, orderId=1798079}
2018-01-18 18:09:13  [ pool-1-thread-1:1078415 ] - [ ERROR ]  checkOut处理25{itemName=, accountId=12, orderCode=3932520872162, status=SUCCESS_TRADE, orderDate=2018-01-18, state=, cpCode=YUNDA, date=2018-01-18 18:01:20, itemId=3d013bde-15b8-4236-95b1-2a03c71cdd07, msg=机器验货:订单校验成功！, stock=1, source=1, totalWeight=1400.0, barCode=6950063786004, personId=12, user=idzc16473350918, orderId=6fb32d33-39a2-4079-ba8e-99a392744e1c}
2018-01-18 18:09:14  [ pool-1-thread-1:1078493 ] - [ ERROR ]  checkOut处理26{itemName=, accountId=12, orderCode=3956721242726, status=SUCCESS_TRADE, orderDate=2018-01-18, state=, cpCode=YUNDA, date=2018-01-18 18:02:43, itemId=3d013bde-15b8-4236-95b1-2a03c71cdd07, msg=机器验货:订单校验成功！, stock=1, source=1, totalWeight=1400.0, barCode=6950063786004, personId=12, user=idzc16473350918, orderId=2ad08927-4226-4ddd-9b56-b8c208a345af}
2018-01-18 18:09:14  [ pool-1-thread-1:1078569 ] - [ ERROR ]  checkOut处理27{itemName=, accountId=40, orderCode=3932520871978, status=SUCCESS_TRADE, orderDate=2018-01-18, state=, cpCode=YUNDA, date=2018-01-18 18:01:03, itemId=790eef3a-24c0-41d0-9a42-0c731b6250a8, msg=人工验货:订单校验成功！, stock=1, source=2, totalWeight=50100.0, barCode=6940971211071, personId=40, user=idzc16473350931, orderId=2579bfd2-b708-4a83-a4ae-371062a4a3a0}
2018-01-18 18:09:14  [ pool-1-thread-1:1078647 ] - [ ERROR ]  checkOut处理28{itemName=, accountId=40, orderCode=3956721232341, status=SUCCESS_TRADE, orderDate=2018-01-16, state=, cpCode=YUNDA, date=2018-01-18 18:04:03, itemId=eb339755-48ee-4ec1-96ad-33531a4232c3, msg=人工验货:订单校验成功！, stock=1, source=2, totalWeight=2600.0, barCode=6940971208095, personId=40, user=idzc16473350931, orderId=26518217-5ddf-4371-8679-84944d5d1314}
2018-01-18 18:09:14  [ pool-1-thread-1:1078725 ] - [ ERROR ]  checkOut处理29{itemName=, accountId=12, orderCode=888142232149088193, status=SUCCESS_TRADE, orderDate=2018-01-18, state=, cpCode=YTO, date=2018-01-18 17:59:24, itemId=3d013bde-15b8-4236-95b1-2a03c71cdd07, msg=机器验货:订单校验成功！, stock=1, source=1, totalWeight=1400.0, barCode=6950063786004, personId=12, user=idzc16473350918, orderId=31fb5724-bd1b-421d-b905-ed512259113e}
2018-01-18 18:09:14  [ pool-1-thread-1:1078804 ] - [ ERROR ]  checkOut处理30{itemName=, accountId=12, orderCode=9701206235662, status=SUCCESS_TRADE, orderDate=2018-01-17, state=, cpCode=EYB, date=2018-01-18 17:59:36, itemId=eb339755-48ee-4ec1-96ad-33531a4232c3, msg=机器验货:订单校验成功！, stock=1, source=1, totalWeight=1300.0, barCode=6940971208095, personId=12, user=idzc16473350931, orderId=494fdccc-6d05-4cb9-9183-431119ca9a2d}
2018-01-18 18:09:14  [ pool-1-thread-1:1078881 ] - [ ERROR ]  checkOut处理31{itemName=, accountId=12, orderCode=3932520871874, status=SUCCESS_TRADE, orderDate=2018-01-18, state=, cpCode=YUNDA, date=2018-01-18 18:01:14, itemId=3d013bde-15b8-4236-95b1-2a03c71cdd07, msg=机器验货:订单校验成功！, stock=1, source=1, totalWeight=1400.0, barCode=6950063786004, personId=12, user=idzc16473350918, orderId=e4aa344c-e524-4c3d-b08e-a6332cffb8e2}
2018-01-18 18:09:14  [ pool-1-thread-1:1078962 ] - [ ERROR ]  checkOut处理32{itemName=, accountId=12, orderCode=3932520871705, status=SUCCESS_TRADE, orderDate=2018-01-18, state=, cpCode=YUNDA, date=2018-01-18 18:01:03, itemId=3d013bde-15b8-4236-95b1-2a03c71cdd07, msg=机器验货:订单校验成功！, stock=1, source=1, totalWeight=1400.0, barCode=6950063786004, personId=12, user=idzc16473350918, orderId=2f813edd-fc14-479f-9022-9804ccd572b6}
2018-01-18 18:09:14  [ pool-1-thread-1:1079039 ] - [ ERROR ]  checkOut处理33{itemName=, accountId=12, orderCode=888123745868321527, status=SUCCESS_TRADE, orderDate=2018-01-17, state=, cpCode=YTO, date=2018-01-18 18:01:12, itemId=eb339755-48ee-4ec1-96ad-33531a4232c3, msg=机器验货:订单校验成功！, stock=1, source=1, totalWeight=1300.0, barCode=6940971208095, personId=12, user=idzc16473350931, orderId=39bb8373-a5b6-490f-8cf3-65ade5b9dd96}
2018-01-18 18:09:14  [ pool-1-thread-1:1079117 ] - [ ERROR ]  checkOut处理34{itemName=, accountId=12, orderCode=3351152727941, status=SUCCESS_TRADE, orderDate=2018-01-18, state=山西省, cpCode=STO, date=2018-01-18 18:00:26, itemId=22438, msg=机器验货:订单校验成功！, stock=1, source=1, totalWeight=2.3, barCode=6955578027840, personId=12, user=71, orderId=1798152}
2018-01-18 18:09:14  [ pool-1-thread-1:1079196 ] - [ ERROR ]  checkOut处理35{itemName=, accountId=12, orderCode=3956721244659, status=SUCCESS_TRADE, orderDate=2018-01-18, state=, cpCode=YUNDA, date=2018-01-18 18:01:05, itemId=3d013bde-15b8-4236-95b1-2a03c71cdd07, msg=机器验货:订单校验成功！, stock=1, source=1, totalWeight=1400.0, barCode=6950063786004, personId=12, user=idzc16473350918, orderId=95ad3a72-cf59-47a6-b303-b982547aeed5}
2018-01-18 18:09:14  [ pool-1-thread-1:1079273 ] - [ ERROR ]  checkOut处理36{itemName=, accountId=40, orderCode=888101009055523547, status=SUCCESS_TRADE, orderDate=2018-01-15, state=, cpCode=YTO, date=2018-01-18 18:03:58, itemId=eb339755-48ee-4ec1-96ad-33531a4232c3, msg=人工验货:订单校验成功！, stock=1, source=2, totalWeight=2600.0, barCode=6940971208095, personId=40, user=idzc16473350931, orderId=f47dfc3f-9ca9-4712-8f59-47ec1b45f4b5}
2018-01-18 18:09:14  [ pool-1-thread-1:1079350 ] - [ ERROR ]  checkOut处理37{itemName=, accountId=12, orderCode=3351152282788, status=SUCCESS_TRADE, orderDate=2018-01-18, state=上海市, cpCode=STO, date=2018-01-18 18:00:24, itemId=22438, msg=机器验货:订单校验成功！, stock=1, source=1, totalWeight=2.3, barCode=6955578027840, personId=12, user=71, orderId=1798095}
2018-01-18 18:09:14  [ pool-1-thread-1:1079429 ] - [ ERROR ]  checkOut处理38{itemName=, accountId=12, orderCode=3956721245020, status=SUCCESS_TRADE, orderDate=2018-01-18, state=, cpCode=YUNDA, date=2018-01-18 18:01:30, itemId=3d013bde-15b8-4236-95b1-2a03c71cdd07, msg=机器验货:订单校验成功！, stock=1, source=1, totalWeight=1400.0, barCode=6950063786004, personId=12, user=idzc16473350918, orderId=cda1ee78-60a0-4758-8b3a-5e0244fd6924}
2018-01-18 18:09:15  [ pool-1-thread-1:1079507 ] - [ ERROR ]  checkOut处理39{itemName=, accountId=12, orderCode=3351152802755, status=SUCCESS_TRADE, orderDate=2018-01-18, state=江苏省, cpCode=STO, date=2018-01-18 18:00:28, itemId=22438, msg=机器验货:订单校验成功！, stock=1, source=1, totalWeight=2.3, barCode=6955578027840, personId=12, user=71, orderId=1798111}
2018-01-18 18:09:15  [ pool-1-thread-1:1079586 ] - [ ERROR ]  checkOut处理40{itemName=, accountId=12, orderCode=888106474729109305, status=SUCCESS_TRADE, orderDate=2018-01-16, state=, cpCode=YTO, date=2018-01-18 18:00:26, itemId=eb339755-48ee-4ec1-96ad-33531a4232c3, msg=机器验货:订单校验成功！, stock=1, source=1, totalWeight=1300.0, barCode=6940971208095, personId=12, user=idzc16473350931, orderId=59ab477f-72a6-48a0-ae96-cb089be39bc2}
2018-01-18 18:09:15  [ pool-1-thread-1:1079666 ] - [ ERROR ]  checkOut处理41{itemName=, accountId=12, orderCode=3956721243447, status=SUCCESS_TRADE, orderDate=2018-01-18, state=, cpCode=YUNDA, date=2018-01-18 18:00:47, itemId=3d013bde-15b8-4236-95b1-2a03c71cdd07, msg=机器验货:订单校验成功！, stock=1, source=1, totalWeight=1400.0, barCode=6950063786004, personId=12, user=idzc16473350918, orderId=39bec585-418c-4adf-b21d-e46a4ed9123b}
2018-01-18 18:09:15  [ pool-1-thread-1:1079745 ] - [ ERROR ]  checkOut处理42{itemName=, accountId=12, orderCode=3932520871434, status=FAIL_TRADE, orderDate=2018-01-17, state=, cpCode=YUNDA, date=2018-01-18 18:00:01, itemId=95090a19-2488-4dca-bf0f-4fa1390f37fb, msg=机器验货:验货失败！商品与订单信息不匹配！, stock=1, source=1, totalWeight=327250.0, barCode=6940971210388, personId=12, user=idzc16473350931, orderId=5a44f5aa-3b5c-4a46-a214-f5b929cfa46c}
2018-01-18 18:09:15  [ pool-1-thread-1:1079825 ] - [ ERROR ]  checkOut处理43{itemName=, accountId=12, orderCode=888123746789058890, status=SUCCESS_TRADE, orderDate=2018-01-17, state=, cpCode=YTO, date=2018-01-18 18:01:22, itemId=eb339755-48ee-4ec1-96ad-33531a4232c3, msg=机器验货:订单校验成功！, stock=1, source=1, totalWeight=1300.0, barCode=6940971208095, personId=12, user=idzc16473350931, orderId=e7a94cf2-7d8a-4bde-addc-f3806dbc1dc8}
2018-01-18 18:09:15  [ pool-1-thread-1:1079904 ] - [ ERROR ]  checkOut处理44{itemName=, accountId=12, orderCode=3956721244242, status=SUCCESS_TRADE, orderDate=2018-01-18, state=, cpCode=YUNDA, date=2018-01-18 18:00:53, itemId=3d013bde-15b8-4236-95b1-2a03c71cdd07, msg=机器验货:订单校验成功！, stock=1, source=1, totalWeight=1400.0, barCode=6950063786004, personId=12, user=idzc16473350918, orderId=1af279c4-d513-4aab-9faf-e9cb6a0ea8c1}
2018-01-18 18:09:15  [ pool-1-thread-1:1079981 ] - [ ERROR ]  checkOut处理45{itemName=, accountId=12, orderCode=3932520871875, status=SUCCESS_TRADE, orderDate=2018-01-18, state=, cpCode=YUNDA, date=2018-01-18 18:01:19, itemId=3d013bde-15b8-4236-95b1-2a03c71cdd07, msg=机器验货:订单校验成功！, stock=1, source=1, totalWeight=1400.0, barCode=6950063786004, personId=12, user=idzc16473350918, orderId=a6ee2194-1a28-4315-89b0-915ef1b354de}
2018-01-18 18:09:15  [ pool-1-thread-1:1080058 ] - [ ERROR ]  checkOut处理46{itemName=, accountId=40, orderCode=3932520870609, status=SUCCESS_TRADE, orderDate=2018-01-17, state=, cpCode=YUNDA, date=2018-01-18 18:01:36, itemId=95090a19-2488-4dca-bf0f-4fa1390f37fb, msg=人工验货:订单校验成功！, stock=1, source=2, totalWeight=327250.0, barCode=6940971210388, personId=40, user=idzc16473350931, orderId=5a44f5aa-3b5c-4a46-a214-f5b929cfa46c}
2018-01-18 18:09:15  [ pool-1-thread-1:1080135 ] - [ ERROR ]  checkOut处理47{itemName=, accountId=12, orderCode=3351126350044, status=SUCCESS_TRADE, orderDate=2018-01-18, state=, cpCode=STO, date=2018-01-18 18:00:20, itemId=eb339755-48ee-4ec1-96ad-33531a4232c3, msg=机器验货:订单校验成功！, stock=1, source=1, totalWeight=1300.0, barCode=6940971208095, personId=12, user=idzc16473350931, orderId=17859572-acff-4c8a-a3be-2544a4f848e5}
2018-01-18 18:09:15  [ pool-1-thread-1:1080212 ] - [ ERROR ]  checkOut处理48{itemName=, accountId=40, orderCode=3932520871055, status=SUCCESS_TRADE, orderDate=2018-01-17, state=, cpCode=YUNDA, date=2018-01-18 18:01:17, itemId=95090a19-2488-4dca-bf0f-4fa1390f37fb, msg=人工验货:订单校验成功！, stock=1, source=2, totalWeight=327250.0, barCode=6940971210388, personId=40, user=idzc16473350931, orderId=5a44f5aa-3b5c-4a46-a214-f5b929cfa46c}
2018-01-18 18:09:15  [ pool-1-thread-1:1080289 ] - [ ERROR ]  checkOut处理49{itemName=, accountId=12, orderCode=888123746704513446, status=SUCCESS_TRADE, orderDate=2018-01-17, state=, cpCode=YTO, date=2018-01-18 18:01:45, itemId=eb339755-48ee-4ec1-96ad-33531a4232c3, msg=机器验货:订单校验成功！, stock=1, source=1, totalWeight=1300.0, barCode=6940971208095, personId=12, user=idzc16473350931, orderId=06fed035-4b39-4d66-a819-c3b778af7590}
2018-01-18 18:09:15  [ pool-1-thread-1:1080366 ] - [ ERROR ]  checkOut处理50{itemName=, accountId=12, orderCode=888123791798674052, status=SUCCESS_TRADE, orderDate=2018-01-17, state=, cpCode=YTO, date=2018-01-18 18:00:19, itemId=eb339755-48ee-4ec1-96ad-33531a4232c3, msg=机器验货:订单校验成功！, stock=1, source=1, totalWeight=1300.0, barCode=6940971208095, personId=12, user=idzc16473350931, orderId=d8b7a67d-b78b-49b2-981c-d856eb007eba}
2018-01-18 18:09:15  [ pool-1-thread-1:1080446 ] - [ ERROR ]  checkOut处理51{itemName=, accountId=12, orderCode=888128692096058890, status=SUCCESS_TRADE, orderDate=2018-01-17, state=, cpCode=YTO, date=2018-01-18 17:59:29, itemId=eb339755-48ee-4ec1-96ad-33531a4232c3, msg=机器验货:订单校验成功！, stock=1, source=1, totalWeight=1300.0, barCode=6940971208095, personId=12, user=idzc16473350931, orderId=207199f9-edb6-41dd-be03-491521c84262}
2018-01-18 18:09:16  [ pool-1-thread-1:1080524 ] - [ ERROR ]  checkOut处理52{itemName=新韵XY229闪光键电子琴+Z架+礼包, accountId=12, orderCode=9702318614462, status=SUCCESS_TRADE, orderDate=2018-01-18, state=, cpCode=EYB, date=2018-01-18 18:03:53, itemId=bebf83ec-7371-4c02-a81f-d3b1258c0649, msg=机器验货:订单校验成功！, stock=1, source=1, totalWeight=8020.0, barCode=6930656267417, personId=12, user=zc16473350938, orderId=1c1a085d-4243-46db-9ad1-86601f24dac8}
2018-01-18 18:09:16  [ pool-1-thread-1:1080604 ] - [ ERROR ]  checkOut处理53{itemName=, accountId=12, orderCode=3956721243111, status=SUCCESS_TRADE, orderDate=2018-01-18, state=, cpCode=YUNDA, date=2018-01-18 18:02:00, itemId=3d013bde-15b8-4236-95b1-2a03c71cdd07, msg=机器验货:订单校验成功！, stock=1, source=1, totalWeight=1400.0, barCode=6950063786004, personId=12, user=idzc16473350918, orderId=ba3d4b89-3033-420b-a4fa-31465d8c892e}
2018-01-18 18:09:16  [ pool-1-thread-1:1080681 ] - [ ERROR ]  checkOut处理54{itemName=nan, accountId=12, weight=0, orderCode=3956721245030, status=FAIL_TRADE, cpCode=YUNDA, date=2018-01-18 17:59:57, itemId=, msg=机器验货:验货失败！商品与订单信息不匹配！, stock=1, source=1, barCode=6930656267417, personId=12, orderId=}
2018-01-18 18:09:16  [ pool-1-thread-1:1080758 ] - [ ERROR ]  checkOut处理55{itemName=, accountId=12, orderCode=3956721242725, status=SUCCESS_TRADE, orderDate=2018-01-18, state=, cpCode=YUNDA, date=2018-01-18 18:01:23, itemId=3d013bde-15b8-4236-95b1-2a03c71cdd07, msg=机器验货:订单校验成功！, stock=1, source=1, totalWeight=1400.0, barCode=6950063786004, personId=12, user=idzc16473350918, orderId=93382f58-d38a-476d-b136-53a488d4b17b}
2018-01-18 18:09:16  [ pool-1-thread-1:1080837 ] - [ ERROR ]  checkOut处理56{itemName=, accountId=12, orderCode=3956721242380, status=SUCCESS_TRADE, orderDate=2018-01-18, state=, cpCode=YUNDA, date=2018-01-18 18:02:01, itemId=3d013bde-15b8-4236-95b1-2a03c71cdd07, msg=机器验货:订单校验成功！, stock=1, source=1, totalWeight=1400.0, barCode=6950063786004, personId=12, user=idzc16473350918, orderId=8b2775b1-20d0-44ac-89ed-e7e361d5df82}
2018-01-18 18:09:16  [ pool-1-thread-1:1080913 ] - [ ERROR ]  checkOut处理57{itemName=, accountId=40, orderCode=3351152143418, status=SUCCESS_TRADE, orderDate=2018-01-18, state=江苏省, cpCode=STO, date=2018-01-18 18:00:29, itemId=22438, msg=人工验货:订单校验成功！, stock=1, source=2, totalWeight=2.3, barCode=6955578027840, personId=40, user=71, orderId=1798129}
2018-01-18 18:09:16  [ pool-1-thread-1:1080993 ] - [ ERROR ]  checkOut处理58{itemName=, accountId=12, orderCode=888123783950391224, status=FAIL_TRADE, orderDate=2018-01-17, state=, cpCode=YTO, date=2018-01-18 18:01:52, itemId=eb339755-48ee-4ec1-96ad-33531a4232c3, msg=机器验货:验货失败！商品与订单信息不匹配！, stock=1, source=1, totalWeight=2600.0, barCode=6940971208095, personId=12, user=idzc16473350931, orderId=d9d9566b-d8bb-468f-b401-c5c2d1274458}
2018-01-18 18:09:16  [ pool-1-thread-1:1081070 ] - [ ERROR ]  checkOut处理59{itemName=, accountId=12, orderCode=888123768545432638, status=SUCCESS_TRADE, orderDate=2018-01-17, state=, cpCode=YTO, date=2018-01-18 18:01:12, itemId=eb339755-48ee-4ec1-96ad-33531a4232c3, msg=机器验货:订单校验成功！, stock=1, source=1, totalWeight=3540.0, barCode=6940971208095, personId=12, user=idzc16473350931, orderId=fb15abe2-921a-4df1-9aa4-9d8cff7061a4}
2018-01-18 18:09:16  [ pool-1-thread-1:1081148 ] - [ ERROR ]  checkOut处理60{itemName=, accountId=12, orderCode=3351152584859, status=SUCCESS_TRADE, orderDate=2018-01-18, state=江苏省, cpCode=STO, date=2018-01-18 18:00:57, itemId=22438, msg=机器验货:订单校验成功！, stock=1, source=1, totalWeight=2.3, barCode=6955578027840, personId=12, user=71, orderId=1798088}
2018-01-18 18:09:16  [ pool-1-thread-1:1081226 ] - [ ERROR ]  checkOut处理61{itemName=, accountId=12, orderCode=888101009055523547, status=FAIL_TRADE, orderDate=2018-01-15, state=, cpCode=YTO, date=2018-01-18 18:03:57, itemId=eb339755-48ee-4ec1-96ad-33531a4232c3, msg=机器验货:验货失败！商品与订单信息不匹配！, stock=1, source=1, totalWeight=2600.0, barCode=6940971208095, personId=12, user=idzc16473350931, orderId=f47dfc3f-9ca9-4712-8f59-47ec1b45f4b5}
2018-01-18 18:09:16  [ pool-1-thread-1:1081304 ] - [ ERROR ]  checkOut处理62{itemName=, accountId=40, orderCode=3932520871155, status=SUCCESS_TRADE, orderDate=2018-01-17, state=, cpCode=YUNDA, date=2018-01-18 17:59:25, itemId=95090a19-2488-4dca-bf0f-4fa1390f37fb, msg=人工验货:订单校验成功！, stock=1, source=2, totalWeight=327250.0, barCode=6940971210388, personId=40, user=idzc16473350931, orderId=5a44f5aa-3b5c-4a46-a214-f5b929cfa46c}
2018-01-18 18:09:16  [ pool-1-thread-1:1081384 ] - [ ERROR ]  checkOut处理63{itemName=, accountId=12, orderCode=3351152507668, status=SUCCESS_TRADE, orderDate=2018-01-18, state=云南省, cpCode=STO, date=2018-01-18 18:01:10, itemId=22438, msg=机器验货:订单校验成功！, stock=1, source=1, totalWeight=2.3, barCode=6955578027840, personId=12, user=71, orderId=1798075}
2018-01-18 18:09:16  [ pool-1-thread-1:1081464 ] - [ ERROR ]  checkOut处理64{itemName=, accountId=40, orderCode=3932520871156, status=SUCCESS_TRADE, orderDate=2018-01-17, state=, cpCode=YUNDA, date=2018-01-18 17:59:34, itemId=95090a19-2488-4dca-bf0f-4fa1390f37fb, msg=人工验货:订单校验成功！, stock=1, source=2, totalWeight=327250.0, barCode=6940971210388, personId=40, user=idzc16473350931, orderId=5a44f5aa-3b5c-4a46-a214-f5b929cfa46c}
2018-01-18 18:09:17  [ pool-1-thread-1:1081544 ] - [ ERROR ]  checkOut处理65{itemName=, accountId=12, orderCode=888111631617553840, status=SUCCESS_TRADE, orderDate=2018-01-16, state=, cpCode=YTO, date=2018-01-18 18:00:07, itemId=eb339755-48ee-4ec1-96ad-33531a4232c3, msg=人工验货:订单校验成功！, stock=1, source=2, totalWeight=1300.0, barCode=6940971208095, personId=12, user=idzc16473350931, orderId=62d287ee-00d7-4ee6-8808-ae86c02d6892}
2018-01-18 18:09:17  [ pool-1-thread-1:1081623 ] - [ ERROR ]  checkOut处理66{itemName=, accountId=40, orderCode=888142112443250810, status=SUCCESS_TRADE, orderDate=2018-01-18, state=, cpCode=YTO, date=2018-01-18 18:00:23, itemId=a577a2e8-3ea1-4110-9030-6e7b389b2f37, msg=人工验货:订单校验成功！, stock=1, source=2, totalWeight=1280.0, barCode=6940971203069, personId=40, user=idzc16473350931, orderId=5a761334-3fc6-499a-8699-fd150655b94c}
2018-01-18 18:09:17  [ pool-1-thread-1:1081702 ] - [ ERROR ]  checkOut处理67{itemName=, accountId=12, orderCode=888123886539836678, status=SUCCESS_TRADE, orderDate=2018-01-17, state=, cpCode=YTO, date=2018-01-18 18:02:08, itemId=eb339755-48ee-4ec1-96ad-33531a4232c3, msg=机器验货:订单校验成功！, stock=1, source=1, totalWeight=2600.0, barCode=6940971208095, personId=12, user=idzc16473350931, orderId=d9d9566b-d8bb-468f-b401-c5c2d1274458}
2018-01-18 18:09:17  [ pool-1-thread-1:1081782 ] - [ ERROR ]  checkOut处理68{itemName=, accountId=12, orderCode=3956721242381, status=SUCCESS_TRADE, orderDate=2018-01-18, state=, cpCode=YUNDA, date=2018-01-18 18:01:13, itemId=3d013bde-15b8-4236-95b1-2a03c71cdd07, msg=机器验货:订单校验成功！, stock=1, source=1, totalWeight=1400.0, barCode=6950063786004, personId=12, user=idzc16473350918, orderId=a3fc3163-f4fe-43ae-b3db-a7e4028c7d2e}
2018-01-18 18:09:17  [ pool-1-thread-1:1081865 ] - [ ERROR ]  checkOut处理69{itemName=, accountId=12, orderCode=888114527473220517, status=SUCCESS_TRADE, orderDate=2018-01-16, state=, cpCode=YTO, date=2018-01-18 17:59:27, itemId=eb339755-48ee-4ec1-96ad-33531a4232c3, msg=机器验货:订单校验成功！, stock=1, source=1, totalWeight=1300.0, barCode=6940971208095, personId=12, user=idzc16473350931, orderId=0410693d-cfa7-44b4-9c32-e98b0de4a8d0}
2018-01-18 18:09:17  [ pool-1-thread-1:1081944 ] - [ ERROR ]  checkOut处理70{itemName=, accountId=12, orderCode=3956721242717, status=FAIL_TRADE, orderDate=2018-01-18, state=, cpCode=YUNDA, date=2018-01-18 18:00:18, itemId=a577a2e8-3ea1-4110-9030-6e7b389b2f37, msg=机器验货:验货失败！商品与订单信息不匹配！, stock=1, source=1, totalWeight=9600.0, barCode=6940971203069, personId=12, user=idzc16473350931, orderId=8b3f8688-26a7-4a77-ad24-df70309c4c2e}
2018-01-18 18:09:17  [ pool-1-thread-1:1082023 ] - [ ERROR ]  checkOut处理71{itemName=nan, accountId=40, weight=0, orderCode=3351152282788, status=FAIL_TRADE, cpCode=STO, date=2018-01-18 18:00:27, itemId=, msg=人工验货:重复扫描！【3351152282788】, stock=1, source=2, barCode=6955578027840, personId=40, orderId=}
2018-01-18 18:09:17  [ pool-1-thread-1:1082102 ] - [ ERROR ]  checkOut处理72{itemName=, accountId=12, orderCode=3956721242379, status=SUCCESS_TRADE, orderDate=2018-01-18, state=, cpCode=YUNDA, date=2018-01-18 18:00:49, itemId=3d013bde-15b8-4236-95b1-2a03c71cdd07, msg=机器验货:订单校验成功！, stock=1, source=1, totalWeight=1400.0, barCode=6950063786004, personId=12, user=idzc16473350918, orderId=29d5c193-2e7d-45b1-b245-812271fb8928}
2018-01-18 18:09:17  [ pool-1-thread-1:1082180 ] - [ ERROR ]  checkOut处理73{itemName=, accountId=12, orderCode=3932520871978, status=FAIL_TRADE, orderDate=2018-01-18, state=, cpCode=YUNDA, date=2018-01-18 18:01:00, itemId=790eef3a-24c0-41d0-9a42-0c731b6250a8, msg=机器验货:验货失败！商品与订单信息不匹配！, stock=1, source=1, totalWeight=50100.0, barCode=6940971211071, personId=12, user=idzc16473350931, orderId=2579bfd2-b708-4a83-a4ae-371062a4a3a0}
2018-01-18 18:09:17  [ pool-1-thread-1:1082258 ] - [ ERROR ]  checkOut处理74{itemName=, accountId=12, orderCode=888106517213472032, status=SUCCESS_TRADE, orderDate=2018-01-16, state=, cpCode=YTO, date=2018-01-18 18:00:23, itemId=eb339755-48ee-4ec1-96ad-33531a4232c3, msg=机器验货:订单校验成功！, stock=1, source=1, totalWeight=1300.0, barCode=6940971208095, personId=12, user=idzc16473350931, orderId=b12e4a69-c776-48a4-be2b-e59265660f5d}
2018-01-18 18:09:17  [ pool-1-thread-1:1082336 ] - [ ERROR ]  checkOut处理75{itemName=, accountId=12, orderCode=3351152507917, status=SUCCESS_TRADE, orderDate=2018-01-18, state=江苏省, cpCode=STO, date=2018-01-18 18:00:58, itemId=22438, msg=机器验货:订单校验成功！, stock=1, source=1, totalWeight=2.3, barCode=6955578027840, personId=12, user=71, orderId=1798080}
2018-01-18 18:09:17  [ pool-1-thread-1:1082414 ] - [ ERROR ]  checkOut处理76{itemName=, accountId=12, orderCode=3956721243110, status=SUCCESS_TRADE, orderDate=2018-01-18, state=, cpCode=YUNDA, date=2018-01-18 18:01:17, itemId=3d013bde-15b8-4236-95b1-2a03c71cdd07, msg=机器验货:订单校验成功！, stock=1, source=1, totalWeight=1400.0, barCode=6950063786004, personId=12, user=idzc16473350918, orderId=483b6058-c0ce-46c7-9a5d-662c886dbf9b}
2018-01-18 18:09:18  [ pool-1-thread-1:1082494 ] - [ ERROR ]  checkOut处理77{itemName=, accountId=12, orderCode=888106474719078092, status=SUCCESS_TRADE, orderDate=2018-01-16, state=, cpCode=YTO, date=2018-01-18 18:00:24, itemId=eb339755-48ee-4ec1-96ad-33531a4232c3, msg=机器验货:订单校验成功！, stock=1, source=1, totalWeight=1300.0, barCode=6940971208095, personId=12, user=idzc16473350931, orderId=4580eeb2-fd23-4252-aaf3-498af0abcbd3}
2018-01-18 18:09:18  [ pool-1-thread-1:1082574 ] - [ ERROR ]  checkOut处理78{itemName=nan, accountId=40, weight=0, orderCode=888106474729109305, status=FAIL_TRADE, cpCode=YTO, date=2018-01-18 18:00:28, itemId=, msg=人工验货:重复扫描！【888106474729109305】, stock=1, source=2, barCode=6940971208095, personId=40, orderId=}
2018-01-18 18:09:18  [ pool-1-thread-1:1082651 ] - [ ERROR ]  checkOut处理79{itemName=, accountId=12, orderCode=888106489793765961, status=SUCCESS_TRADE, orderDate=2018-01-16, state=, cpCode=YTO, date=2018-01-18 18:00:30, itemId=eb339755-48ee-4ec1-96ad-33531a4232c3, msg=机器验货:订单校验成功！, stock=1, source=1, totalWeight=1300.0, barCode=6940971208095, personId=12, user=idzc16473350931, orderId=b5e4c96d-eeca-408b-bcb6-ddca79d12fe2}
2018-01-18 18:09:18  [ pool-1-thread-1:1082729 ] - [ ERROR ]  checkOut处理80{itemName=, accountId=12, orderCode=3351152507899, status=SUCCESS_TRADE, orderDate=2018-01-18, state=湖南省, cpCode=STO, date=2018-01-18 18:00:27, itemId=22438, msg=机器验货:订单校验成功！, stock=1, source=1, totalWeight=2.3, barCode=6955578027840, personId=12, user=71, orderId=1798156}
2018-01-18 18:09:18  [ pool-1-thread-1:1082809 ] - [ ERROR ]  checkOut处理81{itemName=, accountId=12, orderCode=888128671921331628, status=SUCCESS_TRADE, orderDate=2018-01-17, state=, cpCode=YTO, date=2018-01-18 17:59:35, itemId=eb339755-48ee-4ec1-96ad-33531a4232c3, msg=机器验货:订单校验成功！, stock=1, source=1, totalWeight=1300.0, barCode=6940971208095, personId=12, user=idzc16473350931, orderId=5f7ede53-e584-4dc6-ad31-d372eb8dab35}
2018-01-18 18:09:18  [ pool-1-thread-1:1082888 ] - [ ERROR ]  checkOut处理82{itemName=, accountId=12, orderCode=888123760929078092, status=SUCCESS_TRADE, orderDate=2018-01-17, state=, cpCode=YTO, date=2018-01-18 18:01:50, itemId=eb339755-48ee-4ec1-96ad-33531a4232c3, msg=机器验货:订单校验成功！, stock=1, source=1, totalWeight=1300.0, barCode=6940971208095, personId=12, user=idzc16473350931, orderId=5fbf4299-cb17-49b5-b277-a035cfcb369f}
2018-01-18 18:09:18  [ pool-1-thread-1:1082967 ] - [ ERROR ]  checkOut处理83{itemName=, accountId=12, orderCode=888142082597735668, status=SUCCESS_TRADE, orderDate=2018-01-18, state=, cpCode=YTO, date=2018-01-18 18:03:22, itemId=653930a1-2f8a-4125-aa62-7b1df383f50f, msg=机器验货:订单校验成功！, stock=1, source=1, totalWeight=1700.0, barCode=6940971212238, personId=12, user=idzc16473350931, orderId=196f08b9-9a09-49b7-b00b-ec377c62a553}
2018-01-18 18:09:18  [ pool-1-thread-1:1083045 ] - [ ERROR ]  checkOut处理84{itemName=, accountId=40, orderCode=888142074231018496, status=SUCCESS_TRADE, orderDate=2018-01-18, state=, cpCode=YTO, date=2018-01-18 18:00:03, itemId=d7d847c9-86d7-4961-862c-660c310a2524, msg=人工验货:订单校验成功！, stock=1, source=2, totalWeight=1900.0, barCode=6940971202550, personId=40, user=idzc16473350931, orderId=0d3da4fd-513f-4dc2-ac92-2607d1407925}
2018-01-18 18:09:18  [ pool-1-thread-1:1083124 ] - [ ERROR ]  checkOut处理85{itemName=, accountId=40, orderCode=888123767958856870, status=SUCCESS_TRADE, orderDate=2018-01-17, state=, cpCode=YTO, date=2018-01-18 18:01:13, itemId=eb339755-48ee-4ec1-96ad-33531a4232c3, msg=人工验货:订单校验成功！, stock=1, source=2, totalWeight=1300.0, barCode=6940971208095, personId=40, user=idzc16473350931, orderId=c9b3c0d3-94e0-4199-83b3-1e826bd87451}
2018-01-18 18:09:18  [ pool-1-thread-1:1083203 ] - [ ERROR ]  checkOut处理86{itemName=, accountId=12, orderCode=888128692071391224, status=SUCCESS_TRADE, orderDate=2018-01-17, state=, cpCode=YTO, date=2018-01-18 17:59:29, itemId=eb339755-48ee-4ec1-96ad-33531a4232c3, msg=机器验货:订单校验成功！, stock=1, source=1, totalWeight=1300.0, barCode=6940971208095, personId=12, user=idzc16473350931, orderId=3bc35e38-ea14-4903-a36e-3bbf5577e842}
2018-01-18 18:09:18  [ pool-1-thread-1:1083281 ] - [ ERROR ]  checkOut处理87{itemName=, accountId=12, orderCode=888106517208745769, status=SUCCESS_TRADE, orderDate=2018-01-16, state=, cpCode=YTO, date=2018-01-18 18:00:21, itemId=eb339755-48ee-4ec1-96ad-33531a4232c3, msg=机器验货:订单校验成功！, stock=1, source=1, totalWeight=1300.0, barCode=6940971208095, personId=12, user=idzc16473350931, orderId=9a7afaa1-5b64-427b-a58a-88f7f63dd7d3}
2018-01-18 18:09:18  [ pool-1-thread-1:1083359 ] - [ ERROR ]  checkOut处理88{itemName=【黑白调】电脑椅子办公椅家用时尚网椅人体工学老板椅弓腿椅, accountId=40, orderCode=457056138814, status=SUCCESS_TRADE, orderDate=2018-01-18, state=浙江省, cpCode=SF, date=2018-01-18 18:08:19, itemId=14055, msg=人工验货:订单校验成功！, stock=1, source=2, totalWeight=12.0, barCode=2905540551259, personId=40, user=55, orderId=1793856}
2018-01-18 18:09:18  [ pool-1-thread-1:1083439 ] - [ ERROR ]  checkOut处理89{itemName=, accountId=40, orderCode=3351152508066, status=SUCCESS_TRADE, orderDate=2018-01-18, state=河北省, cpCode=STO, date=2018-01-18 18:00:26, itemId=22438, msg=人工验货:订单校验成功！, stock=1, source=2, totalWeight=2.3, barCode=6955578027840, personId=40, user=71, orderId=1798112}
2018-01-18 18:09:19  [ pool-1-thread-1:1083517 ] - [ ERROR ]  checkOut处理90{itemName=, accountId=12, orderCode=3932520871601, status=FAIL_TRADE, orderDate=2018-01-18, state=, cpCode=YUNDA, date=2018-01-18 18:01:07, itemId=790eef3a-24c0-41d0-9a42-0c731b6250a8, msg=机器验货:验货失败！商品与订单信息不匹配！, stock=1, source=1, totalWeight=50100.0, barCode=6940971211071, personId=12, user=idzc16473350931, orderId=2579bfd2-b708-4a83-a4ae-371062a4a3a0}
2018-01-18 18:09:19  [ pool-1-thread-1:1083602 ] - [ ERROR ]  checkOut处理91{itemName=, accountId=12, orderCode=3956721242048, status=SUCCESS_TRADE, orderDate=2018-01-18, state=, cpCode=YUNDA, date=2018-01-18 18:01:17, itemId=3d013bde-15b8-4236-95b1-2a03c71cdd07, msg=机器验货:订单校验成功！, stock=1, source=1, totalWeight=1400.0, barCode=6950063786004, personId=12, user=idzc16473350918, orderId=390b8aa7-4180-4190-8f34-0f0d2f8fa9e5}
2018-01-18 18:09:19  [ pool-1-thread-1:1083681 ] - [ ERROR ]  checkOut处理92{itemName=, accountId=12, orderCode=3932520872254, status=SUCCESS_TRADE, orderDate=2018-01-18, state=, cpCode=YUNDA, date=2018-01-18 18:01:25, itemId=3d013bde-15b8-4236-95b1-2a03c71cdd07, msg=机器验货:订单校验成功！, stock=1, source=1, totalWeight=1400.0, barCode=6950063786004, personId=12, user=idzc16473350918, orderId=f910ad01-fec4-46f9-a734-6bdfe4eaaf7e}
2018-01-18 18:09:19  [ pool-1-thread-1:1083758 ] - [ ERROR ]  checkOut处理93{itemName=, accountId=40, orderCode=3932520871052, status=SUCCESS_TRADE, orderDate=2018-01-17, state=, cpCode=YUNDA, date=2018-01-18 18:00:10, itemId=95090a19-2488-4dca-bf0f-4fa1390f37fb, msg=人工验货:订单校验成功！, stock=1, source=2, totalWeight=327250.0, barCode=6940971210388, personId=40, user=idzc16473350931, orderId=5a44f5aa-3b5c-4a46-a214-f5b929cfa46c}
2018-01-18 18:09:19  [ pool-1-thread-1:1083838 ] - [ ERROR ]  checkOut处理94{itemName=, accountId=40, orderCode=3932520871601, status=SUCCESS_TRADE, orderDate=2018-01-18, state=, cpCode=YUNDA, date=2018-01-18 18:01:09, itemId=790eef3a-24c0-41d0-9a42-0c731b6250a8, msg=人工验货:订单校验成功！, stock=1, source=2, totalWeight=50100.0, barCode=6940971211071, personId=40, user=idzc16473350931, orderId=2579bfd2-b708-4a83-a4ae-371062a4a3a0}
2018-01-18 18:09:19  [ pool-1-thread-1:1083931 ] - [ ERROR ]  checkOut处理95{itemName=, accountId=12, orderCode=3956721245411, status=FAIL_TRADE, orderDate=2018-01-18, state=, cpCode=YUNDA, date=2018-01-18 18:00:22, itemId=a577a2e8-3ea1-4110-9030-6e7b389b2f37, msg=机器验货:验货失败！商品与订单信息不匹配！, stock=1, source=1, totalWeight=1280.0, barCode=6940971203069, personId=12, user=idzc16473350931, orderId=3fca9180-31bb-43f4-a9ea-a51d60653ff2}
2018-01-18 18:09:19  [ pool-1-thread-1:1084010 ] - [ ERROR ]  checkOut处理96{itemName=, accountId=12, orderCode=888123792014068991, status=SUCCESS_TRADE, orderDate=2018-01-17, state=, cpCode=YTO, date=2018-01-18 18:01:41, itemId=eb339755-48ee-4ec1-96ad-33531a4232c3, msg=机器验货:订单校验成功！, stock=1, source=1, totalWeight=1300.0, barCode=6940971208095, personId=12, user=idzc16473350931, orderId=2072d308-adfd-43d6-90e2-77ac81e85870}
2018-01-18 18:09:19  [ pool-1-thread-1:1084089 ] - [ ERROR ]  checkOut处理97{itemName=, accountId=12, orderCode=888123791725189103, status=SUCCESS_TRADE, orderDate=2018-01-17, state=, cpCode=YTO, date=2018-01-18 18:00:28, itemId=eb339755-48ee-4ec1-96ad-33531a4232c3, msg=机器验货:订单校验成功！, stock=1, source=1, totalWeight=1300.0, barCode=6940971208095, personId=12, user=idzc16473350931, orderId=3aae32d0-1ef2-4e05-8bc1-e53cdbc78b3e}
2018-01-18 18:09:19  [ pool-1-thread-1:1084168 ] - [ ERROR ]  checkOut处理98{itemName=, accountId=12, orderCode=888106517203341729, status=SUCCESS_TRADE, orderDate=2018-01-16, state=, cpCode=YTO, date=2018-01-18 18:00:23, itemId=eb339755-48ee-4ec1-96ad-33531a4232c3, msg=机器验货:订单校验成功！, stock=1, source=1, totalWeight=1300.0, barCode=6940971208095, personId=12, user=idzc16473350931, orderId=cdef1dea-9148-4bf9-8659-75e3521b07db}
2018-01-18 18:09:19  [ pool-1-thread-1:1084246 ] - [ ERROR ]  checkOut处理99{itemName=, accountId=12, orderCode=3351152283155, status=SUCCESS_TRADE, orderDate=2018-01-18, state=黑龙江省, cpCode=STO, date=2018-01-18 18:01:09, itemId=22438, msg=机器验货:订单校验成功！, stock=1, source=1, totalWeight=2.3, barCode=6955578027840, personId=12, user=71, orderId=1798078}
2018-01-18 18:09:19  [ pool-1-thread-1:1084337 ] - [ ERROR ]  checkOut处理100{itemName=nan, accountId=40, weight=0, orderCode=3956721241350, status=FAIL_TRADE, cpCode=YUNDA, date=2018-01-18 18:06:24, itemId=, msg=人工验货:验货失败！商品与订单信息不匹配！, stock=1, source=2, barCode=6940971203632, personId=40, orderId=}
2018-01-18 18:09:19  [ pool-1-thread-1:1084414 ] - [ ERROR ]  checkOut处理101{itemName=, accountId=12, orderCode=3956721242717, status=SUCCESS_TRADE, orderDate=2018-01-18, state=, cpCode=YUNDA, date=2018-01-18 18:02:13, itemId=a577a2e8-3ea1-4110-9030-6e7b389b2f37, msg=人工验货:订单校验成功！, stock=1, source=2, totalWeight=9600.0, barCode=6940971203069, personId=12, user=idzc16473350931, orderId=8b3f8688-26a7-4a77-ad24-df70309c4c2e}
2018-01-18 18:09:20  [ pool-1-thread-1:1084493 ] - [ ERROR ]  checkOut处理102{itemName=, accountId=12, orderCode=888142239893109305, status=SUCCESS_TRADE, orderDate=2018-01-18, state=, cpCode=YTO, date=2018-01-18 17:59:26, itemId=3d013bde-15b8-4236-95b1-2a03c71cdd07, msg=机器验货:订单校验成功！, stock=1, source=1, totalWeight=1400.0, barCode=6950063786004, personId=12, user=idzc16473350918, orderId=c9d98aca-fe28-46a3-b25f-4ff753f9cd76}
2018-01-18 18:09:20  [ pool-1-thread-1:1084571 ] - [ ERROR ]  checkOut处理103{itemName=, accountId=12, orderCode=3956721244662, status=SUCCESS_TRADE, orderDate=2018-01-18, state=, cpCode=YUNDA, date=2018-01-18 18:00:50, itemId=3d013bde-15b8-4236-95b1-2a03c71cdd07, msg=机器验货:订单校验成功！, stock=1, source=1, totalWeight=1400.0, barCode=6950063786004, personId=12, user=idzc16473350918, orderId=39f53306-cd31-4efd-bb84-eaf4bff69ce7}
2018-01-18 18:09:20  [ pool-1-thread-1:1084649 ] - [ ERROR ]  checkOut处理104{itemName=, accountId=12, orderCode=3956721243105, status=SUCCESS_TRADE, orderDate=2018-01-18, state=, cpCode=YUNDA, date=2018-01-18 18:04:51, itemId=d7d847c9-86d7-4961-862c-660c310a2524, msg=人工验货:订单校验成功！, stock=1, source=2, totalWeight=7600.0, barCode=6940971202550, personId=12, user=idzc16473350931, orderId=99a2f871-aee6-467b-8401-74247c2f4240}
2018-01-18 18:09:20  [ pool-1-thread-1:1084726 ] - [ ERROR ]  checkOut处理105{itemName=, accountId=12, orderCode=888142269401533648, status=SUCCESS_TRADE, orderDate=2018-01-18, state=, cpCode=YTO, date=2018-01-18 17:59:25, itemId=3d013bde-15b8-4236-95b1-2a03c71cdd07, msg=机器验货:订单校验成功！, stock=1, source=1, totalWeight=1400.0, barCode=6950063786004, personId=12, user=idzc16473350918, orderId=48ce5234-9db8-4e4a-8541-2397f8b06e6b}
2018-01-18 18:09:20  [ pool-1-thread-1:1084804 ] - [ ERROR ]  checkOut处理106{itemName=nan, accountId=40, weight=0, orderCode=888123760929078092, status=FAIL_TRADE, cpCode=YTO, date=2018-01-18 18:02:00, itemId=, msg=人工验货:重复扫描！【888123760929078092】, stock=1, source=2, barCode=6940971208095, personId=40, orderId=}
2018-01-18 18:09:20  [ pool-1-thread-1:1084882 ] - [ ERROR ]  checkOut处理107{itemName=, accountId=40, orderCode=3956721245411, status=SUCCESS_TRADE, orderDate=2018-01-18, state=, cpCode=YUNDA, date=2018-01-18 18:00:24, itemId=a577a2e8-3ea1-4110-9030-6e7b389b2f37, msg=人工验货:订单校验成功！, stock=1, source=2, totalWeight=1280.0, barCode=6940971203069, personId=40, user=idzc16473350931, orderId=3fca9180-31bb-43f4-a9ea-a51d60653ff2}
2018-01-18 18:09:20  [ pool-1-thread-1:1084958 ] - [ ERROR ]  checkOut处理108{itemName=, accountId=12, orderCode=3956721244243, status=SUCCESS_TRADE, orderDate=2018-01-18, state=, cpCode=YUNDA, date=2018-01-18 18:01:24, itemId=3d013bde-15b8-4236-95b1-2a03c71cdd07, msg=机器验货:订单校验成功！, stock=1, source=1, totalWeight=1400.0, barCode=6950063786004, personId=12, user=idzc16473350918, orderId=5b70d2de-24f2-474a-8e1d-80c26eb54b39}
2018-01-18 18:09:20  [ pool-1-thread-1:1085034 ] - [ ERROR ]  checkOut处理109{itemName=, accountId=12, orderCode=3956721242049, status=SUCCESS_TRADE, orderDate=2018-01-18, state=, cpCode=YUNDA, date=2018-01-18 18:01:01, itemId=3d013bde-15b8-4236-95b1-2a03c71cdd07, msg=机器验货:订单校验成功！, stock=1, source=1, totalWeight=1400.0, barCode=6950063786004, personId=12, user=idzc16473350918, orderId=a74c4a94-a989-42fd-848a-cdf52e0a7961}
2018-01-18 18:09:20  [ pool-1-thread-1:1085114 ] - [ ERROR ]  checkOut处理110{itemName=, accountId=12, orderCode=888123754499725567, status=SUCCESS_TRADE, orderDate=2018-01-17, state=, cpCode=YTO, date=2018-01-18 18:01:19, itemId=eb339755-48ee-4ec1-96ad-33531a4232c3, msg=机器验货:订单校验成功！, stock=1, source=1, totalWeight=1300.0, barCode=6940971208095, personId=12, user=idzc16473350931, orderId=21c22fad-4906-42ed-84bf-81272c12dbd2}
2018-01-18 18:09:20  [ pool-1-thread-1:1085192 ] - [ ERROR ]  checkOut处理111{itemName=, accountId=12, orderCode=3956721243856, status=SUCCESS_TRADE, orderDate=2018-01-18, state=, cpCode=YUNDA, date=2018-01-18 18:01:32, itemId=3d013bde-15b8-4236-95b1-2a03c71cdd07, msg=机器验货:订单校验成功！, stock=1, source=1, totalWeight=1400.0, barCode=6950063786004, personId=12, user=idzc16473350918, orderId=ae7c1488-b6b8-4199-a191-b58333d35024}
2018-01-18 18:09:20  [ pool-1-thread-1:1085270 ] - [ ERROR ]  checkOut处理112{itemName=, accountId=12, orderCode=888114542948705365, status=SUCCESS_TRADE, orderDate=2018-01-16, state=, cpCode=YTO, date=2018-01-18 17:59:27, itemId=eb339755-48ee-4ec1-96ad-33531a4232c3, msg=机器验货:订单校验成功！, stock=1, source=1, totalWeight=1300.0, barCode=6940971208095, personId=12, user=idzc16473350931, orderId=0c21215c-8416-4b7a-af4d-47bf5e29bf20}
2018-01-18 18:09:20  [ pool-1-thread-1:1085347 ] - [ ERROR ]  checkOut处理113{itemName=, accountId=12, orderCode=3956721242037, status=SUCCESS_TRADE, orderDate=2018-01-18, state=, cpCode=YUNDA, date=2018-01-18 18:00:39, itemId=790eef3a-24c0-41d0-9a42-0c731b6250a8, msg=人工验货:订单校验成功！, stock=1, source=2, totalWeight=50100.0, barCode=6940971211071, personId=12, user=idzc16473350931, orderId=2579bfd2-b708-4a83-a4ae-371062a4a3a0}
2018-01-18 18:09:20  [ pool-1-thread-1:1085425 ] - [ ERROR ]  checkOut处理114{itemName=, accountId=40, orderCode=3932520870772, status=SUCCESS_TRADE, orderDate=2018-01-17, state=, cpCode=YUNDA, date=2018-01-18 18:00:48, itemId=95090a19-2488-4dca-bf0f-4fa1390f37fb, msg=人工验货:订单校验成功！, stock=1, source=2, totalWeight=327250.0, barCode=6940971210388, personId=40, user=idzc16473350931, orderId=5a44f5aa-3b5c-4a46-a214-f5b929cfa46c}
2018-01-18 18:09:21  [ pool-1-thread-1:1085502 ] - [ ERROR ]  checkOut处理115{itemName=nan, accountId=40, weight=0, orderCode=3351152727941, status=FAIL_TRADE, cpCode=STO, date=2018-01-18 18:00:31, itemId=, msg=人工验货:重复扫描！【3351152727941】, stock=1, source=2, barCode=6955578027840, personId=40, orderId=}
2018-01-18 18:09:21  [ pool-1-thread-1:1085581 ] - [ ERROR ]  checkOut处理116{itemName=, accountId=12, orderCode=3932520871055, status=FAIL_TRADE, orderDate=2018-01-17, state=, cpCode=YUNDA, date=2018-01-18 18:01:16, itemId=95090a19-2488-4dca-bf0f-4fa1390f37fb, msg=机器验货:验货失败！商品与订单信息不匹配！, stock=1, source=1, totalWeight=327250.0, barCode=6940971210388, personId=12, user=idzc16473350931, orderId=5a44f5aa-3b5c-4a46-a214-f5b929cfa46c}
2018-01-18 18:09:21  [ pool-1-thread-1:1085660 ] - [ ERROR ]  checkOut处理117{itemName=, accountId=40, orderCode=888123783950391224, status=SUCCESS_TRADE, orderDate=2018-01-17, state=, cpCode=YTO, date=2018-01-18 18:01:59, itemId=eb339755-48ee-4ec1-96ad-33531a4232c3, msg=人工验货:订单校验成功！, stock=1, source=2, totalWeight=2600.0, barCode=6940971208095, personId=40, user=idzc16473350931, orderId=d9d9566b-d8bb-468f-b401-c5c2d1274458}
2018-01-18 18:09:21  [ pool-1-thread-1:1085723 ] - [ ERROR ]  订单不存在自动补录!
2018-01-18 18:09:21  [ pool-1-thread-1:1086113 ] - [ ERROR ]  订单接单
2018-01-18 18:09:22  [ pool-1-thread-1:1086508 ] - [ ERROR ]  订单接单完成！0
