2018-01-16 13:51:57  [ 17119000@qtp-21837703-5:6430 ] - [ ERROR ]  account is null
2018-01-16 13:52:00  [ pool-1-thread-1:8773 ] - [ ERROR ]  订单接单
2018-01-16 13:52:03  [ 17119000@qtp-21837703-5:12667 ] - [ ERROR ]  account dao impl logger!
2018-01-16 13:52:03  [ pool-1-thread-1:12707 ] - [ ERROR ]  订单接单IDbf9fa740-0d46-40a4-a98c-7084c0d3f073
2018-01-16 13:52:03  [ 17119000@qtp-21837703-5:12729 ] - [ ERROR ]  SELECT T.*
		FROM t_xinyu_account T where 1=1
2018-01-16 13:52:04  [ pool-1-thread-1:12958 ] - [ ERROR ]  订单接单ID621f223a-316d-4978-8de1-447063d3a95d
2018-01-16 13:52:04  [ pool-1-thread-1:13232 ] - [ ERROR ]  订单接单ID792d7f76-f771-418c-b07a-2bbd8e8f4e2c
2018-01-16 13:52:04  [ pool-1-thread-1:13514 ] - [ ERROR ]  订单接单IDf64a857b-e80c-4dab-9560-6526d7b51681
2018-01-16 13:52:05  [ pool-1-thread-1:13783 ] - [ ERROR ]  订单接单IDf090ffe8-7493-4a54-ab9e-469750470152
2018-01-16 13:52:05  [ pool-1-thread-1:14066 ] - [ ERROR ]  订单接单ID81eba5a7-7d8d-4a84-b9c2-9733bdd40c8c
2018-01-16 13:52:05  [ pool-1-thread-1:14336 ] - [ ERROR ]  订单接单ID36f1f64a-accd-4a8a-915a-9feb274141e3
2018-01-16 13:52:05  [ pool-1-thread-1:14604 ] - [ ERROR ]  订单接单ID89cb7882-8771-440c-b5b3-996fcc3611f5
2018-01-16 13:52:06  [ pool-1-thread-1:14889 ] - [ ERROR ]  订单接单ID5b046a40-2c41-466c-9284-4ce9d99cf1ba
2018-01-16 13:52:06  [ pool-1-thread-1:15146 ] - [ ERROR ]  订单接单ID71e6c6f8-e48f-48e4-b3ae-eebc1e0b65c1
2018-01-16 13:52:06  [ pool-1-thread-1:15401 ] - [ ERROR ]  订单接单ID4a7cd03f-9298-474a-b0c6-f2a8bfe774fe
2018-01-16 13:52:06  [ pool-1-thread-1:15651 ] - [ ERROR ]  订单接单ID9a85d095-f583-45a4-b41b-896e42360b1f
2018-01-16 13:52:07  [ pool-1-thread-1:15931 ] - [ ERROR ]  订单接单IDddf9e38c-a21b-4149-87f9-a051ddbbec0c
2018-01-16 13:52:07  [ pool-1-thread-1:16189 ] - [ ERROR ]  订单接单ID407bc3b5-35c4-4bcf-98ff-50d61ae63848
2018-01-16 13:52:07  [ pool-1-thread-1:16439 ] - [ ERROR ]  订单接单ID87bf97d8-7ed3-469e-8dee-b7fe8739fc6e
2018-01-16 13:52:07  [ pool-1-thread-1:16706 ] - [ ERROR ]  订单接单IDedb85274-041e-4b75-8ee4-505b8f0bcbd2
2018-01-16 13:52:08  [ pool-1-thread-1:16994 ] - [ ERROR ]  订单接单ID62e7d102-fe99-47b9-8e96-1282853c94a4
2018-01-16 13:52:08  [ 31913250@qtp-21837703-6:17046 ] - [ ERROR ]  account is not null;
2018-01-16 13:52:08  [ 31913250@qtp-21837703-6:17046 ] - [ ERROR ]  account is null
2018-01-16 13:52:08  [ pool-1-thread-1:17243 ] - [ ERROR ]  订单接单ID4dbfaf68-e497-44f9-b10a-686aca3bf6bc
2018-01-16 13:52:08  [ pool-1-thread-1:17508 ] - [ ERROR ]  订单接单IDae892880-3a80-41e8-ae2b-e0c475bf61eb
2018-01-16 13:52:09  [ pool-1-thread-1:17782 ] - [ ERROR ]  订单接单ID5290e161-43b0-4904-b81f-a76a2dbe7f67
2018-01-16 13:52:09  [ pool-1-thread-1:18053 ] - [ ERROR ]  订单接单IDae335c13-2e99-4241-b9ce-a401dd064915
2018-01-16 13:52:09  [ pool-1-thread-1:18314 ] - [ ERROR ]  订单接单ID2a2ac3af-00ba-481a-be46-a4223943115c
2018-01-16 13:52:09  [ pool-1-thread-1:18571 ] - [ ERROR ]  订单接单IDd1b715f7-b95c-4f02-b09b-5cdaadb39519
2018-01-16 13:52:10  [ pool-1-thread-1:18837 ] - [ ERROR ]  订单接单IDf6986542-d223-4e9e-8832-5f762fcc94f4
2018-01-16 13:52:10  [ pool-1-thread-1:19106 ] - [ ERROR ]  订单接单ID1338c690-4dd6-4d71-a60e-6bb0960a3e67
2018-01-16 13:52:10  [ pool-1-thread-1:19373 ] - [ ERROR ]  订单接单ID0e6ccd7e-2058-4bb8-9cf9-d551d482ddda
2018-01-16 13:52:10  [ pool-1-thread-1:19639 ] - [ ERROR ]  订单接单IDbb2522f4-f43a-4e87-8412-6654065ca4b4
2018-01-16 13:52:11  [ pool-1-thread-1:19893 ] - [ ERROR ]  订单接单IDdf59db28-09d0-4a2b-a98c-ad8e0fd6bd6f
2018-01-16 13:52:11  [ pool-1-thread-1:20138 ] - [ ERROR ]  订单接单ID2ce7b068-d4bb-44b2-b1e9-189d3d36da95
2018-01-16 13:52:11  [ pool-1-thread-1:20380 ] - [ ERROR ]  订单接单IDfa95e48e-9d00-497c-a056-141c7147c179
2018-01-16 13:52:11  [ pool-1-thread-1:20633 ] - [ ERROR ]  订单接单ID22e45368-0fae-48a8-a151-586e75eacb5b
2018-01-16 13:52:12  [ pool-1-thread-1:20892 ] - [ ERROR ]  订单接单IDf335175e-be8c-48d7-a749-2a2e369117c0
2018-01-16 13:52:12  [ pool-1-thread-1:21170 ] - [ ERROR ]  订单接单IDf94b81cf-c7c8-4c66-a3a0-5b3b00ca7f51
2018-01-16 13:52:12  [ pool-1-thread-1:21430 ] - [ ERROR ]  订单接单ID985fed7e-82f8-4211-b019-41221b1db87d
2018-01-16 13:52:12  [ pool-1-thread-1:21697 ] - [ ERROR ]  订单接单IDb6154c92-9804-4a9e-81b8-bb76aec08632
2018-01-16 13:52:13  [ pool-1-thread-1:21959 ] - [ ERROR ]  订单接单IDba22b85e-71ec-4ed4-b0a6-be87fea2e4e6
2018-01-16 13:52:13  [ pool-1-thread-1:22223 ] - [ ERROR ]  订单接单ID8a368570-e4a3-49ba-8526-e2b003f887be
2018-01-16 13:52:13  [ pool-1-thread-1:22479 ] - [ ERROR ]  订单接单IDa1448c48-e7ec-4f43-a04b-4c660fcd0471
2018-01-16 13:52:13  [ pool-1-thread-1:22743 ] - [ ERROR ]  订单接单ID8449ee4e-bd3e-476b-b32c-171a1bafe6ee
2018-01-16 13:52:14  [ pool-1-thread-1:23017 ] - [ ERROR ]  订单接单ID77ca9a35-3e22-43ef-b184-101d506e1785
2018-01-16 13:52:14  [ pool-1-thread-1:23283 ] - [ ERROR ]  订单接单IDed175e60-8c08-48bc-940c-262c7b5f513b
2018-01-16 13:52:14  [ pool-1-thread-1:23540 ] - [ ERROR ]  订单接单IDa634c668-5563-47df-8771-e05437f2649e
2018-01-16 13:52:15  [ pool-1-thread-1:23793 ] - [ ERROR ]  订单接单ID1e8864c3-feb7-4489-bd2e-5580e44e37fd
2018-01-16 13:52:15  [ pool-1-thread-1:24045 ] - [ ERROR ]  订单接单IDccc7de7b-f5ea-459b-859e-d32da2529a0e
2018-01-16 13:52:15  [ pool-1-thread-1:24300 ] - [ ERROR ]  订单接单ID726897db-50e7-4739-be50-ec134c50ca58
2018-01-16 13:52:15  [ pool-1-thread-1:24569 ] - [ ERROR ]  订单接单IDb369ef5f-384a-40bc-ac98-cb8500ff9abd
2018-01-16 13:52:16  [ pool-1-thread-1:24836 ] - [ ERROR ]  订单接单ID19514e4e-dd3b-49cb-9387-6552f783c843
2018-01-16 13:52:16  [ pool-1-thread-1:25098 ] - [ ERROR ]  订单接单ID9fd90341-ae78-4f65-b17a-a26276fbc541
2018-01-16 13:52:16  [ pool-1-thread-1:25355 ] - [ ERROR ]  订单接单ID8fe711de-6aa8-4b51-9639-2c0de1325f79
2018-01-16 13:52:16  [ pool-1-thread-1:25625 ] - [ ERROR ]  订单接单ID5c3db607-86f1-45b2-8bf3-a8e651b03e66
2018-01-16 13:52:17  [ pool-1-thread-1:25888 ] - [ ERROR ]  订单接单ID8fc86db6-4791-42b4-8062-bb70e60eca8b
2018-01-16 13:52:17  [ pool-1-thread-1:26140 ] - [ ERROR ]  订单接单IDb9750d08-4a72-4236-b291-ee15bd13bee1
2018-01-16 13:52:17  [ pool-1-thread-1:26391 ] - [ ERROR ]  订单接单ID4ed44a35-307d-4fb9-9c74-5f24aef9f325
2018-01-16 13:52:17  [ pool-1-thread-1:26651 ] - [ ERROR ]  订单接单ID20a23f71-67dc-4ace-a32e-798d7e999ee6
2018-01-16 13:52:18  [ pool-1-thread-1:26907 ] - [ ERROR ]  订单接单IDd4cfbb22-90da-4c8a-be1d-7350b5a872bf
2018-01-16 13:52:18  [ pool-1-thread-1:27165 ] - [ ERROR ]  订单接单ID41dc8d2c-38c3-48be-aac0-f5e581284483
2018-01-16 13:52:18  [ pool-1-thread-1:27426 ] - [ ERROR ]  订单接单ID64ced29c-1654-44cd-9765-825db076a760
2018-01-16 13:52:18  [ pool-1-thread-1:27681 ] - [ ERROR ]  订单接单ID1d5e6295-c7f1-4b2b-9389-3ab398bfd9d1
2018-01-16 13:52:19  [ pool-1-thread-1:27961 ] - [ ERROR ]  订单接单IDfc9c6241-7b6f-450d-8259-80815f77f0ea
2018-01-16 13:52:19  [ pool-1-thread-1:28214 ] - [ ERROR ]  订单接单ID78d0d53a-fed4-4688-a373-6439c8c3521a
2018-01-16 13:52:19  [ pool-1-thread-1:28490 ] - [ ERROR ]  订单接单ID5483c194-c2ab-471b-a91c-cb6eecf399ee
2018-01-16 13:52:19  [ pool-1-thread-1:28748 ] - [ ERROR ]  订单接单IDf327b50f-99bb-47ee-9af5-191c46112d0d
2018-01-16 13:52:20  [ pool-1-thread-1:29013 ] - [ ERROR ]  订单接单ID7bc398d5-45ba-473f-93f3-496a71343744
2018-01-16 13:52:20  [ pool-1-thread-1:29276 ] - [ ERROR ]  订单接单ID6ee0e4df-70b0-45d0-82fc-853b817f1ba3
2018-01-16 13:52:20  [ pool-1-thread-1:29539 ] - [ ERROR ]  订单接单IDc2185fd4-9963-41f7-82f8-f2085fd09a16
2018-01-16 13:52:21  [ pool-1-thread-1:29813 ] - [ ERROR ]  订单接单ID016e6770-31c9-4a0a-910a-60c2a0a15434
2018-01-16 13:52:21  [ pool-1-thread-1:30060 ] - [ ERROR ]  订单接单ID6ed63184-6fd5-44f9-b6a8-2e3c4b3cb57f
2018-01-16 13:52:21  [ pool-1-thread-1:30312 ] - [ ERROR ]  订单接单ID7abb9205-67a2-43b9-b5cb-59cef67fb820
2018-01-16 13:52:21  [ pool-1-thread-1:30559 ] - [ ERROR ]  订单接单ID80d310ba-9143-40df-9a50-a46daf366f90
2018-01-16 13:52:22  [ pool-1-thread-1:30828 ] - [ ERROR ]  订单接单ID83617bc7-7c15-418c-9991-28759133004b
2018-01-16 13:52:22  [ pool-1-thread-1:31105 ] - [ ERROR ]  订单接单ID88f1c6d0-4073-4ada-b2dd-743c1e9b6722
2018-01-16 13:52:22  [ pool-1-thread-1:31359 ] - [ ERROR ]  订单接单ID54ce835b-48a4-4eb3-90fc-ff0567bd7cbb
2018-01-16 13:52:23  [ pool-1-thread-1:31868 ] - [ ERROR ]  订单接单IDb887847a-4695-4aa3-963a-7117ca6f24a1
2018-01-16 13:52:23  [ pool-1-thread-1:32113 ] - [ ERROR ]  订单接单ID97cc209a-afed-4b9e-90a9-4e62c82e16ef
2018-01-16 13:52:23  [ pool-1-thread-1:32359 ] - [ ERROR ]  订单接单ID326f93cf-567e-4efc-aaf0-00efbf0c3255
2018-01-16 13:52:23  [ pool-1-thread-1:32604 ] - [ ERROR ]  订单接单ID7b32a223-3e42-455b-9551-008a39837e94
2018-01-16 13:52:24  [ pool-1-thread-1:32851 ] - [ ERROR ]  订单接单ID6eae0cbe-f6ff-451c-8eb4-0315ffea5180
2018-01-16 13:52:24  [ pool-1-thread-1:33112 ] - [ ERROR ]  订单接单ID1eab8c4b-50d2-4f2a-a073-ab656ca2ccb2
2018-01-16 13:52:24  [ pool-1-thread-1:33361 ] - [ ERROR ]  订单接单ID6385b3f7-45db-4a5d-a1f4-3927c4b7f035
2018-01-16 13:52:24  [ pool-1-thread-1:33616 ] - [ ERROR ]  订单接单IDc3e272b8-fcfb-41a9-9a75-b83f61e6a266
2018-01-16 13:52:25  [ pool-1-thread-1:33861 ] - [ ERROR ]  订单接单IDdec7014c-474e-43b5-9adb-12a9ca81ffb4
2018-01-16 13:52:25  [ pool-1-thread-1:34123 ] - [ ERROR ]  订单接单ID38ebbb05-a382-4069-bb42-2035c9333ff2
2018-01-16 13:52:25  [ pool-1-thread-1:34369 ] - [ ERROR ]  订单接单ID7f302076-76cd-4617-b607-00f3082bfb13
2018-01-16 13:52:25  [ pool-1-thread-1:34628 ] - [ ERROR ]  订单接单IDf77dc120-32ee-43f9-89cd-fc9634fb4265
2018-01-16 13:52:26  [ pool-1-thread-1:34893 ] - [ ERROR ]  订单接单IDad86ab4c-1b58-458f-a711-95b3d053906d
2018-01-16 13:52:26  [ pool-1-thread-1:35142 ] - [ ERROR ]  订单接单ID9202ad66-21fe-47d9-bed9-d52765e75e8e
2018-01-16 13:52:26  [ pool-1-thread-1:35391 ] - [ ERROR ]  订单接单IDc70732d8-01ca-4b1b-bd4e-6c888d0f9810
2018-01-16 13:52:26  [ pool-1-thread-1:35634 ] - [ ERROR ]  订单接单ID2438d10c-903f-41ca-a747-ae75565be91d
2018-01-16 13:52:27  [ pool-1-thread-1:35890 ] - [ ERROR ]  订单接单ID3b70d194-4434-4479-97e4-ef313097512c
2018-01-16 13:52:27  [ pool-1-thread-1:36387 ] - [ ERROR ]  订单接单ID77c7df89-5ddc-4b84-bbac-cfb31731bf4a
2018-01-16 13:52:27  [ pool-1-thread-1:36637 ] - [ ERROR ]  订单接单ID5f45320d-d7ec-4528-9068-57d392ddc94e
2018-01-16 13:52:28  [ pool-1-thread-1:36876 ] - [ ERROR ]  订单接单ID54880561-66dd-4170-a4c8-92a1ddeb0394
2018-01-16 13:52:28  [ pool-1-thread-1:37121 ] - [ ERROR ]  订单接单ID4cceac5d-f686-4be8-b97a-acb053db4a2d
2018-01-16 13:52:28  [ pool-1-thread-1:37360 ] - [ ERROR ]  订单接单ID2198aed5-05ef-4ab6-8dfb-ff2ef3d24f3a
2018-01-16 13:52:28  [ pool-1-thread-1:37619 ] - [ ERROR ]  订单接单IDe010b937-7b25-4dbe-9aa8-894643320cd1
2018-01-16 13:52:29  [ pool-1-thread-1:37878 ] - [ ERROR ]  订单接单ID3192baaa-2546-41af-bfd4-1c01ceb17c44
2018-01-16 13:52:29  [ pool-1-thread-1:38136 ] - [ ERROR ]  订单接单IDc5895fb4-b82f-4a87-b6b6-84ae09ce7549
2018-01-16 13:52:29  [ pool-1-thread-1:38405 ] - [ ERROR ]  订单接单ID6a5a5754-07e5-4536-89bc-6fa7e6c0941d
2018-01-16 13:52:29  [ pool-1-thread-1:38663 ] - [ ERROR ]  订单接单ID064cc61f-cb18-48b1-8099-24854b624a79
2018-01-16 13:52:30  [ pool-1-thread-1:38902 ] - [ ERROR ]  订单接单IDc8e740aa-0851-4d88-959c-8faab0bae38e
2018-01-16 13:52:30  [ pool-1-thread-1:39147 ] - [ ERROR ]  订单接单IDa9ea5970-22ed-4435-b48c-5a36e0e6644a
2018-01-16 13:52:30  [ pool-1-thread-1:39393 ] - [ ERROR ]  订单接单ID42ae19f1-dc7c-42e7-94ec-868fb6eac531
2018-01-16 13:52:30  [ pool-1-thread-1:39643 ] - [ ERROR ]  订单接单IDa2168b8d-cb66-45d2-91c2-02ca0e0864c7
2018-01-16 13:52:31  [ pool-1-thread-1:39903 ] - [ ERROR ]  订单接单IDab32f2d9-021d-4ac2-b12d-bfe9b6ab6994
2018-01-16 13:52:31  [ pool-1-thread-1:40140 ] - [ ERROR ]  订单接单ID3793dcd8-c5d1-479c-9804-5e696d48deba
2018-01-16 13:52:31  [ pool-1-thread-1:40406 ] - [ ERROR ]  订单接单IDdc89b4cd-835b-44c3-a453-88f321ade04d
2018-01-16 13:52:31  [ pool-1-thread-1:40677 ] - [ ERROR ]  订单接单IDf8b9c0eb-9278-4407-a148-b37af1722bb9
2018-01-16 13:52:32  [ pool-1-thread-1:40922 ] - [ ERROR ]  订单接单IDa58ccc1f-58e0-4a2c-81c8-09abc89612c9
2018-01-16 13:52:32  [ pool-1-thread-1:41175 ] - [ ERROR ]  订单接单ID41703945-0c5f-4f1d-a56c-2f446cf9d576
2018-01-16 13:52:32  [ pool-1-thread-1:41427 ] - [ ERROR ]  订单接单ID8d8b4533-482c-4259-8e75-5620aa41720a
2018-01-16 13:52:32  [ pool-1-thread-1:41685 ] - [ ERROR ]  订单接单ID37de7c44-697b-4bd6-8e5b-f804c4a5ff82
2018-01-16 13:52:33  [ pool-1-thread-1:41935 ] - [ ERROR ]  订单接单ID0324fc22-e1fa-41ce-8e69-6d6fa16534d6
2018-01-16 13:52:33  [ pool-1-thread-1:42173 ] - [ ERROR ]  订单接单ID5b67aa2f-c68f-47ad-adb3-726b21ed2267
2018-01-16 13:52:33  [ pool-1-thread-1:42426 ] - [ ERROR ]  订单接单IDa78be8f1-a730-4b39-9f7f-90acdb3b2936
2018-01-16 13:52:33  [ pool-1-thread-1:42669 ] - [ ERROR ]  订单接单ID4000f6f9-8742-416b-b3a9-8c2ad55a9df4
2018-01-16 13:52:34  [ pool-1-thread-1:42908 ] - [ ERROR ]  订单接单ID422e4279-6872-4a68-ad1a-0f7831d7ce38
2018-01-16 13:52:34  [ pool-1-thread-1:43138 ] - [ ERROR ]  订单接单ID6d0d2332-8928-4018-9922-de365651184e
2018-01-16 13:52:34  [ pool-1-thread-1:43138 ] - [ ERROR ]  订单接单完成！117
2018-01-16 13:56:00  [ pool-1-thread-1:248777 ] - [ ERROR ]  订单接单
2018-01-16 13:56:00  [ pool-1-thread-1:249656 ] - [ ERROR ]  订单接单IDbe174c57-faca-4cd1-a745-def8f3007478
2018-01-16 13:56:01  [ pool-1-thread-1:250210 ] - [ ERROR ]  订单接单ID2b67f4fb-3def-460c-adc7-dfbccf2bfacb
2018-01-16 13:56:01  [ pool-1-thread-1:250447 ] - [ ERROR ]  订单接单IDeb89153b-6192-4f3d-bf66-7afe8f47131b
2018-01-16 13:56:01  [ pool-1-thread-1:250698 ] - [ ERROR ]  订单接单ID9f514bda-85f6-4914-9133-9d5eab846861
2018-01-16 13:56:01  [ pool-1-thread-1:250770 ] - [ ERROR ]  不存在的订单！ORDER_ACCEPTa2dd8c91-fda1-4d0a-a421-7feba0d20b4c
2018-01-16 13:56:02  [ pool-1-thread-1:250855 ] - [ ERROR ]  不存在的订单！ORDER_ACCEPT5595f829-7567-4f7a-b1c9-0665427cdb5c
2018-01-16 13:56:02  [ pool-1-thread-1:251107 ] - [ ERROR ]  订单接单ID6c17e1b3-969e-4aae-b900-5debeaf457d2
2018-01-16 13:56:02  [ pool-1-thread-1:251177 ] - [ ERROR ]  不存在的订单！ORDER_ACCEPT68a3db67-b25c-4ea9-90b1-469a18ec67f7
2018-01-16 13:56:02  [ pool-1-thread-1:251259 ] - [ ERROR ]  不存在的订单！ORDER_ACCEPT1bd40df1-4bd8-4990-8de9-463f52ca3b27
2018-01-16 13:56:02  [ pool-1-thread-1:251507 ] - [ ERROR ]  订单接单ID9b75ad72-1a8b-422c-a828-d3d23f4649b2
2018-01-16 13:56:02  [ pool-1-thread-1:251577 ] - [ ERROR ]  不存在的订单！ORDER_ACCEPTd0ccc664-61f1-43e6-8768-47adc5054841
2018-01-16 13:56:02  [ pool-1-thread-1:251658 ] - [ ERROR ]  不存在的订单！ORDER_ACCEPTee204168-506b-49cb-8909-a582b91c16e0
2018-01-16 13:56:03  [ pool-1-thread-1:251916 ] - [ ERROR ]  订单接单ID182c6449-ddec-432e-8cdb-944695817a54
2018-01-16 13:56:03  [ pool-1-thread-1:251984 ] - [ ERROR ]  不存在的订单！ORDER_ACCEPT3d3d2c5e-0d90-4d20-8756-87e3ad8a6888
2018-01-16 13:56:03  [ pool-1-thread-1:252222 ] - [ ERROR ]  订单接单ID8ebb5b16-a1d4-4f03-9729-4f056164e46f
2018-01-16 13:56:03  [ pool-1-thread-1:252290 ] - [ ERROR ]  不存在的订单！ORDER_ACCEPT85518ddf-e263-495f-ab59-52f48633fdfa
2018-01-16 13:56:03  [ pool-1-thread-1:252371 ] - [ ERROR ]  不存在的订单！ORDER_ACCEPT3afb3eff-fa4d-4be5-b6b0-f54804137576
2018-01-16 13:56:03  [ pool-1-thread-1:252620 ] - [ ERROR ]  订单接单IDbe75aeeb-7a78-4edd-a059-076e2a80ded7
2018-01-16 13:56:03  [ pool-1-thread-1:252688 ] - [ ERROR ]  不存在的订单！ORDER_ACCEPT4d38ed5b-ff43-44ee-8841-28f775ad04b9
2018-01-16 13:56:04  [ pool-1-thread-1:252772 ] - [ ERROR ]  不存在的订单！ORDER_ACCEPT65c4f3f9-185a-49fe-9bcc-11949c4c8a85
2018-01-16 13:56:04  [ pool-1-thread-1:253032 ] - [ ERROR ]  订单接单IDb6aa75a0-5725-444e-bc7e-ac557f785825
2018-01-16 13:56:04  [ pool-1-thread-1:253104 ] - [ ERROR ]  不存在的订单！ORDER_ACCEPTc9595050-a620-4057-823f-93269ca22508
2018-01-16 13:56:04  [ pool-1-thread-1:253183 ] - [ ERROR ]  不存在的订单！ORDER_ACCEPT5a4e2c37-15dc-48cc-9496-0bbbe8cc37c1
2018-01-16 13:56:04  [ pool-1-thread-1:253434 ] - [ ERROR ]  订单接单IDb35e145b-22de-4343-814a-d909017f79b3
2018-01-16 13:56:04  [ pool-1-thread-1:253505 ] - [ ERROR ]  不存在的订单！ORDER_ACCEPTb9eeb116-64af-490a-bbb8-6b7ea6b94ef8
2018-01-16 13:56:04  [ pool-1-thread-1:253604 ] - [ ERROR ]  不存在的订单！ORDER_ACCEPT0729710a-41cb-400d-a5fa-b5a9f02dca51
2018-01-16 13:56:05  [ pool-1-thread-1:253839 ] - [ ERROR ]  订单接单ID8b4f9061-de3d-4bcb-9618-adc2ee03eb8c
2018-01-16 13:56:05  [ pool-1-thread-1:253908 ] - [ ERROR ]  不存在的订单！ORDER_ACCEPTd8383705-73c0-470c-bd25-f1e287c13cf9
2018-01-16 13:56:05  [ pool-1-thread-1:253989 ] - [ ERROR ]  不存在的订单！ORDER_ACCEPT854af7a8-ee78-4420-8bcb-bbf8bcea50bf
2018-01-16 13:56:05  [ pool-1-thread-1:254241 ] - [ ERROR ]  订单接单ID46d2906d-844a-4aea-844d-e6fcb1eee3b2
2018-01-16 13:56:05  [ pool-1-thread-1:254309 ] - [ ERROR ]  不存在的订单！ORDER_ACCEPT2a90c400-fb2b-4482-b692-700434aa6845
2018-01-16 13:56:05  [ pool-1-thread-1:254391 ] - [ ERROR ]  不存在的订单！ORDER_ACCEPTd70ad973-8ff3-409b-bfe1-213ee8332d30
2018-01-16 13:56:05  [ pool-1-thread-1:254660 ] - [ ERROR ]  订单接单ID8af3b6ce-772f-42be-8dfe-2c2370c524d9
2018-01-16 13:56:05  [ pool-1-thread-1:254731 ] - [ ERROR ]  不存在的订单！ORDER_ACCEPT34b398a2-e6df-44db-b420-0286afe77e0b
2018-01-16 13:56:06  [ pool-1-thread-1:254814 ] - [ ERROR ]  不存在的订单！ORDER_ACCEPTd28fe05e-ebaa-46ff-a05d-9f9a47869c6a
2018-01-16 13:56:06  [ pool-1-thread-1:255059 ] - [ ERROR ]  订单接单ID8cdf0be5-c489-4cdd-ad3c-e24693d63139
2018-01-16 13:56:06  [ pool-1-thread-1:255128 ] - [ ERROR ]  不存在的订单！ORDER_ACCEPTff5f31ed-95c6-4ef2-9e69-67ac4bd21394
2018-01-16 13:56:06  [ pool-1-thread-1:255208 ] - [ ERROR ]  不存在的订单！ORDER_ACCEPT2fe4c184-4764-4ac1-8dff-4361085a9edd
2018-01-16 13:56:06  [ pool-1-thread-1:255454 ] - [ ERROR ]  订单接单ID785af995-812b-457c-8988-19598f341ee8
2018-01-16 13:56:06  [ pool-1-thread-1:255454 ] - [ ERROR ]  订单接单完成！39
2018-01-16 13:56:14  [ 24707086@qtp-21837703-7:263624 ] - [ ERROR ]  account is not null;
2018-01-16 13:56:14  [ 24707086@qtp-21837703-7:263627 ] - [ ERROR ]  account is null
2018-01-16 13:58:00  [ 5673155@qtp-21837703-8:368831 ] - [ ERROR ]  account is not null;
2018-01-16 13:58:00  [ 5673155@qtp-21837703-8:368831 ] - [ ERROR ]  account is null
2018-01-16 13:58:00  [ 5673155@qtp-21837703-8:369714 ] - [ ERROR ]  菜鸟云 面单失败返回{"error_response":{"code":11,"msg":"Insufficient isv permissions","sub_code":"isv.permission-ip-whitelist-limit","sub_msg":"The appkey 23012748 is only allowed to call from its ip white list, but the source ip 113.245.33.53 is not included","request_id":"ryhpi1stdxnq"}}
2018-01-16 13:58:01  [ 5673155@qtp-21837703-8:369912 ] - [ ERROR ]  菜鸟云 面单失败返回{"error_response":{"code":11,"msg":"Insufficient isv permissions","sub_code":"isv.permission-ip-whitelist-limit","sub_msg":"The appkey 23012748 is only allowed to call from its ip white list, but the source ip 113.245.33.53 is not included","request_id":"s77hungcev0x"}}
2018-01-16 13:58:53  [ 5673155@qtp-21837703-8:421871 ] - [ ERROR ]  菜鸟云 面单失败返回{"error_response":{"code":11,"msg":"Insufficient isv permissions","sub_code":"isv.permission-ip-whitelist-limit","sub_msg":"The appkey 23012748 is only allowed to call from its ip white list, but the source ip 113.245.33.53 is not included","request_id":"qm314tn4nux7"}}
2018-01-16 13:58:53  [ 5673155@qtp-21837703-8:422079 ] - [ ERROR ]  菜鸟云 面单失败返回{"error_response":{"code":11,"msg":"Insufficient isv permissions","sub_code":"isv.permission-ip-whitelist-limit","sub_msg":"The appkey 23012748 is only allowed to call from its ip white list, but the source ip 113.245.33.53 is not included","request_id":"2rx7k3s96id4"}}
2018-01-16 13:59:17  [ 5673155@qtp-21837703-8:445884 ] - [ ERROR ]  菜鸟云 面单失败返回{"error_response":{"code":11,"msg":"Insufficient isv permissions","sub_code":"isv.permission-ip-whitelist-limit","sub_msg":"The appkey 23012748 is only allowed to call from its ip white list, but the source ip 113.245.33.53 is not included","request_id":"ryojtiijbxuw"}}
2018-01-16 13:59:17  [ 5673155@qtp-21837703-8:446102 ] - [ ERROR ]  菜鸟云 面单失败返回{"error_response":{"code":15,"msg":"Remote service error","sub_code":"trade order can not apply mutil branch account","sub_msg":"商家请求参数非法，同一个交易订单不能申请多个网点的面单","request_id":"16nrpb501ffjc"}}
2018-01-16 13:59:55  [ 31913250@qtp-21837703-6:484073 ] - [ ERROR ]  菜鸟云 面单失败返回{"error_response":{"code":15,"msg":"Remote service error","sub_code":"trade order can not apply mutil branch account","sub_msg":"商家请求参数非法，同一个交易订单不能申请多个网点的面单","request_id":"ryx4hwljmp6o"}}
2018-01-16 13:59:55  [ 31913250@qtp-21837703-6:484298 ] - [ ERROR ]  菜鸟云 面单失败返回{"error_response":{"code":15,"msg":"Remote service error","sub_code":"trade order can not apply mutil branch account","sub_msg":"商家请求参数非法，同一个交易订单不能申请多个网点的面单","request_id":"rxmj1cvzj3wh"}}
2018-01-16 14:00:00  [ pool-1-thread-1:488777 ] - [ ERROR ]  订单接单
2018-01-16 14:00:00  [ pool-1-thread-1:489466 ] - [ ERROR ]  订单接单ID156d1f71-f955-4792-9050-4b65c36e3489
2018-01-16 14:00:00  [ pool-1-thread-1:489714 ] - [ ERROR ]  订单接单IDe78f1c82-59f4-43f8-b748-3b3b7b5a08b3
2018-01-16 14:00:01  [ pool-1-thread-1:490212 ] - [ ERROR ]  订单接单ID948bd254-2fc5-4896-ae18-9d46ee20ab2e
2018-01-16 14:00:01  [ pool-1-thread-1:490468 ] - [ ERROR ]  订单接单IDd8fc7017-d599-49b7-afd7-52cafbc54817
2018-01-16 14:00:01  [ pool-1-thread-1:490707 ] - [ ERROR ]  订单接单ID61942f4d-b860-4728-a118-c28779cd569e
2018-01-16 14:00:01  [ 5673155@qtp-21837703-8:490766 ] - [ ERROR ]  菜鸟云 面单失败返回{"error_response":{"code":15,"msg":"Remote service error","sub_code":"trade order can not apply mutil branch account","sub_msg":"商家请求参数非法，同一个交易订单不能申请多个网点的面单","request_id":"3bt4kluze2k6"}}
2018-01-16 14:00:02  [ pool-1-thread-1:490776 ] - [ ERROR ]  不存在的订单！ORDER_ACCEPT7a0b057b-9352-446d-975e-2ad472c176a0
2018-01-16 14:00:02  [ 5673155@qtp-21837703-8:490966 ] - [ ERROR ]  菜鸟云 面单失败返回{"error_response":{"code":11,"msg":"Insufficient isv permissions","sub_code":"isv.permission-ip-whitelist-limit","sub_msg":"The appkey 23012748 is only allowed to call from its ip white list, but the source ip 113.245.33.53 is not included","request_id":"2m6n8if2glea"}}
2018-01-16 14:00:02  [ pool-1-thread-1:491022 ] - [ ERROR ]  订单接单IDbbd0e92f-4838-4d83-800a-ff5d50c1041e
2018-01-16 14:00:02  [ pool-1-thread-1:491265 ] - [ ERROR ]  订单接单ID1ea5c75d-47fc-44d3-a090-68671cc6638e
2018-01-16 14:00:02  [ pool-1-thread-1:491334 ] - [ ERROR ]  不存在的订单！ORDER_ACCEPTa86c333b-bd63-443e-96bd-4f02621db204
2018-01-16 14:00:02  [ pool-1-thread-1:491418 ] - [ ERROR ]  不存在的订单！ORDER_ACCEPTe964d0a5-9071-4e88-8ac1-aa9aa76ae03b
2018-01-16 14:00:02  [ pool-1-thread-1:491674 ] - [ ERROR ]  订单接单ID9bcf8653-4f59-4d86-9861-de7f2ee12020
2018-01-16 14:00:02  [ pool-1-thread-1:491742 ] - [ ERROR ]  不存在的订单！ORDER_ACCEPT39151241-4d41-4aa6-9af7-061b2db15393
2018-01-16 14:00:03  [ pool-1-thread-1:492016 ] - [ ERROR ]  订单接单ID5c804f28-e23e-4ec5-ac8a-42ec4b08fdd9
2018-01-16 14:00:03  [ pool-1-thread-1:492084 ] - [ ERROR ]  不存在的订单！ORDER_ACCEPT23d33abc-cd95-4d2b-b941-382661e47ced
2018-01-16 14:00:03  [ pool-1-thread-1:492167 ] - [ ERROR ]  不存在的订单！ORDER_ACCEPT4a8f3be9-9f9a-4167-b50a-a1ab5df7bd98
2018-01-16 14:00:03  [ pool-1-thread-1:492414 ] - [ ERROR ]  订单接单IDea25c94c-1af3-468a-979b-95f130f373cd
2018-01-16 14:00:03  [ pool-1-thread-1:492674 ] - [ ERROR ]  订单接单IDd65b9cef-6751-45ea-9148-494cf38de622
2018-01-16 14:00:03  [ pool-1-thread-1:492745 ] - [ ERROR ]  不存在的订单！ORDER_ACCEPT732dbcc7-68fc-4e68-be0a-3bd342a66a2a
2018-01-16 14:00:04  [ pool-1-thread-1:492829 ] - [ ERROR ]  不存在的订单！ORDER_ACCEPT8d54a975-3cca-4ae1-b847-fdfd3f15625e
2018-01-16 14:00:04  [ pool-1-thread-1:492910 ] - [ ERROR ]  不存在的订单！ORDER_ACCEPT1e557cd1-61b3-416b-ba83-6c09eb6dcc9a
2018-01-16 14:00:04  [ pool-1-thread-1:493158 ] - [ ERROR ]  订单接单IDa7e193b1-eaa7-4824-90cd-0f8176da0948
2018-01-16 14:00:04  [ pool-1-thread-1:493226 ] - [ ERROR ]  不存在的订单！ORDER_ACCEPTc32e823b-db56-4418-aa78-7fc1d048cf80
2018-01-16 14:00:04  [ pool-1-thread-1:493312 ] - [ ERROR ]  不存在的订单！ORDER_ACCEPT4dfb901a-ce89-4d27-8599-21de906c21f0
2018-01-16 14:00:04  [ pool-1-thread-1:493574 ] - [ ERROR ]  订单接单IDf8c99694-dc4c-486f-b215-ec476a188ac8
2018-01-16 14:00:04  [ pool-1-thread-1:493643 ] - [ ERROR ]  不存在的订单！ORDER_ACCEPTa93c3af7-e24b-47fc-9e24-58955565c18e
2018-01-16 14:00:05  [ pool-1-thread-1:493910 ] - [ ERROR ]  订单接单ID914ca728-fe16-40fc-bdf5-c82061d66d83
2018-01-16 14:00:05  [ pool-1-thread-1:493978 ] - [ ERROR ]  不存在的订单！ORDER_ACCEPTb0d37ea6-fafd-40b8-84eb-3ed1e48c9494
2018-01-16 14:00:05  [ pool-1-thread-1:494060 ] - [ ERROR ]  不存在的订单！ORDER_ACCEPTb81a592e-ae07-48da-b1ba-949c7fd2ee10
2018-01-16 14:00:05  [ pool-1-thread-1:494333 ] - [ ERROR ]  订单接单ID6efcb244-43ed-42a5-8f90-67aa00366d32
2018-01-16 14:00:05  [ pool-1-thread-1:494401 ] - [ ERROR ]  不存在的订单！ORDER_ACCEPTda12d0bb-b64b-4f28-97e6-d4f8e2dc5745
2018-01-16 14:00:05  [ pool-1-thread-1:494652 ] - [ ERROR ]  订单接单ID5580ece4-ed13-4232-a887-aa83c95b5a1d
2018-01-16 14:00:05  [ pool-1-thread-1:494722 ] - [ ERROR ]  不存在的订单！ORDER_ACCEPT1f797db6-8202-4bb9-99d8-49e46cc174f6
2018-01-16 14:00:06  [ pool-1-thread-1:494802 ] - [ ERROR ]  不存在的订单！ORDER_ACCEPTb9dae5d5-adf7-4caf-9ff0-a0de2ffeedb9
2018-01-16 14:00:06  [ pool-1-thread-1:495060 ] - [ ERROR ]  订单接单ID08378370-d499-4cbe-a861-69677b6af5c6
2018-01-16 14:00:06  [ pool-1-thread-1:495129 ] - [ ERROR ]  不存在的订单！ORDER_ACCEPTd4ce9268-f9d8-49cd-8864-b8f77ac4fec2
2018-01-16 14:00:06  [ pool-1-thread-1:495421 ] - [ ERROR ]  订单接单ID92d0a28a-d768-4609-9c2d-cdab2e3febd1
2018-01-16 14:00:06  [ pool-1-thread-1:495490 ] - [ ERROR ]  不存在的订单！ORDER_ACCEPTda72c9a9-4933-44db-bdef-6f53c8385b7d
2018-01-16 14:00:06  [ pool-1-thread-1:495576 ] - [ ERROR ]  不存在的订单！ORDER_ACCEPT67c7fc5e-589f-4cc2-a873-2939605c1f07
2018-01-16 14:00:07  [ pool-1-thread-1:495821 ] - [ ERROR ]  订单接单ID8c750eeb-de1a-4205-88f9-d74a291fd5e7
2018-01-16 14:00:07  [ pool-1-thread-1:495890 ] - [ ERROR ]  不存在的订单！ORDER_ACCEPTf4e3bcd2-5ab3-47af-94be-c3559fd66ec5
2018-01-16 14:00:07  [ pool-1-thread-1:496133 ] - [ ERROR ]  订单接单IDc563d38a-cdcf-4d26-90d3-0382cdb3d4b5
2018-01-16 14:00:07  [ pool-1-thread-1:496201 ] - [ ERROR ]  不存在的订单！ORDER_ACCEPT5be304e3-84dc-4a22-9170-04af87565c24
2018-01-16 14:00:07  [ pool-1-thread-1:496285 ] - [ ERROR ]  不存在的订单！ORDER_ACCEPTecbce91b-a01c-4e4d-a518-c72597f38193
2018-01-16 14:00:07  [ pool-1-thread-1:496563 ] - [ ERROR ]  订单接单ID320b95bd-9e5c-4a12-b8fd-a08c15e8e63d
2018-01-16 14:00:07  [ pool-1-thread-1:496633 ] - [ ERROR ]  不存在的订单！ORDER_ACCEPTbd4696ec-e01a-4bd9-a40b-d9d708c37d12
2018-01-16 14:00:07  [ pool-1-thread-1:496713 ] - [ ERROR ]  不存在的订单！ORDER_ACCEPTba9e56f1-9872-4e39-8898-9050ad0b948e
2018-01-16 14:00:08  [ pool-1-thread-1:496991 ] - [ ERROR ]  订单接单ID0ea18783-dd66-447b-a522-9dce6e26fb18
2018-01-16 14:00:08  [ pool-1-thread-1:497062 ] - [ ERROR ]  不存在的订单！ORDER_ACCEPT4c35b2aa-3a76-4e77-a364-2afaa76d84d8
2018-01-16 14:00:08  [ pool-1-thread-1:497143 ] - [ ERROR ]  不存在的订单！ORDER_ACCEPT9a6b68ee-e079-445c-addc-b31d4b564de5
2018-01-16 14:00:08  [ pool-1-thread-1:497387 ] - [ ERROR ]  订单接单ID48bc75ee-ab9d-4467-83ba-628d0d0a962f
2018-01-16 14:00:08  [ pool-1-thread-1:497457 ] - [ ERROR ]  不存在的订单！ORDER_ACCEPT83ca21db-d652-41f0-a326-1e292e43d6f9
2018-01-16 14:00:09  [ pool-1-thread-1:497818 ] - [ ERROR ]  订单接单完成！51
2018-01-16 14:00:09  [ pool-1-thread-1:498204 ] - [ ERROR ]  订单不存在自动补录!
2018-01-16 14:00:10  [ pool-1-thread-1:499503 ] - [ ERROR ]  订单不存在的key:CHECK_NO_ORDER6921969807438
2018-01-16 14:00:10  [ pool-1-thread-1:499503 ] - [ ERROR ]  拒单操作开始!
2018-01-16 14:00:45  [ 5673155@qtp-21837703-8:534662 ] - [ ERROR ]  菜鸟云 面单失败返回{"error_response":{"code":15,"msg":"Remote service error","sub_code":"trade order can not apply mutil branch account","sub_msg":"商家请求参数非法，同一个交易订单不能申请多个网点的面单","request_id":"s82l73mlwa7b"}}
2018-01-16 14:00:46  [ 5673155@qtp-21837703-8:534902 ] - [ ERROR ]  菜鸟云 面单失败返回{"error_response":{"code":15,"msg":"Remote service error","sub_code":"trade order can not apply mutil branch account","sub_msg":"商家请求参数非法，同一个交易订单不能申请多个网点的面单","request_id":"el32r9147z80"}}
2018-01-16 14:03:23  [ pool-1-thread-1:692183 ] - [ ERROR ]  订单商品推送信息写缓存
2018-01-16 14:03:23  [ pool-1-thread-1:692234 ] - [ ERROR ]  GROUP1(赵峰)
2018-01-16 14:03:26  [ 5673155@qtp-21837703-8:695761 ] - [ ERROR ]  顺丰参数:<Request service='OrderService' lang='zh-CN'><Head>7310524035</Head><Body><Order orderid ='d2d18c40-4de8-4a07-93b4-9d69776661af' j_company='星宇物流' j_contact='九阳电器(志伟)' j_tel='0579-89266642 ' j_mobile='13337223310' j_province='湖南省' j_city='湘潭市' j_county='岳塘区' j_address='湖南省湘潭市岳塘区双马镇金钢人防' d_company='无' d_contact='孙丽丽' d_tel='13209236569' d_mobile='13209236569' d_province='陕西省' d_city='宝鸡市' d_county='陈仓区' d_address='陕西宝鸡市陈仓区.城区陕西省宝鸡市陈仓区.虢镇李家崖盛世家园小区.' express_type='2' custid='7312005783' pay_method='1'  parcel_quantity='1' cargo_total_weight='6.8'><Cargo name='套餐券' > </Cargo><Cargo name='DGD50-05AK' > </Cargo></Order></Body></Request>
2018-01-16 14:03:41  [ 5673155@qtp-21837703-8:710076 ] - [ ERROR ]  顺丰参数:<Request service='OrderService' lang='zh-CN'><Head>7310524035</Head><Body><Order orderid ='3bf4f7af-addd-4e17-8e30-d4300f2c1718' j_company='星宇物流' j_contact='九阳电器(志伟)' j_tel='0579-89266642 ' j_mobile='13337223310' j_province='湖南省' j_city='湘潭市' j_county='岳塘区' j_address='湖南省湘潭市岳塘区双马镇金钢人防' d_company='无' d_contact='李景新' d_tel='13134218989' d_mobile='13134218989' d_province='辽宁省' d_city='朝阳市' d_county='建平县' d_address='辽宁朝阳市建平县.县城内辽宁省朝阳市建平县.幸福家园东南100米(光明街南)朝阳市威远保安公司.' express_type='2' custid='7312005783' pay_method='1'  parcel_quantity='1' cargo_total_weight='6.8'><Cargo name='DGD50-05AK' > </Cargo><Cargo name='套餐券' > </Cargo></Order></Body></Request>
