2017-12-04 11:13:22  [ main:62 ] - [ ERROR ]  httpPost URL [http://link.cainiao.com/gateway/link.do?msg_type=LPC_PACK_PUB_QUERY&to_code=LD-PACKPUSH&logistic_provider_id=198831&logistics_interface=<request><appName>中仓网络仓储</appName><mailNo>885991302975917486</mailNo><cpCode>YTO</cpCode></request>&data_digest=UV3qsovGP+6YaQ56bDik2A==] error, 
java.lang.IllegalArgumentException: Illegal character in query at index 136: http://link.cainiao.com/gateway/link.do?msg_type=LPC_PACK_PUB_QUERY&to_code=LD-PACKPUSH&logistic_provider_id=198831&logistics_interface=<request><appName>中仓网络仓储</appName><mailNo>885991302975917486</mailNo><cpCode>YTO</cpCode></request>&data_digest=UV3qsovGP+6YaQ56bDik2A==
	at java.net.URI.create(URI.java:859)
	at org.apache.http.client.methods.HttpPost.<init>(HttpPost.java:76)
	at com.xinyu.service.util.HttpClientUtils.httpPost(HttpClientUtils.java:70)
	at com.xinyu.util.web.HttpUtil.submitLogist(HttpUtil.java:50)
	at com.xinyu.common.util.XmlUtil.main(XmlUtil.java:141)
Caused by: java.net.URISyntaxException: Illegal character in query at index 136: http://link.cainiao.com/gateway/link.do?msg_type=LPC_PACK_PUB_QUERY&to_code=LD-PACKPUSH&logistic_provider_id=198831&logistics_interface=<request><appName>中仓网络仓储</appName><mailNo>885991302975917486</mailNo><cpCode>YTO</cpCode></request>&data_digest=UV3qsovGP+6YaQ56bDik2A==
	at java.net.URI$Parser.fail(URI.java:2829)
	at java.net.URI$Parser.checkChars(URI.java:3002)
	at java.net.URI$Parser.parseHierarchical(URI.java:3092)
	at java.net.URI$Parser.parse(URI.java:3034)
	at java.net.URI.<init>(URI.java:595)
	at java.net.URI.create(URI.java:857)
	... 4 more
2017-12-04 11:28:43  [ main:416 ] - [ ERROR ]  HttpStatus ERRORMethod failed: HTTP/1.1 302 Found
2017-12-04 11:29:31  [ main:371 ] - [ ERROR ]  HttpStatus ERRORMethod failed: HTTP/1.1 302 Found
2017-12-04 14:17:09  [ main:390 ] - [ ERROR ]  HttpStatus ERRORMethod failed: HTTP/1.1 302 Found
2017-12-04 14:18:05  [ main:141 ] - [ ERROR ]  httpPost URL [http://link.cainiao.com/gateway/link.do%3Fmsg_type%3DLPC_PACK_PUB_QUERY%26to_code%3DLD-PACKPUSH%26logistic_provider_id%3D198831%26logistics_interface%3D%3Crequest%3E%3CappName%3E%E4%B8%AD%E4%BB%93%E7%BD%91%E7%BB%9C%E4%BB%93%E5%82%A8%3C%2FappName%3E%3CmailNo%3E885991302975917486%3C%2FmailNo%3E%3CcpCode%3EYTO%3C%2FcpCode%3E%3C%2Frequest%3E%26data_digest%3DUV3qsovGP%2B6YaQ56bDik2A%3D%3D] error, 
java.lang.IllegalArgumentException: Source string may not be null
	at org.apache.http.util.Args.notNull(Args.java:54)
	at org.apache.http.entity.StringEntity.<init>(StringEntity.java:67)
	at org.apache.http.entity.StringEntity.<init>(StringEntity.java:118)
	at com.xinyu.service.util.HttpClientUtils.httpPost(HttpClientUtils.java:87)
	at com.xinyu.util.web.HttpUtil.submitLogist(HttpUtil.java:59)
	at com.xinyu.common.util.XmlUtil.main(XmlUtil.java:141)
2017-12-04 14:19:08  [ main:411 ] - [ ERROR ]  HttpStatus ERRORMethod failed: HTTP/1.1 302 Found
2017-12-04 15:21:24  [ main:400 ] - [ ERROR ]  HttpStatus ERRORMethod failed: HTTP/1.1 302 Found
2017-12-04 17:59:44  [ main:0 ] - [ ERROR ]  xmlStr:<request><appName>中仓网络仓储</appName><mailNo>885991302975917486</mailNo><cpCode>YTO</cpCode></request>
