2017-10-14 17:23:49  [ 15448506@qtp-19773014-2:41429 ] - [ ERROR ]  LoginInterceptor:[null]/redisTask/orderAcceptbyUser
2017-10-14 17:23:49  [ 15448506@qtp-19773014-2:41442 ] - [ ERROR ]  LoginInterceptor1:/redisTask/orderAcceptbyUsernull
2017-10-14 17:23:49  [ 15448506@qtp-19773014-2:41442 ] - [ ERROR ]  LoginInterceptor00:null
2017-10-14 17:23:49  [ 15448506@qtp-19773014-2:41706 ] - [ ERROR ]  LoginInterceptor:[null]/login
2017-10-14 17:23:55  [ 24485726@qtp-19773014-3:48010 ] - [ ERROR ]  LoginInterceptor:[XMLHttpRequest]/login/submitLogin
2017-10-14 17:23:55  [ 24485726@qtp-19773014-3:48073 ] - [ ERROR ]  account dao impl logger!
2017-10-14 17:23:55  [ 24485726@qtp-19773014-3:48127 ] - [ ERROR ]  SELECT T.*
		FROM t_xinyu_account T where 1=1
2017-10-14 17:23:55  [ 24485726@qtp-19773014-3:48362 ] - [ ERROR ]  LoginInterceptor:[null]/index
2017-10-14 17:23:55  [ 24485726@qtp-19773014-3:48363 ] - [ ERROR ]  LoginInterceptor1:/indexcom.xinyu.model.system.Account@12a0f60
2017-10-14 17:24:03  [ 24485726@qtp-19773014-3:55645 ] - [ ERROR ]  LoginInterceptor:[null]/redisTask/orderAcceptbyUser
2017-10-14 17:24:03  [ 24485726@qtp-19773014-3:55646 ] - [ ERROR ]  LoginInterceptor1:/redisTask/orderAcceptbyUsercom.xinyu.model.system.Account@12a0f60
2017-10-14 17:31:41  [ 22942444@qtp-27124223-2:30717 ] - [ ERROR ]  LoginInterceptor:[null]/index
2017-10-14 17:31:41  [ 22942444@qtp-27124223-2:30720 ] - [ ERROR ]  LoginInterceptor1:/indexnull
2017-10-14 17:31:41  [ 22942444@qtp-27124223-2:30722 ] - [ ERROR ]  LoginInterceptor00:null
2017-10-14 17:31:41  [ 22942444@qtp-27124223-2:30731 ] - [ ERROR ]  LoginInterceptor:[null]/login
2017-10-14 17:31:52  [ 2324779@qtp-27124223-3:41536 ] - [ ERROR ]  LoginInterceptor:[XMLHttpRequest]/login/submitLogin
2017-10-14 17:31:52  [ 2324779@qtp-27124223-3:41592 ] - [ ERROR ]  account dao impl logger!
2017-10-14 17:31:52  [ 2324779@qtp-27124223-3:41649 ] - [ ERROR ]  SELECT T.*
		FROM t_xinyu_account T where 1=1
2017-10-14 17:31:52  [ 2324779@qtp-27124223-3:41882 ] - [ ERROR ]  LoginInterceptor:[null]/index
2017-10-14 17:31:52  [ 2324779@qtp-27124223-3:41882 ] - [ ERROR ]  LoginInterceptor1:/indexcom.xinyu.model.system.Account@300df9
2017-10-14 17:31:59  [ 2324779@qtp-27124223-3:48983 ] - [ ERROR ]  LoginInterceptor:[null]/redisTask/orderAcceptbyUser
2017-10-14 17:31:59  [ 2324779@qtp-27124223-3:48984 ] - [ ERROR ]  LoginInterceptor1:/redisTask/orderAcceptbyUsercom.xinyu.model.system.Account@300df9
2017-10-14 17:32:36  [ 8741597@qtp-27124223-6:85962 ] - [ ERROR ]  LoginInterceptor:[null]/redisTask/orderAcceptbyUser
2017-10-14 17:32:36  [ 8741597@qtp-27124223-6:85965 ] - [ ERROR ]  LoginInterceptor1:/redisTask/orderAcceptbyUsernull
2017-10-14 17:32:36  [ 8741597@qtp-27124223-6:85967 ] - [ ERROR ]  LoginInterceptor0:7d6f6f97-a988-45a2-a3de-zc8888centro
2017-10-14 17:32:36  [ 8741597@qtp-27124223-6:85967 ] - [ ERROR ]  LoginInterceptor00:com.xinyu.model.system.Account@300df9
2017-10-14 17:47:02  [ 16501933@qtp-18104861-0:7548 ] - [ ERROR ]  LoginInterceptor:[null]/index
2017-10-14 17:47:02  [ 16501933@qtp-18104861-0:7552 ] - [ ERROR ]  LoginInterceptor1:/indexnull
2017-10-14 17:47:02  [ 16501933@qtp-18104861-0:7553 ] - [ ERROR ]  LoginInterceptor00:null
2017-10-14 17:47:02  [ 16501933@qtp-18104861-0:7564 ] - [ ERROR ]  LoginInterceptor:[null]/login
2017-10-14 17:47:08  [ 16501933@qtp-18104861-0:14381 ] - [ ERROR ]  LoginInterceptor:[XMLHttpRequest]/login/submitLogin
2017-10-14 17:47:08  [ 16501933@qtp-18104861-0:14440 ] - [ ERROR ]  account dao impl logger!
2017-10-14 17:47:09  [ 16501933@qtp-18104861-0:14496 ] - [ ERROR ]  SELECT T.*
		FROM t_xinyu_account T where 1=1
2017-10-14 17:47:09  [ 16501933@qtp-18104861-0:14559 ] - [ ERROR ]  LoginInterceptor:[null]/index
2017-10-14 17:47:09  [ 16501933@qtp-18104861-0:14560 ] - [ ERROR ]  LoginInterceptor1:/indexcom.xinyu.model.system.Account@13906d3
2017-10-14 17:47:11  [ 16501933@qtp-18104861-0:16931 ] - [ ERROR ]  LoginInterceptor:[null]/redisTask/orderAcceptbyUser
2017-10-14 17:47:11  [ 16501933@qtp-18104861-0:16931 ] - [ ERROR ]  LoginInterceptor1:/redisTask/orderAcceptbyUsercom.xinyu.model.system.Account@13906d3
