2017-06-28 20:20:45  [ 29216347@qtp-19134236-2:9004 ] - [ ERROR ]  测试error
2017-06-28 20:20:46  [ 29216347@qtp-19134236-2:9245 ] - [ ERROR ]  测试error
2017-06-28 20:20:58  [ 4009590@qtp-19134236-4:21695 ] - [ ERROR ]  account dao impl logger!
2017-06-28 20:49:59  [ 28375@qtp-19134236-0:94039 ] - [ ERROR ]  测试error
2017-06-28 20:50:22  [ 28375@qtp-19134236-0:117554 ] - [ ERROR ]  菜鸟云 面单失败返回{"error_response":{"code":15,"msg":"Remote service error","sub_code":"phone of consignee too long","sub_msg":"商家请求参数不完整,收货人固话长度超过限制","request_id":"eibthnx9cnw7"}}
2017-06-28 20:50:46  [ 28375@qtp-19134236-0:141343 ] - [ ERROR ]  菜鸟云 面单失败返回{"error_response":{"code":15,"msg":"Remote service error","sub_code":"phone of consignee too long","sub_msg":"商家请求参数不完整,收货人固话长度超过限制","request_id":"2ms7im33bwdp"}}
2017-06-28 20:51:56  [ 28375@qtp-19134236-0:211396 ] - [ ERROR ]  菜鸟云 面单失败返回{"error_response":{"code":15,"msg":"Remote service error","sub_code":"phone of consignee too long","sub_msg":"商家请求参数不完整,收货人固话长度超过限制","request_id":"rxn7w32u0kmd"}}
2017-06-28 20:53:34  [ 28375@qtp-19134236-0:308794 ] - [ ERROR ]  菜鸟云 面单失败返回{"error_response":{"code":15,"msg":"Remote service error","sub_code":"waybill account not enough","sub_msg":"电子面单账户余额不足","request_id":"z25k856afl2c"}}
2017-06-28 20:54:56  [ 28375@qtp-19134236-0:391034 ] - [ ERROR ]  测试error
2017-06-28 20:54:58  [ 28375@qtp-19134236-0:393589 ] - [ ERROR ]  account dao impl logger!
2017-06-28 20:55:17  [ 28375@qtp-19134236-0:412304 ] - [ ERROR ]  baseDaoImpl:7d6f6f97-a988-45a2-a3de-zc8888centro
2017-06-28 20:55:17  [ 28375@qtp-19134236-0:412674 ] - [ ERROR ]  baseDaoImpl:7d6f6f97-a988-45a2-a3de-zc8888centro
2017-06-28 20:55:18  [ 28375@qtp-19134236-0:413072 ] - [ ERROR ]  baseDaoImpl:7d6f6f97-a988-45a2-a3de-zc8888centro
2017-06-28 20:55:18  [ 28375@qtp-19134236-0:413477 ] - [ ERROR ]  baseDaoImpl:7d6f6f97-a988-45a2-a3de-zc8888centro
2017-06-28 20:55:19  [ 28375@qtp-19134236-0:413888 ] - [ ERROR ]  baseDaoImpl:7d6f6f97-a988-45a2-a3de-zc8888centro
2017-06-28 20:55:19  [ 28375@qtp-19134236-0:414263 ] - [ ERROR ]  baseDaoImpl:7d6f6f97-a988-45a2-a3de-zc8888centro
2017-06-28 20:55:19  [ 28375@qtp-19134236-0:414628 ] - [ ERROR ]  baseDaoImpl:7d6f6f97-a988-45a2-a3de-zc8888centro
2017-06-28 20:55:20  [ 28375@qtp-19134236-0:415022 ] - [ ERROR ]  baseDaoImpl:7d6f6f97-a988-45a2-a3de-zc8888centro
2017-06-28 20:55:20  [ 28375@qtp-19134236-0:415413 ] - [ ERROR ]  baseDaoImpl:7d6f6f97-a988-45a2-a3de-zc8888centro
2017-06-28 20:55:21  [ 28375@qtp-19134236-0:415808 ] - [ ERROR ]  baseDaoImpl:7d6f6f97-a988-45a2-a3de-zc8888centro
2017-06-28 20:55:21  [ 28375@qtp-19134236-0:416220 ] - [ ERROR ]  baseDaoImpl:7d6f6f97-a988-45a2-a3de-zc8888centro
2017-06-28 20:55:21  [ 28375@qtp-19134236-0:416598 ] - [ ERROR ]  baseDaoImpl:7d6f6f97-a988-45a2-a3de-zc8888centro
2017-06-28 20:55:22  [ 28375@qtp-19134236-0:416976 ] - [ ERROR ]  baseDaoImpl:7d6f6f97-a988-45a2-a3de-zc8888centro
2017-06-28 20:55:22  [ 28375@qtp-19134236-0:417535 ] - [ ERROR ]  baseDaoImpl:7d6f6f97-a988-45a2-a3de-zc8888centro
