2017-07-07 13:03:15  [ 10247357@qtp-9461547-0:25501 ] - [ ERROR ]  29ce6fb0a28dd61af6b1663c7f8f67e61679c3df||29ce6fb0a28dd61af6b1663c7f8f67e61679c3df
2017-07-07 13:05:40  [ 10247357@qtp-9461547-0:170195 ] - [ ERROR ]  29ce6fb0a28dd61af6b1663c7f8f67e61679c3df||29ce6fb0a28dd61af6b1663c7f8f67e61679c3df
2017-07-07 13:19:59  [ 12756030@qtp-29438559-0:179884 ] - [ ERROR ]  29ce6fb0a28dd61af6b1663c7f8f67e61679c3df||29ce6fb0a28dd61af6b1663c7f8f67e61679c3df
2017-07-07 13:20:50  [ 12756030@qtp-29438559-0:231055 ] - [ ERROR ]  验货入口:3332554172753|6940971207081|
2017-07-07 13:20:50  [ 12756030@qtp-29438559-0:231230 ] - [ ERROR ]  校验订单：单号：3332554172753 条码：6940971207081 订单是否存在：false
2017-07-07 13:20:50  [ 12756030@qtp-29438559-0:231298 ] - [ ERROR ]  isCheckTrade：com.xinyu.check.model.ShipOrder@a6ea89|6940971207081
2017-07-07 13:20:56  [ 12756030@qtp-29438559-0:236757 ] - [ ERROR ]  验货结果:{code=500, msg=失败:[此商品与订单商品不匹配], orderId=2845411}
2017-07-07 13:20:56  [ 12756030@qtp-29438559-0:236757 ] - [ ERROR ]  验货时间:7983[barCode:6940971207081|orderCode:3332554172753]
2017-07-07 13:22:24  [ 24350336@qtp-2147551-0:22320 ] - [ ERROR ]  验货入口:9890859488369|6930656267417|
2017-07-07 13:22:24  [ 24350336@qtp-2147551-0:22640 ] - [ ERROR ]  校验订单：单号：9890859488369 条码：6930656267417 订单是否存在：false
2017-07-07 13:22:24  [ 24350336@qtp-2147551-0:22714 ] - [ ERROR ]  isCheckTrade：com.xinyu.check.model.ShipOrder@1354bd7|6930656267417
2017-07-07 13:22:34  [ 24350336@qtp-2147551-0:32798 ] - [ ERROR ]  验货结果:{code=500, msg=失败:[此商品与订单商品不匹配], orderId=2846661}
2017-07-07 13:22:34  [ 24350336@qtp-2147551-0:32800 ] - [ ERROR ]  验货时间:11738[barCode:6930656267417|orderCode:9890859488369]
2017-07-07 13:27:08  [ 24350336@qtp-2147551-0:306473 ] - [ ERROR ]  验货入口:3956720532113|6930656267417|
2017-07-07 13:27:08  [ 24350336@qtp-2147551-0:306655 ] - [ ERROR ]  校验订单：单号：3956720532113 条码：6930656267417 订单是否存在：false
2017-07-07 13:27:08  [ 24350336@qtp-2147551-0:306718 ] - [ ERROR ]  isCheckTrade：com.xinyu.check.model.ShipOrder@1b28fd5|6930656267417
2017-07-07 13:27:10  [ 24350336@qtp-2147551-0:308662 ] - [ ERROR ]  验货结果:{code=500, msg=失败:[此商品与订单商品不匹配], orderId=2917913}
2017-07-07 13:27:10  [ 24350336@qtp-2147551-0:308663 ] - [ ERROR ]  验货时间:3249[barCode:6930656267417|orderCode:3956720532113]
2017-07-07 13:29:26  [ 24350336@qtp-2147551-0:445169 ] - [ ERROR ]  验货入口:3956720532113|6930656267417|
2017-07-07 13:29:36  [ 24350336@qtp-2147551-0:454720 ] - [ ERROR ]  校验订单：单号：3956720532113 条码：6930656267417 订单是否存在：false
2017-07-07 13:30:07  [ 24350336@qtp-2147551-0:485527 ] - [ ERROR ]  isCheckTrade：com.xinyu.check.model.ShipOrder@15a0c2b|6930656267417
2017-07-07 13:30:45  [ 24350336@qtp-2147551-0:523442 ] - [ ERROR ]  验货结果:{code=500, msg=失败:[此商品与订单商品不匹配], orderId=2917913}
2017-07-07 13:30:45  [ 24350336@qtp-2147551-0:523442 ] - [ ERROR ]  验货时间:89299[barCode:6930656267417|orderCode:3956720532113]
2017-07-07 13:31:03  [ 21323551@qtp-2147551-2:541607 ] - [ ERROR ]  验货入口:3956720532113|6930656267417|
2017-07-07 13:31:03  [ 21323551@qtp-2147551-2:541664 ] - [ ERROR ]  校验订单：单号：3956720532113 条码：6930656267417 订单是否存在：false
2017-07-07 13:31:03  [ 21323551@qtp-2147551-2:541719 ] - [ ERROR ]  isCheckTrade：com.xinyu.check.model.ShipOrder@154430d|6930656267417
2017-07-07 13:36:28  [ 21323551@qtp-2147551-2:866342 ] - [ ERROR ]  验货结果:{code=500, msg=失败:[此商品与订单商品不匹配], orderId=2917913}
2017-07-07 13:36:28  [ 21323551@qtp-2147551-2:866343 ] - [ ERROR ]  验货时间:326551[barCode:6930656267417|orderCode:3956720532113]
2017-07-07 13:36:32  [ 27583452@qtp-2147551-3:870527 ] - [ ERROR ]  验货入口:3956720532113|6930656267417|
2017-07-07 13:36:32  [ 27583452@qtp-2147551-3:870622 ] - [ ERROR ]  校验订单：单号：3956720532113 条码：6930656267417 订单是否存在：false
2017-07-07 13:36:32  [ 27583452@qtp-2147551-3:870686 ] - [ ERROR ]  isCheckTrade：com.xinyu.check.model.ShipOrder@3695bc|6930656267417
2017-07-07 13:38:05  [ 11336301@qtp-13766492-0:57703 ] - [ ERROR ]  验货入口:3956720530630|6930656267417|
2017-07-07 13:38:05  [ 11336301@qtp-13766492-0:57944 ] - [ ERROR ]  校验订单：单号：3956720530630 条码：6930656267417 订单是否存在：false
2017-07-07 13:38:05  [ 11336301@qtp-13766492-0:57997 ] - [ ERROR ]  isCheckTrade：com.xinyu.check.model.ShipOrder@1af3cf|6930656267417
2017-07-07 13:38:37  [ 11336301@qtp-13766492-0:89942 ] - [ ERROR ]  系统重复扫描:2917829|3956720530630|6930656267417
2017-07-07 13:38:37  [ 11336301@qtp-13766492-0:89990 ] - [ ERROR ]  验货结果:{code=405, msg=订单重复扫描}
2017-07-07 13:38:37  [ 11336301@qtp-13766492-0:89991 ] - [ ERROR ]  验货时间:36897[barCode:6930656267417|orderCode:3956720530630]
